DEBUG [IRLogger.cpp:105] @ 0.0004273s :***************************************************
DEBUG [IRLogger.cpp:106] @ 0.0005236s :* IRImagerDirect SDK                              *
DEBUG [IRLogger.cpp:107] @ 0.0005669s :***************************************************
DEBUG [IRLogger.cpp:113] @ 0.0006077s :* Native Machine:      AMD64
DEBUG [IRLogger.cpp:114] @ 0.0006592s :* Machine:             AMD64
DEBUG [IRLogger.cpp:116] @ 0.0007664s :* OS:                  Windows 10 0 19045
DEBUG [IRLogger.cpp:123] @ 0.0007916s :***************************************************
DEBUG [IRDeviceParams.cpp:204] @ 0.0014687s :Parameters
DEBUG [IRDeviceParams.cpp:205] @ 0.0014896s :serial: 17092037
DEBUG [IRDeviceParams.cpp:206] @ 0.0015022s :videoformatindex: 2
DEBUG [IRDeviceParams.cpp:207] @ 0.001514s :fov: 0
DEBUG [IRDeviceParams.cpp:208] @ 0.001526s :optics_text: 000002B098E75160
DEBUG [IRDeviceParams.cpp:209] @ 0.0015384s :formatspath: 000002B098E75400
DEBUG [IRDeviceParams.cpp:210] @ 0.0015499s :calipath: 0000000000000000
DEBUG [IRDeviceParams.cpp:211] @ 0.0015615s :temperature min: 500
DEBUG [IRDeviceParams.cpp:212] @ 0.001573s :temperature max: 1800
DEBUG [IRDeviceParams.cpp:213] @ 0.0015872s :framerate: 32
DEBUG [IRDeviceParams.cpp:214] @ 0.0015988s :bispectral: 0
DEBUG [IRDeviceParams.cpp:215] @ 0.0016101s :flag automatic: 0
DEBUG [IRDeviceParams.cpp:216] @ 0.0016221s :min interval: 15
DEBUG [IRDeviceParams.cpp:217] @ 0.0016337s :max interval: 0
DEBUG [IRDeviceParams.cpp:218] @ 0.0016446s :chip heating mode: 0
DEBUG [IRDeviceParams.cpp:219] @ 0.0016566s :chip heating fixed val: 40
DEBUG [IRDeviceParams.cpp:220] @ 0.0016687s :focus:  -1
DEBUG [IRDeviceParams.cpp:221] @ 0.0017701s :enable extended temp range: 0
DEBUG [IRDeviceParams.cpp:222] @ 0.0017932s :buffer queue size: 5
DEBUG [IRDeviceParams.cpp:223] @ 0.0018074s :enable high precision: 0
DEBUG [IRDeviceParams.cpp:224] @ 0.0018205s :radialDistortionCorrectionMode: 0
DEBUG [IRDeviceParams.cpp:225] @ 0.0018329s :deviceAPI: 0
DEBUG [IRDeviceParams.cpp:226] @ 0.0018458s :useExternalProbeForReferencing: 0
DEBUG [IRDeviceParams.cpp:227] @ 0.001858s :enableMultiThreading: 0
DEBUG [IRDeviceParams.cpp:232] @ 0.0018709s :ethernetDevice.deviceIpAddress: 0.0.0.0
DEBUG [IRDeviceParams.cpp:233] @ 0.0018857s :ethernetDevice.localUdpPort: 0
DEBUG [IRDeviceParams.cpp:234] @ 0.0018983s :ethernetDevice.checkUdpSenderIp: 1
DEBUG [Cali.cpp:87] @ 0.293866s :Calibration directory path: C:\Users\u0173846\AppData\Roaming\Imager\Cali
DEBUG [Cali.cpp:88] @ 0.293895s :Calibration file name: Cali-17092037.xml
DEBUG [Cali.cpp:98] @ 0.294201s :Calibration data A: 1450 B:470 C:4095 D:1500
INFO [IRImager.cpp:266] @ 0.294756s :Init thermal imager to 17092037 with size: 766x480@32 Hz
DEBUG [Cali.cpp:87] @ 0.295021s :Calibration directory path: C:\Users\u0173846\AppData\Roaming\Imager\Cali
DEBUG [Cali.cpp:88] @ 0.295037s :Calibration file name: Cali-17092037.xml
DEBUG [Cali.cpp:98] @ 0.2953s :Calibration data A: 1450 B:470 C:4095 D:1500
DEBUG [IRImager.cpp:374] @ 0.295899s :Using HID control interface
DEBUG [IRImager.cpp:414] @ 0.377663s :Initialized HID control interface to device with HW:2101 FW:2820
DEBUG [IRImager.cpp:435] @ 0.377718s :Frameconfig - width(in): 766, height(in): 480, interval: 312500, max framerate: 32, HW interval: 0.03125
DEBUG [Cali.cpp:87] @ 0.377741s :Calibration directory path: C:\Users\u0173846\AppData\Roaming\Imager\Cali
DEBUG [Cali.cpp:88] @ 0.377755s :Calibration file name: Cali-17092037.xml
DEBUG [Cali.cpp:98] @ 0.37812s :Calibration data A: 1450 B:470 C:4095 D:1500
DEBUG [ImageProcessing.cpp:200] @ 0.382482s :Source buffer size: 735360 Width: 766 Height: 480
DEBUG [ImageProcessing.cpp:121] @ 0.417767s :Source buffer size: 735360 Width: 766 Height: 480
DEBUG [OpSource.cpp:347] @ 0.417877s :Using formats path: .\\Formats.def
DEBUG [OpSource.cpp:598] @ 0.418066s :Format found with size: 14
DEBUG [IRImager.cpp:841] @ 0.418858s :Caught onFrameInit with size: 764x480
DEBUG [OpSource.cpp:347] @ 0.420918s :Using formats path: .\\Formats.def
DEBUG [OpSource.cpp:598] @ 0.421112s :Format found with size: 14
DEBUG [OpSource.cpp:347] @ 0.421173s :Using formats path: .\\Formats.def
DEBUG [OpCorr.cpp:467] @ 0.42327s :Read cali: C:\Users\u0173846\AppData\Roaming\Imager\Cali\Cali-17092037-25-500-1800-32.dat
DEBUG [ImageProcessing.cpp:1108] @ 0.456681s :Update flag temperature: -235.688
DEBUG [ImageProcessing.cpp:1111] @ 0.458659s :Update box temperature: -235.688
DEBUG [Cali.cpp:639] @ 0.458735s :Calibration file path: 000002B09A470864/000000C193FEC5F0.xml
DEBUG [SimpleXML.cpp:238] @ 0.458851s :Failed to open file C:\Users\u0173846\AppData\Roaming\Imager\Cali\CaliExt-17092037.xml
DEBUG [IRImager.cpp:547] @ 0.471676s :Chip heating disabled
DEBUG [direct_binding.cpp:300] @ 0.475861s :evo_irimager_multi_usb_init with config: 17092037f.xml
DEBUG [direct_binding.cpp:301] @ 0.475898s :evo_irimager_multi_usb_init connected returned: 1
DEBUG [IRLogger.cpp:105] @ 0.476819s :***************************************************
DEBUG [IRLogger.cpp:106] @ 0.47686s :* IRImagerDirect SDK                              *
DEBUG [IRLogger.cpp:107] @ 0.476877s :***************************************************
DEBUG [IRLogger.cpp:113] @ 0.476894s :* Native Machine:      AMD64
DEBUG [IRLogger.cpp:114] @ 0.476914s :* Machine:             AMD64
DEBUG [IRLogger.cpp:116] @ 0.476934s :* OS:                  Windows 10 0 19045
DEBUG [IRLogger.cpp:123] @ 0.476947s :***************************************************
DEBUG [IRDeviceParams.cpp:204] @ 0.477668s :Parameters
DEBUG [IRDeviceParams.cpp:205] @ 0.477688s :serial: 20052193
DEBUG [IRDeviceParams.cpp:206] @ 0.477701s :videoformatindex: 0
DEBUG [IRDeviceParams.cpp:207] @ 0.477712s :fov: 33
DEBUG [IRDeviceParams.cpp:208] @ 0.477724s :optics_text: 000002B09A4B00D0
DEBUG [IRDeviceParams.cpp:209] @ 0.477736s :formatspath: 000002B09A4AFDD0
DEBUG [IRDeviceParams.cpp:210] @ 0.477747s :calipath: 0000000000000000
DEBUG [IRDeviceParams.cpp:211] @ 0.477758s :temperature min: 0
DEBUG [IRDeviceParams.cpp:212] @ 0.477769s :temperature max: 250
DEBUG [IRDeviceParams.cpp:213] @ 0.477781s :framerate: 32
DEBUG [IRDeviceParams.cpp:214] @ 0.477793s :bispectral: 0
DEBUG [IRDeviceParams.cpp:215] @ 0.477804s :flag automatic: 0
DEBUG [IRDeviceParams.cpp:216] @ 0.477816s :min interval: 15
DEBUG [IRDeviceParams.cpp:217] @ 0.477827s :max interval: 0
DEBUG [IRDeviceParams.cpp:218] @ 0.477838s :chip heating mode: 0
DEBUG [IRDeviceParams.cpp:219] @ 0.477852s :chip heating fixed val: 40
DEBUG [IRDeviceParams.cpp:220] @ 0.477863s :focus:  -1
DEBUG [IRDeviceParams.cpp:221] @ 0.477875s :enable extended temp range: 0
DEBUG [IRDeviceParams.cpp:222] @ 0.477887s :buffer queue size: 5
DEBUG [IRDeviceParams.cpp:223] @ 0.477898s :enable high precision: 0
DEBUG [IRDeviceParams.cpp:224] @ 0.477909s :radialDistortionCorrectionMode: 0
DEBUG [IRDeviceParams.cpp:225] @ 0.47792s :deviceAPI: 0
DEBUG [IRDeviceParams.cpp:226] @ 0.477932s :useExternalProbeForReferencing: 0
DEBUG [IRDeviceParams.cpp:227] @ 0.477943s :enableMultiThreading: 0
DEBUG [IRDeviceParams.cpp:232] @ 0.477955s :ethernetDevice.deviceIpAddress: 0.0.0.0
DEBUG [IRDeviceParams.cpp:233] @ 0.477966s :ethernetDevice.localUdpPort: 0
DEBUG [IRDeviceParams.cpp:234] @ 0.477981s :ethernetDevice.checkUdpSenderIp: 1
DEBUG [IRImager.cpp:1107] @ 0.632249s :Start flag calibration
DEBUG [Cali.cpp:87] @ 0.642172s :Calibration directory path: C:\Users\u0173846\AppData\Roaming\Imager\Cali
DEBUG [Cali.cpp:88] @ 0.642205s :Calibration file name: Cali-20052193.xml
DEBUG [Cali.cpp:98] @ 0.642626s :Calibration data A: 1450 B:1500 C:4095 D:1500
INFO [IRImager.cpp:266] @ 0.643646s :Init thermal imager to 20052193 with size: 642x480@32 Hz
DEBUG [Cali.cpp:87] @ 0.643914s :Calibration directory path: C:\Users\u0173846\AppData\Roaming\Imager\Cali
DEBUG [Cali.cpp:88] @ 0.64393s :Calibration file name: Cali-20052193.xml
DEBUG [Cali.cpp:98] @ 0.644327s :Calibration data A: 1450 B:1500 C:4095 D:1500
DEBUG [IRImager.cpp:374] @ 0.645102s :Using HID control interface
DEBUG [IRImager.cpp:414] @ 0.666994s :Initialized HID control interface to device with HW:601 FW:2633
DEBUG [IRImager.cpp:435] @ 0.667095s :Frameconfig - width(in): 642, height(in): 480, interval: 312500, max framerate: 32, HW interval: 0.03125
DEBUG [Cali.cpp:87] @ 0.667125s :Calibration directory path: C:\Users\u0173846\AppData\Roaming\Imager\Cali
DEBUG [Cali.cpp:88] @ 0.66714s :Calibration file name: Cali-20052193.xml
DEBUG [Cali.cpp:98] @ 0.66773s :Calibration data A: 1450 B:1500 C:4095 D:1500
DEBUG [ImageProcessing.cpp:200] @ 0.695242s :Source buffer size: 616320 Width: 642 Height: 480
DEBUG [ImageProcessing.cpp:121] @ 0.734481s :Source buffer size: 616320 Width: 642 Height: 480
DEBUG [OpSource.cpp:347] @ 0.734583s :Using formats path: .\\Formats.def
DEBUG [OpSource.cpp:598] @ 0.734738s :Format found with size: 25
DEBUG [IRImager.cpp:841] @ 0.735393s :Caught onFrameInit with size: 640x480
DEBUG [OpSource.cpp:347] @ 0.737177s :Using formats path: .\\Formats.def
DEBUG [OpSource.cpp:598] @ 0.737323s :Format found with size: 25
DEBUG [OpSource.cpp:347] @ 0.737381s :Using formats path: .\\Formats.def
DEBUG [OpCorr.cpp:467] @ 0.741822s :Read cali: C:\Users\u0173846\AppData\Roaming\Imager\Cali\Cali-20052193-33-0-250.dat
DEBUG [OpCorr.cpp:557] @ 0.741935s :Read calibration of camera no 20052193, # of fields: 6 , start of fields: 40
DEBUG [ImageProcessing.cpp:1108] @ 1.00596s :Update flag temperature: 31.25
DEBUG [ImageProcessing.cpp:1111] @ 1.00971s :Update box temperature: 28.875
DEBUG [Cali.cpp:639] @ 1.00975s :Calibration file path: 000002B09A3D8B34/000000C193FEC5F0.xml
DEBUG [SimpleXML.cpp:238] @ 1.00984s :Failed to open file C:\Users\u0173846\AppData\Roaming\Imager\Cali\CaliExt-20052193.xml
DEBUG [IRImager.cpp:547] @ 1.02096s :Chip heating disabled
DEBUG [direct_binding.cpp:300] @ 1.02878s :evo_irimager_multi_usb_init with config: 6060300f.xml
DEBUG [direct_binding.cpp:301] @ 1.02881s :evo_irimager_multi_usb_init connected returned: 1
DEBUG [IRImager.cpp:1107] @ 1.10637s :Start flag calibration
