DEBUG [IRLogger.cpp:105] @ 0.000259s :***************************************************
DEBUG [IRLogger.cpp:106] @ 0.0003285s :* IRImagerDirect SDK                              *
DEBUG [IRLogger.cpp:107] @ 0.0003545s :***************************************************
DEBUG [IRLogger.cpp:113] @ 0.0003767s :* Native Machine:      AMD64
DEBUG [IRLogger.cpp:114] @ 0.0003973s :* Machine:             AMD64
DEBUG [IRLogger.cpp:116] @ 0.0004225s :* OS:                  Windows 10 0 19045
DEBUG [IRLogger.cpp:123] @ 0.0004428s :***************************************************
DEBUG [IRDeviceParams.cpp:204] @ 0.0010232s :Parameters
DEBUG [IRDeviceParams.cpp:205] @ 0.0010426s :serial: 17092037
DEBUG [IRDeviceParams.cpp:206] @ 0.0010545s :videoformatindex: 2
DEBUG [IRDeviceParams.cpp:207] @ 0.001066s :fov: 0
DEBUG [IRDeviceParams.cpp:208] @ 0.0010779s :optics_text: 0000024BFC050EC0
DEBUG [IRDeviceParams.cpp:209] @ 0.0010896s :formatspath: 0000024BFC051040
DEBUG [IRDeviceParams.cpp:210] @ 0.0011012s :calipath: 0000000000000000
DEBUG [IRDeviceParams.cpp:211] @ 0.0011124s :temperature min: 500
DEBUG [IRDeviceParams.cpp:212] @ 0.0011237s :temperature max: 1800
DEBUG [IRDeviceParams.cpp:213] @ 0.0011375s :framerate: 32
DEBUG [IRDeviceParams.cpp:214] @ 0.001149s :bispectral: 0
DEBUG [IRDeviceParams.cpp:215] @ 0.0011602s :flag automatic: 0
DEBUG [IRDeviceParams.cpp:216] @ 0.001172s :min interval: 15
DEBUG [IRDeviceParams.cpp:217] @ 0.0011833s :max interval: 0
DEBUG [IRDeviceParams.cpp:218] @ 0.0011943s :chip heating mode: 0
DEBUG [IRDeviceParams.cpp:219] @ 0.001206s :chip heating fixed val: 40
DEBUG [IRDeviceParams.cpp:220] @ 0.001218s :focus:  -1
DEBUG [IRDeviceParams.cpp:221] @ 0.0012294s :enable extended temp range: 0
DEBUG [IRDeviceParams.cpp:222] @ 0.0012407s :buffer queue size: 5
DEBUG [IRDeviceParams.cpp:223] @ 0.001252s :enable high precision: 0
DEBUG [IRDeviceParams.cpp:224] @ 0.0012633s :radialDistortionCorrectionMode: 0
DEBUG [IRDeviceParams.cpp:225] @ 0.0012743s :deviceAPI: 0
DEBUG [IRDeviceParams.cpp:226] @ 0.0012854s :useExternalProbeForReferencing: 0
DEBUG [IRDeviceParams.cpp:227] @ 0.0012966s :enableMultiThreading: 0
DEBUG [IRDeviceParams.cpp:232] @ 0.0013096s :ethernetDevice.deviceIpAddress: 0.0.0.0
DEBUG [IRDeviceParams.cpp:233] @ 0.0013441s :ethernetDevice.localUdpPort: 0
DEBUG [IRDeviceParams.cpp:234] @ 0.0013615s :ethernetDevice.checkUdpSenderIp: 1
DEBUG [Cali.cpp:87] @ 0.298022s :Calibration directory path: C:\Users\u0173846\AppData\Roaming\Imager\Cali
DEBUG [Cali.cpp:88] @ 0.298055s :Calibration file name: Cali-17092037.xml
DEBUG [Cali.cpp:98] @ 0.298362s :Calibration data A: 1450 B:470 C:4095 D:1500
INFO [IRImager.cpp:266] @ 0.298927s :Init thermal imager to 17092037 with size: 766x480@32 Hz
DEBUG [Cali.cpp:87] @ 0.299193s :Calibration directory path: C:\Users\u0173846\AppData\Roaming\Imager\Cali
DEBUG [Cali.cpp:88] @ 0.299209s :Calibration file name: Cali-17092037.xml
DEBUG [Cali.cpp:98] @ 0.299477s :Calibration data A: 1450 B:470 C:4095 D:1500
DEBUG [IRImager.cpp:374] @ 0.300087s :Using HID control interface
DEBUG [IRImager.cpp:414] @ 0.38189s :Initialized HID control interface to device with HW:2101 FW:2820
DEBUG [IRImager.cpp:435] @ 0.381928s :Frameconfig - width(in): 766, height(in): 480, interval: 312500, max framerate: 32, HW interval: 0.03125
DEBUG [Cali.cpp:87] @ 0.381947s :Calibration directory path: C:\Users\u0173846\AppData\Roaming\Imager\Cali
DEBUG [Cali.cpp:88] @ 0.38196s :Calibration file name: Cali-17092037.xml
DEBUG [Cali.cpp:98] @ 0.382282s :Calibration data A: 1450 B:470 C:4095 D:1500
DEBUG [ImageProcessing.cpp:200] @ 0.386718s :Source buffer size: 735360 Width: 766 Height: 480
DEBUG [ImageProcessing.cpp:121] @ 0.423706s :Source buffer size: 735360 Width: 766 Height: 480
DEBUG [OpSource.cpp:347] @ 0.423818s :Using formats path: .\\Formats.def
DEBUG [OpSource.cpp:598] @ 0.42401s :Format found with size: 14
DEBUG [IRImager.cpp:841] @ 0.42483s :Caught onFrameInit with size: 764x480
DEBUG [OpSource.cpp:347] @ 0.42717s :Using formats path: .\\Formats.def
DEBUG [OpSource.cpp:598] @ 0.427371s :Format found with size: 14
DEBUG [OpSource.cpp:347] @ 0.427434s :Using formats path: .\\Formats.def
DEBUG [OpCorr.cpp:467] @ 0.430016s :Read cali: C:\Users\u0173846\AppData\Roaming\Imager\Cali\Cali-17092037-25-500-1800-32.dat
DEBUG [ImageProcessing.cpp:1108] @ 0.463012s :Update flag temperature: -10.4375
DEBUG [ImageProcessing.cpp:1111] @ 0.464922s :Update box temperature: -10.4375
DEBUG [Cali.cpp:639] @ 0.464975s :Calibration file path: 0000024BFECA9874/000000B581BEC690.xml
DEBUG [SimpleXML.cpp:238] @ 0.465085s :Failed to open file C:\Users\u0173846\AppData\Roaming\Imager\Cali\CaliExt-17092037.xml
DEBUG [IRImager.cpp:547] @ 0.477545s :Chip heating disabled
DEBUG [direct_binding.cpp:300] @ 0.48159s :evo_irimager_multi_usb_init with config: 17092037f.xml
DEBUG [direct_binding.cpp:301] @ 0.481627s :evo_irimager_multi_usb_init connected returned: 1
DEBUG [IRLogger.cpp:105] @ 0.483088s :***************************************************
DEBUG [IRLogger.cpp:106] @ 0.483136s :* IRImagerDirect SDK                              *
DEBUG [IRLogger.cpp:107] @ 0.483154s :***************************************************
DEBUG [IRLogger.cpp:113] @ 0.483171s :* Native Machine:      AMD64
DEBUG [IRLogger.cpp:114] @ 0.483247s :* Machine:             AMD64
DEBUG [IRLogger.cpp:116] @ 0.483273s :* OS:                  Windows 10 0 19045
DEBUG [IRLogger.cpp:123] @ 0.483287s :***************************************************
DEBUG [IRDeviceParams.cpp:204] @ 0.483709s :Parameters
DEBUG [IRDeviceParams.cpp:205] @ 0.483727s :serial: 20052193
DEBUG [IRDeviceParams.cpp:206] @ 0.483739s :videoformatindex: 0
DEBUG [IRDeviceParams.cpp:207] @ 0.48375s :fov: 33
DEBUG [IRDeviceParams.cpp:208] @ 0.483762s :optics_text: 0000024BFEE14960
DEBUG [IRDeviceParams.cpp:209] @ 0.483774s :formatspath: 0000024BFEE14B10
DEBUG [IRDeviceParams.cpp:210] @ 0.483785s :calipath: 0000000000000000
DEBUG [IRDeviceParams.cpp:211] @ 0.483796s :temperature min: 0
DEBUG [IRDeviceParams.cpp:212] @ 0.483807s :temperature max: 250
DEBUG [IRDeviceParams.cpp:213] @ 0.483832s :framerate: 32
DEBUG [IRDeviceParams.cpp:214] @ 0.483922s :bispectral: 0
DEBUG [IRDeviceParams.cpp:215] @ 0.483939s :flag automatic: 0
DEBUG [IRDeviceParams.cpp:216] @ 0.483953s :min interval: 15
DEBUG [IRDeviceParams.cpp:217] @ 0.483968s :max interval: 0
DEBUG [IRDeviceParams.cpp:218] @ 0.48398s :chip heating mode: 0
DEBUG [IRDeviceParams.cpp:219] @ 0.483993s :chip heating fixed val: 40
DEBUG [IRDeviceParams.cpp:220] @ 0.484008s :focus:  -1
DEBUG [IRDeviceParams.cpp:221] @ 0.484021s :enable extended temp range: 0
DEBUG [IRDeviceParams.cpp:222] @ 0.484048s :buffer queue size: 5
DEBUG [IRDeviceParams.cpp:223] @ 0.484079s :enable high precision: 0
DEBUG [IRDeviceParams.cpp:224] @ 0.484096s :radialDistortionCorrectionMode: 0
DEBUG [IRDeviceParams.cpp:225] @ 0.48414s :deviceAPI: 0
DEBUG [IRDeviceParams.cpp:226] @ 0.484157s :useExternalProbeForReferencing: 0
DEBUG [IRDeviceParams.cpp:227] @ 0.484171s :enableMultiThreading: 0
DEBUG [IRDeviceParams.cpp:232] @ 0.484186s :ethernetDevice.deviceIpAddress: 0.0.0.0
DEBUG [IRDeviceParams.cpp:233] @ 0.4842s :ethernetDevice.localUdpPort: 0
DEBUG [IRDeviceParams.cpp:234] @ 0.484212s :ethernetDevice.checkUdpSenderIp: 1
DEBUG [IRImager.cpp:1107] @ 0.636442s :Start flag calibration
DEBUG [Cali.cpp:87] @ 0.651165s :Calibration directory path: C:\Users\u0173846\AppData\Roaming\Imager\Cali
DEBUG [Cali.cpp:88] @ 0.651195s :Calibration file name: Cali-20052193.xml
DEBUG [Cali.cpp:98] @ 0.65161s :Calibration data A: 1450 B:1500 C:4095 D:1500
INFO [IRImager.cpp:266] @ 0.65264s :Init thermal imager to 20052193 with size: 642x480@32 Hz
DEBUG [Cali.cpp:87] @ 0.652905s :Calibration directory path: C:\Users\u0173846\AppData\Roaming\Imager\Cali
DEBUG [Cali.cpp:88] @ 0.652921s :Calibration file name: Cali-20052193.xml
DEBUG [Cali.cpp:98] @ 0.653299s :Calibration data A: 1450 B:1500 C:4095 D:1500
DEBUG [IRImager.cpp:374] @ 0.654081s :Using HID control interface
DEBUG [IRImager.cpp:414] @ 0.675771s :Initialized HID control interface to device with HW:601 FW:2633
DEBUG [IRImager.cpp:435] @ 0.675862s :Frameconfig - width(in): 642, height(in): 480, interval: 312500, max framerate: 32, HW interval: 0.03125
DEBUG [Cali.cpp:87] @ 0.675884s :Calibration directory path: C:\Users\u0173846\AppData\Roaming\Imager\Cali
DEBUG [Cali.cpp:88] @ 0.675898s :Calibration file name: Cali-20052193.xml
DEBUG [Cali.cpp:98] @ 0.67638s :Calibration data A: 1450 B:1500 C:4095 D:1500
DEBUG [ImageProcessing.cpp:200] @ 0.703808s :Source buffer size: 616320 Width: 642 Height: 480
DEBUG [ImageProcessing.cpp:121] @ 0.743311s :Source buffer size: 616320 Width: 642 Height: 480
DEBUG [OpSource.cpp:347] @ 0.743388s :Using formats path: .\\Formats.def
DEBUG [OpSource.cpp:598] @ 0.743534s :Format found with size: 25
DEBUG [IRImager.cpp:841] @ 0.744217s :Caught onFrameInit with size: 640x480
DEBUG [OpSource.cpp:347] @ 0.746089s :Using formats path: .\\Formats.def
DEBUG [OpSource.cpp:598] @ 0.746214s :Format found with size: 25
DEBUG [OpSource.cpp:347] @ 0.746268s :Using formats path: .\\Formats.def
DEBUG [OpCorr.cpp:467] @ 0.750294s :Read cali: C:\Users\u0173846\AppData\Roaming\Imager\Cali\Cali-20052193-33-0-250.dat
DEBUG [OpCorr.cpp:557] @ 0.750362s :Read calibration of camera no 20052193, # of fields: 6 , start of fields: 40
DEBUG [ImageProcessing.cpp:1108] @ 1.01388s :Update flag temperature: 31.3125
DEBUG [ImageProcessing.cpp:1111] @ 1.01779s :Update box temperature: 29
DEBUG [Cali.cpp:639] @ 1.01782s :Calibration file path: 0000024BFC121CD4/000000B581BEC690.xml
DEBUG [SimpleXML.cpp:238] @ 1.01793s :Failed to open file C:\Users\u0173846\AppData\Roaming\Imager\Cali\CaliExt-20052193.xml
DEBUG [IRImager.cpp:547] @ 1.02961s :Chip heating disabled
DEBUG [direct_binding.cpp:300] @ 1.03778s :evo_irimager_multi_usb_init with config: 6060300f.xml
DEBUG [direct_binding.cpp:301] @ 1.03781s :evo_irimager_multi_usb_init connected returned: 1
DEBUG [IRImager.cpp:1107] @ 1.11507s :Start flag calibration
