DEBUG [IRLogger.cpp:105] @ 0.486797s :***************************************************
DEBUG [IRLogger.cpp:106] @ 0.486864s :* IRImagerDirect SDK                              *
DEBUG [IRLogger.cpp:107] @ 0.48691s :***************************************************
DEBUG [IRLogger.cpp:113] @ 0.486938s :* Native Machine:      AMD64
DEBUG [IRLogger.cpp:114] @ 0.48696s :* Machine:             AMD64
DEBUG [IRLogger.cpp:116] @ 0.48699s :* OS:                  Windows 10 0 19045
DEBUG [IRLogger.cpp:123] @ 0.48701s :***************************************************
DEBUG [IRDeviceParams.cpp:204] @ 0.487626s :Parameters
DEBUG [IRDeviceParams.cpp:205] @ 0.487646s :serial: 20052193
DEBUG [IRDeviceParams.cpp:206] @ 0.487658s :videoformatindex: 0
DEBUG [IRDeviceParams.cpp:207] @ 0.487669s :fov: 33
DEBUG [IRDeviceParams.cpp:208] @ 0.487681s :optics_text: 000001AC57749440
DEBUG [IRDeviceParams.cpp:209] @ 0.487692s :formatspath: 000001AC57749480
DEBUG [IRDeviceParams.cpp:210] @ 0.487704s :calipath: 0000000000000000
DEBUG [IRDeviceParams.cpp:211] @ 0.487715s :temperature min: 0
DEBUG [IRDeviceParams.cpp:212] @ 0.487726s :temperature max: 250
DEBUG [IRDeviceParams.cpp:213] @ 0.487738s :framerate: 32
DEBUG [IRDeviceParams.cpp:214] @ 0.487751s :bispectral: 0
DEBUG [IRDeviceParams.cpp:215] @ 0.487762s :flag automatic: 0
DEBUG [IRDeviceParams.cpp:216] @ 0.487773s :min interval: 15
DEBUG [IRDeviceParams.cpp:217] @ 0.487784s :max interval: 0
DEBUG [IRDeviceParams.cpp:218] @ 0.487795s :chip heating mode: 0
DEBUG [IRDeviceParams.cpp:219] @ 0.487807s :chip heating fixed val: 40
DEBUG [IRDeviceParams.cpp:220] @ 0.487821s :focus:  -1
DEBUG [IRDeviceParams.cpp:221] @ 0.487832s :enable extended temp range: 0
DEBUG [IRDeviceParams.cpp:222] @ 0.487843s :buffer queue size: 5
DEBUG [IRDeviceParams.cpp:223] @ 0.487854s :enable high precision: 0
DEBUG [IRDeviceParams.cpp:224] @ 0.487865s :radialDistortionCorrectionMode: 0
DEBUG [IRDeviceParams.cpp:225] @ 0.487876s :deviceAPI: 0
DEBUG [IRDeviceParams.cpp:226] @ 0.487887s :useExternalProbeForReferencing: 0
DEBUG [IRDeviceParams.cpp:227] @ 0.487898s :enableMultiThreading: 0
DEBUG [IRDeviceParams.cpp:232] @ 0.48791s :ethernetDevice.deviceIpAddress: 0.0.0.0
DEBUG [IRDeviceParams.cpp:233] @ 0.487986s :ethernetDevice.localUdpPort: 0
DEBUG [IRDeviceParams.cpp:234] @ 0.488002s :ethernetDevice.checkUdpSenderIp: 1
DEBUG [IRImager.cpp:1107] @ 0.642891s :Start flag calibration
DEBUG [Cali.cpp:87] @ 0.667237s :Calibration directory path: C:\Users\u0173846\AppData\Roaming\Imager\Cali
DEBUG [Cali.cpp:88] @ 0.66727s :Calibration file name: Cali-20052193.xml
DEBUG [Cali.cpp:98] @ 0.667717s :Calibration data A: 1450 B:1500 C:4095 D:1500
INFO [IRImager.cpp:266] @ 0.668879s :Init thermal imager to 20052193 with size: 642x480@32 Hz
DEBUG [Cali.cpp:87] @ 0.669149s :Calibration directory path: C:\Users\u0173846\AppData\Roaming\Imager\Cali
DEBUG [Cali.cpp:88] @ 0.669166s :Calibration file name: Cali-20052193.xml
DEBUG [Cali.cpp:98] @ 0.669549s :Calibration data A: 1450 B:1500 C:4095 D:1500
DEBUG [IRImager.cpp:374] @ 0.670332s :Using HID control interface
DEBUG [IRImager.cpp:414] @ 0.680742s :Initialized HID control interface to device with HW:601 FW:2633
DEBUG [IRImager.cpp:435] @ 0.680783s :Frameconfig - width(in): 642, height(in): 480, interval: 312500, max framerate: 32, HW interval: 0.03125
DEBUG [Cali.cpp:87] @ 0.680799s :Calibration directory path: C:\Users\u0173846\AppData\Roaming\Imager\Cali
DEBUG [Cali.cpp:88] @ 0.680812s :Calibration file name: Cali-20052193.xml
DEBUG [Cali.cpp:98] @ 0.681268s :Calibration data A: 1450 B:1500 C:4095 D:1500
DEBUG [ImageProcessing.cpp:200] @ 0.709037s :Source buffer size: 616320 Width: 642 Height: 480
DEBUG [ImageProcessing.cpp:121] @ 0.748991s :Source buffer size: 616320 Width: 642 Height: 480
DEBUG [OpSource.cpp:347] @ 0.749091s :Using formats path: .\\Formats.def
DEBUG [OpSource.cpp:598] @ 0.749243s :Format found with size: 25
DEBUG [IRImager.cpp:841] @ 0.749911s :Caught onFrameInit with size: 640x480
DEBUG [OpSource.cpp:347] @ 0.75195s :Using formats path: .\\Formats.def
DEBUG [OpSource.cpp:598] @ 0.752116s :Format found with size: 25
DEBUG [OpSource.cpp:347] @ 0.752173s :Using formats path: .\\Formats.def
DEBUG [OpCorr.cpp:467] @ 0.756371s :Read cali: C:\Users\u0173846\AppData\Roaming\Imager\Cali\Cali-20052193-33-0-250.dat
DEBUG [OpCorr.cpp:557] @ 0.756437s :Read calibration of camera no 20052193, # of fields: 6 , start of fields: 40
DEBUG [ImageProcessing.cpp:1108] @ 1.02298s :Update flag temperature: 33
DEBUG [ImageProcessing.cpp:1111] @ 1.02673s :Update box temperature: 30.75
DEBUG [Cali.cpp:639] @ 1.02679s :Calibration file path: 000001AC57617E74/00000002423ECC30.xml
DEBUG [SimpleXML.cpp:238] @ 1.02692s :Failed to open file C:\Users\u0173846\AppData\Roaming\Imager\Cali\CaliExt-20052193.xml
DEBUG [IRImager.cpp:547] @ 1.0387s :Chip heating disabled
DEBUG [direct_binding.cpp:300] @ 1.04712s :evo_irimager_multi_usb_init with config: 6060300f.xml
DEBUG [direct_binding.cpp:301] @ 1.04717s :evo_irimager_multi_usb_init connected returned: 1
DEBUG [IRImager.cpp:1107] @ 1.14864s :Start flag calibration
DEBUG [OpFlag.cpp:591] @ 11.6433s :SkimDiff: 0 Adjust: 0 State: 0 EMax: 8655 Emin: 8396
DEBUG [OpFlag.cpp:591] @ 12.0508s :SkimDiff: 0 Adjust: 0 State: 0 EMax: 12790 Emin: 4861
DEBUG [IRImager.cpp:1121] @ 12.0532s :Finished startup calibration
DEBUG [IRImager.cpp:1121] @ 12.3585s :Finished startup calibration
