DEBUG [IRLogger.cpp:105] @ 0.0003206s :***************************************************
DEBUG [IRLogger.cpp:106] @ 0.0003978s :* IRImagerDirect SDK                              *
DEBUG [IRLogger.cpp:107] @ 0.0004262s :***************************************************
DEBUG [IRLogger.cpp:113] @ 0.0004513s :* Native Machine:      AMD64
DEBUG [IRLogger.cpp:114] @ 0.0004734s :* Machine:             AMD64
DEBUG [IRLogger.cpp:116] @ 0.0005173s :* OS:                  Windows 10 0 19045
DEBUG [IRLogger.cpp:123] @ 0.0006066s :***************************************************
DEBUG [IRDeviceParams.cpp:204] @ 0.0012349s :Parameters
DEBUG [IRDeviceParams.cpp:205] @ 0.0012552s :serial: 17092037
DEBUG [IRDeviceParams.cpp:206] @ 0.0012677s :videoformatindex: 2
DEBUG [IRDeviceParams.cpp:207] @ 0.0012795s :fov: 0
DEBUG [IRDeviceParams.cpp:208] @ 0.0012913s :optics_text: 000001A4D6F4DCD0
DEBUG [IRDeviceParams.cpp:209] @ 0.0013032s :formatspath: 000001A4D6F4DD60
DEBUG [IRDeviceParams.cpp:210] @ 0.0013162s :calipath: 0000000000000000
DEBUG [IRDeviceParams.cpp:211] @ 0.0013278s :temperature min: 500
DEBUG [IRDeviceParams.cpp:212] @ 0.0013391s :temperature max: 1800
DEBUG [IRDeviceParams.cpp:213] @ 0.0013548s :framerate: 32
DEBUG [IRDeviceParams.cpp:214] @ 0.0013664s :bispectral: 0
DEBUG [IRDeviceParams.cpp:215] @ 0.0013775s :flag automatic: 0
DEBUG [IRDeviceParams.cpp:216] @ 0.0013895s :min interval: 15
DEBUG [IRDeviceParams.cpp:217] @ 0.0014014s :max interval: 0
DEBUG [IRDeviceParams.cpp:218] @ 0.0014255s :chip heating mode: 0
DEBUG [IRDeviceParams.cpp:219] @ 0.0014563s :chip heating fixed val: 40
DEBUG [IRDeviceParams.cpp:220] @ 0.0014705s :focus:  -1
DEBUG [IRDeviceParams.cpp:221] @ 0.0014827s :enable extended temp range: 0
DEBUG [IRDeviceParams.cpp:222] @ 0.0014958s :buffer queue size: 5
DEBUG [IRDeviceParams.cpp:223] @ 0.0015088s :enable high precision: 0
DEBUG [IRDeviceParams.cpp:224] @ 0.0015215s :radialDistortionCorrectionMode: 0
DEBUG [IRDeviceParams.cpp:225] @ 0.0015343s :deviceAPI: 0
DEBUG [IRDeviceParams.cpp:226] @ 0.0015472s :useExternalProbeForReferencing: 0
DEBUG [IRDeviceParams.cpp:227] @ 0.0015599s :enableMultiThreading: 0
DEBUG [IRDeviceParams.cpp:232] @ 0.0015738s :ethernetDevice.deviceIpAddress: 0.0.0.0
DEBUG [IRDeviceParams.cpp:233] @ 0.0015877s :ethernetDevice.localUdpPort: 0
DEBUG [IRDeviceParams.cpp:234] @ 0.0016005s :ethernetDevice.checkUdpSenderIp: 1
DEBUG [Cali.cpp:87] @ 0.297606s :Calibration directory path: C:\Users\u0173846\AppData\Roaming\Imager\Cali
DEBUG [Cali.cpp:88] @ 0.297636s :Calibration file name: Cali-17092037.xml
DEBUG [Cali.cpp:98] @ 0.297937s :Calibration data A: 1450 B:470 C:4095 D:1500
INFO [IRImager.cpp:266] @ 0.298498s :Init thermal imager to 17092037 with size: 766x480@32 Hz
DEBUG [Cali.cpp:87] @ 0.298757s :Calibration directory path: C:\Users\u0173846\AppData\Roaming\Imager\Cali
DEBUG [Cali.cpp:88] @ 0.298773s :Calibration file name: Cali-17092037.xml
DEBUG [Cali.cpp:98] @ 0.299039s :Calibration data A: 1450 B:470 C:4095 D:1500
DEBUG [IRImager.cpp:374] @ 0.299644s :Using HID control interface
DEBUG [IRImager.cpp:414] @ 0.379509s :Initialized HID control interface to device with HW:2101 FW:2820
DEBUG [IRImager.cpp:435] @ 0.379552s :Frameconfig - width(in): 766, height(in): 480, interval: 312500, max framerate: 32, HW interval: 0.03125
DEBUG [Cali.cpp:87] @ 0.379571s :Calibration directory path: C:\Users\u0173846\AppData\Roaming\Imager\Cali
DEBUG [Cali.cpp:88] @ 0.379584s :Calibration file name: Cali-17092037.xml
DEBUG [Cali.cpp:98] @ 0.379924s :Calibration data A: 1450 B:470 C:4095 D:1500
DEBUG [ImageProcessing.cpp:200] @ 0.384421s :Source buffer size: 735360 Width: 766 Height: 480
DEBUG [ImageProcessing.cpp:121] @ 0.418851s :Source buffer size: 735360 Width: 766 Height: 480
DEBUG [OpSource.cpp:347] @ 0.418928s :Using formats path: .\\Formats.def
DEBUG [OpSource.cpp:598] @ 0.419093s :Format found with size: 14
DEBUG [IRImager.cpp:841] @ 0.419797s :Caught onFrameInit with size: 764x480
DEBUG [OpSource.cpp:347] @ 0.421971s :Using formats path: .\\Formats.def
DEBUG [OpSource.cpp:598] @ 0.422144s :Format found with size: 14
DEBUG [OpSource.cpp:347] @ 0.422199s :Using formats path: .\\Formats.def
DEBUG [OpCorr.cpp:467] @ 0.424433s :Read cali: C:\Users\u0173846\AppData\Roaming\Imager\Cali\Cali-17092037-25-500-1800-32.dat
DEBUG [ImageProcessing.cpp:1108] @ 0.458296s :Update flag temperature: -10.4375
DEBUG [ImageProcessing.cpp:1111] @ 0.460424s :Update box temperature: -10.4375
DEBUG [Cali.cpp:639] @ 0.460478s :Calibration file path: 000001A4D82CB704/00000080131ECC30.xml
DEBUG [SimpleXML.cpp:238] @ 0.460588s :Failed to open file C:\Users\u0173846\AppData\Roaming\Imager\Cali\CaliExt-17092037.xml
DEBUG [IRImager.cpp:547] @ 0.47377s :Chip heating disabled
DEBUG [direct_binding.cpp:300] @ 0.477852s :evo_irimager_multi_usb_init with config: 17092037f.xml
DEBUG [direct_binding.cpp:301] @ 0.477906s :evo_irimager_multi_usb_init connected returned: 1
