DEBUG [IRLogger.cpp:105] @ 0.000324s :***************************************************
DEBUG [IRLogger.cpp:106] @ 0.0003985s :* IRImagerDirect SDK                              *
DEBUG [IRLogger.cpp:107] @ 0.0004273s :***************************************************
DEBUG [IRLogger.cpp:113] @ 0.0004496s :* Native Machine:      AMD64
DEBUG [IRLogger.cpp:114] @ 0.0004871s :* Machine:             AMD64
DEBUG [IRLogger.cpp:116] @ 0.0005399s :* OS:                  Windows 10 0 19045
DEBUG [IRLogger.cpp:123] @ 0.0005652s :***************************************************
DEBUG [IRDeviceParams.cpp:204] @ 0.0011721s :Parameters
DEBUG [IRDeviceParams.cpp:205] @ 0.0011907s :serial: 17092037
DEBUG [IRDeviceParams.cpp:206] @ 0.0012037s :videoformatindex: 2
DEBUG [IRDeviceParams.cpp:207] @ 0.0012345s :fov: 0
DEBUG [IRDeviceParams.cpp:208] @ 0.0012631s :optics_text: 000001EE302DFCB0
DEBUG [IRDeviceParams.cpp:209] @ 0.0012777s :formatspath: 000001EE302DFCC0
DEBUG [IRDeviceParams.cpp:210] @ 0.0012903s :calipath: 0000000000000000
DEBUG [IRDeviceParams.cpp:211] @ 0.0013032s :temperature min: 500
DEBUG [IRDeviceParams.cpp:212] @ 0.0013173s :temperature max: 1800
DEBUG [IRDeviceParams.cpp:213] @ 0.0013334s :framerate: 32
DEBUG [IRDeviceParams.cpp:214] @ 0.0013462s :bispectral: 0
DEBUG [IRDeviceParams.cpp:215] @ 0.0013585s :flag automatic: 0
DEBUG [IRDeviceParams.cpp:216] @ 0.001371s :min interval: 15
DEBUG [IRDeviceParams.cpp:217] @ 0.0013833s :max interval: 0
DEBUG [IRDeviceParams.cpp:218] @ 0.0013956s :chip heating mode: 0
DEBUG [IRDeviceParams.cpp:219] @ 0.0014081s :chip heating fixed val: 40
DEBUG [IRDeviceParams.cpp:220] @ 0.001421s :focus:  -1
DEBUG [IRDeviceParams.cpp:221] @ 0.0015019s :enable extended temp range: 0
DEBUG [IRDeviceParams.cpp:222] @ 0.0015312s :buffer queue size: 5
DEBUG [IRDeviceParams.cpp:223] @ 0.0015549s :enable high precision: 0
DEBUG [IRDeviceParams.cpp:224] @ 0.001568s :radialDistortionCorrectionMode: 0
DEBUG [IRDeviceParams.cpp:225] @ 0.0015801s :deviceAPI: 0
DEBUG [IRDeviceParams.cpp:226] @ 0.0015923s :useExternalProbeForReferencing: 0
DEBUG [IRDeviceParams.cpp:227] @ 0.0016045s :enableMultiThreading: 0
DEBUG [IRDeviceParams.cpp:232] @ 0.001617s :ethernetDevice.deviceIpAddress: 0.0.0.0
DEBUG [IRDeviceParams.cpp:233] @ 0.0016291s :ethernetDevice.localUdpPort: 0
DEBUG [IRDeviceParams.cpp:234] @ 0.0016417s :ethernetDevice.checkUdpSenderIp: 1
DEBUG [Cali.cpp:87] @ 0.314028s :Calibration directory path: C:\Users\u0173846\AppData\Roaming\Imager\Cali
DEBUG [Cali.cpp:88] @ 0.314059s :Calibration file name: Cali-17092037.xml
DEBUG [Cali.cpp:98] @ 0.314386s :Calibration data A: 1450 B:470 C:4095 D:1500
INFO [IRImager.cpp:266] @ 0.314963s :Init thermal imager to 17092037 with size: 766x480@32 Hz
DEBUG [Cali.cpp:87] @ 0.315221s :Calibration directory path: C:\Users\u0173846\AppData\Roaming\Imager\Cali
DEBUG [Cali.cpp:88] @ 0.315238s :Calibration file name: Cali-17092037.xml
DEBUG [Cali.cpp:98] @ 0.315504s :Calibration data A: 1450 B:470 C:4095 D:1500
DEBUG [IRImager.cpp:374] @ 0.316097s :Using HID control interface
DEBUG [IRImager.cpp:414] @ 0.384927s :Initialized HID control interface to device with HW:2101 FW:2820
DEBUG [IRImager.cpp:435] @ 0.384964s :Frameconfig - width(in): 766, height(in): 480, interval: 312500, max framerate: 32, HW interval: 0.03125
DEBUG [Cali.cpp:87] @ 0.384984s :Calibration directory path: C:\Users\u0173846\AppData\Roaming\Imager\Cali
DEBUG [Cali.cpp:88] @ 0.384996s :Calibration file name: Cali-17092037.xml
DEBUG [Cali.cpp:98] @ 0.385306s :Calibration data A: 1450 B:470 C:4095 D:1500
DEBUG [ImageProcessing.cpp:200] @ 0.389488s :Source buffer size: 735360 Width: 766 Height: 480
DEBUG [ImageProcessing.cpp:121] @ 0.426284s :Source buffer size: 735360 Width: 766 Height: 480
DEBUG [OpSource.cpp:347] @ 0.426398s :Using formats path: .\\Formats.def
DEBUG [OpSource.cpp:598] @ 0.42659s :Format found with size: 14
DEBUG [IRImager.cpp:841] @ 0.427377s :Caught onFrameInit with size: 764x480
DEBUG [OpSource.cpp:347] @ 0.42951s :Using formats path: .\\Formats.def
DEBUG [OpSource.cpp:598] @ 0.429705s :Format found with size: 14
DEBUG [OpSource.cpp:347] @ 0.429763s :Using formats path: .\\Formats.def
DEBUG [OpCorr.cpp:467] @ 0.432182s :Read cali: C:\Users\u0173846\AppData\Roaming\Imager\Cali\Cali-17092037-25-500-1800-32.dat
DEBUG [ImageProcessing.cpp:1108] @ 0.466883s :Update flag temperature: 35.9375
DEBUG [ImageProcessing.cpp:1111] @ 0.468866s :Update box temperature: 35.9375
DEBUG [Cali.cpp:639] @ 0.468918s :Calibration file path: 000001EE317D6034/000000DA0F1ECA60.xml
DEBUG [SimpleXML.cpp:238] @ 0.469032s :Failed to open file C:\Users\u0173846\AppData\Roaming\Imager\Cali\CaliExt-17092037.xml
DEBUG [IRImager.cpp:547] @ 0.482232s :Chip heating disabled
DEBUG [direct_binding.cpp:300] @ 0.486129s :evo_irimager_multi_usb_init with config: 17092037f.xml
DEBUG [direct_binding.cpp:301] @ 0.486167s :evo_irimager_multi_usb_init connected returned: 1
