DEBUG [IRLogger.cpp:105] @ 0.0003095s :***************************************************
DEBUG [IRLogger.cpp:106] @ 0.0003815s :* IRImagerDirect SDK                              *
DEBUG [IRLogger.cpp:107] @ 0.0004082s :***************************************************
DEBUG [IRLogger.cpp:113] @ 0.0004316s :* Native Machine:      AMD64
DEBUG [IRLogger.cpp:114] @ 0.0004536s :* Machine:             AMD64
DEBUG [IRLogger.cpp:116] @ 0.0004798s :* OS:                  Windows 10 0 19045
DEBUG [IRLogger.cpp:123] @ 0.0005s :***************************************************
DEBUG [IRDeviceParams.cpp:204] @ 0.0010935s :Parameters
DEBUG [IRDeviceParams.cpp:205] @ 0.0011118s :serial: 17092037
DEBUG [IRDeviceParams.cpp:206] @ 0.0011241s :videoformatindex: 2
DEBUG [IRDeviceParams.cpp:207] @ 0.0011373s :fov: 0
DEBUG [IRDeviceParams.cpp:208] @ 0.0011495s :optics_text: 000001A0E5FE4DD0
DEBUG [IRDeviceParams.cpp:209] @ 0.0011614s :formatspath: 000001A0E5FE4D50
DEBUG [IRDeviceParams.cpp:210] @ 0.0011748s :calipath: 0000000000000000
DEBUG [IRDeviceParams.cpp:211] @ 0.0012125s :temperature min: 500
DEBUG [IRDeviceParams.cpp:212] @ 0.0012273s :temperature max: 1800
DEBUG [IRDeviceParams.cpp:213] @ 0.0012436s :framerate: 32
DEBUG [IRDeviceParams.cpp:214] @ 0.0012582s :bispectral: 0
DEBUG [IRDeviceParams.cpp:215] @ 0.0012713s :flag automatic: 0
DEBUG [IRDeviceParams.cpp:216] @ 0.0012842s :min interval: 15
DEBUG [IRDeviceParams.cpp:217] @ 0.0012963s :max interval: 0
DEBUG [IRDeviceParams.cpp:218] @ 0.0013109s :chip heating mode: 0
DEBUG [IRDeviceParams.cpp:219] @ 0.0013235s :chip heating fixed val: 40
DEBUG [IRDeviceParams.cpp:220] @ 0.001337s :focus:  -1
DEBUG [IRDeviceParams.cpp:221] @ 0.0013495s :enable extended temp range: 0
DEBUG [IRDeviceParams.cpp:222] @ 0.0013619s :buffer queue size: 5
DEBUG [IRDeviceParams.cpp:223] @ 0.0013741s :enable high precision: 0
DEBUG [IRDeviceParams.cpp:224] @ 0.001389s :radialDistortionCorrectionMode: 0
DEBUG [IRDeviceParams.cpp:225] @ 0.0014232s :deviceAPI: 0
DEBUG [IRDeviceParams.cpp:226] @ 0.001437s :useExternalProbeForReferencing: 0
DEBUG [IRDeviceParams.cpp:227] @ 0.0014499s :enableMultiThreading: 0
DEBUG [IRDeviceParams.cpp:232] @ 0.0014883s :ethernetDevice.deviceIpAddress: 0.0.0.0
DEBUG [IRDeviceParams.cpp:233] @ 0.0015032s :ethernetDevice.localUdpPort: 0
DEBUG [IRDeviceParams.cpp:234] @ 0.0015175s :ethernetDevice.checkUdpSenderIp: 1
DEBUG [Cali.cpp:87] @ 0.289426s :Calibration directory path: C:\Users\u0173846\AppData\Roaming\Imager\Cali
DEBUG [Cali.cpp:88] @ 0.289457s :Calibration file name: Cali-17092037.xml
DEBUG [Cali.cpp:98] @ 0.289769s :Calibration data A: 1450 B:470 C:4095 D:1500
INFO [IRImager.cpp:266] @ 0.290341s :Init thermal imager to 17092037 with size: 766x480@32 Hz
DEBUG [Cali.cpp:87] @ 0.290612s :Calibration directory path: C:\Users\u0173846\AppData\Roaming\Imager\Cali
DEBUG [Cali.cpp:88] @ 0.290629s :Calibration file name: Cali-17092037.xml
DEBUG [Cali.cpp:98] @ 0.290912s :Calibration data A: 1450 B:470 C:4095 D:1500
DEBUG [IRImager.cpp:374] @ 0.291537s :Using HID control interface
DEBUG [IRImager.cpp:414] @ 0.373202s :Initialized HID control interface to device with HW:2101 FW:2820
DEBUG [IRImager.cpp:435] @ 0.37324s :Frameconfig - width(in): 766, height(in): 480, interval: 312500, max framerate: 32, HW interval: 0.03125
DEBUG [Cali.cpp:87] @ 0.373258s :Calibration directory path: C:\Users\u0173846\AppData\Roaming\Imager\Cali
DEBUG [Cali.cpp:88] @ 0.373271s :Calibration file name: Cali-17092037.xml
DEBUG [Cali.cpp:98] @ 0.373576s :Calibration data A: 1450 B:470 C:4095 D:1500
DEBUG [ImageProcessing.cpp:200] @ 0.377966s :Source buffer size: 735360 Width: 766 Height: 480
DEBUG [ImageProcessing.cpp:121] @ 0.414922s :Source buffer size: 735360 Width: 766 Height: 480
DEBUG [OpSource.cpp:347] @ 0.41503s :Using formats path: .\\Formats.def
DEBUG [OpSource.cpp:598] @ 0.415219s :Format found with size: 14
DEBUG [IRImager.cpp:841] @ 0.415935s :Caught onFrameInit with size: 764x480
DEBUG [OpSource.cpp:347] @ 0.418158s :Using formats path: .\\Formats.def
DEBUG [OpSource.cpp:598] @ 0.418354s :Format found with size: 14
DEBUG [OpSource.cpp:347] @ 0.418425s :Using formats path: .\\Formats.def
DEBUG [OpCorr.cpp:467] @ 0.420798s :Read cali: C:\Users\u0173846\AppData\Roaming\Imager\Cali\Cali-17092037-25-500-1800-32.dat
DEBUG [ImageProcessing.cpp:1108] @ 0.453895s :Update flag temperature: -235.625
DEBUG [ImageProcessing.cpp:1111] @ 0.456064s :Update box temperature: -235.625
DEBUG [Cali.cpp:639] @ 0.456113s :Calibration file path: 000001A0E6054B34/000000971F9ECCE0.xml
DEBUG [SimpleXML.cpp:238] @ 0.456223s :Failed to open file C:\Users\u0173846\AppData\Roaming\Imager\Cali\CaliExt-17092037.xml
DEBUG [IRImager.cpp:547] @ 0.468997s :Chip heating disabled
DEBUG [direct_binding.cpp:300] @ 0.472967s :evo_irimager_multi_usb_init with config: 17092037f.xml
DEBUG [direct_binding.cpp:301] @ 0.473004s :evo_irimager_multi_usb_init connected returned: 1
DEBUG [IRLogger.cpp:105] @ 0.473944s :***************************************************
DEBUG [IRLogger.cpp:106] @ 0.473983s :* IRImagerDirect SDK                              *
DEBUG [IRLogger.cpp:107] @ 0.473998s :***************************************************
DEBUG [IRLogger.cpp:113] @ 0.474146s :* Native Machine:      AMD64
DEBUG [IRLogger.cpp:114] @ 0.474166s :* Machine:             AMD64
DEBUG [IRLogger.cpp:116] @ 0.474187s :* OS:                  Windows 10 0 19045
DEBUG [IRLogger.cpp:123] @ 0.474199s :***************************************************
DEBUG [IRDeviceParams.cpp:204] @ 0.474679s :Parameters
DEBUG [IRDeviceParams.cpp:205] @ 0.474699s :serial: 20052193
DEBUG [IRDeviceParams.cpp:206] @ 0.474712s :videoformatindex: 0
DEBUG [IRDeviceParams.cpp:207] @ 0.474723s :fov: 33
DEBUG [IRDeviceParams.cpp:208] @ 0.474752s :optics_text: 000001A0E8CDDC50
DEBUG [IRDeviceParams.cpp:209] @ 0.474828s :formatspath: 000001A0E8CDDE40
DEBUG [IRDeviceParams.cpp:210] @ 0.474846s :calipath: 0000000000000000
DEBUG [IRDeviceParams.cpp:211] @ 0.47486s :temperature min: 0
DEBUG [IRDeviceParams.cpp:212] @ 0.474873s :temperature max: 250
DEBUG [IRDeviceParams.cpp:213] @ 0.474887s :framerate: 32
DEBUG [IRDeviceParams.cpp:214] @ 0.4749s :bispectral: 0
DEBUG [IRDeviceParams.cpp:215] @ 0.474913s :flag automatic: 0
DEBUG [IRDeviceParams.cpp:216] @ 0.474926s :min interval: 15
DEBUG [IRDeviceParams.cpp:217] @ 0.47494s :max interval: 0
DEBUG [IRDeviceParams.cpp:218] @ 0.474952s :chip heating mode: 0
DEBUG [IRDeviceParams.cpp:219] @ 0.474966s :chip heating fixed val: 40
DEBUG [IRDeviceParams.cpp:220] @ 0.47498s :focus:  -1
DEBUG [IRDeviceParams.cpp:221] @ 0.474992s :enable extended temp range: 0
DEBUG [IRDeviceParams.cpp:222] @ 0.47502s :buffer queue size: 5
DEBUG [IRDeviceParams.cpp:223] @ 0.475054s :enable high precision: 0
DEBUG [IRDeviceParams.cpp:224] @ 0.47507s :radialDistortionCorrectionMode: 0
DEBUG [IRDeviceParams.cpp:225] @ 0.475084s :deviceAPI: 0
DEBUG [IRDeviceParams.cpp:226] @ 0.475097s :useExternalProbeForReferencing: 0
DEBUG [IRDeviceParams.cpp:227] @ 0.475109s :enableMultiThreading: 0
DEBUG [IRDeviceParams.cpp:232] @ 0.475123s :ethernetDevice.deviceIpAddress: 0.0.0.0
DEBUG [IRDeviceParams.cpp:233] @ 0.475139s :ethernetDevice.localUdpPort: 0
DEBUG [IRDeviceParams.cpp:234] @ 0.475152s :ethernetDevice.checkUdpSenderIp: 1
DEBUG [IRImager.cpp:1107] @ 0.629168s :Start flag calibration
DEBUG [Cali.cpp:87] @ 0.645945s :Calibration directory path: C:\Users\u0173846\AppData\Roaming\Imager\Cali
DEBUG [Cali.cpp:88] @ 0.645976s :Calibration file name: Cali-20052193.xml
DEBUG [Cali.cpp:98] @ 0.646425s :Calibration data A: 1450 B:1500 C:4095 D:1500
INFO [IRImager.cpp:266] @ 0.647437s :Init thermal imager to 20052193 with size: 642x480@32 Hz
DEBUG [Cali.cpp:87] @ 0.647702s :Calibration directory path: C:\Users\u0173846\AppData\Roaming\Imager\Cali
DEBUG [Cali.cpp:88] @ 0.64772s :Calibration file name: Cali-20052193.xml
DEBUG [Cali.cpp:98] @ 0.648117s :Calibration data A: 1450 B:1500 C:4095 D:1500
DEBUG [IRImager.cpp:374] @ 0.648897s :Using HID control interface
DEBUG [IRImager.cpp:414] @ 0.6709s :Initialized HID control interface to device with HW:601 FW:2633
DEBUG [IRImager.cpp:435] @ 0.670985s :Frameconfig - width(in): 642, height(in): 480, interval: 312500, max framerate: 32, HW interval: 0.03125
DEBUG [Cali.cpp:87] @ 0.671007s :Calibration directory path: C:\Users\u0173846\AppData\Roaming\Imager\Cali
DEBUG [Cali.cpp:88] @ 0.67102s :Calibration file name: Cali-20052193.xml
DEBUG [Cali.cpp:98] @ 0.671485s :Calibration data A: 1450 B:1500 C:4095 D:1500
DEBUG [ImageProcessing.cpp:200] @ 0.699068s :Source buffer size: 616320 Width: 642 Height: 480
DEBUG [ImageProcessing.cpp:121] @ 0.73897s :Source buffer size: 616320 Width: 642 Height: 480
DEBUG [OpSource.cpp:347] @ 0.739061s :Using formats path: .\\Formats.def
DEBUG [OpSource.cpp:598] @ 0.739211s :Format found with size: 25
DEBUG [IRImager.cpp:841] @ 0.739827s :Caught onFrameInit with size: 640x480
DEBUG [OpSource.cpp:347] @ 0.741583s :Using formats path: .\\Formats.def
DEBUG [OpSource.cpp:598] @ 0.741713s :Format found with size: 25
DEBUG [OpSource.cpp:347] @ 0.741765s :Using formats path: .\\Formats.def
DEBUG [OpCorr.cpp:467] @ 0.745806s :Read cali: C:\Users\u0173846\AppData\Roaming\Imager\Cali\Cali-20052193-33-0-250.dat
DEBUG [OpCorr.cpp:557] @ 0.745902s :Read calibration of camera no 20052193, # of fields: 6 , start of fields: 40
DEBUG [ImageProcessing.cpp:1108] @ 1.00916s :Update flag temperature: 31.25
DEBUG [ImageProcessing.cpp:1111] @ 1.01302s :Update box temperature: 28.875
DEBUG [Cali.cpp:639] @ 1.01305s :Calibration file path: 000001A0E8B35564/000000971F9ECCE0.xml
DEBUG [SimpleXML.cpp:238] @ 1.01314s :Failed to open file C:\Users\u0173846\AppData\Roaming\Imager\Cali\CaliExt-20052193.xml
DEBUG [IRImager.cpp:547] @ 1.02427s :Chip heating disabled
DEBUG [direct_binding.cpp:300] @ 1.03264s :evo_irimager_multi_usb_init with config: 6060300f.xml
DEBUG [direct_binding.cpp:301] @ 1.0327s :evo_irimager_multi_usb_init connected returned: 1
DEBUG [IRImager.cpp:1107] @ 1.1252s :Start flag calibration
