DEBUG [IRLogger.cpp:105] @ 0.549419s :***************************************************
DEBUG [IRLogger.cpp:106] @ 0.549478s :* IRImagerDirect SDK                              *
DEBUG [IRLogger.cpp:107] @ 0.549507s :***************************************************
DEBUG [IRLogger.cpp:113] @ 0.549531s :* Native Machine:      AMD64
DEBUG [IRLogger.cpp:114] @ 0.549553s :* Machine:             AMD64
DEBUG [IRLogger.cpp:116] @ 0.549581s :* OS:                  Windows 10 0 19045
DEBUG [IRLogger.cpp:123] @ 0.549611s :***************************************************
DEBUG [IRDeviceParams.cpp:204] @ 0.55786s :Parameters
DEBUG [IRDeviceParams.cpp:205] @ 0.557886s :serial: 20052193
DEBUG [IRDeviceParams.cpp:206] @ 0.557898s :videoformatindex: 0
DEBUG [IRDeviceParams.cpp:207] @ 0.55791s :fov: 33
DEBUG [IRDeviceParams.cpp:208] @ 0.557921s :optics_text: 0000020D80C6CD60
DEBUG [IRDeviceParams.cpp:209] @ 0.557933s :formatspath: 0000020D80C6CD40
DEBUG [IRDeviceParams.cpp:210] @ 0.557944s :calipath: 0000000000000000
DEBUG [IRDeviceParams.cpp:211] @ 0.557955s :temperature min: 0
DEBUG [IRDeviceParams.cpp:212] @ 0.557966s :temperature max: 250
DEBUG [IRDeviceParams.cpp:213] @ 0.557978s :framerate: 32
DEBUG [IRDeviceParams.cpp:214] @ 0.557989s :bispectral: 0
DEBUG [IRDeviceParams.cpp:215] @ 0.558s :flag automatic: 0
DEBUG [IRDeviceParams.cpp:216] @ 0.558012s :min interval: 15
DEBUG [IRDeviceParams.cpp:217] @ 0.558023s :max interval: 0
DEBUG [IRDeviceParams.cpp:218] @ 0.558035s :chip heating mode: 0
DEBUG [IRDeviceParams.cpp:219] @ 0.558047s :chip heating fixed val: 40
DEBUG [IRDeviceParams.cpp:220] @ 0.558058s :focus:  -1
DEBUG [IRDeviceParams.cpp:221] @ 0.558069s :enable extended temp range: 0
DEBUG [IRDeviceParams.cpp:222] @ 0.55808s :buffer queue size: 5
DEBUG [IRDeviceParams.cpp:223] @ 0.558091s :enable high precision: 0
DEBUG [IRDeviceParams.cpp:224] @ 0.558102s :radialDistortionCorrectionMode: 0
DEBUG [IRDeviceParams.cpp:225] @ 0.558113s :deviceAPI: 0
DEBUG [IRDeviceParams.cpp:226] @ 0.558124s :useExternalProbeForReferencing: 0
DEBUG [IRDeviceParams.cpp:227] @ 0.558135s :enableMultiThreading: 0
DEBUG [IRDeviceParams.cpp:232] @ 0.558146s :ethernetDevice.deviceIpAddress: 0.0.0.0
DEBUG [IRDeviceParams.cpp:233] @ 0.558157s :ethernetDevice.localUdpPort: 0
DEBUG [IRDeviceParams.cpp:234] @ 0.558168s :ethernetDevice.checkUdpSenderIp: 1
DEBUG [IRImager.cpp:1107] @ 0.70333s :Start flag calibration
DEBUG [Cali.cpp:87] @ 0.722345s :Calibration directory path: C:\Users\u0173846\AppData\Roaming\Imager\Cali
DEBUG [Cali.cpp:88] @ 0.722377s :Calibration file name: Cali-20052193.xml
DEBUG [Cali.cpp:98] @ 0.732118s :Calibration data A: 1450 B:1500 C:4095 D:1500
INFO [IRImager.cpp:266] @ 0.831778s :Init thermal imager to 20052193 with size: 642x480@32 Hz
DEBUG [Cali.cpp:87] @ 0.832054s :Calibration directory path: C:\Users\u0173846\AppData\Roaming\Imager\Cali
DEBUG [Cali.cpp:88] @ 0.832072s :Calibration file name: Cali-20052193.xml
DEBUG [Cali.cpp:98] @ 0.832469s :Calibration data A: 1450 B:1500 C:4095 D:1500
DEBUG [IRImager.cpp:374] @ 0.833275s :Using HID control interface
DEBUG [IRImager.cpp:414] @ 0.843797s :Initialized HID control interface to device with HW:601 FW:2633
DEBUG [IRImager.cpp:435] @ 0.843837s :Frameconfig - width(in): 642, height(in): 480, interval: 312500, max framerate: 32, HW interval: 0.03125
DEBUG [Cali.cpp:87] @ 0.843853s :Calibration directory path: C:\Users\u0173846\AppData\Roaming\Imager\Cali
DEBUG [Cali.cpp:88] @ 0.843867s :Calibration file name: Cali-20052193.xml
DEBUG [Cali.cpp:98] @ 0.844313s :Calibration data A: 1450 B:1500 C:4095 D:1500
DEBUG [ImageProcessing.cpp:200] @ 0.872066s :Source buffer size: 616320 Width: 642 Height: 480
DEBUG [ImageProcessing.cpp:121] @ 0.91255s :Source buffer size: 616320 Width: 642 Height: 480
DEBUG [OpSource.cpp:347] @ 0.912653s :Using formats path: .\\Formats.def
DEBUG [OpSource.cpp:598] @ 0.912807s :Format found with size: 25
DEBUG [IRImager.cpp:841] @ 0.913444s :Caught onFrameInit with size: 640x480
DEBUG [OpSource.cpp:347] @ 0.915366s :Using formats path: .\\Formats.def
DEBUG [OpSource.cpp:598] @ 0.915542s :Format found with size: 25
DEBUG [OpSource.cpp:347] @ 0.915603s :Using formats path: .\\Formats.def
DEBUG [OpCorr.cpp:467] @ 0.924752s :Read cali: C:\Users\u0173846\AppData\Roaming\Imager\Cali\Cali-20052193-33-0-250.dat
DEBUG [OpCorr.cpp:557] @ 0.924836s :Read calibration of camera no 20052193, # of fields: 6 , start of fields: 40
DEBUG [ImageProcessing.cpp:1108] @ 1.18956s :Update flag temperature: 27.625
DEBUG [ImageProcessing.cpp:1111] @ 1.19345s :Update box temperature: 25.625
DEBUG [Cali.cpp:639] @ 1.1935s :Calibration file path: 0000020DFDFA32E4/00000077BE1ECC60.xml
DEBUG [SimpleXML.cpp:238] @ 1.19361s :Failed to open file C:\Users\u0173846\AppData\Roaming\Imager\Cali\CaliExt-20052193.xml
DEBUG [IRImager.cpp:547] @ 1.20532s :Chip heating disabled
DEBUG [direct_binding.cpp:300] @ 1.21361s :evo_irimager_multi_usb_init with config: 6060300f.xml
DEBUG [direct_binding.cpp:301] @ 1.21365s :evo_irimager_multi_usb_init connected returned: 1
DEBUG [IRImager.cpp:1107] @ 1.2912s :Start flag calibration
DEBUG [OpFlag.cpp:591] @ 11.7065s :SkimDiff: 0 Adjust: 0 State: 0 EMax: 8704 Emin: 8417
DEBUG [IRImager.cpp:1121] @ 12.1495s :Finished startup calibration
DEBUG [OpFlag.cpp:591] @ 12.197s :SkimDiff: 0 Adjust: 0 State: 0 EMax: 12755 Emin: 5397
DEBUG [IRImager.cpp:1121] @ 12.504s :Finished startup calibration
