DEBUG [IRLogger.cpp:105] @ 0.479695s :***************************************************
DEBUG [IRLogger.cpp:106] @ 0.479784s :* IRImagerDirect SDK                              *
DEBUG [IRLogger.cpp:107] @ 0.479826s :***************************************************
DEBUG [IRLogger.cpp:113] @ 0.479899s :* Native Machine:      AMD64
DEBUG [IRLogger.cpp:114] @ 0.479943s :* Machine:             AMD64
DEBUG [IRLogger.cpp:116] @ 0.479984s :* OS:                  Windows 10 0 19045
DEBUG [IRLogger.cpp:123] @ 0.480015s :***************************************************
DEBUG [IRDeviceParams.cpp:204] @ 0.480717s :Parameters
DEBUG [IRDeviceParams.cpp:205] @ 0.480737s :serial: 20052193
DEBUG [IRDeviceParams.cpp:206] @ 0.480751s :videoformatindex: 0
DEBUG [IRDeviceParams.cpp:207] @ 0.480828s :fov: 33
DEBUG [IRDeviceParams.cpp:208] @ 0.480852s :optics_text: 000001A4D84AE410
DEBUG [IRDeviceParams.cpp:209] @ 0.480865s :formatspath: 000001A4D84AE320
DEBUG [IRDeviceParams.cpp:210] @ 0.480878s :calipath: 0000000000000000
DEBUG [IRDeviceParams.cpp:211] @ 0.480891s :temperature min: 0
DEBUG [IRDeviceParams.cpp:212] @ 0.480903s :temperature max: 250
DEBUG [IRDeviceParams.cpp:213] @ 0.480918s :framerate: 32
DEBUG [IRDeviceParams.cpp:214] @ 0.48093s :bispectral: 0
DEBUG [IRDeviceParams.cpp:215] @ 0.480942s :flag automatic: 0
DEBUG [IRDeviceParams.cpp:216] @ 0.480955s :min interval: 15
DEBUG [IRDeviceParams.cpp:217] @ 0.480968s :max interval: 0
DEBUG [IRDeviceParams.cpp:218] @ 0.48098s :chip heating mode: 0
DEBUG [IRDeviceParams.cpp:219] @ 0.480992s :chip heating fixed val: 40
DEBUG [IRDeviceParams.cpp:220] @ 0.481004s :focus:  -1
DEBUG [IRDeviceParams.cpp:221] @ 0.481016s :enable extended temp range: 0
DEBUG [IRDeviceParams.cpp:222] @ 0.481029s :buffer queue size: 5
DEBUG [IRDeviceParams.cpp:223] @ 0.481041s :enable high precision: 0
DEBUG [IRDeviceParams.cpp:224] @ 0.481053s :radialDistortionCorrectionMode: 0
DEBUG [IRDeviceParams.cpp:225] @ 0.481067s :deviceAPI: 0
DEBUG [IRDeviceParams.cpp:226] @ 0.481079s :useExternalProbeForReferencing: 0
DEBUG [IRDeviceParams.cpp:227] @ 0.48109s :enableMultiThreading: 0
DEBUG [IRDeviceParams.cpp:232] @ 0.481103s :ethernetDevice.deviceIpAddress: 0.0.0.0
DEBUG [IRDeviceParams.cpp:233] @ 0.481115s :ethernetDevice.localUdpPort: 0
DEBUG [IRDeviceParams.cpp:234] @ 0.481126s :ethernetDevice.checkUdpSenderIp: 1
DEBUG [IRImager.cpp:1107] @ 0.632933s :Start flag calibration
DEBUG [Cali.cpp:87] @ 0.64341s :Calibration directory path: C:\Users\u0173846\AppData\Roaming\Imager\Cali
DEBUG [Cali.cpp:88] @ 0.643442s :Calibration file name: Cali-20052193.xml
DEBUG [Cali.cpp:98] @ 0.643893s :Calibration data A: 1450 B:1500 C:4095 D:1500
INFO [IRImager.cpp:266] @ 0.645346s :Init thermal imager to 20052193 with size: 642x480@32 Hz
DEBUG [Cali.cpp:87] @ 0.645817s :Calibration directory path: C:\Users\u0173846\AppData\Roaming\Imager\Cali
DEBUG [Cali.cpp:88] @ 0.645838s :Calibration file name: Cali-20052193.xml
DEBUG [Cali.cpp:98] @ 0.646287s :Calibration data A: 1450 B:1500 C:4095 D:1500
DEBUG [IRImager.cpp:374] @ 0.647191s :Using HID control interface
DEBUG [IRImager.cpp:414] @ 0.668653s :Initialized HID control interface to device with HW:601 FW:2633
DEBUG [IRImager.cpp:435] @ 0.668698s :Frameconfig - width(in): 642, height(in): 480, interval: 312500, max framerate: 32, HW interval: 0.03125
DEBUG [Cali.cpp:87] @ 0.668714s :Calibration directory path: C:\Users\u0173846\AppData\Roaming\Imager\Cali
DEBUG [Cali.cpp:88] @ 0.668727s :Calibration file name: Cali-20052193.xml
DEBUG [Cali.cpp:98] @ 0.669183s :Calibration data A: 1450 B:1500 C:4095 D:1500
DEBUG [ImageProcessing.cpp:200] @ 0.696895s :Source buffer size: 616320 Width: 642 Height: 480
DEBUG [ImageProcessing.cpp:121] @ 0.736043s :Source buffer size: 616320 Width: 642 Height: 480
DEBUG [OpSource.cpp:347] @ 0.736145s :Using formats path: .\\Formats.def
DEBUG [OpSource.cpp:598] @ 0.736309s :Format found with size: 25
DEBUG [IRImager.cpp:841] @ 0.73698s :Caught onFrameInit with size: 640x480
DEBUG [OpSource.cpp:347] @ 0.738865s :Using formats path: .\\Formats.def
DEBUG [OpSource.cpp:598] @ 0.739043s :Format found with size: 25
DEBUG [OpSource.cpp:347] @ 0.739103s :Using formats path: .\\Formats.def
DEBUG [OpCorr.cpp:467] @ 0.743378s :Read cali: C:\Users\u0173846\AppData\Roaming\Imager\Cali\Cali-20052193-33-0-250.dat
DEBUG [OpCorr.cpp:557] @ 0.743467s :Read calibration of camera no 20052193, # of fields: 6 , start of fields: 40
DEBUG [ImageProcessing.cpp:1108] @ 1.00788s :Update flag temperature: 31.375
DEBUG [ImageProcessing.cpp:1111] @ 1.01151s :Update box temperature: 29
DEBUG [Cali.cpp:639] @ 1.01156s :Calibration file path: 000001A4D8310C54/00000080131ECC30.xml
DEBUG [SimpleXML.cpp:238] @ 1.01168s :Failed to open file C:\Users\u0173846\AppData\Roaming\Imager\Cali\CaliExt-20052193.xml
DEBUG [IRImager.cpp:547] @ 1.02364s :Chip heating disabled
DEBUG [direct_binding.cpp:300] @ 1.03164s :evo_irimager_multi_usb_init with config: 6060300f.xml
DEBUG [direct_binding.cpp:301] @ 1.0317s :evo_irimager_multi_usb_init connected returned: 1
DEBUG [IRImager.cpp:1107] @ 1.14035s :Start flag calibration
DEBUG [OpFlag.cpp:591] @ 11.6362s :SkimDiff: 0 Adjust: 0 State: 0 EMax: 8611 Emin: 8305
DEBUG [OpFlag.cpp:591] @ 12.047s :SkimDiff: 0 Adjust: 0 State: 0 EMax: 12769 Emin: 4968
DEBUG [IRImager.cpp:1121] @ 12.0781s :Finished startup calibration
DEBUG [IRImager.cpp:1121] @ 12.3542s :Finished startup calibration
