DEBUG [IRLogger.cpp:105] @ 0.49494s :***************************************************
DEBUG [IRLogger.cpp:106] @ 0.495006s :* IRImagerDirect SDK                              *
DEBUG [IRLogger.cpp:107] @ 0.495032s :***************************************************
DEBUG [IRLogger.cpp:113] @ 0.495057s :* Native Machine:      AMD64
DEBUG [IRLogger.cpp:114] @ 0.49508s :* Machine:             AMD64
DEBUG [IRLogger.cpp:116] @ 0.495108s :* OS:                  Windows 10 0 19045
DEBUG [IRLogger.cpp:123] @ 0.49513s :***************************************************
DEBUG [IRDeviceParams.cpp:204] @ 0.495992s :Parameters
DEBUG [IRDeviceParams.cpp:205] @ 0.496019s :serial: 20052193
DEBUG [IRDeviceParams.cpp:206] @ 0.496038s :videoformatindex: 0
DEBUG [IRDeviceParams.cpp:207] @ 0.496056s :fov: 33
DEBUG [IRDeviceParams.cpp:208] @ 0.496074s :optics_text: 000001BCB5D66AB0
DEBUG [IRDeviceParams.cpp:209] @ 0.496093s :formatspath: 000001BCB5D66CE0
DEBUG [IRDeviceParams.cpp:210] @ 0.49611s :calipath: 0000000000000000
DEBUG [IRDeviceParams.cpp:211] @ 0.496132s :temperature min: 0
DEBUG [IRDeviceParams.cpp:212] @ 0.496154s :temperature max: 250
DEBUG [IRDeviceParams.cpp:213] @ 0.496167s :framerate: 32
DEBUG [IRDeviceParams.cpp:214] @ 0.496178s :bispectral: 0
DEBUG [IRDeviceParams.cpp:215] @ 0.49619s :flag automatic: 0
DEBUG [IRDeviceParams.cpp:216] @ 0.496201s :min interval: 15
DEBUG [IRDeviceParams.cpp:217] @ 0.496212s :max interval: 0
DEBUG [IRDeviceParams.cpp:218] @ 0.496223s :chip heating mode: 0
DEBUG [IRDeviceParams.cpp:219] @ 0.496381s :chip heating fixed val: 40
DEBUG [IRDeviceParams.cpp:220] @ 0.496399s :focus:  -1
DEBUG [IRDeviceParams.cpp:221] @ 0.496413s :enable extended temp range: 0
DEBUG [IRDeviceParams.cpp:222] @ 0.496426s :buffer queue size: 5
DEBUG [IRDeviceParams.cpp:223] @ 0.496439s :enable high precision: 0
DEBUG [IRDeviceParams.cpp:224] @ 0.496453s :radialDistortionCorrectionMode: 0
DEBUG [IRDeviceParams.cpp:225] @ 0.496466s :deviceAPI: 0
DEBUG [IRDeviceParams.cpp:226] @ 0.496479s :useExternalProbeForReferencing: 0
DEBUG [IRDeviceParams.cpp:227] @ 0.496491s :enableMultiThreading: 0
DEBUG [IRDeviceParams.cpp:232] @ 0.496506s :ethernetDevice.deviceIpAddress: 0.0.0.0
DEBUG [IRDeviceParams.cpp:233] @ 0.496518s :ethernetDevice.localUdpPort: 0
DEBUG [IRDeviceParams.cpp:234] @ 0.496542s :ethernetDevice.checkUdpSenderIp: 1
DEBUG [IRImager.cpp:1107] @ 0.648795s :Start flag calibration
DEBUG [Cali.cpp:87] @ 0.659708s :Calibration directory path: C:\Users\u0173846\AppData\Roaming\Imager\Cali
DEBUG [Cali.cpp:88] @ 0.659738s :Calibration file name: Cali-20052193.xml
DEBUG [Cali.cpp:98] @ 0.66016s :Calibration data A: 1450 B:1500 C:4095 D:1500
INFO [IRImager.cpp:266] @ 0.661173s :Init thermal imager to 20052193 with size: 642x480@32 Hz
DEBUG [Cali.cpp:87] @ 0.661436s :Calibration directory path: C:\Users\u0173846\AppData\Roaming\Imager\Cali
DEBUG [Cali.cpp:88] @ 0.661452s :Calibration file name: Cali-20052193.xml
DEBUG [Cali.cpp:98] @ 0.661832s :Calibration data A: 1450 B:1500 C:4095 D:1500
DEBUG [IRImager.cpp:374] @ 0.662613s :Using HID control interface
DEBUG [IRImager.cpp:414] @ 0.684766s :Initialized HID control interface to device with HW:601 FW:2633
DEBUG [IRImager.cpp:435] @ 0.684807s :Frameconfig - width(in): 642, height(in): 480, interval: 312500, max framerate: 32, HW interval: 0.03125
DEBUG [Cali.cpp:87] @ 0.684824s :Calibration directory path: C:\Users\u0173846\AppData\Roaming\Imager\Cali
DEBUG [Cali.cpp:88] @ 0.684837s :Calibration file name: Cali-20052193.xml
DEBUG [Cali.cpp:98] @ 0.685301s :Calibration data A: 1450 B:1500 C:4095 D:1500
DEBUG [ImageProcessing.cpp:200] @ 0.712863s :Source buffer size: 616320 Width: 642 Height: 480
DEBUG [ImageProcessing.cpp:121] @ 0.752014s :Source buffer size: 616320 Width: 642 Height: 480
DEBUG [OpSource.cpp:347] @ 0.752107s :Using formats path: .\\Formats.def
DEBUG [OpSource.cpp:598] @ 0.752257s :Format found with size: 25
DEBUG [IRImager.cpp:841] @ 0.752953s :Caught onFrameInit with size: 640x480
DEBUG [OpSource.cpp:347] @ 0.754803s :Using formats path: .\\Formats.def
DEBUG [OpSource.cpp:598] @ 0.754959s :Format found with size: 25
DEBUG [OpSource.cpp:347] @ 0.755015s :Using formats path: .\\Formats.def
DEBUG [OpCorr.cpp:467] @ 0.759114s :Read cali: C:\Users\u0173846\AppData\Roaming\Imager\Cali\Cali-20052193-33-0-250.dat
DEBUG [OpCorr.cpp:557] @ 0.759181s :Read calibration of camera no 20052193, # of fields: 6 , start of fields: 40
DEBUG [ImageProcessing.cpp:1108] @ 1.02272s :Update flag temperature: 31.3125
DEBUG [ImageProcessing.cpp:1111] @ 1.02647s :Update box temperature: 28.9375
DEBUG [Cali.cpp:639] @ 1.0265s :Calibration file path: 000001BCB5C3F214/00000013189EC8D0.xml
DEBUG [SimpleXML.cpp:238] @ 1.02659s :Failed to open file C:\Users\u0173846\AppData\Roaming\Imager\Cali\CaliExt-20052193.xml
DEBUG [IRImager.cpp:547] @ 1.03759s :Chip heating disabled
DEBUG [direct_binding.cpp:300] @ 1.04564s :evo_irimager_multi_usb_init with config: 6060300f.xml
DEBUG [direct_binding.cpp:301] @ 1.04567s :evo_irimager_multi_usb_init connected returned: 1
DEBUG [IRImager.cpp:1107] @ 1.13876s :Start flag calibration
DEBUG [OpFlag.cpp:591] @ 11.6517s :SkimDiff: 0 Adjust: 0 State: 0 EMax: 8638 Emin: 8327
DEBUG [OpFlag.cpp:591] @ 12.0454s :SkimDiff: 0 Adjust: 0 State: 0 EMax: 12757 Emin: 4955
DEBUG [IRImager.cpp:1121] @ 12.0949s :Finished startup calibration
DEBUG [IRImager.cpp:1121] @ 12.3522s :Finished startup calibration
