DEBUG [IRLogger.cpp:105] @ 0.000492s :***************************************************
DEBUG [IRLogger.cpp:106] @ 0.0005633s :* IRImagerDirect SDK                              *
DEBUG [IRLogger.cpp:107] @ 0.0005913s :***************************************************
DEBUG [IRLogger.cpp:113] @ 0.0006153s :* Native Machine:      AMD64
DEBUG [IRLogger.cpp:114] @ 0.0006379s :* Machine:             AMD64
DEBUG [IRLogger.cpp:116] @ 0.0006612s :* OS:                  Windows 10 0 19045
DEBUG [IRLogger.cpp:123] @ 0.0006955s :***************************************************
DEBUG [IRDeviceParams.cpp:204] @ 0.0012501s :Parameters
DEBUG [IRDeviceParams.cpp:205] @ 0.0012681s :serial: 17092037
DEBUG [IRDeviceParams.cpp:206] @ 0.0012801s :videoformatindex: 2
DEBUG [IRDeviceParams.cpp:207] @ 0.0012915s :fov: 0
DEBUG [IRDeviceParams.cpp:208] @ 0.0013032s :optics_text: 000002383F620830
DEBUG [IRDeviceParams.cpp:209] @ 0.0013149s :formatspath: 000002383F6209D0
DEBUG [IRDeviceParams.cpp:210] @ 0.0013263s :calipath: 0000000000000000
DEBUG [IRDeviceParams.cpp:211] @ 0.0013374s :temperature min: 500
DEBUG [IRDeviceParams.cpp:212] @ 0.0013486s :temperature max: 1800
DEBUG [IRDeviceParams.cpp:213] @ 0.001377s :framerate: 32
DEBUG [IRDeviceParams.cpp:214] @ 0.0014015s :bispectral: 0
DEBUG [IRDeviceParams.cpp:215] @ 0.0014149s :flag automatic: 0
DEBUG [IRDeviceParams.cpp:216] @ 0.001428s :min interval: 15
DEBUG [IRDeviceParams.cpp:217] @ 0.0014408s :max interval: 0
DEBUG [IRDeviceParams.cpp:218] @ 0.0014534s :chip heating mode: 0
DEBUG [IRDeviceParams.cpp:219] @ 0.0014664s :chip heating fixed val: 40
DEBUG [IRDeviceParams.cpp:220] @ 0.0014804s :focus:  -1
DEBUG [IRDeviceParams.cpp:221] @ 0.001493s :enable extended temp range: 0
DEBUG [IRDeviceParams.cpp:222] @ 0.0015057s :buffer queue size: 5
DEBUG [IRDeviceParams.cpp:223] @ 0.0015188s :enable high precision: 0
DEBUG [IRDeviceParams.cpp:224] @ 0.0015326s :radialDistortionCorrectionMode: 0
DEBUG [IRDeviceParams.cpp:225] @ 0.0015566s :deviceAPI: 0
DEBUG [IRDeviceParams.cpp:226] @ 0.0015699s :useExternalProbeForReferencing: 0
DEBUG [IRDeviceParams.cpp:227] @ 0.0015838s :enableMultiThreading: 0
DEBUG [IRDeviceParams.cpp:232] @ 0.0016172s :ethernetDevice.deviceIpAddress: 0.0.0.0
DEBUG [IRDeviceParams.cpp:233] @ 0.0016324s :ethernetDevice.localUdpPort: 0
DEBUG [IRDeviceParams.cpp:234] @ 0.0016904s :ethernetDevice.checkUdpSenderIp: 1
DEBUG [Cali.cpp:87] @ 0.290792s :Calibration directory path: C:\Users\u0173846\AppData\Roaming\Imager\Cali
DEBUG [Cali.cpp:88] @ 0.290823s :Calibration file name: Cali-17092037.xml
DEBUG [Cali.cpp:98] @ 0.291128s :Calibration data A: 1450 B:470 C:4095 D:1500
INFO [IRImager.cpp:266] @ 0.291692s :Init thermal imager to 17092037 with size: 766x480@32 Hz
DEBUG [Cali.cpp:87] @ 0.291954s :Calibration directory path: C:\Users\u0173846\AppData\Roaming\Imager\Cali
DEBUG [Cali.cpp:88] @ 0.29197s :Calibration file name: Cali-17092037.xml
DEBUG [Cali.cpp:98] @ 0.292236s :Calibration data A: 1450 B:470 C:4095 D:1500
DEBUG [IRImager.cpp:374] @ 0.292844s :Using HID control interface
DEBUG [IRImager.cpp:414] @ 0.372791s :Initialized HID control interface to device with HW:2101 FW:2820
DEBUG [IRImager.cpp:435] @ 0.372833s :Frameconfig - width(in): 766, height(in): 480, interval: 312500, max framerate: 32, HW interval: 0.03125
DEBUG [Cali.cpp:87] @ 0.372852s :Calibration directory path: C:\Users\u0173846\AppData\Roaming\Imager\Cali
DEBUG [Cali.cpp:88] @ 0.372865s :Calibration file name: Cali-17092037.xml
DEBUG [Cali.cpp:98] @ 0.373204s :Calibration data A: 1450 B:470 C:4095 D:1500
DEBUG [ImageProcessing.cpp:200] @ 0.377602s :Source buffer size: 735360 Width: 766 Height: 480
DEBUG [ImageProcessing.cpp:121] @ 0.414383s :Source buffer size: 735360 Width: 766 Height: 480
DEBUG [OpSource.cpp:347] @ 0.414494s :Using formats path: .\\Formats.def
DEBUG [OpSource.cpp:598] @ 0.414677s :Format found with size: 14
DEBUG [IRImager.cpp:841] @ 0.415412s :Caught onFrameInit with size: 764x480
DEBUG [OpSource.cpp:347] @ 0.417684s :Using formats path: .\\Formats.def
DEBUG [OpSource.cpp:598] @ 0.417881s :Format found with size: 14
DEBUG [OpSource.cpp:347] @ 0.417941s :Using formats path: .\\Formats.def
DEBUG [OpCorr.cpp:467] @ 0.420141s :Read cali: C:\Users\u0173846\AppData\Roaming\Imager\Cali\Cali-17092037-25-500-1800-32.dat
DEBUG [ImageProcessing.cpp:1108] @ 0.453355s :Update flag temperature: -235.25
DEBUG [ImageProcessing.cpp:1111] @ 0.455539s :Update box temperature: -235.25
DEBUG [Cali.cpp:639] @ 0.455583s :Calibration file path: 0000023840B9AFC4/000000930F7ECC90.xml
DEBUG [SimpleXML.cpp:238] @ 0.455691s :Failed to open file C:\Users\u0173846\AppData\Roaming\Imager\Cali\CaliExt-17092037.xml
DEBUG [IRImager.cpp:547] @ 0.468603s :Chip heating disabled
DEBUG [direct_binding.cpp:300] @ 0.472658s :evo_irimager_multi_usb_init with config: 17092037f.xml
DEBUG [direct_binding.cpp:301] @ 0.472696s :evo_irimager_multi_usb_init connected returned: 1
DEBUG [IRLogger.cpp:105] @ 0.473802s :***************************************************
DEBUG [IRLogger.cpp:106] @ 0.473843s :* IRImagerDirect SDK                              *
DEBUG [IRLogger.cpp:107] @ 0.47386s :***************************************************
DEBUG [IRLogger.cpp:113] @ 0.473878s :* Native Machine:      AMD64
DEBUG [IRLogger.cpp:114] @ 0.473892s :* Machine:             AMD64
DEBUG [IRLogger.cpp:116] @ 0.473927s :* OS:                  Windows 10 0 19045
DEBUG [IRLogger.cpp:123] @ 0.473942s :***************************************************
DEBUG [IRDeviceParams.cpp:204] @ 0.47439s :Parameters
DEBUG [IRDeviceParams.cpp:205] @ 0.474407s :serial: 20052193
DEBUG [IRDeviceParams.cpp:206] @ 0.47442s :videoformatindex: 0
DEBUG [IRDeviceParams.cpp:207] @ 0.474481s :fov: 33
DEBUG [IRDeviceParams.cpp:208] @ 0.474498s :optics_text: 0000023840BE9440
DEBUG [IRDeviceParams.cpp:209] @ 0.474512s :formatspath: 0000023840BE9310
DEBUG [IRDeviceParams.cpp:210] @ 0.474527s :calipath: 0000000000000000
DEBUG [IRDeviceParams.cpp:211] @ 0.47454s :temperature min: 0
DEBUG [IRDeviceParams.cpp:212] @ 0.474553s :temperature max: 250
DEBUG [IRDeviceParams.cpp:213] @ 0.474567s :framerate: 32
DEBUG [IRDeviceParams.cpp:214] @ 0.474579s :bispectral: 0
DEBUG [IRDeviceParams.cpp:215] @ 0.474593s :flag automatic: 0
DEBUG [IRDeviceParams.cpp:216] @ 0.474607s :min interval: 15
DEBUG [IRDeviceParams.cpp:217] @ 0.474619s :max interval: 0
DEBUG [IRDeviceParams.cpp:218] @ 0.474631s :chip heating mode: 0
DEBUG [IRDeviceParams.cpp:219] @ 0.474644s :chip heating fixed val: 40
DEBUG [IRDeviceParams.cpp:220] @ 0.474786s :focus:  -1
DEBUG [IRDeviceParams.cpp:221] @ 0.474869s :enable extended temp range: 0
DEBUG [IRDeviceParams.cpp:222] @ 0.474886s :buffer queue size: 5
DEBUG [IRDeviceParams.cpp:223] @ 0.474899s :enable high precision: 0
DEBUG [IRDeviceParams.cpp:224] @ 0.474915s :radialDistortionCorrectionMode: 0
DEBUG [IRDeviceParams.cpp:225] @ 0.474928s :deviceAPI: 0
DEBUG [IRDeviceParams.cpp:226] @ 0.474941s :useExternalProbeForReferencing: 0
DEBUG [IRDeviceParams.cpp:227] @ 0.474953s :enableMultiThreading: 0
DEBUG [IRDeviceParams.cpp:232] @ 0.474987s :ethernetDevice.deviceIpAddress: 0.0.0.0
DEBUG [IRDeviceParams.cpp:233] @ 0.475019s :ethernetDevice.localUdpPort: 0
DEBUG [IRDeviceParams.cpp:234] @ 0.475048s :ethernetDevice.checkUdpSenderIp: 1
DEBUG [IRImager.cpp:1107] @ 0.628027s :Start flag calibration
DEBUG [Cali.cpp:87] @ 0.639183s :Calibration directory path: C:\Users\u0173846\AppData\Roaming\Imager\Cali
DEBUG [Cali.cpp:88] @ 0.639213s :Calibration file name: Cali-20052193.xml
DEBUG [Cali.cpp:98] @ 0.639637s :Calibration data A: 1450 B:1500 C:4095 D:1500
INFO [IRImager.cpp:266] @ 0.64064s :Init thermal imager to 20052193 with size: 642x480@32 Hz
DEBUG [Cali.cpp:87] @ 0.640901s :Calibration directory path: C:\Users\u0173846\AppData\Roaming\Imager\Cali
DEBUG [Cali.cpp:88] @ 0.640917s :Calibration file name: Cali-20052193.xml
DEBUG [Cali.cpp:98] @ 0.641307s :Calibration data A: 1450 B:1500 C:4095 D:1500
DEBUG [IRImager.cpp:374] @ 0.642089s :Using HID control interface
DEBUG [IRImager.cpp:414] @ 0.664492s :Initialized HID control interface to device with HW:601 FW:2633
DEBUG [IRImager.cpp:435] @ 0.664573s :Frameconfig - width(in): 642, height(in): 480, interval: 312500, max framerate: 32, HW interval: 0.03125
DEBUG [Cali.cpp:87] @ 0.664594s :Calibration directory path: C:\Users\u0173846\AppData\Roaming\Imager\Cali
DEBUG [Cali.cpp:88] @ 0.664608s :Calibration file name: Cali-20052193.xml
DEBUG [Cali.cpp:98] @ 0.665058s :Calibration data A: 1450 B:1500 C:4095 D:1500
DEBUG [ImageProcessing.cpp:200] @ 0.692671s :Source buffer size: 616320 Width: 642 Height: 480
DEBUG [ImageProcessing.cpp:121] @ 0.732954s :Source buffer size: 616320 Width: 642 Height: 480
DEBUG [OpSource.cpp:347] @ 0.733021s :Using formats path: .\\Formats.def
DEBUG [OpSource.cpp:598] @ 0.733159s :Format found with size: 25
DEBUG [IRImager.cpp:841] @ 0.733779s :Caught onFrameInit with size: 640x480
DEBUG [OpSource.cpp:347] @ 0.735761s :Using formats path: .\\Formats.def
DEBUG [OpSource.cpp:598] @ 0.735897s :Format found with size: 25
DEBUG [OpSource.cpp:347] @ 0.73595s :Using formats path: .\\Formats.def
DEBUG [OpCorr.cpp:467] @ 0.739972s :Read cali: C:\Users\u0173846\AppData\Roaming\Imager\Cali\Cali-20052193-33-0-250.dat
DEBUG [OpCorr.cpp:557] @ 0.74004s :Read calibration of camera no 20052193, # of fields: 6 , start of fields: 40
DEBUG [ImageProcessing.cpp:1108] @ 1.00445s :Update flag temperature: 31.0625
DEBUG [ImageProcessing.cpp:1111] @ 1.00837s :Update box temperature: 28.8125
DEBUG [Cali.cpp:639] @ 1.00841s :Calibration file path: 000002383F73CB24/000000930F7ECC90.xml
DEBUG [SimpleXML.cpp:238] @ 1.00852s :Failed to open file C:\Users\u0173846\AppData\Roaming\Imager\Cali\CaliExt-20052193.xml
DEBUG [IRImager.cpp:547] @ 1.01976s :Chip heating disabled
DEBUG [direct_binding.cpp:300] @ 1.02822s :evo_irimager_multi_usb_init with config: 6060300f.xml
DEBUG [direct_binding.cpp:301] @ 1.02826s :evo_irimager_multi_usb_init connected returned: 1
DEBUG [IRImager.cpp:1107] @ 1.1213s :Start flag calibration
DEBUG [OpFlag.cpp:591] @ 11.631s :SkimDiff: 0 Adjust: 0 State: 0 EMax: 8669 Emin: 8335
DEBUG [OpFlag.cpp:591] @ 12.0124s :SkimDiff: 0 Adjust: 0 State: 0 EMax: 12762 Emin: 5005
DEBUG [IRImager.cpp:1121] @ 12.0729s :Finished startup calibration
DEBUG [IRImager.cpp:1121] @ 12.336s :Finished startup calibration
