DEBUG [IRLogger.cpp:105] @ 0.0002921s :***************************************************
DEBUG [IRLogger.cpp:106] @ 0.0003538s :* IRImagerDirect SDK                              *
DEBUG [IRLogger.cpp:107] @ 0.000382s :***************************************************
DEBUG [IRLogger.cpp:113] @ 0.0004069s :* Native Machine:      AMD64
DEBUG [IRLogger.cpp:114] @ 0.0004295s :* Machine:             AMD64
DEBUG [IRLogger.cpp:116] @ 0.0004554s :* OS:                  Windows 10 0 19045
DEBUG [IRLogger.cpp:123] @ 0.000476s :***************************************************
DEBUG [IRDeviceParams.cpp:204] @ 0.0010442s :Parameters
DEBUG [IRDeviceParams.cpp:205] @ 0.0010624s :serial: 17092037
DEBUG [IRDeviceParams.cpp:206] @ 0.0010745s :videoformatindex: 2
DEBUG [IRDeviceParams.cpp:207] @ 0.001086s :fov: 0
DEBUG [IRDeviceParams.cpp:208] @ 0.0010978s :optics_text: 0000028397F1C3A0
DEBUG [IRDeviceParams.cpp:209] @ 0.0011096s :formatspath: 0000028397F1C1E0
DEBUG [IRDeviceParams.cpp:210] @ 0.0011212s :calipath: 0000000000000000
DEBUG [IRDeviceParams.cpp:211] @ 0.0011325s :temperature min: 500
DEBUG [IRDeviceParams.cpp:212] @ 0.0011439s :temperature max: 1800
DEBUG [IRDeviceParams.cpp:213] @ 0.0011577s :framerate: 32
DEBUG [IRDeviceParams.cpp:214] @ 0.0011694s :bispectral: 0
DEBUG [IRDeviceParams.cpp:215] @ 0.0011806s :flag automatic: 0
DEBUG [IRDeviceParams.cpp:216] @ 0.0011923s :min interval: 15
DEBUG [IRDeviceParams.cpp:217] @ 0.0012036s :max interval: 0
DEBUG [IRDeviceParams.cpp:218] @ 0.0012147s :chip heating mode: 0
DEBUG [IRDeviceParams.cpp:219] @ 0.0012277s :chip heating fixed val: 40
DEBUG [IRDeviceParams.cpp:220] @ 0.0012413s :focus:  -1
DEBUG [IRDeviceParams.cpp:221] @ 0.0012527s :enable extended temp range: 0
DEBUG [IRDeviceParams.cpp:222] @ 0.001264s :buffer queue size: 5
DEBUG [IRDeviceParams.cpp:223] @ 0.0012754s :enable high precision: 0
DEBUG [IRDeviceParams.cpp:224] @ 0.001288s :radialDistortionCorrectionMode: 0
DEBUG [IRDeviceParams.cpp:225] @ 0.0013196s :deviceAPI: 0
DEBUG [IRDeviceParams.cpp:226] @ 0.0013374s :useExternalProbeForReferencing: 0
DEBUG [IRDeviceParams.cpp:227] @ 0.0013499s :enableMultiThreading: 0
DEBUG [IRDeviceParams.cpp:232] @ 0.0013642s :ethernetDevice.deviceIpAddress: 0.0.0.0
DEBUG [IRDeviceParams.cpp:233] @ 0.0013768s :ethernetDevice.localUdpPort: 0
DEBUG [IRDeviceParams.cpp:234] @ 0.0013903s :ethernetDevice.checkUdpSenderIp: 1
DEBUG [Cali.cpp:87] @ 0.298333s :Calibration directory path: C:\Users\u0173846\AppData\Roaming\Imager\Cali
DEBUG [Cali.cpp:88] @ 0.298362s :Calibration file name: Cali-17092037.xml
DEBUG [Cali.cpp:98] @ 0.298667s :Calibration data A: 1450 B:470 C:4095 D:1500
INFO [IRImager.cpp:266] @ 0.299269s :Init thermal imager to 17092037 with size: 766x480@32 Hz
DEBUG [Cali.cpp:87] @ 0.299544s :Calibration directory path: C:\Users\u0173846\AppData\Roaming\Imager\Cali
DEBUG [Cali.cpp:88] @ 0.299561s :Calibration file name: Cali-17092037.xml
DEBUG [Cali.cpp:98] @ 0.299832s :Calibration data A: 1450 B:470 C:4095 D:1500
DEBUG [IRImager.cpp:374] @ 0.300442s :Using HID control interface
DEBUG [IRImager.cpp:414] @ 0.380276s :Initialized HID control interface to device with HW:2101 FW:2820
DEBUG [IRImager.cpp:435] @ 0.380339s :Frameconfig - width(in): 766, height(in): 480, interval: 312500, max framerate: 32, HW interval: 0.03125
DEBUG [Cali.cpp:87] @ 0.380368s :Calibration directory path: C:\Users\u0173846\AppData\Roaming\Imager\Cali
DEBUG [Cali.cpp:88] @ 0.380391s :Calibration file name: Cali-17092037.xml
DEBUG [Cali.cpp:98] @ 0.380867s :Calibration data A: 1450 B:470 C:4095 D:1500
DEBUG [ImageProcessing.cpp:200] @ 0.385014s :Source buffer size: 735360 Width: 766 Height: 480
DEBUG [ImageProcessing.cpp:121] @ 0.422447s :Source buffer size: 735360 Width: 766 Height: 480
DEBUG [OpSource.cpp:347] @ 0.422518s :Using formats path: .\\Formats.def
DEBUG [OpSource.cpp:598] @ 0.42268s :Format found with size: 14
DEBUG [IRImager.cpp:841] @ 0.423403s :Caught onFrameInit with size: 764x480
DEBUG [OpSource.cpp:347] @ 0.42549s :Using formats path: .\\Formats.def
DEBUG [OpSource.cpp:598] @ 0.425675s :Format found with size: 14
DEBUG [OpSource.cpp:347] @ 0.42573s :Using formats path: .\\Formats.def
DEBUG [OpCorr.cpp:467] @ 0.427912s :Read cali: C:\Users\u0173846\AppData\Roaming\Imager\Cali\Cali-17092037-25-500-1800-32.dat
DEBUG [ImageProcessing.cpp:1108] @ 0.461543s :Update flag temperature: -234.813
DEBUG [ImageProcessing.cpp:1111] @ 0.463316s :Update box temperature: -234.813
DEBUG [Cali.cpp:639] @ 0.463348s :Calibration file path: 0000028399619064/0000008D771EC950.xml
DEBUG [SimpleXML.cpp:238] @ 0.463436s :Failed to open file C:\Users\u0173846\AppData\Roaming\Imager\Cali\CaliExt-17092037.xml
DEBUG [IRImager.cpp:547] @ 0.477195s :Chip heating disabled
DEBUG [direct_binding.cpp:300] @ 0.480801s :evo_irimager_multi_usb_init with config: 17092037f.xml
DEBUG [direct_binding.cpp:301] @ 0.480834s :evo_irimager_multi_usb_init connected returned: 1
DEBUG [IRLogger.cpp:105] @ 0.481864s :***************************************************
DEBUG [IRLogger.cpp:106] @ 0.481917s :* IRImagerDirect SDK                              *
DEBUG [IRLogger.cpp:107] @ 0.481942s :***************************************************
DEBUG [IRLogger.cpp:113] @ 0.481972s :* Native Machine:      AMD64
DEBUG [IRLogger.cpp:114] @ 0.482003s :* Machine:             AMD64
DEBUG [IRLogger.cpp:116] @ 0.48206s :* OS:                  Windows 10 0 19045
DEBUG [IRLogger.cpp:123] @ 0.482082s :***************************************************
DEBUG [IRDeviceParams.cpp:204] @ 0.482726s :Parameters
DEBUG [IRDeviceParams.cpp:205] @ 0.482746s :serial: 20052193
DEBUG [IRDeviceParams.cpp:206] @ 0.48276s :videoformatindex: 0
DEBUG [IRDeviceParams.cpp:207] @ 0.482773s :fov: 33
DEBUG [IRDeviceParams.cpp:208] @ 0.482787s :optics_text: 000002839964B640
DEBUG [IRDeviceParams.cpp:209] @ 0.4828s :formatspath: 000002839964B650
DEBUG [IRDeviceParams.cpp:210] @ 0.482812s :calipath: 0000000000000000
DEBUG [IRDeviceParams.cpp:211] @ 0.482825s :temperature min: 0
DEBUG [IRDeviceParams.cpp:212] @ 0.482866s :temperature max: 250
DEBUG [IRDeviceParams.cpp:213] @ 0.482942s :framerate: 32
DEBUG [IRDeviceParams.cpp:214] @ 0.482958s :bispectral: 0
DEBUG [IRDeviceParams.cpp:215] @ 0.482972s :flag automatic: 0
DEBUG [IRDeviceParams.cpp:216] @ 0.482985s :min interval: 15
DEBUG [IRDeviceParams.cpp:217] @ 0.482997s :max interval: 0
DEBUG [IRDeviceParams.cpp:218] @ 0.48301s :chip heating mode: 0
DEBUG [IRDeviceParams.cpp:219] @ 0.483023s :chip heating fixed val: 40
DEBUG [IRDeviceParams.cpp:220] @ 0.483037s :focus:  -1
DEBUG [IRDeviceParams.cpp:221] @ 0.48305s :enable extended temp range: 0
DEBUG [IRDeviceParams.cpp:222] @ 0.483063s :buffer queue size: 5
DEBUG [IRDeviceParams.cpp:223] @ 0.483076s :enable high precision: 0
DEBUG [IRDeviceParams.cpp:224] @ 0.483088s :radialDistortionCorrectionMode: 0
DEBUG [IRDeviceParams.cpp:225] @ 0.4831s :deviceAPI: 0
DEBUG [IRDeviceParams.cpp:226] @ 0.483113s :useExternalProbeForReferencing: 0
DEBUG [IRDeviceParams.cpp:227] @ 0.483125s :enableMultiThreading: 0
DEBUG [IRDeviceParams.cpp:232] @ 0.483141s :ethernetDevice.deviceIpAddress: 0.0.0.0
DEBUG [IRDeviceParams.cpp:233] @ 0.483226s :ethernetDevice.localUdpPort: 0
DEBUG [IRDeviceParams.cpp:234] @ 0.483243s :ethernetDevice.checkUdpSenderIp: 1
DEBUG [IRImager.cpp:1107] @ 0.636264s :Start flag calibration
DEBUG [Cali.cpp:87] @ 0.652555s :Calibration directory path: C:\Users\u0173846\AppData\Roaming\Imager\Cali
DEBUG [Cali.cpp:88] @ 0.652586s :Calibration file name: Cali-20052193.xml
DEBUG [Cali.cpp:98] @ 0.653011s :Calibration data A: 1450 B:1500 C:4095 D:1500
INFO [IRImager.cpp:266] @ 0.654031s :Init thermal imager to 20052193 with size: 642x480@32 Hz
DEBUG [Cali.cpp:87] @ 0.654309s :Calibration directory path: C:\Users\u0173846\AppData\Roaming\Imager\Cali
DEBUG [Cali.cpp:88] @ 0.654325s :Calibration file name: Cali-20052193.xml
DEBUG [Cali.cpp:98] @ 0.65471s :Calibration data A: 1450 B:1500 C:4095 D:1500
DEBUG [IRImager.cpp:374] @ 0.655491s :Using HID control interface
DEBUG [IRImager.cpp:414] @ 0.678704s :Initialized HID control interface to device with HW:601 FW:2633
DEBUG [IRImager.cpp:435] @ 0.678791s :Frameconfig - width(in): 642, height(in): 480, interval: 312500, max framerate: 32, HW interval: 0.03125
DEBUG [Cali.cpp:87] @ 0.678815s :Calibration directory path: C:\Users\u0173846\AppData\Roaming\Imager\Cali
DEBUG [Cali.cpp:88] @ 0.678829s :Calibration file name: Cali-20052193.xml
DEBUG [Cali.cpp:98] @ 0.67932s :Calibration data A: 1450 B:1500 C:4095 D:1500
DEBUG [ImageProcessing.cpp:200] @ 0.70699s :Source buffer size: 616320 Width: 642 Height: 480
DEBUG [ImageProcessing.cpp:121] @ 0.746846s :Source buffer size: 616320 Width: 642 Height: 480
DEBUG [OpSource.cpp:347] @ 0.746943s :Using formats path: .\\Formats.def
DEBUG [OpSource.cpp:598] @ 0.747102s :Format found with size: 25
DEBUG [IRImager.cpp:841] @ 0.747744s :Caught onFrameInit with size: 640x480
DEBUG [OpSource.cpp:347] @ 0.749589s :Using formats path: .\\Formats.def
DEBUG [OpSource.cpp:598] @ 0.749708s :Format found with size: 25
DEBUG [OpSource.cpp:347] @ 0.74976s :Using formats path: .\\Formats.def
DEBUG [OpCorr.cpp:467] @ 0.753869s :Read cali: C:\Users\u0173846\AppData\Roaming\Imager\Cali\Cali-20052193-33-0-250.dat
DEBUG [OpCorr.cpp:557] @ 0.753936s :Read calibration of camera no 20052193, # of fields: 6 , start of fields: 40
DEBUG [ImageProcessing.cpp:1108] @ 1.01858s :Update flag temperature: 30.875
DEBUG [ImageProcessing.cpp:1111] @ 1.02245s :Update box temperature: 28.625
DEBUG [Cali.cpp:639] @ 1.02247s :Calibration file path: 000002839949B154/0000008D771EC950.xml
DEBUG [SimpleXML.cpp:238] @ 1.02257s :Failed to open file C:\Users\u0173846\AppData\Roaming\Imager\Cali\CaliExt-20052193.xml
DEBUG [IRImager.cpp:547] @ 1.03352s :Chip heating disabled
DEBUG [direct_binding.cpp:300] @ 1.04148s :evo_irimager_multi_usb_init with config: 6060300f.xml
DEBUG [direct_binding.cpp:301] @ 1.04154s :evo_irimager_multi_usb_init connected returned: 1
DEBUG [IRImager.cpp:1107] @ 1.1215s :Start flag calibration
