DEBUG [IRLogger.cpp:105] @ 0.0003161s :***************************************************
DEBUG [IRLogger.cpp:106] @ 0.0003883s :* IRImagerDirect SDK                              *
DEBUG [IRLogger.cpp:107] @ 0.0004167s :***************************************************
DEBUG [IRLogger.cpp:113] @ 0.0004433s :* Native Machine:      AMD64
DEBUG [IRLogger.cpp:114] @ 0.000464s :* Machine:             AMD64
DEBUG [IRLogger.cpp:116] @ 0.0005621s :* OS:                  Windows 10 0 19045
DEBUG [IRLogger.cpp:123] @ 0.0005941s :***************************************************
DEBUG [IRDeviceParams.cpp:204] @ 0.0086908s :Parameters
DEBUG [IRDeviceParams.cpp:205] @ 0.0087161s :serial: 17092037
DEBUG [IRDeviceParams.cpp:206] @ 0.0087288s :videoformatindex: 2
DEBUG [IRDeviceParams.cpp:207] @ 0.0087411s :fov: 0
DEBUG [IRDeviceParams.cpp:208] @ 0.0087529s :optics_text: 0000023458C90420
DEBUG [IRDeviceParams.cpp:209] @ 0.0087645s :formatspath: 0000023458C90100
DEBUG [IRDeviceParams.cpp:210] @ 0.0087761s :calipath: 0000000000000000
DEBUG [IRDeviceParams.cpp:211] @ 0.0087875s :temperature min: 500
DEBUG [IRDeviceParams.cpp:212] @ 0.0087988s :temperature max: 1800
DEBUG [IRDeviceParams.cpp:213] @ 0.0088144s :framerate: 32
DEBUG [IRDeviceParams.cpp:214] @ 0.0088261s :bispectral: 0
DEBUG [IRDeviceParams.cpp:215] @ 0.0088376s :flag automatic: 0
DEBUG [IRDeviceParams.cpp:216] @ 0.0088493s :min interval: 15
DEBUG [IRDeviceParams.cpp:217] @ 0.0088606s :max interval: 0
DEBUG [IRDeviceParams.cpp:218] @ 0.0088715s :chip heating mode: 0
DEBUG [IRDeviceParams.cpp:219] @ 0.0088836s :chip heating fixed val: 40
DEBUG [IRDeviceParams.cpp:220] @ 0.0088955s :focus:  -1
DEBUG [IRDeviceParams.cpp:221] @ 0.0089067s :enable extended temp range: 0
DEBUG [IRDeviceParams.cpp:222] @ 0.008918s :buffer queue size: 5
DEBUG [IRDeviceParams.cpp:223] @ 0.00893s :enable high precision: 0
DEBUG [IRDeviceParams.cpp:224] @ 0.0089415s :radialDistortionCorrectionMode: 0
DEBUG [IRDeviceParams.cpp:225] @ 0.0089527s :deviceAPI: 0
DEBUG [IRDeviceParams.cpp:226] @ 0.0089639s :useExternalProbeForReferencing: 0
DEBUG [IRDeviceParams.cpp:227] @ 0.0089749s :enableMultiThreading: 0
DEBUG [IRDeviceParams.cpp:232] @ 0.0089869s :ethernetDevice.deviceIpAddress: 0.0.0.0
DEBUG [IRDeviceParams.cpp:233] @ 0.008998s :ethernetDevice.localUdpPort: 0
DEBUG [IRDeviceParams.cpp:234] @ 0.0090095s :ethernetDevice.checkUdpSenderIp: 1
DEBUG [Cali.cpp:87] @ 0.349701s :Calibration directory path: C:\Users\u0173846\AppData\Roaming\Imager\Cali
DEBUG [Cali.cpp:88] @ 0.349731s :Calibration file name: Cali-17092037.xml
DEBUG [Cali.cpp:98] @ 0.358741s :Calibration data A: 1450 B:470 C:4095 D:1500
INFO [IRImager.cpp:266] @ 0.375918s :Init thermal imager to 17092037 with size: 766x480@32 Hz
DEBUG [Cali.cpp:87] @ 0.376185s :Calibration directory path: C:\Users\u0173846\AppData\Roaming\Imager\Cali
DEBUG [Cali.cpp:88] @ 0.376202s :Calibration file name: Cali-17092037.xml
DEBUG [Cali.cpp:98] @ 0.376489s :Calibration data A: 1450 B:470 C:4095 D:1500
DEBUG [IRImager.cpp:374] @ 0.383476s :Using HID control interface
DEBUG [IRImager.cpp:414] @ 0.452948s :Initialized HID control interface to device with HW:2101 FW:2820
DEBUG [IRImager.cpp:435] @ 0.452996s :Frameconfig - width(in): 766, height(in): 480, interval: 312500, max framerate: 32, HW interval: 0.03125
DEBUG [Cali.cpp:87] @ 0.453015s :Calibration directory path: C:\Users\u0173846\AppData\Roaming\Imager\Cali
DEBUG [Cali.cpp:88] @ 0.453028s :Calibration file name: Cali-17092037.xml
DEBUG [Cali.cpp:98] @ 0.453402s :Calibration data A: 1450 B:470 C:4095 D:1500
DEBUG [ImageProcessing.cpp:200] @ 0.45785s :Source buffer size: 735360 Width: 766 Height: 480
DEBUG [ImageProcessing.cpp:121] @ 0.494766s :Source buffer size: 735360 Width: 766 Height: 480
DEBUG [OpSource.cpp:347] @ 0.49488s :Using formats path: .\\Formats.def
DEBUG [OpSource.cpp:598] @ 0.495087s :Format found with size: 14
DEBUG [IRImager.cpp:841] @ 0.495871s :Caught onFrameInit with size: 764x480
DEBUG [OpSource.cpp:347] @ 0.498006s :Using formats path: .\\Formats.def
DEBUG [OpSource.cpp:598] @ 0.498204s :Format found with size: 14
DEBUG [OpSource.cpp:347] @ 0.498267s :Using formats path: .\\Formats.def
DEBUG [OpCorr.cpp:467] @ 0.500425s :Read cali: C:\Users\u0173846\AppData\Roaming\Imager\Cali\Cali-17092037-25-500-1800-32.dat
DEBUG [ImageProcessing.cpp:1108] @ 0.538104s :Update flag temperature: 34.3125
DEBUG [ImageProcessing.cpp:1111] @ 0.539974s :Update box temperature: 34.3125
DEBUG [Cali.cpp:639] @ 0.540012s :Calibration file path: 000002345A0F21C4/0000008BCB3EC770.xml
DEBUG [SimpleXML.cpp:238] @ 0.540109s :Failed to open file C:\Users\u0173846\AppData\Roaming\Imager\Cali\CaliExt-17092037.xml
DEBUG [IRImager.cpp:547] @ 0.553587s :Chip heating disabled
DEBUG [direct_binding.cpp:300] @ 0.557064s :evo_irimager_multi_usb_init with config: 17092037f.xml
DEBUG [direct_binding.cpp:301] @ 0.557098s :evo_irimager_multi_usb_init connected returned: 1
