DEBUG [IRLogger.cpp:105] @ 0.000284s :***************************************************
DEBUG [IRLogger.cpp:106] @ 0.0003508s :* IRImagerDirect SDK                              *
DEBUG [IRLogger.cpp:107] @ 0.0003784s :***************************************************
DEBUG [IRLogger.cpp:113] @ 0.000403s :* Native Machine:      AMD64
DEBUG [IRLogger.cpp:114] @ 0.0004259s :* Machine:             AMD64
DEBUG [IRLogger.cpp:116] @ 0.0004522s :* OS:                  Windows 10 0 19045
DEBUG [IRLogger.cpp:123] @ 0.0004738s :***************************************************
DEBUG [IRDeviceParams.cpp:204] @ 0.0010293s :Parameters
DEBUG [IRDeviceParams.cpp:205] @ 0.0010478s :serial: 17092037
DEBUG [IRDeviceParams.cpp:206] @ 0.0010598s :videoformatindex: 2
DEBUG [IRDeviceParams.cpp:207] @ 0.0010714s :fov: 0
DEBUG [IRDeviceParams.cpp:208] @ 0.0010833s :optics_text: 0000021AA437C980
DEBUG [IRDeviceParams.cpp:209] @ 0.0010953s :formatspath: 0000021AA437C7E0
DEBUG [IRDeviceParams.cpp:210] @ 0.001108s :calipath: 0000000000000000
DEBUG [IRDeviceParams.cpp:211] @ 0.0011194s :temperature min: 500
DEBUG [IRDeviceParams.cpp:212] @ 0.0011305s :temperature max: 1800
DEBUG [IRDeviceParams.cpp:213] @ 0.0011444s :framerate: 32
DEBUG [IRDeviceParams.cpp:214] @ 0.0011563s :bispectral: 0
DEBUG [IRDeviceParams.cpp:215] @ 0.0011842s :flag automatic: 0
DEBUG [IRDeviceParams.cpp:216] @ 0.0012147s :min interval: 15
DEBUG [IRDeviceParams.cpp:217] @ 0.0012303s :max interval: 0
DEBUG [IRDeviceParams.cpp:218] @ 0.0012436s :chip heating mode: 0
DEBUG [IRDeviceParams.cpp:219] @ 0.0012565s :chip heating fixed val: 40
DEBUG [IRDeviceParams.cpp:220] @ 0.00127s :focus:  -1
DEBUG [IRDeviceParams.cpp:221] @ 0.0012834s :enable extended temp range: 0
DEBUG [IRDeviceParams.cpp:222] @ 0.0012966s :buffer queue size: 5
DEBUG [IRDeviceParams.cpp:223] @ 0.0013085s :enable high precision: 0
DEBUG [IRDeviceParams.cpp:224] @ 0.0013215s :radialDistortionCorrectionMode: 0
DEBUG [IRDeviceParams.cpp:225] @ 0.0013359s :deviceAPI: 0
DEBUG [IRDeviceParams.cpp:226] @ 0.0013489s :useExternalProbeForReferencing: 0
DEBUG [IRDeviceParams.cpp:227] @ 0.0013616s :enableMultiThreading: 0
DEBUG [IRDeviceParams.cpp:232] @ 0.0013759s :ethernetDevice.deviceIpAddress: 0.0.0.0
DEBUG [IRDeviceParams.cpp:233] @ 0.0013899s :ethernetDevice.localUdpPort: 0
DEBUG [IRDeviceParams.cpp:234] @ 0.0014248s :ethernetDevice.checkUdpSenderIp: 1
DEBUG [Cali.cpp:87] @ 0.29389s :Calibration directory path: C:\Users\u0173846\AppData\Roaming\Imager\Cali
DEBUG [Cali.cpp:88] @ 0.293922s :Calibration file name: Cali-17092037.xml
DEBUG [Cali.cpp:98] @ 0.294229s :Calibration data A: 1450 B:470 C:4095 D:1500
INFO [IRImager.cpp:266] @ 0.294791s :Init thermal imager to 17092037 with size: 766x480@32 Hz
DEBUG [Cali.cpp:87] @ 0.295064s :Calibration directory path: C:\Users\u0173846\AppData\Roaming\Imager\Cali
DEBUG [Cali.cpp:88] @ 0.295081s :Calibration file name: Cali-17092037.xml
DEBUG [Cali.cpp:98] @ 0.295348s :Calibration data A: 1450 B:470 C:4095 D:1500
DEBUG [IRImager.cpp:374] @ 0.295959s :Using HID control interface
DEBUG [IRImager.cpp:414] @ 0.375876s :Initialized HID control interface to device with HW:2101 FW:2820
DEBUG [IRImager.cpp:435] @ 0.375935s :Frameconfig - width(in): 766, height(in): 480, interval: 312500, max framerate: 32, HW interval: 0.03125
DEBUG [Cali.cpp:87] @ 0.375963s :Calibration directory path: C:\Users\u0173846\AppData\Roaming\Imager\Cali
DEBUG [Cali.cpp:88] @ 0.375982s :Calibration file name: Cali-17092037.xml
DEBUG [Cali.cpp:98] @ 0.376356s :Calibration data A: 1450 B:470 C:4095 D:1500
DEBUG [ImageProcessing.cpp:200] @ 0.380664s :Source buffer size: 735360 Width: 766 Height: 480
DEBUG [ImageProcessing.cpp:121] @ 0.416392s :Source buffer size: 735360 Width: 766 Height: 480
DEBUG [OpSource.cpp:347] @ 0.416473s :Using formats path: .\\Formats.def
DEBUG [OpSource.cpp:598] @ 0.416653s :Format found with size: 14
DEBUG [IRImager.cpp:841] @ 0.417396s :Caught onFrameInit with size: 764x480
DEBUG [OpSource.cpp:347] @ 0.419486s :Using formats path: .\\Formats.def
DEBUG [OpSource.cpp:598] @ 0.419674s :Format found with size: 14
DEBUG [OpSource.cpp:347] @ 0.419732s :Using formats path: .\\Formats.def
DEBUG [OpCorr.cpp:467] @ 0.421932s :Read cali: C:\Users\u0173846\AppData\Roaming\Imager\Cali\Cali-17092037-25-500-1800-32.dat
DEBUG [ImageProcessing.cpp:1108] @ 0.456022s :Update flag temperature: -234.75
DEBUG [ImageProcessing.cpp:1111] @ 0.457777s :Update box temperature: -234.75
DEBUG [Cali.cpp:639] @ 0.457811s :Calibration file path: 0000021AA57B6084/000000B3B71ECCF0.xml
DEBUG [SimpleXML.cpp:238] @ 0.457897s :Failed to open file C:\Users\u0173846\AppData\Roaming\Imager\Cali\CaliExt-17092037.xml
DEBUG [IRImager.cpp:547] @ 0.471176s :Chip heating disabled
DEBUG [direct_binding.cpp:300] @ 0.474762s :evo_irimager_multi_usb_init with config: 17092037f.xml
DEBUG [direct_binding.cpp:301] @ 0.474788s :evo_irimager_multi_usb_init connected returned: 1
