DEBUG [IRLogger.cpp:105] @ 0.0002964s :***************************************************
DEBUG [IRLogger.cpp:106] @ 0.0003918s :* IRImagerDirect SDK                              *
DEBUG [IRLogger.cpp:107] @ 0.0004219s :***************************************************
DEBUG [IRLogger.cpp:113] @ 0.0004457s :* Native Machine:      AMD64
DEBUG [IRLogger.cpp:114] @ 0.000477s :* Machine:             AMD64
DEBUG [IRLogger.cpp:116] @ 0.0005301s :* OS:                  Windows 10 0 19045
DEBUG [IRLogger.cpp:123] @ 0.0005541s :***************************************************
DEBUG [IRDeviceParams.cpp:204] @ 0.0011661s :Parameters
DEBUG [IRDeviceParams.cpp:205] @ 0.0011846s :serial: 17092037
DEBUG [IRDeviceParams.cpp:206] @ 0.0011966s :videoformatindex: 2
DEBUG [IRDeviceParams.cpp:207] @ 0.0012087s :fov: 0
DEBUG [IRDeviceParams.cpp:208] @ 0.0012206s :optics_text: 00000169E6B981A0
DEBUG [IRDeviceParams.cpp:209] @ 0.0012324s :formatspath: 00000169E6B97FF0
DEBUG [IRDeviceParams.cpp:210] @ 0.0012442s :calipath: 0000000000000000
DEBUG [IRDeviceParams.cpp:211] @ 0.0012555s :temperature min: 500
DEBUG [IRDeviceParams.cpp:212] @ 0.0012668s :temperature max: 1800
DEBUG [IRDeviceParams.cpp:213] @ 0.0012808s :framerate: 32
DEBUG [IRDeviceParams.cpp:214] @ 0.0012925s :bispectral: 0
DEBUG [IRDeviceParams.cpp:215] @ 0.0013037s :flag automatic: 0
DEBUG [IRDeviceParams.cpp:216] @ 0.0013155s :min interval: 15
DEBUG [IRDeviceParams.cpp:217] @ 0.001327s :max interval: 0
DEBUG [IRDeviceParams.cpp:218] @ 0.0013382s :chip heating mode: 0
DEBUG [IRDeviceParams.cpp:219] @ 0.0013499s :chip heating fixed val: 40
DEBUG [IRDeviceParams.cpp:220] @ 0.0013618s :focus:  -1
DEBUG [IRDeviceParams.cpp:221] @ 0.001373s :enable extended temp range: 0
DEBUG [IRDeviceParams.cpp:222] @ 0.0013849s :buffer queue size: 5
DEBUG [IRDeviceParams.cpp:223] @ 0.0013975s :enable high precision: 0
DEBUG [IRDeviceParams.cpp:224] @ 0.0014352s :radialDistortionCorrectionMode: 0
DEBUG [IRDeviceParams.cpp:225] @ 0.0014491s :deviceAPI: 0
DEBUG [IRDeviceParams.cpp:226] @ 0.0014614s :useExternalProbeForReferencing: 0
DEBUG [IRDeviceParams.cpp:227] @ 0.001476s :enableMultiThreading: 0
DEBUG [IRDeviceParams.cpp:232] @ 0.00149s :ethernetDevice.deviceIpAddress: 0.0.0.0
DEBUG [IRDeviceParams.cpp:233] @ 0.0015034s :ethernetDevice.localUdpPort: 0
DEBUG [IRDeviceParams.cpp:234] @ 0.0015164s :ethernetDevice.checkUdpSenderIp: 1
DEBUG [Cali.cpp:87] @ 0.296s :Calibration directory path: C:\Users\u0173846\AppData\Roaming\Imager\Cali
DEBUG [Cali.cpp:88] @ 0.296029s :Calibration file name: Cali-17092037.xml
DEBUG [Cali.cpp:98] @ 0.296338s :Calibration data A: 1450 B:470 C:4095 D:1500
INFO [IRImager.cpp:266] @ 0.29691s :Init thermal imager to 17092037 with size: 766x480@32 Hz
DEBUG [Cali.cpp:87] @ 0.297241s :Calibration directory path: C:\Users\u0173846\AppData\Roaming\Imager\Cali
DEBUG [Cali.cpp:88] @ 0.297269s :Calibration file name: Cali-17092037.xml
DEBUG [Cali.cpp:98] @ 0.29774s :Calibration data A: 1450 B:470 C:4095 D:1500
DEBUG [IRImager.cpp:374] @ 0.298711s :Using HID control interface
DEBUG [IRImager.cpp:414] @ 0.379196s :Initialized HID control interface to device with HW:2101 FW:2820
DEBUG [IRImager.cpp:435] @ 0.379239s :Frameconfig - width(in): 766, height(in): 480, interval: 312500, max framerate: 32, HW interval: 0.03125
DEBUG [Cali.cpp:87] @ 0.379344s :Calibration directory path: C:\Users\u0173846\AppData\Roaming\Imager\Cali
DEBUG [Cali.cpp:88] @ 0.379471s :Calibration file name: Cali-17092037.xml
DEBUG [Cali.cpp:98] @ 0.379885s :Calibration data A: 1450 B:470 C:4095 D:1500
DEBUG [ImageProcessing.cpp:200] @ 0.384322s :Source buffer size: 735360 Width: 766 Height: 480
DEBUG [ImageProcessing.cpp:121] @ 0.420564s :Source buffer size: 735360 Width: 766 Height: 480
DEBUG [OpSource.cpp:347] @ 0.42067s :Using formats path: .\\Formats.def
DEBUG [OpSource.cpp:598] @ 0.42086s :Format found with size: 14
DEBUG [IRImager.cpp:841] @ 0.421611s :Caught onFrameInit with size: 764x480
DEBUG [OpSource.cpp:347] @ 0.423674s :Using formats path: .\\Formats.def
DEBUG [OpSource.cpp:598] @ 0.423847s :Format found with size: 14
DEBUG [OpSource.cpp:347] @ 0.423902s :Using formats path: .\\Formats.def
DEBUG [OpCorr.cpp:467] @ 0.426052s :Read cali: C:\Users\u0173846\AppData\Roaming\Imager\Cali\Cali-17092037-25-500-1800-32.dat
DEBUG [ImageProcessing.cpp:1108] @ 0.459452s :Update flag temperature: -235.188
DEBUG [ImageProcessing.cpp:1111] @ 0.461314s :Update box temperature: -235.188
DEBUG [Cali.cpp:639] @ 0.461352s :Calibration file path: 00000169E7F99A64/00000053CBFEC8E0.xml
DEBUG [SimpleXML.cpp:238] @ 0.461463s :Failed to open file C:\Users\u0173846\AppData\Roaming\Imager\Cali\CaliExt-17092037.xml
DEBUG [IRImager.cpp:547] @ 0.475057s :Chip heating disabled
DEBUG [direct_binding.cpp:300] @ 0.479098s :evo_irimager_multi_usb_init with config: 17092037f.xml
DEBUG [direct_binding.cpp:301] @ 0.479135s :evo_irimager_multi_usb_init connected returned: 1
DEBUG [IRLogger.cpp:105] @ 0.479995s :***************************************************
DEBUG [IRLogger.cpp:106] @ 0.480033s :* IRImagerDirect SDK                              *
DEBUG [IRLogger.cpp:107] @ 0.480051s :***************************************************
DEBUG [IRLogger.cpp:113] @ 0.480066s :* Native Machine:      AMD64
DEBUG [IRLogger.cpp:114] @ 0.48008s :* Machine:             AMD64
DEBUG [IRLogger.cpp:116] @ 0.480168s :* OS:                  Windows 10 0 19045
DEBUG [IRLogger.cpp:123] @ 0.480184s :***************************************************
DEBUG [IRDeviceParams.cpp:204] @ 0.480673s :Parameters
DEBUG [IRDeviceParams.cpp:205] @ 0.480694s :serial: 20052193
DEBUG [IRDeviceParams.cpp:206] @ 0.480706s :videoformatindex: 0
DEBUG [IRDeviceParams.cpp:207] @ 0.480719s :fov: 33
DEBUG [IRDeviceParams.cpp:208] @ 0.480789s :optics_text: 00000169E810B710
DEBUG [IRDeviceParams.cpp:209] @ 0.480808s :formatspath: 00000169E810B7A0
DEBUG [IRDeviceParams.cpp:210] @ 0.480909s :calipath: 0000000000000000
DEBUG [IRDeviceParams.cpp:211] @ 0.480926s :temperature min: 0
DEBUG [IRDeviceParams.cpp:212] @ 0.480938s :temperature max: 250
DEBUG [IRDeviceParams.cpp:213] @ 0.480951s :framerate: 32
DEBUG [IRDeviceParams.cpp:214] @ 0.480966s :bispectral: 0
DEBUG [IRDeviceParams.cpp:215] @ 0.480978s :flag automatic: 0
DEBUG [IRDeviceParams.cpp:216] @ 0.48104s :min interval: 15
DEBUG [IRDeviceParams.cpp:217] @ 0.481124s :max interval: 0
DEBUG [IRDeviceParams.cpp:218] @ 0.481229s :chip heating mode: 0
DEBUG [IRDeviceParams.cpp:219] @ 0.481248s :chip heating fixed val: 40
DEBUG [IRDeviceParams.cpp:220] @ 0.481264s :focus:  -1
DEBUG [IRDeviceParams.cpp:221] @ 0.481289s :enable extended temp range: 0
DEBUG [IRDeviceParams.cpp:222] @ 0.481315s :buffer queue size: 5
DEBUG [IRDeviceParams.cpp:223] @ 0.481327s :enable high precision: 0
DEBUG [IRDeviceParams.cpp:224] @ 0.48134s :radialDistortionCorrectionMode: 0
DEBUG [IRDeviceParams.cpp:225] @ 0.481353s :deviceAPI: 0
DEBUG [IRDeviceParams.cpp:226] @ 0.481366s :useExternalProbeForReferencing: 0
DEBUG [IRDeviceParams.cpp:227] @ 0.481378s :enableMultiThreading: 0
DEBUG [IRDeviceParams.cpp:232] @ 0.48139s :ethernetDevice.deviceIpAddress: 0.0.0.0
DEBUG [IRDeviceParams.cpp:233] @ 0.481402s :ethernetDevice.localUdpPort: 0
DEBUG [IRDeviceParams.cpp:234] @ 0.481414s :ethernetDevice.checkUdpSenderIp: 1
DEBUG [IRImager.cpp:1107] @ 0.634698s :Start flag calibration
DEBUG [Cali.cpp:87] @ 0.645307s :Calibration directory path: C:\Users\u0173846\AppData\Roaming\Imager\Cali
DEBUG [Cali.cpp:88] @ 0.645334s :Calibration file name: Cali-20052193.xml
DEBUG [Cali.cpp:98] @ 0.645778s :Calibration data A: 1450 B:1500 C:4095 D:1500
INFO [IRImager.cpp:266] @ 0.646813s :Init thermal imager to 20052193 with size: 642x480@32 Hz
DEBUG [Cali.cpp:87] @ 0.647076s :Calibration directory path: C:\Users\u0173846\AppData\Roaming\Imager\Cali
DEBUG [Cali.cpp:88] @ 0.647093s :Calibration file name: Cali-20052193.xml
DEBUG [Cali.cpp:98] @ 0.647478s :Calibration data A: 1450 B:1500 C:4095 D:1500
DEBUG [IRImager.cpp:374] @ 0.648271s :Using HID control interface
DEBUG [IRImager.cpp:414] @ 0.669945s :Initialized HID control interface to device with HW:601 FW:2633
DEBUG [IRImager.cpp:435] @ 0.670021s :Frameconfig - width(in): 642, height(in): 480, interval: 312500, max framerate: 32, HW interval: 0.03125
DEBUG [Cali.cpp:87] @ 0.670042s :Calibration directory path: C:\Users\u0173846\AppData\Roaming\Imager\Cali
DEBUG [Cali.cpp:88] @ 0.670055s :Calibration file name: Cali-20052193.xml
DEBUG [Cali.cpp:98] @ 0.670501s :Calibration data A: 1450 B:1500 C:4095 D:1500
DEBUG [ImageProcessing.cpp:200] @ 0.698046s :Source buffer size: 616320 Width: 642 Height: 480
DEBUG [ImageProcessing.cpp:121] @ 0.736463s :Source buffer size: 616320 Width: 642 Height: 480
DEBUG [OpSource.cpp:347] @ 0.736537s :Using formats path: .\\Formats.def
DEBUG [OpSource.cpp:598] @ 0.736686s :Format found with size: 25
DEBUG [IRImager.cpp:841] @ 0.737384s :Caught onFrameInit with size: 640x480
DEBUG [OpSource.cpp:347] @ 0.739591s :Using formats path: .\\Formats.def
DEBUG [OpSource.cpp:598] @ 0.739717s :Format found with size: 25
DEBUG [OpSource.cpp:347] @ 0.73977s :Using formats path: .\\Formats.def
DEBUG [OpCorr.cpp:467] @ 0.743848s :Read cali: C:\Users\u0173846\AppData\Roaming\Imager\Cali\Cali-20052193-33-0-250.dat
DEBUG [OpCorr.cpp:557] @ 0.743918s :Read calibration of camera no 20052193, # of fields: 6 , start of fields: 40
DEBUG [ImageProcessing.cpp:1108] @ 1.00772s :Update flag temperature: 31.125
DEBUG [ImageProcessing.cpp:1111] @ 1.01158s :Update box temperature: 28.75
DEBUG [Cali.cpp:639] @ 1.01162s :Calibration file path: 00000169E7E8A694/00000053CBFEC8E0.xml
DEBUG [SimpleXML.cpp:238] @ 1.01173s :Failed to open file C:\Users\u0173846\AppData\Roaming\Imager\Cali\CaliExt-20052193.xml
DEBUG [IRImager.cpp:547] @ 1.02355s :Chip heating disabled
DEBUG [direct_binding.cpp:300] @ 1.03286s :evo_irimager_multi_usb_init with config: 6060300f.xml
DEBUG [direct_binding.cpp:301] @ 1.0329s :evo_irimager_multi_usb_init connected returned: 1
DEBUG [IRImager.cpp:1107] @ 1.12623s :Start flag calibration
