DEBUG [IRLogger.cpp:105] @ 0.0003189s :***************************************************
DEBUG [IRLogger.cpp:106] @ 0.0003927s :* IRImagerDirect SDK                              *
DEBUG [IRLogger.cpp:107] @ 0.0004209s :***************************************************
DEBUG [IRLogger.cpp:113] @ 0.0004456s :* Native Machine:      AMD64
DEBUG [IRLogger.cpp:114] @ 0.0004664s :* Machine:             AMD64
DEBUG [IRLogger.cpp:116] @ 0.0004945s :* OS:                  Windows 10 0 19045
DEBUG [IRLogger.cpp:123] @ 0.0005963s :***************************************************
DEBUG [IRDeviceParams.cpp:204] @ 0.0087574s :Parameters
DEBUG [IRDeviceParams.cpp:205] @ 0.0087836s :serial: 17092037
DEBUG [IRDeviceParams.cpp:206] @ 0.0087959s :videoformatindex: 2
DEBUG [IRDeviceParams.cpp:207] @ 0.0088076s :fov: 0
DEBUG [IRDeviceParams.cpp:208] @ 0.0088195s :optics_text: 0000015C6EDAA8D0
DEBUG [IRDeviceParams.cpp:209] @ 0.0088313s :formatspath: 0000015C6EDAAA70
DEBUG [IRDeviceParams.cpp:210] @ 0.0088431s :calipath: 0000000000000000
DEBUG [IRDeviceParams.cpp:211] @ 0.0088543s :temperature min: 500
DEBUG [IRDeviceParams.cpp:212] @ 0.0088655s :temperature max: 1800
DEBUG [IRDeviceParams.cpp:213] @ 0.0088798s :framerate: 32
DEBUG [IRDeviceParams.cpp:214] @ 0.0088912s :bispectral: 0
DEBUG [IRDeviceParams.cpp:215] @ 0.0089022s :flag automatic: 0
DEBUG [IRDeviceParams.cpp:216] @ 0.0089138s :min interval: 15
DEBUG [IRDeviceParams.cpp:217] @ 0.008925s :max interval: 0
DEBUG [IRDeviceParams.cpp:218] @ 0.008936s :chip heating mode: 0
DEBUG [IRDeviceParams.cpp:219] @ 0.0089477s :chip heating fixed val: 40
DEBUG [IRDeviceParams.cpp:220] @ 0.0089597s :focus:  -1
DEBUG [IRDeviceParams.cpp:221] @ 0.0089707s :enable extended temp range: 0
DEBUG [IRDeviceParams.cpp:222] @ 0.0089821s :buffer queue size: 5
DEBUG [IRDeviceParams.cpp:223] @ 0.0089947s :enable high precision: 0
DEBUG [IRDeviceParams.cpp:224] @ 0.0090059s :radialDistortionCorrectionMode: 0
DEBUG [IRDeviceParams.cpp:225] @ 0.0090171s :deviceAPI: 0
DEBUG [IRDeviceParams.cpp:226] @ 0.0090281s :useExternalProbeForReferencing: 0
DEBUG [IRDeviceParams.cpp:227] @ 0.0090391s :enableMultiThreading: 0
DEBUG [IRDeviceParams.cpp:232] @ 0.009051s :ethernetDevice.deviceIpAddress: 0.0.0.0
DEBUG [IRDeviceParams.cpp:233] @ 0.0090622s :ethernetDevice.localUdpPort: 0
DEBUG [IRDeviceParams.cpp:234] @ 0.0090733s :ethernetDevice.checkUdpSenderIp: 1
DEBUG [Cali.cpp:87] @ 0.326274s :Calibration directory path: C:\Users\u0173846\AppData\Roaming\Imager\Cali
DEBUG [Cali.cpp:88] @ 0.326306s :Calibration file name: Cali-17092037.xml
DEBUG [Cali.cpp:98] @ 0.335727s :Calibration data A: 1450 B:470 C:4095 D:1500
INFO [IRImager.cpp:266] @ 0.353167s :Init thermal imager to 17092037 with size: 766x480@32 Hz
DEBUG [Cali.cpp:87] @ 0.353436s :Calibration directory path: C:\Users\u0173846\AppData\Roaming\Imager\Cali
DEBUG [Cali.cpp:88] @ 0.353453s :Calibration file name: Cali-17092037.xml
DEBUG [Cali.cpp:98] @ 0.35374s :Calibration data A: 1450 B:470 C:4095 D:1500
DEBUG [IRImager.cpp:374] @ 0.360463s :Using HID control interface
DEBUG [IRImager.cpp:414] @ 0.428864s :Initialized HID control interface to device with HW:2101 FW:2820
DEBUG [IRImager.cpp:435] @ 0.42891s :Frameconfig - width(in): 766, height(in): 480, interval: 312500, max framerate: 32, HW interval: 0.03125
DEBUG [Cali.cpp:87] @ 0.428928s :Calibration directory path: C:\Users\u0173846\AppData\Roaming\Imager\Cali
DEBUG [Cali.cpp:88] @ 0.42894s :Calibration file name: Cali-17092037.xml
DEBUG [Cali.cpp:98] @ 0.429282s :Calibration data A: 1450 B:470 C:4095 D:1500
DEBUG [ImageProcessing.cpp:200] @ 0.433702s :Source buffer size: 735360 Width: 766 Height: 480
DEBUG [ImageProcessing.cpp:121] @ 0.471027s :Source buffer size: 735360 Width: 766 Height: 480
DEBUG [OpSource.cpp:347] @ 0.471135s :Using formats path: .\\Formats.def
DEBUG [OpSource.cpp:598] @ 0.471327s :Format found with size: 14
DEBUG [IRImager.cpp:841] @ 0.472121s :Caught onFrameInit with size: 764x480
DEBUG [OpSource.cpp:347] @ 0.474207s :Using formats path: .\\Formats.def
DEBUG [OpSource.cpp:598] @ 0.474396s :Format found with size: 14
DEBUG [OpSource.cpp:347] @ 0.474454s :Using formats path: .\\Formats.def
DEBUG [OpCorr.cpp:467] @ 0.476931s :Read cali: C:\Users\u0173846\AppData\Roaming\Imager\Cali\Cali-17092037-25-500-1800-32.dat
DEBUG [ImageProcessing.cpp:1108] @ 0.510824s :Update flag temperature: 35.9375
DEBUG [ImageProcessing.cpp:1111] @ 0.512682s :Update box temperature: 35.9375
DEBUG [Cali.cpp:639] @ 0.512727s :Calibration file path: 0000015C7010F144/0000004656DEC7D0.xml
DEBUG [SimpleXML.cpp:238] @ 0.512843s :Failed to open file C:\Users\u0173846\AppData\Roaming\Imager\Cali\CaliExt-17092037.xml
DEBUG [IRImager.cpp:547] @ 0.525963s :Chip heating disabled
DEBUG [direct_binding.cpp:300] @ 0.529343s :evo_irimager_multi_usb_init with config: 17092037f.xml
DEBUG [direct_binding.cpp:301] @ 0.529367s :evo_irimager_multi_usb_init connected returned: 1
