DEBUG [IRLogger.cpp:105] @ 0.0004163s :***************************************************
DEBUG [IRLogger.cpp:106] @ 0.0005101s :* IRImagerDirect SDK                              *
DEBUG [IRLogger.cpp:107] @ 0.000553s :***************************************************
DEBUG [IRLogger.cpp:113] @ 0.0005957s :* Native Machine:      AMD64
DEBUG [IRLogger.cpp:114] @ 0.0006453s :* Machine:             AMD64
DEBUG [IRLogger.cpp:116] @ 0.0007146s :* OS:                  Windows 10 0 19045
DEBUG [IRLogger.cpp:123] @ 0.0007435s :***************************************************
DEBUG [IRDeviceParams.cpp:204] @ 0.0013334s :Parameters
DEBUG [IRDeviceParams.cpp:205] @ 0.001353s :serial: 17092037
DEBUG [IRDeviceParams.cpp:206] @ 0.0013668s :videoformatindex: 2
DEBUG [IRDeviceParams.cpp:207] @ 0.0013819s :fov: 0
DEBUG [IRDeviceParams.cpp:208] @ 0.0013957s :optics_text: 0000022026E2E6D0
DEBUG [IRDeviceParams.cpp:209] @ 0.0014107s :formatspath: 0000022026E2E850
DEBUG [IRDeviceParams.cpp:210] @ 0.0014253s :calipath: 0000000000000000
DEBUG [IRDeviceParams.cpp:211] @ 0.0014395s :temperature min: 500
DEBUG [IRDeviceParams.cpp:212] @ 0.0014536s :temperature max: 1800
DEBUG [IRDeviceParams.cpp:213] @ 0.0014704s :framerate: 32
DEBUG [IRDeviceParams.cpp:214] @ 0.0015623s :bispectral: 0
DEBUG [IRDeviceParams.cpp:215] @ 0.0015821s :flag automatic: 0
DEBUG [IRDeviceParams.cpp:216] @ 0.0015967s :min interval: 15
DEBUG [IRDeviceParams.cpp:217] @ 0.0016102s :max interval: 0
DEBUG [IRDeviceParams.cpp:218] @ 0.001623s :chip heating mode: 0
DEBUG [IRDeviceParams.cpp:219] @ 0.001641s :chip heating fixed val: 40
DEBUG [IRDeviceParams.cpp:220] @ 0.001659s :focus:  -1
DEBUG [IRDeviceParams.cpp:221] @ 0.0016717s :enable extended temp range: 0
DEBUG [IRDeviceParams.cpp:222] @ 0.0016878s :buffer queue size: 5
DEBUG [IRDeviceParams.cpp:223] @ 0.0017192s :enable high precision: 0
DEBUG [IRDeviceParams.cpp:224] @ 0.0017395s :radialDistortionCorrectionMode: 0
DEBUG [IRDeviceParams.cpp:225] @ 0.0017559s :deviceAPI: 0
DEBUG [IRDeviceParams.cpp:226] @ 0.0018266s :useExternalProbeForReferencing: 0
DEBUG [IRDeviceParams.cpp:227] @ 0.0018483s :enableMultiThreading: 0
DEBUG [IRDeviceParams.cpp:232] @ 0.0018682s :ethernetDevice.deviceIpAddress: 0.0.0.0
DEBUG [IRDeviceParams.cpp:233] @ 0.0018824s :ethernetDevice.localUdpPort: 0
DEBUG [IRDeviceParams.cpp:234] @ 0.0018986s :ethernetDevice.checkUdpSenderIp: 1
DEBUG [Cali.cpp:87] @ 0.291079s :Calibration directory path: C:\Users\u0173846\AppData\Roaming\Imager\Cali
DEBUG [Cali.cpp:88] @ 0.291109s :Calibration file name: Cali-17092037.xml
DEBUG [Cali.cpp:98] @ 0.291414s :Calibration data A: 1450 B:470 C:4095 D:1500
INFO [IRImager.cpp:266] @ 0.29198s :Init thermal imager to 17092037 with size: 766x480@32 Hz
DEBUG [Cali.cpp:87] @ 0.292256s :Calibration directory path: C:\Users\u0173846\AppData\Roaming\Imager\Cali
DEBUG [Cali.cpp:88] @ 0.292273s :Calibration file name: Cali-17092037.xml
DEBUG [Cali.cpp:98] @ 0.292545s :Calibration data A: 1450 B:470 C:4095 D:1500
DEBUG [IRImager.cpp:374] @ 0.293154s :Using HID control interface
DEBUG [IRImager.cpp:414] @ 0.373973s :Initialized HID control interface to device with HW:2101 FW:2820
DEBUG [IRImager.cpp:435] @ 0.374025s :Frameconfig - width(in): 766, height(in): 480, interval: 312500, max framerate: 32, HW interval: 0.03125
DEBUG [Cali.cpp:87] @ 0.374044s :Calibration directory path: C:\Users\u0173846\AppData\Roaming\Imager\Cali
DEBUG [Cali.cpp:88] @ 0.374057s :Calibration file name: Cali-17092037.xml
DEBUG [Cali.cpp:98] @ 0.374422s :Calibration data A: 1450 B:470 C:4095 D:1500
DEBUG [ImageProcessing.cpp:200] @ 0.378883s :Source buffer size: 735360 Width: 766 Height: 480
DEBUG [ImageProcessing.cpp:121] @ 0.4147s :Source buffer size: 735360 Width: 766 Height: 480
DEBUG [OpSource.cpp:347] @ 0.414811s :Using formats path: .\\Formats.def
DEBUG [OpSource.cpp:598] @ 0.414996s :Format found with size: 14
DEBUG [IRImager.cpp:841] @ 0.415711s :Caught onFrameInit with size: 764x480
DEBUG [OpSource.cpp:347] @ 0.417857s :Using formats path: .\\Formats.def
DEBUG [OpSource.cpp:598] @ 0.41805s :Format found with size: 14
DEBUG [OpSource.cpp:347] @ 0.418109s :Using formats path: .\\Formats.def
DEBUG [OpCorr.cpp:467] @ 0.4206s :Read cali: C:\Users\u0173846\AppData\Roaming\Imager\Cali\Cali-17092037-25-500-1800-32.dat
DEBUG [ImageProcessing.cpp:1108] @ 0.453477s :Update flag temperature: -10.4375
DEBUG [ImageProcessing.cpp:1111] @ 0.455601s :Update box temperature: -10.4375
DEBUG [Cali.cpp:639] @ 0.45565s :Calibration file path: 00000220282D9164/000000A1437EC870.xml
DEBUG [SimpleXML.cpp:238] @ 0.455759s :Failed to open file C:\Users\u0173846\AppData\Roaming\Imager\Cali\CaliExt-17092037.xml
DEBUG [IRImager.cpp:547] @ 0.468089s :Chip heating disabled
DEBUG [direct_binding.cpp:300] @ 0.472161s :evo_irimager_multi_usb_init with config: 17092037f.xml
DEBUG [direct_binding.cpp:301] @ 0.472198s :evo_irimager_multi_usb_init connected returned: 1
