DEBUG [IRLogger.cpp:105] @ 0.0003085s :***************************************************
DEBUG [IRLogger.cpp:106] @ 0.0003921s :* IRImagerDirect SDK                              *
DEBUG [IRLogger.cpp:107] @ 0.0004227s :***************************************************
DEBUG [IRLogger.cpp:113] @ 0.0004475s :* Native Machine:      AMD64
DEBUG [IRLogger.cpp:114] @ 0.0004869s :* Machine:             AMD64
DEBUG [IRLogger.cpp:116] @ 0.0005385s :* OS:                  Windows 10 0 19045
DEBUG [IRLogger.cpp:123] @ 0.0005633s :***************************************************
DEBUG [IRDeviceParams.cpp:204] @ 0.0011539s :Parameters
DEBUG [IRDeviceParams.cpp:205] @ 0.0011718s :serial: 17092037
DEBUG [IRDeviceParams.cpp:206] @ 0.0011838s :videoformatindex: 2
DEBUG [IRDeviceParams.cpp:207] @ 0.0011989s :fov: 0
DEBUG [IRDeviceParams.cpp:208] @ 0.0012117s :optics_text: 00000204F165CAF0
DEBUG [IRDeviceParams.cpp:209] @ 0.0012447s :formatspath: 00000204F165CC40
DEBUG [IRDeviceParams.cpp:210] @ 0.0012622s :calipath: 0000000000000000
DEBUG [IRDeviceParams.cpp:211] @ 0.0012797s :temperature min: 500
DEBUG [IRDeviceParams.cpp:212] @ 0.0012958s :temperature max: 1800
DEBUG [IRDeviceParams.cpp:213] @ 0.0013162s :framerate: 32
DEBUG [IRDeviceParams.cpp:214] @ 0.0013289s :bispectral: 0
DEBUG [IRDeviceParams.cpp:215] @ 0.0013407s :flag automatic: 0
DEBUG [IRDeviceParams.cpp:216] @ 0.0013531s :min interval: 15
DEBUG [IRDeviceParams.cpp:217] @ 0.0013658s :max interval: 0
DEBUG [IRDeviceParams.cpp:218] @ 0.0013782s :chip heating mode: 0
DEBUG [IRDeviceParams.cpp:219] @ 0.0013939s :chip heating fixed val: 40
DEBUG [IRDeviceParams.cpp:220] @ 0.001425s :focus:  -1
DEBUG [IRDeviceParams.cpp:221] @ 0.001454s :enable extended temp range: 0
DEBUG [IRDeviceParams.cpp:222] @ 0.0014945s :buffer queue size: 5
DEBUG [IRDeviceParams.cpp:223] @ 0.0015207s :enable high precision: 0
DEBUG [IRDeviceParams.cpp:224] @ 0.0015396s :radialDistortionCorrectionMode: 0
DEBUG [IRDeviceParams.cpp:225] @ 0.0015562s :deviceAPI: 0
DEBUG [IRDeviceParams.cpp:226] @ 0.0015691s :useExternalProbeForReferencing: 0
DEBUG [IRDeviceParams.cpp:227] @ 0.0015848s :enableMultiThreading: 0
DEBUG [IRDeviceParams.cpp:232] @ 0.0016021s :ethernetDevice.deviceIpAddress: 0.0.0.0
DEBUG [IRDeviceParams.cpp:233] @ 0.0016158s :ethernetDevice.localUdpPort: 0
DEBUG [IRDeviceParams.cpp:234] @ 0.0016377s :ethernetDevice.checkUdpSenderIp: 1
DEBUG [Cali.cpp:87] @ 0.292509s :Calibration directory path: C:\Users\u0173846\AppData\Roaming\Imager\Cali
DEBUG [Cali.cpp:88] @ 0.29254s :Calibration file name: Cali-17092037.xml
DEBUG [Cali.cpp:98] @ 0.292845s :Calibration data A: 1450 B:470 C:4095 D:1500
INFO [IRImager.cpp:266] @ 0.293408s :Init thermal imager to 17092037 with size: 766x480@32 Hz
DEBUG [Cali.cpp:87] @ 0.293712s :Calibration directory path: C:\Users\u0173846\AppData\Roaming\Imager\Cali
DEBUG [Cali.cpp:88] @ 0.293729s :Calibration file name: Cali-17092037.xml
DEBUG [Cali.cpp:98] @ 0.294s :Calibration data A: 1450 B:470 C:4095 D:1500
DEBUG [IRImager.cpp:374] @ 0.294613s :Using HID control interface
DEBUG [IRImager.cpp:414] @ 0.375385s :Initialized HID control interface to device with HW:2101 FW:2820
DEBUG [IRImager.cpp:435] @ 0.375428s :Frameconfig - width(in): 766, height(in): 480, interval: 312500, max framerate: 32, HW interval: 0.03125
DEBUG [Cali.cpp:87] @ 0.375446s :Calibration directory path: C:\Users\u0173846\AppData\Roaming\Imager\Cali
DEBUG [Cali.cpp:88] @ 0.375459s :Calibration file name: Cali-17092037.xml
DEBUG [Cali.cpp:98] @ 0.375796s :Calibration data A: 1450 B:470 C:4095 D:1500
DEBUG [ImageProcessing.cpp:200] @ 0.380139s :Source buffer size: 735360 Width: 766 Height: 480
DEBUG [ImageProcessing.cpp:121] @ 0.41612s :Source buffer size: 735360 Width: 766 Height: 480
DEBUG [OpSource.cpp:347] @ 0.416233s :Using formats path: .\\Formats.def
DEBUG [OpSource.cpp:598] @ 0.416429s :Format found with size: 14
DEBUG [IRImager.cpp:841] @ 0.417155s :Caught onFrameInit with size: 764x480
DEBUG [OpSource.cpp:347] @ 0.419455s :Using formats path: .\\Formats.def
DEBUG [OpSource.cpp:598] @ 0.419649s :Format found with size: 14
DEBUG [OpSource.cpp:347] @ 0.419712s :Using formats path: .\\Formats.def
DEBUG [OpCorr.cpp:467] @ 0.421962s :Read cali: C:\Users\u0173846\AppData\Roaming\Imager\Cali\Cali-17092037-25-500-1800-32.dat
DEBUG [ImageProcessing.cpp:1108] @ 0.455296s :Update flag temperature: -235.438
DEBUG [ImageProcessing.cpp:1111] @ 0.45732s :Update box temperature: -235.438
DEBUG [Cali.cpp:639] @ 0.457364s :Calibration file path: 00000204F173E494/000000670EFECB30.xml
DEBUG [SimpleXML.cpp:238] @ 0.457475s :Failed to open file C:\Users\u0173846\AppData\Roaming\Imager\Cali\CaliExt-17092037.xml
DEBUG [IRImager.cpp:547] @ 0.469942s :Chip heating disabled
DEBUG [direct_binding.cpp:300] @ 0.474003s :evo_irimager_multi_usb_init with config: 17092037f.xml
DEBUG [direct_binding.cpp:301] @ 0.474042s :evo_irimager_multi_usb_init connected returned: 1
DEBUG [IRLogger.cpp:105] @ 0.474821s :***************************************************
DEBUG [IRLogger.cpp:106] @ 0.474856s :* IRImagerDirect SDK                              *
DEBUG [IRLogger.cpp:107] @ 0.47487s :***************************************************
DEBUG [IRLogger.cpp:113] @ 0.474888s :* Native Machine:      AMD64
DEBUG [IRLogger.cpp:114] @ 0.474904s :* Machine:             AMD64
DEBUG [IRLogger.cpp:116] @ 0.474924s :* OS:                  Windows 10 0 19045
DEBUG [IRLogger.cpp:123] @ 0.474938s :***************************************************
DEBUG [IRDeviceParams.cpp:204] @ 0.475382s :Parameters
DEBUG [IRDeviceParams.cpp:205] @ 0.4754s :serial: 20052193
DEBUG [IRDeviceParams.cpp:206] @ 0.475491s :videoformatindex: 0
DEBUG [IRDeviceParams.cpp:207] @ 0.475518s :fov: 33
DEBUG [IRDeviceParams.cpp:208] @ 0.475534s :optics_text: 00000204F2C2E4D0
DEBUG [IRDeviceParams.cpp:209] @ 0.475546s :formatspath: 00000204F2C2E650
DEBUG [IRDeviceParams.cpp:210] @ 0.475559s :calipath: 0000000000000000
DEBUG [IRDeviceParams.cpp:211] @ 0.475571s :temperature min: 0
DEBUG [IRDeviceParams.cpp:212] @ 0.475582s :temperature max: 250
DEBUG [IRDeviceParams.cpp:213] @ 0.475596s :framerate: 32
DEBUG [IRDeviceParams.cpp:214] @ 0.475609s :bispectral: 0
DEBUG [IRDeviceParams.cpp:215] @ 0.475622s :flag automatic: 0
DEBUG [IRDeviceParams.cpp:216] @ 0.475634s :min interval: 15
DEBUG [IRDeviceParams.cpp:217] @ 0.475724s :max interval: 0
DEBUG [IRDeviceParams.cpp:218] @ 0.475743s :chip heating mode: 0
DEBUG [IRDeviceParams.cpp:219] @ 0.475756s :chip heating fixed val: 40
DEBUG [IRDeviceParams.cpp:220] @ 0.475769s :focus:  -1
DEBUG [IRDeviceParams.cpp:221] @ 0.475782s :enable extended temp range: 0
DEBUG [IRDeviceParams.cpp:222] @ 0.475796s :buffer queue size: 5
DEBUG [IRDeviceParams.cpp:223] @ 0.475809s :enable high precision: 0
DEBUG [IRDeviceParams.cpp:224] @ 0.475822s :radialDistortionCorrectionMode: 0
DEBUG [IRDeviceParams.cpp:225] @ 0.475835s :deviceAPI: 0
DEBUG [IRDeviceParams.cpp:226] @ 0.475847s :useExternalProbeForReferencing: 0
DEBUG [IRDeviceParams.cpp:227] @ 0.47586s :enableMultiThreading: 0
DEBUG [IRDeviceParams.cpp:232] @ 0.475874s :ethernetDevice.deviceIpAddress: 0.0.0.0
DEBUG [IRDeviceParams.cpp:233] @ 0.475889s :ethernetDevice.localUdpPort: 0
DEBUG [IRDeviceParams.cpp:234] @ 0.475964s :ethernetDevice.checkUdpSenderIp: 1
DEBUG [IRImager.cpp:1107] @ 0.629722s :Start flag calibration
DEBUG [Cali.cpp:87] @ 0.644242s :Calibration directory path: C:\Users\u0173846\AppData\Roaming\Imager\Cali
DEBUG [Cali.cpp:88] @ 0.644274s :Calibration file name: Cali-20052193.xml
DEBUG [Cali.cpp:98] @ 0.644732s :Calibration data A: 1450 B:1500 C:4095 D:1500
INFO [IRImager.cpp:266] @ 0.645767s :Init thermal imager to 20052193 with size: 642x480@32 Hz
DEBUG [Cali.cpp:87] @ 0.646036s :Calibration directory path: C:\Users\u0173846\AppData\Roaming\Imager\Cali
DEBUG [Cali.cpp:88] @ 0.646052s :Calibration file name: Cali-20052193.xml
DEBUG [Cali.cpp:98] @ 0.646622s :Calibration data A: 1450 B:1500 C:4095 D:1500
DEBUG [IRImager.cpp:374] @ 0.647698s :Using HID control interface
DEBUG [IRImager.cpp:414] @ 0.669801s :Initialized HID control interface to device with HW:601 FW:2633
DEBUG [IRImager.cpp:435] @ 0.669885s :Frameconfig - width(in): 642, height(in): 480, interval: 312500, max framerate: 32, HW interval: 0.03125
DEBUG [Cali.cpp:87] @ 0.669906s :Calibration directory path: C:\Users\u0173846\AppData\Roaming\Imager\Cali
DEBUG [Cali.cpp:88] @ 0.66992s :Calibration file name: Cali-20052193.xml
DEBUG [Cali.cpp:98] @ 0.670372s :Calibration data A: 1450 B:1500 C:4095 D:1500
DEBUG [ImageProcessing.cpp:200] @ 0.69811s :Source buffer size: 616320 Width: 642 Height: 480
DEBUG [ImageProcessing.cpp:121] @ 0.737229s :Source buffer size: 616320 Width: 642 Height: 480
DEBUG [OpSource.cpp:347] @ 0.73733s :Using formats path: .\\Formats.def
DEBUG [OpSource.cpp:598] @ 0.737485s :Format found with size: 25
DEBUG [IRImager.cpp:841] @ 0.738137s :Caught onFrameInit with size: 640x480
DEBUG [OpSource.cpp:347] @ 0.74013s :Using formats path: .\\Formats.def
DEBUG [OpSource.cpp:598] @ 0.740267s :Format found with size: 25
DEBUG [OpSource.cpp:347] @ 0.740323s :Using formats path: .\\Formats.def
DEBUG [OpCorr.cpp:467] @ 0.74457s :Read cali: C:\Users\u0173846\AppData\Roaming\Imager\Cali\Cali-20052193-33-0-250.dat
DEBUG [OpCorr.cpp:557] @ 0.74467s :Read calibration of camera no 20052193, # of fields: 6 , start of fields: 40
DEBUG [ImageProcessing.cpp:1108] @ 1.00871s :Update flag temperature: 31.0625
DEBUG [ImageProcessing.cpp:1111] @ 1.01247s :Update box temperature: 28.75
DEBUG [Cali.cpp:639] @ 1.0125s :Calibration file path: 00000204F2B8A634/000000670EFECB30.xml
DEBUG [SimpleXML.cpp:238] @ 1.01259s :Failed to open file C:\Users\u0173846\AppData\Roaming\Imager\Cali\CaliExt-20052193.xml
DEBUG [IRImager.cpp:547] @ 1.02432s :Chip heating disabled
DEBUG [direct_binding.cpp:300] @ 1.03227s :evo_irimager_multi_usb_init with config: 6060300f.xml
DEBUG [direct_binding.cpp:301] @ 1.0323s :evo_irimager_multi_usb_init connected returned: 1
DEBUG [IRImager.cpp:1107] @ 1.1434s :Start flag calibration
DEBUG [OpFlag.cpp:591] @ 11.6325s :SkimDiff: 0 Adjust: 0 State: 0 EMax: 8650 Emin: 8394
DEBUG [OpFlag.cpp:591] @ 12.0312s :SkimDiff: 0 Adjust: 0 State: 0 EMax: 12758 Emin: 4986
DEBUG [IRImager.cpp:1121] @ 12.074s :Finished startup calibration
DEBUG [IRImager.cpp:1121] @ 12.3543s :Finished startup calibration
