DEBUG [IRLogger.cpp:105] @ 0.0003032s :***************************************************
DEBUG [IRLogger.cpp:106] @ 0.0003985s :* IRImagerDirect SDK                              *
DEBUG [IRLogger.cpp:107] @ 0.0004263s :***************************************************
DEBUG [IRLogger.cpp:113] @ 0.0004516s :* Native Machine:      AMD64
DEBUG [IRLogger.cpp:114] @ 0.0004739s :* Machine:             AMD64
DEBUG [IRLogger.cpp:116] @ 0.0004994s :* OS:                  Windows 10 0 19045
DEBUG [IRLogger.cpp:123] @ 0.0005376s :***************************************************
DEBUG [IRDeviceParams.cpp:204] @ 0.0011637s :Parameters
DEBUG [IRDeviceParams.cpp:205] @ 0.0011824s :serial: 17092037
DEBUG [IRDeviceParams.cpp:206] @ 0.0011944s :videoformatindex: 2
DEBUG [IRDeviceParams.cpp:207] @ 0.001206s :fov: 0
DEBUG [IRDeviceParams.cpp:208] @ 0.0012179s :optics_text: 0000029192407BD0
DEBUG [IRDeviceParams.cpp:209] @ 0.0012296s :formatspath: 0000029192407960
DEBUG [IRDeviceParams.cpp:210] @ 0.0012412s :calipath: 0000000000000000
DEBUG [IRDeviceParams.cpp:211] @ 0.0012533s :temperature min: 500
DEBUG [IRDeviceParams.cpp:212] @ 0.0012841s :temperature max: 1800
DEBUG [IRDeviceParams.cpp:213] @ 0.0013045s :framerate: 32
DEBUG [IRDeviceParams.cpp:214] @ 0.001317s :bispectral: 0
DEBUG [IRDeviceParams.cpp:215] @ 0.0013296s :flag automatic: 0
DEBUG [IRDeviceParams.cpp:216] @ 0.0013443s :min interval: 15
DEBUG [IRDeviceParams.cpp:217] @ 0.0013566s :max interval: 0
DEBUG [IRDeviceParams.cpp:218] @ 0.0013685s :chip heating mode: 0
DEBUG [IRDeviceParams.cpp:219] @ 0.0013811s :chip heating fixed val: 40
DEBUG [IRDeviceParams.cpp:220] @ 0.0013943s :focus:  -1
DEBUG [IRDeviceParams.cpp:221] @ 0.0014064s :enable extended temp range: 0
DEBUG [IRDeviceParams.cpp:222] @ 0.0014188s :buffer queue size: 5
DEBUG [IRDeviceParams.cpp:223] @ 0.0014312s :enable high precision: 0
DEBUG [IRDeviceParams.cpp:224] @ 0.0014432s :radialDistortionCorrectionMode: 0
DEBUG [IRDeviceParams.cpp:225] @ 0.0014703s :deviceAPI: 0
DEBUG [IRDeviceParams.cpp:226] @ 0.0015081s :useExternalProbeForReferencing: 0
DEBUG [IRDeviceParams.cpp:227] @ 0.001535s :enableMultiThreading: 0
DEBUG [IRDeviceParams.cpp:232] @ 0.0015726s :ethernetDevice.deviceIpAddress: 0.0.0.0
DEBUG [IRDeviceParams.cpp:233] @ 0.0015869s :ethernetDevice.localUdpPort: 0
DEBUG [IRDeviceParams.cpp:234] @ 0.0016009s :ethernetDevice.checkUdpSenderIp: 1
DEBUG [Cali.cpp:87] @ 0.289421s :Calibration directory path: C:\Users\u0173846\AppData\Roaming\Imager\Cali
DEBUG [Cali.cpp:88] @ 0.289451s :Calibration file name: Cali-17092037.xml
DEBUG [Cali.cpp:98] @ 0.289758s :Calibration data A: 1450 B:470 C:4095 D:1500
INFO [IRImager.cpp:266] @ 0.290324s :Init thermal imager to 17092037 with size: 766x480@32 Hz
DEBUG [Cali.cpp:87] @ 0.290584s :Calibration directory path: C:\Users\u0173846\AppData\Roaming\Imager\Cali
DEBUG [Cali.cpp:88] @ 0.2906s :Calibration file name: Cali-17092037.xml
DEBUG [Cali.cpp:98] @ 0.290871s :Calibration data A: 1450 B:470 C:4095 D:1500
DEBUG [IRImager.cpp:374] @ 0.291489s :Using HID control interface
DEBUG [IRImager.cpp:414] @ 0.371141s :Initialized HID control interface to device with HW:2101 FW:2820
DEBUG [IRImager.cpp:435] @ 0.371193s :Frameconfig - width(in): 766, height(in): 480, interval: 312500, max framerate: 32, HW interval: 0.03125
DEBUG [Cali.cpp:87] @ 0.371212s :Calibration directory path: C:\Users\u0173846\AppData\Roaming\Imager\Cali
DEBUG [Cali.cpp:88] @ 0.371225s :Calibration file name: Cali-17092037.xml
DEBUG [Cali.cpp:98] @ 0.371592s :Calibration data A: 1450 B:470 C:4095 D:1500
DEBUG [ImageProcessing.cpp:200] @ 0.375919s :Source buffer size: 735360 Width: 766 Height: 480
DEBUG [ImageProcessing.cpp:121] @ 0.409625s :Source buffer size: 735360 Width: 766 Height: 480
DEBUG [OpSource.cpp:347] @ 0.409751s :Using formats path: .\\Formats.def
DEBUG [OpSource.cpp:598] @ 0.409945s :Format found with size: 14
DEBUG [IRImager.cpp:841] @ 0.410695s :Caught onFrameInit with size: 764x480
DEBUG [OpSource.cpp:347] @ 0.413083s :Using formats path: .\\Formats.def
DEBUG [OpSource.cpp:598] @ 0.413291s :Format found with size: 14
DEBUG [OpSource.cpp:347] @ 0.413354s :Using formats path: .\\Formats.def
DEBUG [OpCorr.cpp:467] @ 0.415787s :Read cali: C:\Users\u0173846\AppData\Roaming\Imager\Cali\Cali-17092037-25-500-1800-32.dat
DEBUG [ImageProcessing.cpp:1108] @ 0.448899s :Update flag temperature: -10.375
DEBUG [ImageProcessing.cpp:1111] @ 0.450813s :Update box temperature: -10.375
DEBUG [Cali.cpp:639] @ 0.450862s :Calibration file path: 0000029194ECE2B4/00000093771EC780.xml
DEBUG [SimpleXML.cpp:238] @ 0.450971s :Failed to open file C:\Users\u0173846\AppData\Roaming\Imager\Cali\CaliExt-17092037.xml
DEBUG [IRImager.cpp:547] @ 0.463234s :Chip heating disabled
DEBUG [direct_binding.cpp:300] @ 0.466918s :evo_irimager_multi_usb_init with config: 17092037f.xml
DEBUG [direct_binding.cpp:301] @ 0.466966s :evo_irimager_multi_usb_init connected returned: 1
DEBUG [IRLogger.cpp:105] @ 0.468036s :***************************************************
DEBUG [IRLogger.cpp:106] @ 0.468076s :* IRImagerDirect SDK                              *
DEBUG [IRLogger.cpp:107] @ 0.468206s :***************************************************
DEBUG [IRLogger.cpp:113] @ 0.468233s :* Native Machine:      AMD64
DEBUG [IRLogger.cpp:114] @ 0.468251s :* Machine:             AMD64
DEBUG [IRLogger.cpp:116] @ 0.468271s :* OS:                  Windows 10 0 19045
DEBUG [IRLogger.cpp:123] @ 0.468283s :***************************************************
DEBUG [IRDeviceParams.cpp:204] @ 0.46873s :Parameters
DEBUG [IRDeviceParams.cpp:205] @ 0.46875s :serial: 20052193
DEBUG [IRDeviceParams.cpp:206] @ 0.468762s :videoformatindex: 0
DEBUG [IRDeviceParams.cpp:207] @ 0.468786s :fov: 33
DEBUG [IRDeviceParams.cpp:208] @ 0.468857s :optics_text: 0000029195112FD0
DEBUG [IRDeviceParams.cpp:209] @ 0.468959s :formatspath: 0000029195113000
DEBUG [IRDeviceParams.cpp:210] @ 0.46899s :calipath: 0000000000000000
DEBUG [IRDeviceParams.cpp:211] @ 0.469017s :temperature min: 0
DEBUG [IRDeviceParams.cpp:212] @ 0.469044s :temperature max: 250
DEBUG [IRDeviceParams.cpp:213] @ 0.469076s :framerate: 32
DEBUG [IRDeviceParams.cpp:214] @ 0.469104s :bispectral: 0
DEBUG [IRDeviceParams.cpp:215] @ 0.469132s :flag automatic: 0
DEBUG [IRDeviceParams.cpp:216] @ 0.469159s :min interval: 15
DEBUG [IRDeviceParams.cpp:217] @ 0.469186s :max interval: 0
DEBUG [IRDeviceParams.cpp:218] @ 0.469212s :chip heating mode: 0
DEBUG [IRDeviceParams.cpp:219] @ 0.469279s :chip heating fixed val: 40
DEBUG [IRDeviceParams.cpp:220] @ 0.469295s :focus:  -1
DEBUG [IRDeviceParams.cpp:221] @ 0.469308s :enable extended temp range: 0
DEBUG [IRDeviceParams.cpp:222] @ 0.469321s :buffer queue size: 5
DEBUG [IRDeviceParams.cpp:223] @ 0.469334s :enable high precision: 0
DEBUG [IRDeviceParams.cpp:224] @ 0.469346s :radialDistortionCorrectionMode: 0
DEBUG [IRDeviceParams.cpp:225] @ 0.469359s :deviceAPI: 0
DEBUG [IRDeviceParams.cpp:226] @ 0.469371s :useExternalProbeForReferencing: 0
DEBUG [IRDeviceParams.cpp:227] @ 0.469384s :enableMultiThreading: 0
DEBUG [IRDeviceParams.cpp:232] @ 0.469397s :ethernetDevice.deviceIpAddress: 0.0.0.0
DEBUG [IRDeviceParams.cpp:233] @ 0.469409s :ethernetDevice.localUdpPort: 0
DEBUG [IRDeviceParams.cpp:234] @ 0.469421s :ethernetDevice.checkUdpSenderIp: 1
DEBUG [IRImager.cpp:1107] @ 0.622415s :Start flag calibration
DEBUG [Cali.cpp:87] @ 0.631954s :Calibration directory path: C:\Users\u0173846\AppData\Roaming\Imager\Cali
DEBUG [Cali.cpp:88] @ 0.631983s :Calibration file name: Cali-20052193.xml
DEBUG [Cali.cpp:98] @ 0.632409s :Calibration data A: 1450 B:1500 C:4095 D:1500
INFO [IRImager.cpp:266] @ 0.633414s :Init thermal imager to 20052193 with size: 642x480@32 Hz
DEBUG [Cali.cpp:87] @ 0.633675s :Calibration directory path: C:\Users\u0173846\AppData\Roaming\Imager\Cali
DEBUG [Cali.cpp:88] @ 0.633691s :Calibration file name: Cali-20052193.xml
DEBUG [Cali.cpp:98] @ 0.634072s :Calibration data A: 1450 B:1500 C:4095 D:1500
DEBUG [IRImager.cpp:374] @ 0.634837s :Using HID control interface
DEBUG [IRImager.cpp:414] @ 0.657502s :Initialized HID control interface to device with HW:601 FW:2633
DEBUG [IRImager.cpp:435] @ 0.657592s :Frameconfig - width(in): 642, height(in): 480, interval: 312500, max framerate: 32, HW interval: 0.03125
DEBUG [Cali.cpp:87] @ 0.657614s :Calibration directory path: C:\Users\u0173846\AppData\Roaming\Imager\Cali
DEBUG [Cali.cpp:88] @ 0.657627s :Calibration file name: Cali-20052193.xml
DEBUG [Cali.cpp:98] @ 0.658099s :Calibration data A: 1450 B:1500 C:4095 D:1500
DEBUG [ImageProcessing.cpp:200] @ 0.685317s :Source buffer size: 616320 Width: 642 Height: 480
DEBUG [ImageProcessing.cpp:121] @ 0.72476s :Source buffer size: 616320 Width: 642 Height: 480
DEBUG [OpSource.cpp:347] @ 0.724823s :Using formats path: .\\Formats.def
DEBUG [OpSource.cpp:598] @ 0.724961s :Format found with size: 25
DEBUG [IRImager.cpp:841] @ 0.725595s :Caught onFrameInit with size: 640x480
DEBUG [OpSource.cpp:347] @ 0.727598s :Using formats path: .\\Formats.def
DEBUG [OpSource.cpp:598] @ 0.727747s :Format found with size: 25
DEBUG [OpSource.cpp:347] @ 0.727805s :Using formats path: .\\Formats.def
DEBUG [OpCorr.cpp:467] @ 0.731963s :Read cali: C:\Users\u0173846\AppData\Roaming\Imager\Cali\Cali-20052193-33-0-250.dat
DEBUG [OpCorr.cpp:557] @ 0.732061s :Read calibration of camera no 20052193, # of fields: 6 , start of fields: 40
DEBUG [ImageProcessing.cpp:1108] @ 0.995028s :Update flag temperature: 31.3125
DEBUG [ImageProcessing.cpp:1111] @ 0.998799s :Update box temperature: 28.9375
DEBUG [Cali.cpp:639] @ 0.99884s :Calibration file path: 000002919502A364/00000093771EC780.xml
DEBUG [SimpleXML.cpp:238] @ 0.99894s :Failed to open file C:\Users\u0173846\AppData\Roaming\Imager\Cali\CaliExt-20052193.xml
DEBUG [IRImager.cpp:547] @ 1.01028s :Chip heating disabled
DEBUG [direct_binding.cpp:300] @ 1.01827s :evo_irimager_multi_usb_init with config: 6060300f.xml
DEBUG [direct_binding.cpp:301] @ 1.01831s :evo_irimager_multi_usb_init connected returned: 1
DEBUG [IRImager.cpp:1107] @ 1.0978s :Start flag calibration
DEBUG [OpFlag.cpp:591] @ 11.6142s :SkimDiff: 0 Adjust: 0 State: 0 EMax: 8632 Emin: 8357
DEBUG [OpFlag.cpp:591] @ 12.0018s :SkimDiff: 0 Adjust: 0 State: 0 EMax: 12747 Emin: 4907
DEBUG [IRImager.cpp:1121] @ 12.0738s :Finished startup calibration
DEBUG [IRImager.cpp:1121] @ 12.3089s :Finished startup calibration
