DEBUG [IRLogger.cpp:105] @ 0.0003003s :***************************************************
DEBUG [IRLogger.cpp:106] @ 0.0003974s :* IRImagerDirect SDK                              *
DEBUG [IRLogger.cpp:107] @ 0.0004307s :***************************************************
DEBUG [IRLogger.cpp:113] @ 0.0004563s :* Native Machine:      AMD64
DEBUG [IRLogger.cpp:114] @ 0.00048s :* Machine:             AMD64
DEBUG [IRLogger.cpp:116] @ 0.0005289s :* OS:                  Windows 10 0 19045
DEBUG [IRLogger.cpp:123] @ 0.000564s :***************************************************
DEBUG [IRDeviceParams.cpp:204] @ 0.0012327s :Parameters
DEBUG [IRDeviceParams.cpp:205] @ 0.0012522s :serial: 17092037
DEBUG [IRDeviceParams.cpp:206] @ 0.0012646s :videoformatindex: 2
DEBUG [IRDeviceParams.cpp:207] @ 0.0012762s :fov: 0
DEBUG [IRDeviceParams.cpp:208] @ 0.0012878s :optics_text: 000001687FB7E6E0
DEBUG [IRDeviceParams.cpp:209] @ 0.0012996s :formatspath: 000001687FB7E390
DEBUG [IRDeviceParams.cpp:210] @ 0.0013112s :calipath: 0000000000000000
DEBUG [IRDeviceParams.cpp:211] @ 0.0013226s :temperature min: 500
DEBUG [IRDeviceParams.cpp:212] @ 0.0013353s :temperature max: 1800
DEBUG [IRDeviceParams.cpp:213] @ 0.0013496s :framerate: 32
DEBUG [IRDeviceParams.cpp:214] @ 0.0013613s :bispectral: 0
DEBUG [IRDeviceParams.cpp:215] @ 0.0013738s :flag automatic: 0
DEBUG [IRDeviceParams.cpp:216] @ 0.0013858s :min interval: 15
DEBUG [IRDeviceParams.cpp:217] @ 0.0013971s :max interval: 0
DEBUG [IRDeviceParams.cpp:218] @ 0.0014082s :chip heating mode: 0
DEBUG [IRDeviceParams.cpp:219] @ 0.0014201s :chip heating fixed val: 40
DEBUG [IRDeviceParams.cpp:220] @ 0.001432s :focus:  -1
DEBUG [IRDeviceParams.cpp:221] @ 0.0014432s :enable extended temp range: 0
DEBUG [IRDeviceParams.cpp:222] @ 0.0014545s :buffer queue size: 5
DEBUG [IRDeviceParams.cpp:223] @ 0.0014658s :enable high precision: 0
DEBUG [IRDeviceParams.cpp:224] @ 0.0014775s :radialDistortionCorrectionMode: 0
DEBUG [IRDeviceParams.cpp:225] @ 0.0014885s :deviceAPI: 0
DEBUG [IRDeviceParams.cpp:226] @ 0.0014999s :useExternalProbeForReferencing: 0
DEBUG [IRDeviceParams.cpp:227] @ 0.0015108s :enableMultiThreading: 0
DEBUG [IRDeviceParams.cpp:232] @ 0.0015228s :ethernetDevice.deviceIpAddress: 0.0.0.0
DEBUG [IRDeviceParams.cpp:233] @ 0.0015341s :ethernetDevice.localUdpPort: 0
DEBUG [IRDeviceParams.cpp:234] @ 0.0015614s :ethernetDevice.checkUdpSenderIp: 1
DEBUG [Cali.cpp:87] @ 0.304798s :Calibration directory path: C:\Users\u0173846\AppData\Roaming\Imager\Cali
DEBUG [Cali.cpp:88] @ 0.304828s :Calibration file name: Cali-17092037.xml
DEBUG [Cali.cpp:98] @ 0.305135s :Calibration data A: 1450 B:470 C:4095 D:1500
INFO [IRImager.cpp:266] @ 0.305712s :Init thermal imager to 17092037 with size: 766x480@32 Hz
DEBUG [Cali.cpp:87] @ 0.305974s :Calibration directory path: C:\Users\u0173846\AppData\Roaming\Imager\Cali
DEBUG [Cali.cpp:88] @ 0.30599s :Calibration file name: Cali-17092037.xml
DEBUG [Cali.cpp:98] @ 0.306257s :Calibration data A: 1450 B:470 C:4095 D:1500
DEBUG [IRImager.cpp:374] @ 0.306862s :Using HID control interface
DEBUG [IRImager.cpp:414] @ 0.375605s :Initialized HID control interface to device with HW:2101 FW:2820
DEBUG [IRImager.cpp:435] @ 0.375647s :Frameconfig - width(in): 766, height(in): 480, interval: 312500, max framerate: 32, HW interval: 0.03125
DEBUG [Cali.cpp:87] @ 0.375665s :Calibration directory path: C:\Users\u0173846\AppData\Roaming\Imager\Cali
DEBUG [Cali.cpp:88] @ 0.375678s :Calibration file name: Cali-17092037.xml
DEBUG [Cali.cpp:98] @ 0.376026s :Calibration data A: 1450 B:470 C:4095 D:1500
DEBUG [ImageProcessing.cpp:200] @ 0.380453s :Source buffer size: 735360 Width: 766 Height: 480
DEBUG [ImageProcessing.cpp:121] @ 0.415364s :Source buffer size: 735360 Width: 766 Height: 480
DEBUG [OpSource.cpp:347] @ 0.415477s :Using formats path: .\\Formats.def
DEBUG [OpSource.cpp:598] @ 0.415662s :Format found with size: 14
DEBUG [IRImager.cpp:841] @ 0.416394s :Caught onFrameInit with size: 764x480
DEBUG [OpSource.cpp:347] @ 0.419579s :Using formats path: .\\Formats.def
DEBUG [OpSource.cpp:598] @ 0.419775s :Format found with size: 14
DEBUG [OpSource.cpp:347] @ 0.419839s :Using formats path: .\\Formats.def
DEBUG [OpCorr.cpp:467] @ 0.422001s :Read cali: C:\Users\u0173846\AppData\Roaming\Imager\Cali\Cali-17092037-25-500-1800-32.dat
DEBUG [ImageProcessing.cpp:1108] @ 0.455646s :Update flag temperature: -10.4375
DEBUG [ImageProcessing.cpp:1111] @ 0.457852s :Update box temperature: -10.4375
DEBUG [Cali.cpp:639] @ 0.457896s :Calibration file path: 000001680C466C34/00000012D83EC9B0.xml
DEBUG [SimpleXML.cpp:238] @ 0.458005s :Failed to open file C:\Users\u0173846\AppData\Roaming\Imager\Cali\CaliExt-17092037.xml
DEBUG [IRImager.cpp:547] @ 0.470486s :Chip heating disabled
DEBUG [direct_binding.cpp:300] @ 0.473976s :evo_irimager_multi_usb_init with config: 17092037f.xml
DEBUG [direct_binding.cpp:301] @ 0.474016s :evo_irimager_multi_usb_init connected returned: 1
