DEBUG [IRLogger.cpp:105] @ 0.483453s :***************************************************
DEBUG [IRLogger.cpp:106] @ 0.483535s :* IRImagerDirect SDK                              *
DEBUG [IRLogger.cpp:107] @ 0.483576s :***************************************************
DEBUG [IRLogger.cpp:113] @ 0.483608s :* Native Machine:      AMD64
DEBUG [IRLogger.cpp:114] @ 0.483669s :* Machine:             AMD64
DEBUG [IRLogger.cpp:116] @ 0.483742s :* OS:                  Windows 10 0 19045
DEBUG [IRLogger.cpp:123] @ 0.483801s :***************************************************
DEBUG [IRDeviceParams.cpp:204] @ 0.484628s :Parameters
DEBUG [IRDeviceParams.cpp:205] @ 0.484649s :serial: 20052193
DEBUG [IRDeviceParams.cpp:206] @ 0.484662s :videoformatindex: 0
DEBUG [IRDeviceParams.cpp:207] @ 0.484674s :fov: 33
DEBUG [IRDeviceParams.cpp:208] @ 0.484686s :optics_text: 00000234B949B660
DEBUG [IRDeviceParams.cpp:209] @ 0.484698s :formatspath: 00000234B949B720
DEBUG [IRDeviceParams.cpp:210] @ 0.48471s :calipath: 0000000000000000
DEBUG [IRDeviceParams.cpp:211] @ 0.484723s :temperature min: 0
DEBUG [IRDeviceParams.cpp:212] @ 0.484734s :temperature max: 250
DEBUG [IRDeviceParams.cpp:213] @ 0.484748s :framerate: 32
DEBUG [IRDeviceParams.cpp:214] @ 0.484759s :bispectral: 0
DEBUG [IRDeviceParams.cpp:215] @ 0.484771s :flag automatic: 0
DEBUG [IRDeviceParams.cpp:216] @ 0.484783s :min interval: 15
DEBUG [IRDeviceParams.cpp:217] @ 0.484796s :max interval: 0
DEBUG [IRDeviceParams.cpp:218] @ 0.484808s :chip heating mode: 0
DEBUG [IRDeviceParams.cpp:219] @ 0.48482s :chip heating fixed val: 40
DEBUG [IRDeviceParams.cpp:220] @ 0.484832s :focus:  -1
DEBUG [IRDeviceParams.cpp:221] @ 0.484844s :enable extended temp range: 0
DEBUG [IRDeviceParams.cpp:222] @ 0.484856s :buffer queue size: 5
DEBUG [IRDeviceParams.cpp:223] @ 0.484868s :enable high precision: 0
DEBUG [IRDeviceParams.cpp:224] @ 0.48488s :radialDistortionCorrectionMode: 0
DEBUG [IRDeviceParams.cpp:225] @ 0.484891s :deviceAPI: 0
DEBUG [IRDeviceParams.cpp:226] @ 0.484903s :useExternalProbeForReferencing: 0
DEBUG [IRDeviceParams.cpp:227] @ 0.484914s :enableMultiThreading: 0
DEBUG [IRDeviceParams.cpp:232] @ 0.484927s :ethernetDevice.deviceIpAddress: 0.0.0.0
DEBUG [IRDeviceParams.cpp:233] @ 0.484938s :ethernetDevice.localUdpPort: 0
DEBUG [IRDeviceParams.cpp:234] @ 0.48495s :ethernetDevice.checkUdpSenderIp: 1
DEBUG [IRImager.cpp:1107] @ 0.637276s :Start flag calibration
DEBUG [Cali.cpp:87] @ 0.668875s :Calibration directory path: C:\Users\u0173846\AppData\Roaming\Imager\Cali
DEBUG [Cali.cpp:88] @ 0.668907s :Calibration file name: Cali-20052193.xml
DEBUG [Cali.cpp:98] @ 0.6694s :Calibration data A: 1450 B:1500 C:4095 D:1500
INFO [IRImager.cpp:266] @ 0.670711s :Init thermal imager to 20052193 with size: 642x480@32 Hz
DEBUG [Cali.cpp:87] @ 0.671047s :Calibration directory path: C:\Users\u0173846\AppData\Roaming\Imager\Cali
DEBUG [Cali.cpp:88] @ 0.671064s :Calibration file name: Cali-20052193.xml
DEBUG [Cali.cpp:98] @ 0.67147s :Calibration data A: 1450 B:1500 C:4095 D:1500
DEBUG [IRImager.cpp:374] @ 0.67246s :Using HID control interface
DEBUG [IRImager.cpp:414] @ 0.694248s :Initialized HID control interface to device with HW:601 FW:2633
DEBUG [IRImager.cpp:435] @ 0.694297s :Frameconfig - width(in): 642, height(in): 480, interval: 312500, max framerate: 32, HW interval: 0.03125
DEBUG [Cali.cpp:87] @ 0.694315s :Calibration directory path: C:\Users\u0173846\AppData\Roaming\Imager\Cali
DEBUG [Cali.cpp:88] @ 0.694328s :Calibration file name: Cali-20052193.xml
DEBUG [Cali.cpp:98] @ 0.694841s :Calibration data A: 1450 B:1500 C:4095 D:1500
DEBUG [ImageProcessing.cpp:200] @ 0.722353s :Source buffer size: 616320 Width: 642 Height: 480
DEBUG [ImageProcessing.cpp:121] @ 0.762036s :Source buffer size: 616320 Width: 642 Height: 480
DEBUG [OpSource.cpp:347] @ 0.762114s :Using formats path: .\\Formats.def
DEBUG [OpSource.cpp:598] @ 0.762263s :Format found with size: 25
DEBUG [IRImager.cpp:841] @ 0.762877s :Caught onFrameInit with size: 640x480
DEBUG [OpSource.cpp:347] @ 0.764812s :Using formats path: .\\Formats.def
DEBUG [OpSource.cpp:598] @ 0.764995s :Format found with size: 25
DEBUG [OpSource.cpp:347] @ 0.765065s :Using formats path: .\\Formats.def
DEBUG [OpCorr.cpp:467] @ 0.769299s :Read cali: C:\Users\u0173846\AppData\Roaming\Imager\Cali\Cali-20052193-33-0-250.dat
DEBUG [OpCorr.cpp:557] @ 0.769391s :Read calibration of camera no 20052193, # of fields: 6 , start of fields: 40
DEBUG [ImageProcessing.cpp:1108] @ 1.03328s :Update flag temperature: 31.25
DEBUG [ImageProcessing.cpp:1111] @ 1.03702s :Update box temperature: 28.9375
DEBUG [Cali.cpp:639] @ 1.03705s :Calibration file path: 00000234B92BF2D4/0000008E997EC580.xml
DEBUG [SimpleXML.cpp:238] @ 1.03719s :Failed to open file C:\Users\u0173846\AppData\Roaming\Imager\Cali\CaliExt-20052193.xml
DEBUG [IRImager.cpp:547] @ 1.0489s :Chip heating disabled
DEBUG [direct_binding.cpp:300] @ 1.0572s :evo_irimager_multi_usb_init with config: 6060300f.xml
DEBUG [direct_binding.cpp:301] @ 1.05723s :evo_irimager_multi_usb_init connected returned: 1
DEBUG [IRImager.cpp:1107] @ 1.15018s :Start flag calibration
