DEBUG [IRLogger.cpp:105] @ 0.478986s :***************************************************
DEBUG [IRLogger.cpp:106] @ 0.479053s :* IRImagerDirect SDK                              *
DEBUG [IRLogger.cpp:107] @ 0.479084s :***************************************************
DEBUG [IRLogger.cpp:113] @ 0.479109s :* Native Machine:      AMD64
DEBUG [IRLogger.cpp:114] @ 0.479137s :* Machine:             AMD64
DEBUG [IRLogger.cpp:116] @ 0.479164s :* OS:                  Windows 10 0 19045
DEBUG [IRLogger.cpp:123] @ 0.479185s :***************************************************
DEBUG [IRDeviceParams.cpp:204] @ 0.488426s :Parameters
DEBUG [IRDeviceParams.cpp:205] @ 0.488453s :serial: 20052193
DEBUG [IRDeviceParams.cpp:206] @ 0.488465s :videoformatindex: 1
DEBUG [IRDeviceParams.cpp:207] @ 0.488477s :fov: 33
DEBUG [IRDeviceParams.cpp:208] @ 0.488489s :optics_text: 000002AEC95FA4A0
DEBUG [IRDeviceParams.cpp:209] @ 0.4885s :formatspath: 000002AEC95FA5D0
DEBUG [IRDeviceParams.cpp:210] @ 0.488512s :calipath: 0000000000000000
DEBUG [IRDeviceParams.cpp:211] @ 0.488523s :temperature min: 0
DEBUG [IRDeviceParams.cpp:212] @ 0.488534s :temperature max: 250
DEBUG [IRDeviceParams.cpp:213] @ 0.488546s :framerate: 125
DEBUG [IRDeviceParams.cpp:214] @ 0.488557s :bispectral: 0
DEBUG [IRDeviceParams.cpp:215] @ 0.488568s :flag automatic: 0
DEBUG [IRDeviceParams.cpp:216] @ 0.48858s :min interval: 15
DEBUG [IRDeviceParams.cpp:217] @ 0.488591s :max interval: 0
DEBUG [IRDeviceParams.cpp:218] @ 0.488602s :chip heating mode: 0
DEBUG [IRDeviceParams.cpp:219] @ 0.488614s :chip heating fixed val: 40
DEBUG [IRDeviceParams.cpp:220] @ 0.488626s :focus:  -1
DEBUG [IRDeviceParams.cpp:221] @ 0.488637s :enable extended temp range: 0
DEBUG [IRDeviceParams.cpp:222] @ 0.488651s :buffer queue size: 5
DEBUG [IRDeviceParams.cpp:223] @ 0.488663s :enable high precision: 0
DEBUG [IRDeviceParams.cpp:224] @ 0.488674s :radialDistortionCorrectionMode: 0
DEBUG [IRDeviceParams.cpp:225] @ 0.488685s :deviceAPI: 0
DEBUG [IRDeviceParams.cpp:226] @ 0.488697s :useExternalProbeForReferencing: 0
DEBUG [IRDeviceParams.cpp:227] @ 0.488708s :enableMultiThreading: 0
DEBUG [IRDeviceParams.cpp:232] @ 0.48872s :ethernetDevice.deviceIpAddress: 0.0.0.0
DEBUG [IRDeviceParams.cpp:233] @ 0.488731s :ethernetDevice.localUdpPort: 0
DEBUG [IRDeviceParams.cpp:234] @ 0.488742s :ethernetDevice.checkUdpSenderIp: 1
DEBUG [IRImager.cpp:1107] @ 0.541174s :Start flag calibration
DEBUG [Cali.cpp:87] @ 0.657895s :Calibration directory path: C:\Users\u0173846\AppData\Roaming\Imager\Cali
DEBUG [Cali.cpp:88] @ 0.657926s :Calibration file name: Cali-20052193.xml
DEBUG [Cali.cpp:98] @ 0.658364s :Calibration data A: 1450 B:1500 C:4095 D:1500
INFO [IRImager.cpp:266] @ 0.659384s :Init thermal imager to 20052193 with size: 642x120@125 Hz
DEBUG [Cali.cpp:87] @ 0.659648s :Calibration directory path: C:\Users\u0173846\AppData\Roaming\Imager\Cali
DEBUG [Cali.cpp:88] @ 0.659664s :Calibration file name: Cali-20052193.xml
DEBUG [Cali.cpp:98] @ 0.660046s :Calibration data A: 1450 B:1500 C:4095 D:1500
DEBUG [IRImager.cpp:374] @ 0.660844s :Using HID control interface
DEBUG [IRImager.cpp:414] @ 0.682661s :Initialized HID control interface to device with HW:601 FW:2633
DEBUG [IRImager.cpp:435] @ 0.682704s :Frameconfig - width(in): 642, height(in): 120, interval: 80000, max framerate: 125, HW interval: 0.008
DEBUG [Cali.cpp:87] @ 0.682722s :Calibration directory path: C:\Users\u0173846\AppData\Roaming\Imager\Cali
DEBUG [Cali.cpp:88] @ 0.682736s :Calibration file name: Cali-20052193.xml
DEBUG [Cali.cpp:98] @ 0.683198s :Calibration data A: 1450 B:1500 C:4095 D:1500
DEBUG [ImageProcessing.cpp:200] @ 0.710903s :Source buffer size: 154080 Width: 642 Height: 120
DEBUG [ImageProcessing.cpp:121] @ 0.75072s :Source buffer size: 154080 Width: 642 Height: 120
DEBUG [OpSource.cpp:347] @ 0.750811s :Using formats path: .\\Formats.def
DEBUG [OpSource.cpp:598] @ 0.750964s :Format found with size: 25
DEBUG [IRImager.cpp:841] @ 0.751275s :Caught onFrameInit with size: 640x120
DEBUG [OpSource.cpp:347] @ 0.751946s :Using formats path: .\\Formats.def
DEBUG [OpSource.cpp:598] @ 0.752106s :Format found with size: 25
DEBUG [OpSource.cpp:347] @ 0.752161s :Using formats path: .\\Formats.def
DEBUG [OpCorr.cpp:467] @ 0.756459s :Read cali: C:\Users\u0173846\AppData\Roaming\Imager\Cali\Cali-20052193-33-0-250.dat
DEBUG [OpCorr.cpp:557] @ 0.756531s :Read calibration of camera no 20052193, # of fields: 6 , start of fields: 40
DEBUG [ImageProcessing.cpp:1108] @ 1.02345s :Update flag temperature: 31.375
DEBUG [ImageProcessing.cpp:1111] @ 1.02732s :Update box temperature: 29
DEBUG [Cali.cpp:639] @ 1.02736s :Calibration file path: 000002AEC9394304/000000C4B07EC7D0.xml
DEBUG [SimpleXML.cpp:238] @ 1.02745s :Failed to open file C:\Users\u0173846\AppData\Roaming\Imager\Cali\CaliExt-20052193.xml
DEBUG [IRImager.cpp:547] @ 1.03881s :Chip heating disabled
DEBUG [direct_binding.cpp:300] @ 1.0484s :evo_irimager_multi_usb_init with config: 6060300.xml
DEBUG [direct_binding.cpp:301] @ 1.04844s :evo_irimager_multi_usb_init connected returned: 1
DEBUG [IRImager.cpp:1107] @ 1.07047s :Start flag calibration
DEBUG [OpFlag.cpp:591] @ 11.2452s :SkimDiff: 0 Adjust: 0 State: 0 EMax: 8655 Emin: 8570
DEBUG [OpFlag.cpp:591] @ 11.7575s :SkimDiff: 11 Adjust: 1041 State: 3 EMax: 14834 Emin: 4286
DEBUG [ImageProcessing.cpp:526] @ 11.7697s :Skim_Adjust 2629
DEBUG [IRImager.cpp:1121] @ 11.9015s :Finished startup calibration
DEBUG [IRImager.cpp:1121] @ 11.9024s :Finished startup calibration
