DEBUG [IRLogger.cpp:105] @ 0.0003994s :***************************************************
DEBUG [IRLogger.cpp:106] @ 0.0004732s :* IRImagerDirect SDK                              *
DEBUG [IRLogger.cpp:107] @ 0.0005027s :***************************************************
DEBUG [IRLogger.cpp:113] @ 0.0005385s :* Native Machine:      AMD64
DEBUG [IRLogger.cpp:114] @ 0.0005862s :* Machine:             AMD64
DEBUG [IRLogger.cpp:116] @ 0.0006183s :* OS:                  Windows 10 0 19045
DEBUG [IRLogger.cpp:123] @ 0.000643s :***************************************************
DEBUG [IRDeviceParams.cpp:204] @ 0.0012484s :Parameters
DEBUG [IRDeviceParams.cpp:205] @ 0.0012673s :serial: 17092037
DEBUG [IRDeviceParams.cpp:206] @ 0.0012813s :videoformatindex: 2
DEBUG [IRDeviceParams.cpp:207] @ 0.0012934s :fov: 0
DEBUG [IRDeviceParams.cpp:208] @ 0.0013056s :optics_text: 000001EFE410E750
DEBUG [IRDeviceParams.cpp:209] @ 0.0013178s :formatspath: 000001EFE410E500
DEBUG [IRDeviceParams.cpp:210] @ 0.0013297s :calipath: 0000000000000000
DEBUG [IRDeviceParams.cpp:211] @ 0.0013414s :temperature min: 500
DEBUG [IRDeviceParams.cpp:212] @ 0.0013532s :temperature max: 1800
DEBUG [IRDeviceParams.cpp:213] @ 0.001368s :framerate: 32
DEBUG [IRDeviceParams.cpp:214] @ 0.00138s :bispectral: 0
DEBUG [IRDeviceParams.cpp:215] @ 0.0013916s :flag automatic: 0
DEBUG [IRDeviceParams.cpp:216] @ 0.0014038s :min interval: 15
DEBUG [IRDeviceParams.cpp:217] @ 0.0014156s :max interval: 0
DEBUG [IRDeviceParams.cpp:218] @ 0.0014273s :chip heating mode: 0
DEBUG [IRDeviceParams.cpp:219] @ 0.0014401s :chip heating fixed val: 40
DEBUG [IRDeviceParams.cpp:220] @ 0.0014762s :focus:  -1
DEBUG [IRDeviceParams.cpp:221] @ 0.0014902s :enable extended temp range: 0
DEBUG [IRDeviceParams.cpp:222] @ 0.0015043s :buffer queue size: 5
DEBUG [IRDeviceParams.cpp:223] @ 0.0015185s :enable high precision: 0
DEBUG [IRDeviceParams.cpp:224] @ 0.001531s :radialDistortionCorrectionMode: 0
DEBUG [IRDeviceParams.cpp:225] @ 0.0015434s :deviceAPI: 0
DEBUG [IRDeviceParams.cpp:226] @ 0.001557s :useExternalProbeForReferencing: 0
DEBUG [IRDeviceParams.cpp:227] @ 0.0015702s :enableMultiThreading: 0
DEBUG [IRDeviceParams.cpp:232] @ 0.0015842s :ethernetDevice.deviceIpAddress: 0.0.0.0
DEBUG [IRDeviceParams.cpp:233] @ 0.0015985s :ethernetDevice.localUdpPort: 0
DEBUG [IRDeviceParams.cpp:234] @ 0.0016135s :ethernetDevice.checkUdpSenderIp: 1
DEBUG [Cali.cpp:87] @ 0.304232s :Calibration directory path: C:\Users\u0173846\AppData\Roaming\Imager\Cali
DEBUG [Cali.cpp:88] @ 0.304265s :Calibration file name: Cali-17092037.xml
DEBUG [Cali.cpp:98] @ 0.304603s :Calibration data A: 1450 B:470 C:4095 D:1500
INFO [IRImager.cpp:266] @ 0.305313s :Init thermal imager to 17092037 with size: 766x480@32 Hz
DEBUG [Cali.cpp:87] @ 0.305632s :Calibration directory path: C:\Users\u0173846\AppData\Roaming\Imager\Cali
DEBUG [Cali.cpp:88] @ 0.30565s :Calibration file name: Cali-17092037.xml
DEBUG [Cali.cpp:98] @ 0.305951s :Calibration data A: 1450 B:470 C:4095 D:1500
DEBUG [IRImager.cpp:374] @ 0.306674s :Using HID control interface
DEBUG [IRImager.cpp:414] @ 0.386686s :Initialized HID control interface to device with HW:2101 FW:2820
DEBUG [IRImager.cpp:435] @ 0.386754s :Frameconfig - width(in): 766, height(in): 480, interval: 312500, max framerate: 32, HW interval: 0.03125
DEBUG [Cali.cpp:87] @ 0.386788s :Calibration directory path: C:\Users\u0173846\AppData\Roaming\Imager\Cali
DEBUG [Cali.cpp:88] @ 0.386814s :Calibration file name: Cali-17092037.xml
DEBUG [Cali.cpp:98] @ 0.387501s :Calibration data A: 1450 B:470 C:4095 D:1500
DEBUG [ImageProcessing.cpp:200] @ 0.391747s :Source buffer size: 735360 Width: 766 Height: 480
DEBUG [ImageProcessing.cpp:121] @ 0.427987s :Source buffer size: 735360 Width: 766 Height: 480
DEBUG [OpSource.cpp:347] @ 0.428102s :Using formats path: .\\Formats.def
DEBUG [OpSource.cpp:598] @ 0.428296s :Format found with size: 14
DEBUG [IRImager.cpp:841] @ 0.429013s :Caught onFrameInit with size: 764x480
DEBUG [OpSource.cpp:347] @ 0.431062s :Using formats path: .\\Formats.def
DEBUG [OpSource.cpp:598] @ 0.431267s :Format found with size: 14
DEBUG [OpSource.cpp:347] @ 0.431362s :Using formats path: .\\Formats.def
DEBUG [OpCorr.cpp:467] @ 0.43385s :Read cali: C:\Users\u0173846\AppData\Roaming\Imager\Cali\Cali-17092037-25-500-1800-32.dat
DEBUG [ImageProcessing.cpp:1108] @ 0.468712s :Update flag temperature: 34.25
DEBUG [ImageProcessing.cpp:1111] @ 0.470442s :Update box temperature: 34.25
DEBUG [Cali.cpp:639] @ 0.47047s :Calibration file path: 000001EFE54DF964/00000059F9DEC890.xml
DEBUG [SimpleXML.cpp:238] @ 0.470607s :Failed to open file C:\Users\u0173846\AppData\Roaming\Imager\Cali\CaliExt-17092037.xml
DEBUG [IRImager.cpp:547] @ 0.482733s :Chip heating disabled
DEBUG [direct_binding.cpp:300] @ 0.486378s :evo_irimager_multi_usb_init with config: 17092037f.xml
DEBUG [direct_binding.cpp:301] @ 0.486411s :evo_irimager_multi_usb_init connected returned: 1
DEBUG [IRLogger.cpp:105] @ 0.487793s :***************************************************
DEBUG [IRLogger.cpp:106] @ 0.487839s :* IRImagerDirect SDK                              *
DEBUG [IRLogger.cpp:107] @ 0.487857s :***************************************************
DEBUG [IRLogger.cpp:113] @ 0.487874s :* Native Machine:      AMD64
DEBUG [IRLogger.cpp:114] @ 0.487889s :* Machine:             AMD64
DEBUG [IRLogger.cpp:116] @ 0.487909s :* OS:                  Windows 10 0 19045
DEBUG [IRLogger.cpp:123] @ 0.487922s :***************************************************
DEBUG [IRDeviceParams.cpp:204] @ 0.488522s :Parameters
DEBUG [IRDeviceParams.cpp:205] @ 0.488552s :serial: 20052193
DEBUG [IRDeviceParams.cpp:206] @ 0.488652s :videoformatindex: 0
DEBUG [IRDeviceParams.cpp:207] @ 0.48867s :fov: 33
DEBUG [IRDeviceParams.cpp:208] @ 0.488685s :optics_text: 000001EFE563F2A0
DEBUG [IRDeviceParams.cpp:209] @ 0.488698s :formatspath: 000001EFE563F300
DEBUG [IRDeviceParams.cpp:210] @ 0.488711s :calipath: 0000000000000000
DEBUG [IRDeviceParams.cpp:211] @ 0.488723s :temperature min: 0
DEBUG [IRDeviceParams.cpp:212] @ 0.488735s :temperature max: 250
DEBUG [IRDeviceParams.cpp:213] @ 0.48875s :framerate: 32
DEBUG [IRDeviceParams.cpp:214] @ 0.488764s :bispectral: 0
DEBUG [IRDeviceParams.cpp:215] @ 0.488776s :flag automatic: 0
DEBUG [IRDeviceParams.cpp:216] @ 0.488789s :min interval: 15
DEBUG [IRDeviceParams.cpp:217] @ 0.488802s :max interval: 0
DEBUG [IRDeviceParams.cpp:218] @ 0.488815s :chip heating mode: 0
DEBUG [IRDeviceParams.cpp:219] @ 0.488828s :chip heating fixed val: 40
DEBUG [IRDeviceParams.cpp:220] @ 0.488843s :focus:  -1
DEBUG [IRDeviceParams.cpp:221] @ 0.488857s :enable extended temp range: 0
DEBUG [IRDeviceParams.cpp:222] @ 0.488869s :buffer queue size: 5
DEBUG [IRDeviceParams.cpp:223] @ 0.48888s :enable high precision: 0
DEBUG [IRDeviceParams.cpp:224] @ 0.488919s :radialDistortionCorrectionMode: 0
DEBUG [IRDeviceParams.cpp:225] @ 0.488998s :deviceAPI: 0
DEBUG [IRDeviceParams.cpp:226] @ 0.489014s :useExternalProbeForReferencing: 0
DEBUG [IRDeviceParams.cpp:227] @ 0.489028s :enableMultiThreading: 0
DEBUG [IRDeviceParams.cpp:232] @ 0.489043s :ethernetDevice.deviceIpAddress: 0.0.0.0
DEBUG [IRDeviceParams.cpp:233] @ 0.489055s :ethernetDevice.localUdpPort: 0
DEBUG [IRDeviceParams.cpp:234] @ 0.489069s :ethernetDevice.checkUdpSenderIp: 1
DEBUG [IRImager.cpp:1107] @ 0.641876s :Start flag calibration
DEBUG [Cali.cpp:87] @ 0.671628s :Calibration directory path: C:\Users\u0173846\AppData\Roaming\Imager\Cali
DEBUG [Cali.cpp:88] @ 0.67166s :Calibration file name: Cali-20052193.xml
DEBUG [Cali.cpp:98] @ 0.672153s :Calibration data A: 1450 B:1500 C:4095 D:1500
INFO [IRImager.cpp:266] @ 0.673434s :Init thermal imager to 20052193 with size: 642x480@32 Hz
DEBUG [Cali.cpp:87] @ 0.673752s :Calibration directory path: C:\Users\u0173846\AppData\Roaming\Imager\Cali
DEBUG [Cali.cpp:88] @ 0.673769s :Calibration file name: Cali-20052193.xml
DEBUG [Cali.cpp:98] @ 0.674228s :Calibration data A: 1450 B:1500 C:4095 D:1500
DEBUG [IRImager.cpp:374] @ 0.67523s :Using HID control interface
DEBUG [IRImager.cpp:414] @ 0.697841s :Initialized HID control interface to device with HW:601 FW:2633
DEBUG [IRImager.cpp:435] @ 0.697926s :Frameconfig - width(in): 642, height(in): 480, interval: 312500, max framerate: 32, HW interval: 0.03125
DEBUG [Cali.cpp:87] @ 0.697947s :Calibration directory path: C:\Users\u0173846\AppData\Roaming\Imager\Cali
DEBUG [Cali.cpp:88] @ 0.697961s :Calibration file name: Cali-20052193.xml
DEBUG [Cali.cpp:98] @ 0.698452s :Calibration data A: 1450 B:1500 C:4095 D:1500
DEBUG [ImageProcessing.cpp:200] @ 0.725974s :Source buffer size: 616320 Width: 642 Height: 480
DEBUG [ImageProcessing.cpp:121] @ 0.765972s :Source buffer size: 616320 Width: 642 Height: 480
DEBUG [OpSource.cpp:347] @ 0.766052s :Using formats path: .\\Formats.def
DEBUG [OpSource.cpp:598] @ 0.766204s :Format found with size: 25
DEBUG [IRImager.cpp:841] @ 0.766898s :Caught onFrameInit with size: 640x480
DEBUG [OpSource.cpp:347] @ 0.768766s :Using formats path: .\\Formats.def
DEBUG [OpSource.cpp:598] @ 0.768914s :Format found with size: 25
DEBUG [OpSource.cpp:347] @ 0.76898s :Using formats path: .\\Formats.def
DEBUG [OpCorr.cpp:467] @ 0.773304s :Read cali: C:\Users\u0173846\AppData\Roaming\Imager\Cali\Cali-20052193-33-0-250.dat
DEBUG [OpCorr.cpp:557] @ 0.77339s :Read calibration of camera no 20052193, # of fields: 6 , start of fields: 40
DEBUG [ImageProcessing.cpp:1108] @ 1.03734s :Update flag temperature: 31.125
DEBUG [ImageProcessing.cpp:1111] @ 1.04097s :Update box temperature: 28.9375
DEBUG [Cali.cpp:639] @ 1.041s :Calibration file path: 000001EFE54F0204/00000059F9DEC890.xml
DEBUG [SimpleXML.cpp:238] @ 1.04112s :Failed to open file C:\Users\u0173846\AppData\Roaming\Imager\Cali\CaliExt-20052193.xml
DEBUG [IRImager.cpp:547] @ 1.05274s :Chip heating disabled
DEBUG [direct_binding.cpp:300] @ 1.0613s :evo_irimager_multi_usb_init with config: 6060300f.xml
DEBUG [direct_binding.cpp:301] @ 1.06134s :evo_irimager_multi_usb_init connected returned: 1
DEBUG [IRImager.cpp:1107] @ 1.13916s :Start flag calibration
