DEBUG [IRLogger.cpp:105] @ 0.0003973s :***************************************************
DEBUG [IRLogger.cpp:106] @ 0.0004711s :* IRImagerDirect SDK                              *
DEBUG [IRLogger.cpp:107] @ 0.0004997s :***************************************************
DEBUG [IRLogger.cpp:113] @ 0.0005245s :* Native Machine:      AMD64
DEBUG [IRLogger.cpp:114] @ 0.0005466s :* Machine:             AMD64
DEBUG [IRLogger.cpp:116] @ 0.0005725s :* OS:                  Windows 10 0 19045
DEBUG [IRLogger.cpp:123] @ 0.0005935s :***************************************************
DEBUG [IRDeviceParams.cpp:204] @ 0.0011316s :Parameters
DEBUG [IRDeviceParams.cpp:205] @ 0.0011499s :serial: 17092037
DEBUG [IRDeviceParams.cpp:206] @ 0.0011619s :videoformatindex: 2
DEBUG [IRDeviceParams.cpp:207] @ 0.0011735s :fov: 0
DEBUG [IRDeviceParams.cpp:208] @ 0.0011854s :optics_text: 0000023FB342A230
DEBUG [IRDeviceParams.cpp:209] @ 0.0011985s :formatspath: 0000023FB342A240
DEBUG [IRDeviceParams.cpp:210] @ 0.0012102s :calipath: 0000000000000000
DEBUG [IRDeviceParams.cpp:211] @ 0.0012215s :temperature min: 500
DEBUG [IRDeviceParams.cpp:212] @ 0.0012333s :temperature max: 1800
DEBUG [IRDeviceParams.cpp:213] @ 0.0012483s :framerate: 32
DEBUG [IRDeviceParams.cpp:214] @ 0.0012807s :bispectral: 0
DEBUG [IRDeviceParams.cpp:215] @ 0.0012943s :flag automatic: 0
DEBUG [IRDeviceParams.cpp:216] @ 0.0013086s :min interval: 15
DEBUG [IRDeviceParams.cpp:217] @ 0.001321s :max interval: 0
DEBUG [IRDeviceParams.cpp:218] @ 0.0013333s :chip heating mode: 0
DEBUG [IRDeviceParams.cpp:219] @ 0.0013467s :chip heating fixed val: 40
DEBUG [IRDeviceParams.cpp:220] @ 0.0013597s :focus:  -1
DEBUG [IRDeviceParams.cpp:221] @ 0.0013731s :enable extended temp range: 0
DEBUG [IRDeviceParams.cpp:222] @ 0.0013858s :buffer queue size: 5
DEBUG [IRDeviceParams.cpp:223] @ 0.0013988s :enable high precision: 0
DEBUG [IRDeviceParams.cpp:224] @ 0.001412s :radialDistortionCorrectionMode: 0
DEBUG [IRDeviceParams.cpp:225] @ 0.0014246s :deviceAPI: 0
DEBUG [IRDeviceParams.cpp:226] @ 0.0014375s :useExternalProbeForReferencing: 0
DEBUG [IRDeviceParams.cpp:227] @ 0.0014517s :enableMultiThreading: 0
DEBUG [IRDeviceParams.cpp:232] @ 0.0014878s :ethernetDevice.deviceIpAddress: 0.0.0.0
DEBUG [IRDeviceParams.cpp:233] @ 0.0015015s :ethernetDevice.localUdpPort: 0
DEBUG [IRDeviceParams.cpp:234] @ 0.0015143s :ethernetDevice.checkUdpSenderIp: 1
DEBUG [Cali.cpp:87] @ 0.293269s :Calibration directory path: C:\Users\u0173846\AppData\Roaming\Imager\Cali
DEBUG [Cali.cpp:88] @ 0.293298s :Calibration file name: Cali-17092037.xml
DEBUG [Cali.cpp:98] @ 0.293608s :Calibration data A: 1450 B:470 C:4095 D:1500
INFO [IRImager.cpp:266] @ 0.294208s :Init thermal imager to 17092037 with size: 766x480@32 Hz
DEBUG [Cali.cpp:87] @ 0.294477s :Calibration directory path: C:\Users\u0173846\AppData\Roaming\Imager\Cali
DEBUG [Cali.cpp:88] @ 0.294493s :Calibration file name: Cali-17092037.xml
DEBUG [Cali.cpp:98] @ 0.294766s :Calibration data A: 1450 B:470 C:4095 D:1500
DEBUG [IRImager.cpp:374] @ 0.295376s :Using HID control interface
DEBUG [IRImager.cpp:414] @ 0.376043s :Initialized HID control interface to device with HW:2101 FW:2820
DEBUG [IRImager.cpp:435] @ 0.376096s :Frameconfig - width(in): 766, height(in): 480, interval: 312500, max framerate: 32, HW interval: 0.03125
DEBUG [Cali.cpp:87] @ 0.376116s :Calibration directory path: C:\Users\u0173846\AppData\Roaming\Imager\Cali
DEBUG [Cali.cpp:88] @ 0.376129s :Calibration file name: Cali-17092037.xml
DEBUG [Cali.cpp:98] @ 0.376498s :Calibration data A: 1450 B:470 C:4095 D:1500
DEBUG [ImageProcessing.cpp:200] @ 0.380943s :Source buffer size: 735360 Width: 766 Height: 480
DEBUG [ImageProcessing.cpp:121] @ 0.417072s :Source buffer size: 735360 Width: 766 Height: 480
DEBUG [OpSource.cpp:347] @ 0.417185s :Using formats path: .\\Formats.def
DEBUG [OpSource.cpp:598] @ 0.417376s :Format found with size: 14
DEBUG [IRImager.cpp:841] @ 0.418108s :Caught onFrameInit with size: 764x480
DEBUG [OpSource.cpp:347] @ 0.420311s :Using formats path: .\\Formats.def
DEBUG [OpSource.cpp:598] @ 0.4205s :Format found with size: 14
DEBUG [OpSource.cpp:347] @ 0.420561s :Using formats path: .\\Formats.def
DEBUG [OpCorr.cpp:467] @ 0.423078s :Read cali: C:\Users\u0173846\AppData\Roaming\Imager\Cali\Cali-17092037-25-500-1800-32.dat
DEBUG [ImageProcessing.cpp:1108] @ 0.4563s :Update flag temperature: -10.4375
DEBUG [ImageProcessing.cpp:1111] @ 0.458415s :Update box temperature: -10.4375
DEBUG [Cali.cpp:639] @ 0.458458s :Calibration file path: 0000023FB613CF74/0000006EE97ECCA0.xml
DEBUG [SimpleXML.cpp:238] @ 0.458573s :Failed to open file C:\Users\u0173846\AppData\Roaming\Imager\Cali\CaliExt-17092037.xml
DEBUG [IRImager.cpp:547] @ 0.47274s :Chip heating disabled
DEBUG [direct_binding.cpp:300] @ 0.476165s :evo_irimager_multi_usb_init with config: 17092037f.xml
DEBUG [direct_binding.cpp:301] @ 0.476188s :evo_irimager_multi_usb_init connected returned: 1
