DEBUG [IRLogger.cpp:105] @ 0.0003349s :***************************************************
DEBUG [IRLogger.cpp:106] @ 0.0004148s :* IRImagerDirect SDK                              *
DEBUG [IRLogger.cpp:107] @ 0.0004526s :***************************************************
DEBUG [IRLogger.cpp:113] @ 0.0005032s :* Native Machine:      AMD64
DEBUG [IRLogger.cpp:114] @ 0.0005347s :* Machine:             AMD64
DEBUG [IRLogger.cpp:116] @ 0.0005634s :* OS:                  Windows 10 0 19045
DEBUG [IRLogger.cpp:123] @ 0.0005956s :***************************************************
DEBUG [IRDeviceParams.cpp:204] @ 0.0014004s :Parameters
DEBUG [IRDeviceParams.cpp:205] @ 0.0014212s :serial: 17092037
DEBUG [IRDeviceParams.cpp:206] @ 0.001434s :videoformatindex: 2
DEBUG [IRDeviceParams.cpp:207] @ 0.0014471s :fov: 0
DEBUG [IRDeviceParams.cpp:208] @ 0.0014591s :optics_text: 000001B07F394B30
DEBUG [IRDeviceParams.cpp:209] @ 0.0014712s :formatspath: 000001B07F394990
DEBUG [IRDeviceParams.cpp:210] @ 0.0014829s :calipath: 0000000000000000
DEBUG [IRDeviceParams.cpp:211] @ 0.0014959s :temperature min: 500
DEBUG [IRDeviceParams.cpp:212] @ 0.0015307s :temperature max: 1800
DEBUG [IRDeviceParams.cpp:213] @ 0.0015507s :framerate: 32
DEBUG [IRDeviceParams.cpp:214] @ 0.0015637s :bispectral: 0
DEBUG [IRDeviceParams.cpp:215] @ 0.0015769s :flag automatic: 0
DEBUG [IRDeviceParams.cpp:216] @ 0.0015904s :min interval: 15
DEBUG [IRDeviceParams.cpp:217] @ 0.001603s :max interval: 0
DEBUG [IRDeviceParams.cpp:218] @ 0.0016156s :chip heating mode: 0
DEBUG [IRDeviceParams.cpp:219] @ 0.0016301s :chip heating fixed val: 40
DEBUG [IRDeviceParams.cpp:220] @ 0.0016434s :focus:  -1
DEBUG [IRDeviceParams.cpp:221] @ 0.0016561s :enable extended temp range: 0
DEBUG [IRDeviceParams.cpp:222] @ 0.0016693s :buffer queue size: 5
DEBUG [IRDeviceParams.cpp:223] @ 0.001682s :enable high precision: 0
DEBUG [IRDeviceParams.cpp:224] @ 0.0016946s :radialDistortionCorrectionMode: 0
DEBUG [IRDeviceParams.cpp:225] @ 0.0017076s :deviceAPI: 0
DEBUG [IRDeviceParams.cpp:226] @ 0.0017215s :useExternalProbeForReferencing: 0
DEBUG [IRDeviceParams.cpp:227] @ 0.0017342s :enableMultiThreading: 0
DEBUG [IRDeviceParams.cpp:232] @ 0.0017485s :ethernetDevice.deviceIpAddress: 0.0.0.0
DEBUG [IRDeviceParams.cpp:233] @ 0.0017974s :ethernetDevice.localUdpPort: 0
DEBUG [IRDeviceParams.cpp:234] @ 0.001816s :ethernetDevice.checkUdpSenderIp: 1
DEBUG [Cali.cpp:87] @ 0.312158s :Calibration directory path: C:\Users\u0173846\AppData\Roaming\Imager\Cali
DEBUG [Cali.cpp:88] @ 0.312188s :Calibration file name: Cali-17092037.xml
DEBUG [Cali.cpp:98] @ 0.312498s :Calibration data A: 1450 B:470 C:4095 D:1500
INFO [IRImager.cpp:266] @ 0.31306s :Init thermal imager to 17092037 with size: 766x480@32 Hz
DEBUG [Cali.cpp:87] @ 0.313324s :Calibration directory path: C:\Users\u0173846\AppData\Roaming\Imager\Cali
DEBUG [Cali.cpp:88] @ 0.313341s :Calibration file name: Cali-17092037.xml
DEBUG [Cali.cpp:98] @ 0.313606s :Calibration data A: 1450 B:470 C:4095 D:1500
DEBUG [IRImager.cpp:374] @ 0.314214s :Using HID control interface
DEBUG [IRImager.cpp:414] @ 0.383156s :Initialized HID control interface to device with HW:2101 FW:2820
DEBUG [IRImager.cpp:435] @ 0.383199s :Frameconfig - width(in): 766, height(in): 480, interval: 312500, max framerate: 32, HW interval: 0.03125
DEBUG [Cali.cpp:87] @ 0.383218s :Calibration directory path: C:\Users\u0173846\AppData\Roaming\Imager\Cali
DEBUG [Cali.cpp:88] @ 0.383231s :Calibration file name: Cali-17092037.xml
DEBUG [Cali.cpp:98] @ 0.383569s :Calibration data A: 1450 B:470 C:4095 D:1500
DEBUG [ImageProcessing.cpp:200] @ 0.387985s :Source buffer size: 735360 Width: 766 Height: 480
DEBUG [ImageProcessing.cpp:121] @ 0.423454s :Source buffer size: 735360 Width: 766 Height: 480
DEBUG [OpSource.cpp:347] @ 0.423553s :Using formats path: .\\Formats.def
DEBUG [OpSource.cpp:598] @ 0.423735s :Format found with size: 14
DEBUG [IRImager.cpp:841] @ 0.424545s :Caught onFrameInit with size: 764x480
DEBUG [OpSource.cpp:347] @ 0.426651s :Using formats path: .\\Formats.def
DEBUG [OpSource.cpp:598] @ 0.426818s :Format found with size: 14
DEBUG [OpSource.cpp:347] @ 0.426872s :Using formats path: .\\Formats.def
DEBUG [OpCorr.cpp:467] @ 0.429126s :Read cali: C:\Users\u0173846\AppData\Roaming\Imager\Cali\Cali-17092037-25-500-1800-32.dat
DEBUG [ImageProcessing.cpp:1108] @ 0.463534s :Update flag temperature: 34.625
DEBUG [ImageProcessing.cpp:1111] @ 0.465345s :Update box temperature: 34.625
DEBUG [Cali.cpp:639] @ 0.465389s :Calibration file path: 000001B07F4D0B34/000000394B9ECA40.xml
DEBUG [SimpleXML.cpp:238] @ 0.4655s :Failed to open file C:\Users\u0173846\AppData\Roaming\Imager\Cali\CaliExt-17092037.xml
DEBUG [IRImager.cpp:547] @ 0.477811s :Chip heating disabled
DEBUG [direct_binding.cpp:300] @ 0.481975s :evo_irimager_multi_usb_init with config: 17092037f.xml
DEBUG [direct_binding.cpp:301] @ 0.482012s :evo_irimager_multi_usb_init connected returned: 1
DEBUG [IRLogger.cpp:105] @ 0.483139s :***************************************************
DEBUG [IRLogger.cpp:106] @ 0.483181s :* IRImagerDirect SDK                              *
DEBUG [IRLogger.cpp:107] @ 0.483197s :***************************************************
DEBUG [IRLogger.cpp:113] @ 0.483213s :* Native Machine:      AMD64
DEBUG [IRLogger.cpp:114] @ 0.483227s :* Machine:             AMD64
DEBUG [IRLogger.cpp:116] @ 0.483246s :* OS:                  Windows 10 0 19045
DEBUG [IRLogger.cpp:123] @ 0.483275s :***************************************************
DEBUG [IRDeviceParams.cpp:204] @ 0.483707s :Parameters
DEBUG [IRDeviceParams.cpp:205] @ 0.483727s :serial: 20052193
DEBUG [IRDeviceParams.cpp:206] @ 0.483741s :videoformatindex: 0
DEBUG [IRDeviceParams.cpp:207] @ 0.483754s :fov: 33
DEBUG [IRDeviceParams.cpp:208] @ 0.483767s :optics_text: 000001B014046A00
DEBUG [IRDeviceParams.cpp:209] @ 0.483782s :formatspath: 000001B014046B40
DEBUG [IRDeviceParams.cpp:210] @ 0.483795s :calipath: 0000000000000000
DEBUG [IRDeviceParams.cpp:211] @ 0.483807s :temperature min: 0
DEBUG [IRDeviceParams.cpp:212] @ 0.483822s :temperature max: 250
DEBUG [IRDeviceParams.cpp:213] @ 0.483837s :framerate: 32
DEBUG [IRDeviceParams.cpp:214] @ 0.48385s :bispectral: 0
DEBUG [IRDeviceParams.cpp:215] @ 0.483862s :flag automatic: 0
DEBUG [IRDeviceParams.cpp:216] @ 0.483874s :min interval: 15
DEBUG [IRDeviceParams.cpp:217] @ 0.483912s :max interval: 0
DEBUG [IRDeviceParams.cpp:218] @ 0.483939s :chip heating mode: 0
DEBUG [IRDeviceParams.cpp:219] @ 0.483968s :chip heating fixed val: 40
DEBUG [IRDeviceParams.cpp:220] @ 0.483999s :focus:  -1
DEBUG [IRDeviceParams.cpp:221] @ 0.484023s :enable extended temp range: 0
DEBUG [IRDeviceParams.cpp:222] @ 0.484046s :buffer queue size: 5
DEBUG [IRDeviceParams.cpp:223] @ 0.484078s :enable high precision: 0
DEBUG [IRDeviceParams.cpp:224] @ 0.4841s :radialDistortionCorrectionMode: 0
DEBUG [IRDeviceParams.cpp:225] @ 0.484123s :deviceAPI: 0
DEBUG [IRDeviceParams.cpp:226] @ 0.484154s :useExternalProbeForReferencing: 0
DEBUG [IRDeviceParams.cpp:227] @ 0.48417s :enableMultiThreading: 0
DEBUG [IRDeviceParams.cpp:232] @ 0.484196s :ethernetDevice.deviceIpAddress: 0.0.0.0
DEBUG [IRDeviceParams.cpp:233] @ 0.484221s :ethernetDevice.localUdpPort: 0
DEBUG [IRDeviceParams.cpp:234] @ 0.484241s :ethernetDevice.checkUdpSenderIp: 1
DEBUG [IRImager.cpp:1107] @ 0.637592s :Start flag calibration
DEBUG [Cali.cpp:87] @ 0.65006s :Calibration directory path: C:\Users\u0173846\AppData\Roaming\Imager\Cali
DEBUG [Cali.cpp:88] @ 0.65009s :Calibration file name: Cali-20052193.xml
DEBUG [Cali.cpp:98] @ 0.65051s :Calibration data A: 1450 B:1500 C:4095 D:1500
INFO [IRImager.cpp:266] @ 0.65152s :Init thermal imager to 20052193 with size: 642x480@32 Hz
DEBUG [Cali.cpp:87] @ 0.651777s :Calibration directory path: C:\Users\u0173846\AppData\Roaming\Imager\Cali
DEBUG [Cali.cpp:88] @ 0.651793s :Calibration file name: Cali-20052193.xml
DEBUG [Cali.cpp:98] @ 0.652171s :Calibration data A: 1450 B:1500 C:4095 D:1500
DEBUG [IRImager.cpp:374] @ 0.652936s :Using HID control interface
DEBUG [IRImager.cpp:414] @ 0.663327s :Initialized HID control interface to device with HW:601 FW:2633
DEBUG [IRImager.cpp:435] @ 0.663382s :Frameconfig - width(in): 642, height(in): 480, interval: 312500, max framerate: 32, HW interval: 0.03125
DEBUG [Cali.cpp:87] @ 0.6634s :Calibration directory path: C:\Users\u0173846\AppData\Roaming\Imager\Cali
DEBUG [Cali.cpp:88] @ 0.663412s :Calibration file name: Cali-20052193.xml
DEBUG [Cali.cpp:98] @ 0.663823s :Calibration data A: 1450 B:1500 C:4095 D:1500
DEBUG [ImageProcessing.cpp:200] @ 0.69158s :Source buffer size: 616320 Width: 642 Height: 480
DEBUG [ImageProcessing.cpp:121] @ 0.732121s :Source buffer size: 616320 Width: 642 Height: 480
DEBUG [OpSource.cpp:347] @ 0.732227s :Using formats path: .\\Formats.def
DEBUG [OpSource.cpp:598] @ 0.732398s :Format found with size: 25
DEBUG [IRImager.cpp:841] @ 0.733161s :Caught onFrameInit with size: 640x480
DEBUG [OpSource.cpp:347] @ 0.734984s :Using formats path: .\\Formats.def
DEBUG [OpSource.cpp:598] @ 0.735106s :Format found with size: 25
DEBUG [OpSource.cpp:347] @ 0.73516s :Using formats path: .\\Formats.def
DEBUG [OpCorr.cpp:467] @ 0.739342s :Read cali: C:\Users\u0173846\AppData\Roaming\Imager\Cali\Cali-20052193-33-0-250.dat
DEBUG [OpCorr.cpp:557] @ 0.739412s :Read calibration of camera no 20052193, # of fields: 6 , start of fields: 40
DEBUG [ImageProcessing.cpp:1108] @ 1.00244s :Update flag temperature: 31.625
DEBUG [ImageProcessing.cpp:1111] @ 1.0062s :Update box temperature: 29.1875
DEBUG [Cali.cpp:639] @ 1.00623s :Calibration file path: 000001B013F1DF44/000000394B9ECA40.xml
DEBUG [SimpleXML.cpp:238] @ 1.00633s :Failed to open file C:\Users\u0173846\AppData\Roaming\Imager\Cali\CaliExt-20052193.xml
DEBUG [IRImager.cpp:547] @ 1.01781s :Chip heating disabled
DEBUG [direct_binding.cpp:300] @ 1.02673s :evo_irimager_multi_usb_init with config: 6060300f.xml
DEBUG [direct_binding.cpp:301] @ 1.02679s :evo_irimager_multi_usb_init connected returned: 1
DEBUG [IRImager.cpp:1107] @ 1.11944s :Start flag calibration
DEBUG [OpFlag.cpp:591] @ 11.5983s :SkimDiff: 0 Adjust: 0 State: 0 EMax: 8624 Emin: 8390
DEBUG [OpFlag.cpp:591] @ 12.0256s :SkimDiff: 0 Adjust: 0 State: 0 EMax: 12751 Emin: 4935
DEBUG [IRImager.cpp:1121] @ 12.0569s :Finished startup calibration
DEBUG [IRImager.cpp:1121] @ 12.3323s :Finished startup calibration
