DEBUG [IRLogger.cpp:105] @ 0.489551s :***************************************************
DEBUG [IRLogger.cpp:106] @ 0.489627s :* IRImagerDirect SDK                              *
DEBUG [IRLogger.cpp:107] @ 0.489666s :***************************************************
DEBUG [IRLogger.cpp:113] @ 0.489694s :* Native Machine:      AMD64
DEBUG [IRLogger.cpp:114] @ 0.489718s :* Machine:             AMD64
DEBUG [IRLogger.cpp:116] @ 0.489748s :* OS:                  Windows 10 0 19045
DEBUG [IRLogger.cpp:123] @ 0.489768s :***************************************************
DEBUG [IRDeviceParams.cpp:204] @ 0.49035s :Parameters
DEBUG [IRDeviceParams.cpp:205] @ 0.490368s :serial: 20052193
DEBUG [IRDeviceParams.cpp:206] @ 0.490381s :videoformatindex: 0
DEBUG [IRDeviceParams.cpp:207] @ 0.490393s :fov: 33
DEBUG [IRDeviceParams.cpp:208] @ 0.490405s :optics_text: 000002535F93F860
DEBUG [IRDeviceParams.cpp:209] @ 0.490419s :formatspath: 000002535F93F690
DEBUG [IRDeviceParams.cpp:210] @ 0.490431s :calipath: 0000000000000000
DEBUG [IRDeviceParams.cpp:211] @ 0.490443s :temperature min: 0
DEBUG [IRDeviceParams.cpp:212] @ 0.490454s :temperature max: 250
DEBUG [IRDeviceParams.cpp:213] @ 0.490468s :framerate: 32
DEBUG [IRDeviceParams.cpp:214] @ 0.49048s :bispectral: 0
DEBUG [IRDeviceParams.cpp:215] @ 0.490491s :flag automatic: 0
DEBUG [IRDeviceParams.cpp:216] @ 0.490504s :min interval: 15
DEBUG [IRDeviceParams.cpp:217] @ 0.490516s :max interval: 0
DEBUG [IRDeviceParams.cpp:218] @ 0.490527s :chip heating mode: 0
DEBUG [IRDeviceParams.cpp:219] @ 0.490539s :chip heating fixed val: 40
DEBUG [IRDeviceParams.cpp:220] @ 0.490552s :focus:  -1
DEBUG [IRDeviceParams.cpp:221] @ 0.490564s :enable extended temp range: 0
DEBUG [IRDeviceParams.cpp:222] @ 0.490576s :buffer queue size: 5
DEBUG [IRDeviceParams.cpp:223] @ 0.490588s :enable high precision: 0
DEBUG [IRDeviceParams.cpp:224] @ 0.490599s :radialDistortionCorrectionMode: 0
DEBUG [IRDeviceParams.cpp:225] @ 0.49061s :deviceAPI: 0
DEBUG [IRDeviceParams.cpp:226] @ 0.490622s :useExternalProbeForReferencing: 0
DEBUG [IRDeviceParams.cpp:227] @ 0.490634s :enableMultiThreading: 0
DEBUG [IRDeviceParams.cpp:232] @ 0.490646s :ethernetDevice.deviceIpAddress: 0.0.0.0
DEBUG [IRDeviceParams.cpp:233] @ 0.490658s :ethernetDevice.localUdpPort: 0
DEBUG [IRDeviceParams.cpp:234] @ 0.490669s :ethernetDevice.checkUdpSenderIp: 1
DEBUG [IRImager.cpp:1107] @ 0.644631s :Start flag calibration
DEBUG [Cali.cpp:87] @ 0.661224s :Calibration directory path: C:\Users\u0173846\AppData\Roaming\Imager\Cali
DEBUG [Cali.cpp:88] @ 0.661256s :Calibration file name: Cali-20052193.xml
DEBUG [Cali.cpp:98] @ 0.661701s :Calibration data A: 1450 B:1500 C:4095 D:1500
INFO [IRImager.cpp:266] @ 0.662787s :Init thermal imager to 20052193 with size: 642x480@32 Hz
DEBUG [Cali.cpp:87] @ 0.663053s :Calibration directory path: C:\Users\u0173846\AppData\Roaming\Imager\Cali
DEBUG [Cali.cpp:88] @ 0.663069s :Calibration file name: Cali-20052193.xml
DEBUG [Cali.cpp:98] @ 0.663451s :Calibration data A: 1450 B:1500 C:4095 D:1500
DEBUG [IRImager.cpp:374] @ 0.664233s :Using HID control interface
DEBUG [IRImager.cpp:414] @ 0.674906s :Initialized HID control interface to device with HW:601 FW:2633
DEBUG [IRImager.cpp:435] @ 0.674953s :Frameconfig - width(in): 642, height(in): 480, interval: 312500, max framerate: 32, HW interval: 0.03125
DEBUG [Cali.cpp:87] @ 0.67497s :Calibration directory path: C:\Users\u0173846\AppData\Roaming\Imager\Cali
DEBUG [Cali.cpp:88] @ 0.674985s :Calibration file name: Cali-20052193.xml
DEBUG [Cali.cpp:98] @ 0.675502s :Calibration data A: 1450 B:1500 C:4095 D:1500
DEBUG [ImageProcessing.cpp:200] @ 0.703223s :Source buffer size: 616320 Width: 642 Height: 480
DEBUG [ImageProcessing.cpp:121] @ 0.743523s :Source buffer size: 616320 Width: 642 Height: 480
DEBUG [OpSource.cpp:347] @ 0.743626s :Using formats path: .\\Formats.def
DEBUG [OpSource.cpp:598] @ 0.743806s :Format found with size: 25
DEBUG [IRImager.cpp:841] @ 0.744572s :Caught onFrameInit with size: 640x480
DEBUG [OpSource.cpp:347] @ 0.746454s :Using formats path: .\\Formats.def
DEBUG [OpSource.cpp:598] @ 0.746646s :Format found with size: 25
DEBUG [OpSource.cpp:347] @ 0.746714s :Using formats path: .\\Formats.def
DEBUG [OpCorr.cpp:467] @ 0.750948s :Read cali: C:\Users\u0173846\AppData\Roaming\Imager\Cali\Cali-20052193-33-0-250.dat
DEBUG [OpCorr.cpp:557] @ 0.751026s :Read calibration of camera no 20052193, # of fields: 6 , start of fields: 40
DEBUG [ImageProcessing.cpp:1108] @ 1.01546s :Update flag temperature: 31.5625
DEBUG [ImageProcessing.cpp:1111] @ 1.01922s :Update box temperature: 29.25
DEBUG [Cali.cpp:639] @ 1.01925s :Calibration file path: 000002535FA0D734/000000B5BB9EC8D0.xml
DEBUG [SimpleXML.cpp:238] @ 1.01933s :Failed to open file C:\Users\u0173846\AppData\Roaming\Imager\Cali\CaliExt-20052193.xml
DEBUG [IRImager.cpp:547] @ 1.03098s :Chip heating disabled
DEBUG [direct_binding.cpp:300] @ 1.03936s :evo_irimager_multi_usb_init with config: 6060300f.xml
DEBUG [direct_binding.cpp:301] @ 1.0394s :evo_irimager_multi_usb_init connected returned: 1
DEBUG [IRImager.cpp:1107] @ 1.14789s :Start flag calibration
