DEBUG [IRLogger.cpp:105] @ 0.0003449s :***************************************************
DEBUG [IRLogger.cpp:106] @ 0.0004206s :* IRImagerDirect SDK                              *
DEBUG [IRLogger.cpp:107] @ 0.0004513s :***************************************************
DEBUG [IRLogger.cpp:113] @ 0.000476s :* Native Machine:      AMD64
DEBUG [IRLogger.cpp:114] @ 0.0005078s :* Machine:             AMD64
DEBUG [IRLogger.cpp:116] @ 0.0006018s :* OS:                  Windows 10 0 19045
DEBUG [IRLogger.cpp:123] @ 0.0006294s :***************************************************
DEBUG [IRDeviceParams.cpp:204] @ 0.0012703s :Parameters
DEBUG [IRDeviceParams.cpp:205] @ 0.00129s :serial: 17092037
DEBUG [IRDeviceParams.cpp:206] @ 0.001303s :videoformatindex: 2
DEBUG [IRDeviceParams.cpp:207] @ 0.001315s :fov: 0
DEBUG [IRDeviceParams.cpp:208] @ 0.0013274s :optics_text: 00000213FF996300
DEBUG [IRDeviceParams.cpp:209] @ 0.0013397s :formatspath: 00000213FF995F70
DEBUG [IRDeviceParams.cpp:210] @ 0.0013518s :calipath: 0000000000000000
DEBUG [IRDeviceParams.cpp:211] @ 0.0013637s :temperature min: 500
DEBUG [IRDeviceParams.cpp:212] @ 0.0013754s :temperature max: 1800
DEBUG [IRDeviceParams.cpp:213] @ 0.0013901s :framerate: 32
DEBUG [IRDeviceParams.cpp:214] @ 0.0014022s :bispectral: 0
DEBUG [IRDeviceParams.cpp:215] @ 0.0014137s :flag automatic: 0
DEBUG [IRDeviceParams.cpp:216] @ 0.0014259s :min interval: 15
DEBUG [IRDeviceParams.cpp:217] @ 0.0014382s :max interval: 0
DEBUG [IRDeviceParams.cpp:218] @ 0.0014524s :chip heating mode: 0
DEBUG [IRDeviceParams.cpp:219] @ 0.001546s :chip heating fixed val: 40
DEBUG [IRDeviceParams.cpp:220] @ 0.0015636s :focus:  -1
DEBUG [IRDeviceParams.cpp:221] @ 0.0015787s :enable extended temp range: 0
DEBUG [IRDeviceParams.cpp:222] @ 0.0015926s :buffer queue size: 5
DEBUG [IRDeviceParams.cpp:223] @ 0.0016065s :enable high precision: 0
DEBUG [IRDeviceParams.cpp:224] @ 0.0016207s :radialDistortionCorrectionMode: 0
DEBUG [IRDeviceParams.cpp:225] @ 0.0016345s :deviceAPI: 0
DEBUG [IRDeviceParams.cpp:226] @ 0.0016477s :useExternalProbeForReferencing: 0
DEBUG [IRDeviceParams.cpp:227] @ 0.0016622s :enableMultiThreading: 0
DEBUG [IRDeviceParams.cpp:232] @ 0.0016765s :ethernetDevice.deviceIpAddress: 0.0.0.0
DEBUG [IRDeviceParams.cpp:233] @ 0.0016895s :ethernetDevice.localUdpPort: 0
DEBUG [IRDeviceParams.cpp:234] @ 0.0017041s :ethernetDevice.checkUdpSenderIp: 1
DEBUG [Cali.cpp:87] @ 0.299776s :Calibration directory path: C:\Users\u0173846\AppData\Roaming\Imager\Cali
DEBUG [Cali.cpp:88] @ 0.299808s :Calibration file name: Cali-17092037.xml
DEBUG [Cali.cpp:98] @ 0.300153s :Calibration data A: 1450 B:470 C:4095 D:1500
INFO [IRImager.cpp:266] @ 0.300846s :Init thermal imager to 17092037 with size: 766x480@32 Hz
DEBUG [Cali.cpp:87] @ 0.301165s :Calibration directory path: C:\Users\u0173846\AppData\Roaming\Imager\Cali
DEBUG [Cali.cpp:88] @ 0.301182s :Calibration file name: Cali-17092037.xml
DEBUG [Cali.cpp:98] @ 0.301474s :Calibration data A: 1450 B:470 C:4095 D:1500
DEBUG [IRImager.cpp:374] @ 0.302178s :Using HID control interface
DEBUG [IRImager.cpp:414] @ 0.382618s :Initialized HID control interface to device with HW:2101 FW:2820
DEBUG [IRImager.cpp:435] @ 0.382658s :Frameconfig - width(in): 766, height(in): 480, interval: 312500, max framerate: 32, HW interval: 0.03125
DEBUG [Cali.cpp:87] @ 0.382677s :Calibration directory path: C:\Users\u0173846\AppData\Roaming\Imager\Cali
DEBUG [Cali.cpp:88] @ 0.38269s :Calibration file name: Cali-17092037.xml
DEBUG [Cali.cpp:98] @ 0.383044s :Calibration data A: 1450 B:470 C:4095 D:1500
DEBUG [ImageProcessing.cpp:200] @ 0.387243s :Source buffer size: 735360 Width: 766 Height: 480
DEBUG [ImageProcessing.cpp:121] @ 0.421114s :Source buffer size: 735360 Width: 766 Height: 480
DEBUG [OpSource.cpp:347] @ 0.421231s :Using formats path: .\\Formats.def
DEBUG [OpSource.cpp:598] @ 0.421426s :Format found with size: 14
DEBUG [IRImager.cpp:841] @ 0.422144s :Caught onFrameInit with size: 764x480
DEBUG [OpSource.cpp:347] @ 0.424251s :Using formats path: .\\Formats.def
DEBUG [OpSource.cpp:598] @ 0.424438s :Format found with size: 14
DEBUG [OpSource.cpp:347] @ 0.424505s :Using formats path: .\\Formats.def
DEBUG [OpCorr.cpp:467] @ 0.426707s :Read cali: C:\Users\u0173846\AppData\Roaming\Imager\Cali\Cali-17092037-25-500-1800-32.dat
DEBUG [ImageProcessing.cpp:1108] @ 0.460865s :Update flag temperature: 35.25
DEBUG [ImageProcessing.cpp:1111] @ 0.462735s :Update box temperature: 35.25
DEBUG [Cali.cpp:639] @ 0.462763s :Calibration file path: 000002138C192064/000000A4C31ECA40.xml
DEBUG [SimpleXML.cpp:238] @ 0.462896s :Failed to open file C:\Users\u0173846\AppData\Roaming\Imager\Cali\CaliExt-17092037.xml
DEBUG [IRImager.cpp:547] @ 0.475863s :Chip heating disabled
DEBUG [direct_binding.cpp:300] @ 0.479485s :evo_irimager_multi_usb_init with config: 17092037f.xml
DEBUG [direct_binding.cpp:301] @ 0.479526s :evo_irimager_multi_usb_init connected returned: 1
DEBUG [IRLogger.cpp:105] @ 0.480908s :***************************************************
DEBUG [IRLogger.cpp:106] @ 0.480956s :* IRImagerDirect SDK                              *
DEBUG [IRLogger.cpp:107] @ 0.480978s :***************************************************
DEBUG [IRLogger.cpp:113] @ 0.480998s :* Native Machine:      AMD64
DEBUG [IRLogger.cpp:114] @ 0.481019s :* Machine:             AMD64
DEBUG [IRLogger.cpp:116] @ 0.481103s :* OS:                  Windows 10 0 19045
DEBUG [IRLogger.cpp:123] @ 0.481124s :***************************************************
DEBUG [IRDeviceParams.cpp:204] @ 0.481783s :Parameters
DEBUG [IRDeviceParams.cpp:205] @ 0.481808s :serial: 20052193
DEBUG [IRDeviceParams.cpp:206] @ 0.481845s :videoformatindex: 0
DEBUG [IRDeviceParams.cpp:207] @ 0.481886s :fov: 33
DEBUG [IRDeviceParams.cpp:208] @ 0.481907s :optics_text: 000002138C3A5C80
DEBUG [IRDeviceParams.cpp:209] @ 0.481954s :formatspath: 000002138C3A5BA0
DEBUG [IRDeviceParams.cpp:210] @ 0.481977s :calipath: 0000000000000000
DEBUG [IRDeviceParams.cpp:211] @ 0.481996s :temperature min: 0
DEBUG [IRDeviceParams.cpp:212] @ 0.482015s :temperature max: 250
DEBUG [IRDeviceParams.cpp:213] @ 0.482036s :framerate: 32
DEBUG [IRDeviceParams.cpp:214] @ 0.482059s :bispectral: 0
DEBUG [IRDeviceParams.cpp:215] @ 0.482078s :flag automatic: 0
DEBUG [IRDeviceParams.cpp:216] @ 0.482097s :min interval: 15
DEBUG [IRDeviceParams.cpp:217] @ 0.482117s :max interval: 0
DEBUG [IRDeviceParams.cpp:218] @ 0.482142s :chip heating mode: 0
DEBUG [IRDeviceParams.cpp:219] @ 0.482165s :chip heating fixed val: 40
DEBUG [IRDeviceParams.cpp:220] @ 0.482188s :focus:  -1
DEBUG [IRDeviceParams.cpp:221] @ 0.48221s :enable extended temp range: 0
DEBUG [IRDeviceParams.cpp:222] @ 0.482233s :buffer queue size: 5
DEBUG [IRDeviceParams.cpp:223] @ 0.482247s :enable high precision: 0
DEBUG [IRDeviceParams.cpp:224] @ 0.482295s :radialDistortionCorrectionMode: 0
DEBUG [IRDeviceParams.cpp:225] @ 0.482349s :deviceAPI: 0
DEBUG [IRDeviceParams.cpp:226] @ 0.482382s :useExternalProbeForReferencing: 0
DEBUG [IRDeviceParams.cpp:227] @ 0.482412s :enableMultiThreading: 0
DEBUG [IRDeviceParams.cpp:232] @ 0.482448s :ethernetDevice.deviceIpAddress: 0.0.0.0
DEBUG [IRDeviceParams.cpp:233] @ 0.482477s :ethernetDevice.localUdpPort: 0
DEBUG [IRDeviceParams.cpp:234] @ 0.482507s :ethernetDevice.checkUdpSenderIp: 1
DEBUG [IRImager.cpp:1107] @ 0.635749s :Start flag calibration
DEBUG [Cali.cpp:87] @ 0.65878s :Calibration directory path: C:\Users\u0173846\AppData\Roaming\Imager\Cali
DEBUG [Cali.cpp:88] @ 0.658813s :Calibration file name: Cali-20052193.xml
DEBUG [Cali.cpp:98] @ 0.659272s :Calibration data A: 1450 B:1500 C:4095 D:1500
INFO [IRImager.cpp:266] @ 0.660571s :Init thermal imager to 20052193 with size: 642x480@32 Hz
DEBUG [Cali.cpp:87] @ 0.660891s :Calibration directory path: C:\Users\u0173846\AppData\Roaming\Imager\Cali
DEBUG [Cali.cpp:88] @ 0.660908s :Calibration file name: Cali-20052193.xml
DEBUG [Cali.cpp:98] @ 0.661323s :Calibration data A: 1450 B:1500 C:4095 D:1500
DEBUG [IRImager.cpp:374] @ 0.662326s :Using HID control interface
DEBUG [IRImager.cpp:414] @ 0.684122s :Initialized HID control interface to device with HW:601 FW:2633
DEBUG [IRImager.cpp:435] @ 0.684202s :Frameconfig - width(in): 642, height(in): 480, interval: 312500, max framerate: 32, HW interval: 0.03125
DEBUG [Cali.cpp:87] @ 0.684224s :Calibration directory path: C:\Users\u0173846\AppData\Roaming\Imager\Cali
DEBUG [Cali.cpp:88] @ 0.684237s :Calibration file name: Cali-20052193.xml
DEBUG [Cali.cpp:98] @ 0.684702s :Calibration data A: 1450 B:1500 C:4095 D:1500
DEBUG [ImageProcessing.cpp:200] @ 0.712265s :Source buffer size: 616320 Width: 642 Height: 480
DEBUG [ImageProcessing.cpp:121] @ 0.752077s :Source buffer size: 616320 Width: 642 Height: 480
DEBUG [OpSource.cpp:347] @ 0.752157s :Using formats path: .\\Formats.def
DEBUG [OpSource.cpp:598] @ 0.752312s :Format found with size: 25
DEBUG [IRImager.cpp:841] @ 0.752987s :Caught onFrameInit with size: 640x480
DEBUG [OpSource.cpp:347] @ 0.75523s :Using formats path: .\\Formats.def
DEBUG [OpSource.cpp:598] @ 0.755455s :Format found with size: 25
DEBUG [OpSource.cpp:347] @ 0.755571s :Using formats path: .\\Formats.def
DEBUG [OpCorr.cpp:467] @ 0.760063s :Read cali: C:\Users\u0173846\AppData\Roaming\Imager\Cali\Cali-20052193-33-0-250.dat
DEBUG [OpCorr.cpp:557] @ 0.760182s :Read calibration of camera no 20052193, # of fields: 6 , start of fields: 40
DEBUG [ImageProcessing.cpp:1108] @ 1.02636s :Update flag temperature: 31.375
DEBUG [ImageProcessing.cpp:1111] @ 1.0301s :Update box temperature: 29.0625
DEBUG [Cali.cpp:639] @ 1.03014s :Calibration file path: 000002138C202414/000000A4C31ECA40.xml
DEBUG [SimpleXML.cpp:238] @ 1.03029s :Failed to open file C:\Users\u0173846\AppData\Roaming\Imager\Cali\CaliExt-20052193.xml
DEBUG [IRImager.cpp:547] @ 1.04146s :Chip heating disabled
DEBUG [direct_binding.cpp:300] @ 1.05003s :evo_irimager_multi_usb_init with config: 6060300f.xml
DEBUG [direct_binding.cpp:301] @ 1.05009s :evo_irimager_multi_usb_init connected returned: 1
DEBUG [IRImager.cpp:1107] @ 1.15202s :Start flag calibration
