DEBUG [IRLogger.cpp:105] @ 0.000306s :***************************************************
DEBUG [IRLogger.cpp:106] @ 0.0003861s :* IRImagerDirect SDK                              *
DEBUG [IRLogger.cpp:107] @ 0.0004147s :***************************************************
DEBUG [IRLogger.cpp:113] @ 0.0004398s :* Native Machine:      AMD64
DEBUG [IRLogger.cpp:114] @ 0.0004606s :* Machine:             AMD64
DEBUG [IRLogger.cpp:116] @ 0.0004867s :* OS:                  Windows 10 0 19045
DEBUG [IRLogger.cpp:123] @ 0.0005435s :***************************************************
DEBUG [IRDeviceParams.cpp:204] @ 0.0011513s :Parameters
DEBUG [IRDeviceParams.cpp:205] @ 0.001171s :serial: 17092037
DEBUG [IRDeviceParams.cpp:206] @ 0.0011828s :videoformatindex: 2
DEBUG [IRDeviceParams.cpp:207] @ 0.0011942s :fov: 0
DEBUG [IRDeviceParams.cpp:208] @ 0.0012058s :optics_text: 0000022D0D8BF720
DEBUG [IRDeviceParams.cpp:209] @ 0.0012176s :formatspath: 0000022D0D8BF940
DEBUG [IRDeviceParams.cpp:210] @ 0.001229s :calipath: 0000000000000000
DEBUG [IRDeviceParams.cpp:211] @ 0.0012402s :temperature min: 500
DEBUG [IRDeviceParams.cpp:212] @ 0.0012514s :temperature max: 1800
DEBUG [IRDeviceParams.cpp:213] @ 0.0012654s :framerate: 32
DEBUG [IRDeviceParams.cpp:214] @ 0.001277s :bispectral: 0
DEBUG [IRDeviceParams.cpp:215] @ 0.001288s :flag automatic: 0
DEBUG [IRDeviceParams.cpp:216] @ 0.0013151s :min interval: 15
DEBUG [IRDeviceParams.cpp:217] @ 0.001394s :max interval: 0
DEBUG [IRDeviceParams.cpp:218] @ 0.0014172s :chip heating mode: 0
DEBUG [IRDeviceParams.cpp:219] @ 0.0014316s :chip heating fixed val: 40
DEBUG [IRDeviceParams.cpp:220] @ 0.0014448s :focus:  -1
DEBUG [IRDeviceParams.cpp:221] @ 0.0014573s :enable extended temp range: 0
DEBUG [IRDeviceParams.cpp:222] @ 0.0014704s :buffer queue size: 5
DEBUG [IRDeviceParams.cpp:223] @ 0.0014824s :enable high precision: 0
DEBUG [IRDeviceParams.cpp:224] @ 0.001495s :radialDistortionCorrectionMode: 0
DEBUG [IRDeviceParams.cpp:225] @ 0.0015363s :deviceAPI: 0
DEBUG [IRDeviceParams.cpp:226] @ 0.0015648s :useExternalProbeForReferencing: 0
DEBUG [IRDeviceParams.cpp:227] @ 0.0015949s :enableMultiThreading: 0
DEBUG [IRDeviceParams.cpp:232] @ 0.0016097s :ethernetDevice.deviceIpAddress: 0.0.0.0
DEBUG [IRDeviceParams.cpp:233] @ 0.0016226s :ethernetDevice.localUdpPort: 0
DEBUG [IRDeviceParams.cpp:234] @ 0.0016354s :ethernetDevice.checkUdpSenderIp: 1
DEBUG [Cali.cpp:87] @ 0.304135s :Calibration directory path: C:\Users\u0173846\AppData\Roaming\Imager\Cali
DEBUG [Cali.cpp:88] @ 0.304169s :Calibration file name: Cali-17092037.xml
DEBUG [Cali.cpp:98] @ 0.30448s :Calibration data A: 1450 B:470 C:4095 D:1500
INFO [IRImager.cpp:266] @ 0.305039s :Init thermal imager to 17092037 with size: 766x480@32 Hz
DEBUG [Cali.cpp:87] @ 0.305306s :Calibration directory path: C:\Users\u0173846\AppData\Roaming\Imager\Cali
DEBUG [Cali.cpp:88] @ 0.305322s :Calibration file name: Cali-17092037.xml
DEBUG [Cali.cpp:98] @ 0.305586s :Calibration data A: 1450 B:470 C:4095 D:1500
DEBUG [IRImager.cpp:374] @ 0.306186s :Using HID control interface
DEBUG [IRImager.cpp:414] @ 0.375019s :Initialized HID control interface to device with HW:2101 FW:2820
DEBUG [IRImager.cpp:435] @ 0.375064s :Frameconfig - width(in): 766, height(in): 480, interval: 312500, max framerate: 32, HW interval: 0.03125
DEBUG [Cali.cpp:87] @ 0.375083s :Calibration directory path: C:\Users\u0173846\AppData\Roaming\Imager\Cali
DEBUG [Cali.cpp:88] @ 0.375095s :Calibration file name: Cali-17092037.xml
DEBUG [Cali.cpp:98] @ 0.375436s :Calibration data A: 1450 B:470 C:4095 D:1500
DEBUG [ImageProcessing.cpp:200] @ 0.3798s :Source buffer size: 735360 Width: 766 Height: 480
DEBUG [ImageProcessing.cpp:121] @ 0.41342s :Source buffer size: 735360 Width: 766 Height: 480
DEBUG [OpSource.cpp:347] @ 0.413527s :Using formats path: .\\Formats.def
DEBUG [OpSource.cpp:598] @ 0.413712s :Format found with size: 14
DEBUG [IRImager.cpp:841] @ 0.41442s :Caught onFrameInit with size: 764x480
DEBUG [OpSource.cpp:347] @ 0.41665s :Using formats path: .\\Formats.def
DEBUG [OpSource.cpp:598] @ 0.416822s :Format found with size: 14
DEBUG [OpSource.cpp:347] @ 0.416878s :Using formats path: .\\Formats.def
DEBUG [OpCorr.cpp:467] @ 0.41907s :Read cali: C:\Users\u0173846\AppData\Roaming\Imager\Cali\Cali-17092037-25-500-1800-32.dat
DEBUG [ImageProcessing.cpp:1108] @ 0.452438s :Update flag temperature: 35.9375
DEBUG [ImageProcessing.cpp:1111] @ 0.454307s :Update box temperature: 35.9375
DEBUG [Cali.cpp:639] @ 0.454353s :Calibration file path: 0000022D0EE327D4/000000338F1EC6B0.xml
DEBUG [SimpleXML.cpp:238] @ 0.454465s :Failed to open file C:\Users\u0173846\AppData\Roaming\Imager\Cali\CaliExt-17092037.xml
DEBUG [IRImager.cpp:547] @ 0.467167s :Chip heating disabled
DEBUG [direct_binding.cpp:300] @ 0.471301s :evo_irimager_multi_usb_init with config: 17092037f.xml
DEBUG [direct_binding.cpp:301] @ 0.47134s :evo_irimager_multi_usb_init connected returned: 1
DEBUG [IRLogger.cpp:105] @ 0.47227s :***************************************************
DEBUG [IRLogger.cpp:106] @ 0.472304s :* IRImagerDirect SDK                              *
DEBUG [IRLogger.cpp:107] @ 0.472319s :***************************************************
DEBUG [IRLogger.cpp:113] @ 0.472334s :* Native Machine:      AMD64
DEBUG [IRLogger.cpp:114] @ 0.47235s :* Machine:             AMD64
DEBUG [IRLogger.cpp:116] @ 0.472375s :* OS:                  Windows 10 0 19045
DEBUG [IRLogger.cpp:123] @ 0.472393s :***************************************************
DEBUG [IRDeviceParams.cpp:204] @ 0.472864s :Parameters
DEBUG [IRDeviceParams.cpp:205] @ 0.472885s :serial: 20052193
DEBUG [IRDeviceParams.cpp:206] @ 0.472897s :videoformatindex: 0
DEBUG [IRDeviceParams.cpp:207] @ 0.47291s :fov: 33
DEBUG [IRDeviceParams.cpp:208] @ 0.472923s :optics_text: 0000022D0EE7B8B0
DEBUG [IRDeviceParams.cpp:209] @ 0.472935s :formatspath: 0000022D0EE7B7B0
DEBUG [IRDeviceParams.cpp:210] @ 0.472965s :calipath: 0000000000000000
DEBUG [IRDeviceParams.cpp:211] @ 0.473009s :temperature min: 0
DEBUG [IRDeviceParams.cpp:212] @ 0.473055s :temperature max: 250
DEBUG [IRDeviceParams.cpp:213] @ 0.473076s :framerate: 32
DEBUG [IRDeviceParams.cpp:214] @ 0.473094s :bispectral: 0
DEBUG [IRDeviceParams.cpp:215] @ 0.473113s :flag automatic: 0
DEBUG [IRDeviceParams.cpp:216] @ 0.473133s :min interval: 15
DEBUG [IRDeviceParams.cpp:217] @ 0.473151s :max interval: 0
DEBUG [IRDeviceParams.cpp:218] @ 0.473169s :chip heating mode: 0
DEBUG [IRDeviceParams.cpp:219] @ 0.473313s :chip heating fixed val: 40
DEBUG [IRDeviceParams.cpp:220] @ 0.47334s :focus:  -1
DEBUG [IRDeviceParams.cpp:221] @ 0.473368s :enable extended temp range: 0
DEBUG [IRDeviceParams.cpp:222] @ 0.473449s :buffer queue size: 5
DEBUG [IRDeviceParams.cpp:223] @ 0.473468s :enable high precision: 0
DEBUG [IRDeviceParams.cpp:224] @ 0.473483s :radialDistortionCorrectionMode: 0
DEBUG [IRDeviceParams.cpp:225] @ 0.473495s :deviceAPI: 0
DEBUG [IRDeviceParams.cpp:226] @ 0.473507s :useExternalProbeForReferencing: 0
DEBUG [IRDeviceParams.cpp:227] @ 0.47352s :enableMultiThreading: 0
DEBUG [IRDeviceParams.cpp:232] @ 0.473533s :ethernetDevice.deviceIpAddress: 0.0.0.0
DEBUG [IRDeviceParams.cpp:233] @ 0.473545s :ethernetDevice.localUdpPort: 0
DEBUG [IRDeviceParams.cpp:234] @ 0.473557s :ethernetDevice.checkUdpSenderIp: 1
DEBUG [IRImager.cpp:1107] @ 0.62708s :Start flag calibration
DEBUG [Cali.cpp:87] @ 0.636954s :Calibration directory path: C:\Users\u0173846\AppData\Roaming\Imager\Cali
DEBUG [Cali.cpp:88] @ 0.636985s :Calibration file name: Cali-20052193.xml
DEBUG [Cali.cpp:98] @ 0.637415s :Calibration data A: 1450 B:1500 C:4095 D:1500
INFO [IRImager.cpp:266] @ 0.638416s :Init thermal imager to 20052193 with size: 642x480@32 Hz
DEBUG [Cali.cpp:87] @ 0.638681s :Calibration directory path: C:\Users\u0173846\AppData\Roaming\Imager\Cali
DEBUG [Cali.cpp:88] @ 0.638697s :Calibration file name: Cali-20052193.xml
DEBUG [Cali.cpp:98] @ 0.639075s :Calibration data A: 1450 B:1500 C:4095 D:1500
DEBUG [IRImager.cpp:374] @ 0.639857s :Using HID control interface
DEBUG [IRImager.cpp:414] @ 0.650141s :Initialized HID control interface to device with HW:601 FW:2633
DEBUG [IRImager.cpp:435] @ 0.650214s :Frameconfig - width(in): 642, height(in): 480, interval: 312500, max framerate: 32, HW interval: 0.03125
DEBUG [Cali.cpp:87] @ 0.650232s :Calibration directory path: C:\Users\u0173846\AppData\Roaming\Imager\Cali
DEBUG [Cali.cpp:88] @ 0.650247s :Calibration file name: Cali-20052193.xml
DEBUG [Cali.cpp:98] @ 0.650675s :Calibration data A: 1450 B:1500 C:4095 D:1500
DEBUG [ImageProcessing.cpp:200] @ 0.678517s :Source buffer size: 616320 Width: 642 Height: 480
DEBUG [ImageProcessing.cpp:121] @ 0.718185s :Source buffer size: 616320 Width: 642 Height: 480
DEBUG [OpSource.cpp:347] @ 0.718263s :Using formats path: .\\Formats.def
DEBUG [OpSource.cpp:598] @ 0.718409s :Format found with size: 25
DEBUG [IRImager.cpp:841] @ 0.71904s :Caught onFrameInit with size: 640x480
DEBUG [OpSource.cpp:347] @ 0.721065s :Using formats path: .\\Formats.def
DEBUG [OpSource.cpp:598] @ 0.721235s :Format found with size: 25
DEBUG [OpSource.cpp:347] @ 0.721298s :Using formats path: .\\Formats.def
DEBUG [OpCorr.cpp:467] @ 0.725599s :Read cali: C:\Users\u0173846\AppData\Roaming\Imager\Cali\Cali-20052193-33-0-250.dat
DEBUG [OpCorr.cpp:557] @ 0.725673s :Read calibration of camera no 20052193, # of fields: 6 , start of fields: 40
DEBUG [ImageProcessing.cpp:1108] @ 0.989799s :Update flag temperature: 29.125
DEBUG [ImageProcessing.cpp:1111] @ 0.993581s :Update box temperature: 26.8125
DEBUG [Cali.cpp:639] @ 0.993629s :Calibration file path: 0000022D0D8AA7E4/000000338F1EC6B0.xml
DEBUG [SimpleXML.cpp:238] @ 0.99375s :Failed to open file C:\Users\u0173846\AppData\Roaming\Imager\Cali\CaliExt-20052193.xml
DEBUG [IRImager.cpp:547] @ 1.00494s :Chip heating disabled
DEBUG [direct_binding.cpp:300] @ 1.01332s :evo_irimager_multi_usb_init with config: 6060300f.xml
DEBUG [direct_binding.cpp:301] @ 1.01336s :evo_irimager_multi_usb_init connected returned: 1
DEBUG [IRImager.cpp:1107] @ 1.09145s :Start flag calibration
