DEBUG [IRLogger.cpp:105] @ 0.0003968s :***************************************************
DEBUG [IRLogger.cpp:106] @ 0.0004978s :* IRImagerDirect SDK                              *
DEBUG [IRLogger.cpp:107] @ 0.0005465s :***************************************************
DEBUG [IRLogger.cpp:113] @ 0.0006216s :* Native Machine:      AMD64
DEBUG [IRLogger.cpp:114] @ 0.0006572s :* Machine:             AMD64
DEBUG [IRLogger.cpp:116] @ 0.000739s :* OS:                  Windows 10 0 19045
DEBUG [IRLogger.cpp:123] @ 0.0007689s :***************************************************
DEBUG [IRDeviceParams.cpp:204] @ 0.0014308s :Parameters
DEBUG [IRDeviceParams.cpp:205] @ 0.0014495s :serial: 17092037
DEBUG [IRDeviceParams.cpp:206] @ 0.0014632s :videoformatindex: 2
DEBUG [IRDeviceParams.cpp:207] @ 0.0014766s :fov: 0
DEBUG [IRDeviceParams.cpp:208] @ 0.0015096s :optics_text: 0000013EBD957F80
DEBUG [IRDeviceParams.cpp:209] @ 0.00153s :formatspath: 0000013EBD9582B0
DEBUG [IRDeviceParams.cpp:210] @ 0.0015449s :calipath: 0000000000000000
DEBUG [IRDeviceParams.cpp:211] @ 0.0015594s :temperature min: 500
DEBUG [IRDeviceParams.cpp:212] @ 0.0015732s :temperature max: 1800
DEBUG [IRDeviceParams.cpp:213] @ 0.0015918s :framerate: 32
DEBUG [IRDeviceParams.cpp:214] @ 0.0016059s :bispectral: 0
DEBUG [IRDeviceParams.cpp:215] @ 0.0016194s :flag automatic: 0
DEBUG [IRDeviceParams.cpp:216] @ 0.0016326s :min interval: 15
DEBUG [IRDeviceParams.cpp:217] @ 0.0016454s :max interval: 0
DEBUG [IRDeviceParams.cpp:218] @ 0.0016582s :chip heating mode: 0
DEBUG [IRDeviceParams.cpp:219] @ 0.0016716s :chip heating fixed val: 40
DEBUG [IRDeviceParams.cpp:220] @ 0.0016867s :focus:  -1
DEBUG [IRDeviceParams.cpp:221] @ 0.0017003s :enable extended temp range: 0
DEBUG [IRDeviceParams.cpp:222] @ 0.0017132s :buffer queue size: 5
DEBUG [IRDeviceParams.cpp:223] @ 0.0017288s :enable high precision: 0
DEBUG [IRDeviceParams.cpp:224] @ 0.0017579s :radialDistortionCorrectionMode: 0
DEBUG [IRDeviceParams.cpp:225] @ 0.0017774s :deviceAPI: 0
DEBUG [IRDeviceParams.cpp:226] @ 0.0018103s :useExternalProbeForReferencing: 0
DEBUG [IRDeviceParams.cpp:227] @ 0.0018243s :enableMultiThreading: 0
DEBUG [IRDeviceParams.cpp:232] @ 0.0018396s :ethernetDevice.deviceIpAddress: 0.0.0.0
DEBUG [IRDeviceParams.cpp:233] @ 0.0018529s :ethernetDevice.localUdpPort: 0
DEBUG [IRDeviceParams.cpp:234] @ 0.0018667s :ethernetDevice.checkUdpSenderIp: 1
DEBUG [Cali.cpp:87] @ 0.307235s :Calibration directory path: C:\Users\u0173846\AppData\Roaming\Imager\Cali
DEBUG [Cali.cpp:88] @ 0.30727s :Calibration file name: Cali-17092037.xml
DEBUG [Cali.cpp:98] @ 0.307616s :Calibration data A: 1450 B:470 C:4095 D:1500
INFO [IRImager.cpp:266] @ 0.308335s :Init thermal imager to 17092037 with size: 766x480@32 Hz
DEBUG [Cali.cpp:87] @ 0.308654s :Calibration directory path: C:\Users\u0173846\AppData\Roaming\Imager\Cali
DEBUG [Cali.cpp:88] @ 0.308672s :Calibration file name: Cali-17092037.xml
DEBUG [Cali.cpp:98] @ 0.308971s :Calibration data A: 1450 B:470 C:4095 D:1500
DEBUG [IRImager.cpp:374] @ 0.3097s :Using HID control interface
DEBUG [IRImager.cpp:414] @ 0.389215s :Initialized HID control interface to device with HW:2101 FW:2820
DEBUG [IRImager.cpp:435] @ 0.389259s :Frameconfig - width(in): 766, height(in): 480, interval: 312500, max framerate: 32, HW interval: 0.03125
DEBUG [Cali.cpp:87] @ 0.389279s :Calibration directory path: C:\Users\u0173846\AppData\Roaming\Imager\Cali
DEBUG [Cali.cpp:88] @ 0.389292s :Calibration file name: Cali-17092037.xml
DEBUG [Cali.cpp:98] @ 0.389698s :Calibration data A: 1450 B:470 C:4095 D:1500
DEBUG [ImageProcessing.cpp:200] @ 0.393934s :Source buffer size: 735360 Width: 766 Height: 480
DEBUG [ImageProcessing.cpp:121] @ 0.428091s :Source buffer size: 735360 Width: 766 Height: 480
DEBUG [OpSource.cpp:347] @ 0.428207s :Using formats path: .\\Formats.def
DEBUG [OpSource.cpp:598] @ 0.428404s :Format found with size: 14
DEBUG [IRImager.cpp:841] @ 0.429075s :Caught onFrameInit with size: 764x480
DEBUG [OpSource.cpp:347] @ 0.431151s :Using formats path: .\\Formats.def
DEBUG [OpSource.cpp:598] @ 0.431355s :Format found with size: 14
DEBUG [OpSource.cpp:347] @ 0.431424s :Using formats path: .\\Formats.def
DEBUG [OpCorr.cpp:467] @ 0.433596s :Read cali: C:\Users\u0173846\AppData\Roaming\Imager\Cali\Cali-17092037-25-500-1800-32.dat
DEBUG [ImageProcessing.cpp:1108] @ 0.468571s :Update flag temperature: 34.6875
DEBUG [ImageProcessing.cpp:1111] @ 0.470433s :Update box temperature: 34.6875
DEBUG [Cali.cpp:639] @ 0.470497s :Calibration file path: 0000013EBEBEE8E4/00000009F3DECBF0.xml
DEBUG [SimpleXML.cpp:238] @ 0.470659s :Failed to open file C:\Users\u0173846\AppData\Roaming\Imager\Cali\CaliExt-17092037.xml
DEBUG [IRImager.cpp:547] @ 0.483412s :Chip heating disabled
DEBUG [direct_binding.cpp:300] @ 0.4874s :evo_irimager_multi_usb_init with config: 17092037f.xml
DEBUG [direct_binding.cpp:301] @ 0.487456s :evo_irimager_multi_usb_init connected returned: 1
DEBUG [IRLogger.cpp:105] @ 0.489221s :***************************************************
DEBUG [IRLogger.cpp:106] @ 0.489279s :* IRImagerDirect SDK                              *
DEBUG [IRLogger.cpp:107] @ 0.489311s :***************************************************
DEBUG [IRLogger.cpp:113] @ 0.489343s :* Native Machine:      AMD64
DEBUG [IRLogger.cpp:114] @ 0.489366s :* Machine:             AMD64
DEBUG [IRLogger.cpp:116] @ 0.489388s :* OS:                  Windows 10 0 19045
DEBUG [IRLogger.cpp:123] @ 0.489402s :***************************************************
DEBUG [IRDeviceParams.cpp:204] @ 0.490081s :Parameters
DEBUG [IRDeviceParams.cpp:205] @ 0.490106s :serial: 20052193
DEBUG [IRDeviceParams.cpp:206] @ 0.490119s :videoformatindex: 0
DEBUG [IRDeviceParams.cpp:207] @ 0.490132s :fov: 33
DEBUG [IRDeviceParams.cpp:208] @ 0.490144s :optics_text: 0000013EBEDC5450
DEBUG [IRDeviceParams.cpp:209] @ 0.490156s :formatspath: 0000013EBEDC5460
DEBUG [IRDeviceParams.cpp:210] @ 0.490168s :calipath: 0000000000000000
DEBUG [IRDeviceParams.cpp:211] @ 0.49018s :temperature min: 0
DEBUG [IRDeviceParams.cpp:212] @ 0.490192s :temperature max: 250
DEBUG [IRDeviceParams.cpp:213] @ 0.490205s :framerate: 32
DEBUG [IRDeviceParams.cpp:214] @ 0.490217s :bispectral: 0
DEBUG [IRDeviceParams.cpp:215] @ 0.490229s :flag automatic: 0
DEBUG [IRDeviceParams.cpp:216] @ 0.490243s :min interval: 15
DEBUG [IRDeviceParams.cpp:217] @ 0.490255s :max interval: 0
DEBUG [IRDeviceParams.cpp:218] @ 0.490267s :chip heating mode: 0
DEBUG [IRDeviceParams.cpp:219] @ 0.490279s :chip heating fixed val: 40
DEBUG [IRDeviceParams.cpp:220] @ 0.490291s :focus:  -1
DEBUG [IRDeviceParams.cpp:221] @ 0.490303s :enable extended temp range: 0
DEBUG [IRDeviceParams.cpp:222] @ 0.490316s :buffer queue size: 5
DEBUG [IRDeviceParams.cpp:223] @ 0.490368s :enable high precision: 0
DEBUG [IRDeviceParams.cpp:224] @ 0.490399s :radialDistortionCorrectionMode: 0
DEBUG [IRDeviceParams.cpp:225] @ 0.490429s :deviceAPI: 0
DEBUG [IRDeviceParams.cpp:226] @ 0.490458s :useExternalProbeForReferencing: 0
DEBUG [IRDeviceParams.cpp:227] @ 0.490487s :enableMultiThreading: 0
DEBUG [IRDeviceParams.cpp:232] @ 0.490518s :ethernetDevice.deviceIpAddress: 0.0.0.0
DEBUG [IRDeviceParams.cpp:233] @ 0.490546s :ethernetDevice.localUdpPort: 0
DEBUG [IRDeviceParams.cpp:234] @ 0.490576s :ethernetDevice.checkUdpSenderIp: 1
DEBUG [IRImager.cpp:1107] @ 0.642937s :Start flag calibration
DEBUG [Cali.cpp:87] @ 0.678796s :Calibration directory path: C:\Users\u0173846\AppData\Roaming\Imager\Cali
DEBUG [Cali.cpp:88] @ 0.678827s :Calibration file name: Cali-20052193.xml
DEBUG [Cali.cpp:98] @ 0.67927s :Calibration data A: 1450 B:1500 C:4095 D:1500
INFO [IRImager.cpp:266] @ 0.680528s :Init thermal imager to 20052193 with size: 642x480@32 Hz
DEBUG [Cali.cpp:87] @ 0.680845s :Calibration directory path: C:\Users\u0173846\AppData\Roaming\Imager\Cali
DEBUG [Cali.cpp:88] @ 0.680863s :Calibration file name: Cali-20052193.xml
DEBUG [Cali.cpp:98] @ 0.681267s :Calibration data A: 1450 B:1500 C:4095 D:1500
DEBUG [IRImager.cpp:374] @ 0.682263s :Using HID control interface
DEBUG [IRImager.cpp:414] @ 0.704142s :Initialized HID control interface to device with HW:601 FW:2633
DEBUG [IRImager.cpp:435] @ 0.704235s :Frameconfig - width(in): 642, height(in): 480, interval: 312500, max framerate: 32, HW interval: 0.03125
DEBUG [Cali.cpp:87] @ 0.704257s :Calibration directory path: C:\Users\u0173846\AppData\Roaming\Imager\Cali
DEBUG [Cali.cpp:88] @ 0.704271s :Calibration file name: Cali-20052193.xml
DEBUG [Cali.cpp:98] @ 0.704763s :Calibration data A: 1450 B:1500 C:4095 D:1500
DEBUG [ImageProcessing.cpp:200] @ 0.732211s :Source buffer size: 616320 Width: 642 Height: 480
DEBUG [ImageProcessing.cpp:121] @ 0.771928s :Source buffer size: 616320 Width: 642 Height: 480
DEBUG [OpSource.cpp:347] @ 0.772013s :Using formats path: .\\Formats.def
DEBUG [OpSource.cpp:598] @ 0.772166s :Format found with size: 25
DEBUG [IRImager.cpp:841] @ 0.772885s :Caught onFrameInit with size: 640x480
DEBUG [OpSource.cpp:347] @ 0.775287s :Using formats path: .\\Formats.def
DEBUG [OpSource.cpp:598] @ 0.775428s :Format found with size: 25
DEBUG [OpSource.cpp:347] @ 0.775493s :Using formats path: .\\Formats.def
DEBUG [OpCorr.cpp:467] @ 0.779659s :Read cali: C:\Users\u0173846\AppData\Roaming\Imager\Cali\Cali-20052193-33-0-250.dat
DEBUG [OpCorr.cpp:557] @ 0.779741s :Read calibration of camera no 20052193, # of fields: 6 , start of fields: 40
DEBUG [ImageProcessing.cpp:1108] @ 1.04623s :Update flag temperature: 31.0625
DEBUG [ImageProcessing.cpp:1111] @ 1.04996s :Update box temperature: 28.75
DEBUG [Cali.cpp:639] @ 1.04999s :Calibration file path: 0000013EBEC99064/00000009F3DECBF0.xml
DEBUG [SimpleXML.cpp:238] @ 1.05013s :Failed to open file C:\Users\u0173846\AppData\Roaming\Imager\Cali\CaliExt-20052193.xml
DEBUG [IRImager.cpp:547] @ 1.06144s :Chip heating disabled
DEBUG [direct_binding.cpp:300] @ 1.07024s :evo_irimager_multi_usb_init with config: 6060300f.xml
DEBUG [direct_binding.cpp:301] @ 1.07029s :evo_irimager_multi_usb_init connected returned: 1
DEBUG [IRImager.cpp:1107] @ 1.16821s :Start flag calibration
