DEBUG [IRLogger.cpp:105] @ 0.0002479s :***************************************************
DEBUG [IRLogger.cpp:106] @ 0.0003194s :* IRImagerDirect SDK                              *
DEBUG [IRLogger.cpp:107] @ 0.0003508s :***************************************************
DEBUG [IRLogger.cpp:113] @ 0.0003734s :* Native Machine:      AMD64
DEBUG [IRLogger.cpp:114] @ 0.0003946s :* Machine:             AMD64
DEBUG [IRLogger.cpp:116] @ 0.000422s :* OS:                  Windows 10 0 19045
DEBUG [IRLogger.cpp:123] @ 0.0004428s :***************************************************
DEBUG [IRDeviceParams.cpp:204] @ 0.0083528s :Parameters
DEBUG [IRDeviceParams.cpp:205] @ 0.0083786s :serial: 17092037
DEBUG [IRDeviceParams.cpp:206] @ 0.0083908s :videoformatindex: 2
DEBUG [IRDeviceParams.cpp:207] @ 0.0084023s :fov: 0
DEBUG [IRDeviceParams.cpp:208] @ 0.0084139s :optics_text: 000001A86A4152E0
DEBUG [IRDeviceParams.cpp:209] @ 0.0084269s :formatspath: 000001A86A415320
DEBUG [IRDeviceParams.cpp:210] @ 0.0084385s :calipath: 0000000000000000
DEBUG [IRDeviceParams.cpp:211] @ 0.0084498s :temperature min: 500
DEBUG [IRDeviceParams.cpp:212] @ 0.008461s :temperature max: 1800
DEBUG [IRDeviceParams.cpp:213] @ 0.0084753s :framerate: 32
DEBUG [IRDeviceParams.cpp:214] @ 0.0084868s :bispectral: 0
DEBUG [IRDeviceParams.cpp:215] @ 0.0084978s :flag automatic: 0
DEBUG [IRDeviceParams.cpp:216] @ 0.0085093s :min interval: 15
DEBUG [IRDeviceParams.cpp:217] @ 0.0085205s :max interval: 0
DEBUG [IRDeviceParams.cpp:218] @ 0.0085331s :chip heating mode: 0
DEBUG [IRDeviceParams.cpp:219] @ 0.0085446s :chip heating fixed val: 40
DEBUG [IRDeviceParams.cpp:220] @ 0.0085566s :focus:  -1
DEBUG [IRDeviceParams.cpp:221] @ 0.0085677s :enable extended temp range: 0
DEBUG [IRDeviceParams.cpp:222] @ 0.008579s :buffer queue size: 5
DEBUG [IRDeviceParams.cpp:223] @ 0.0085902s :enable high precision: 0
DEBUG [IRDeviceParams.cpp:224] @ 0.0086013s :radialDistortionCorrectionMode: 0
DEBUG [IRDeviceParams.cpp:225] @ 0.0086124s :deviceAPI: 0
DEBUG [IRDeviceParams.cpp:226] @ 0.0086235s :useExternalProbeForReferencing: 0
DEBUG [IRDeviceParams.cpp:227] @ 0.0086344s :enableMultiThreading: 0
DEBUG [IRDeviceParams.cpp:232] @ 0.0086463s :ethernetDevice.deviceIpAddress: 0.0.0.0
DEBUG [IRDeviceParams.cpp:233] @ 0.0086578s :ethernetDevice.localUdpPort: 0
DEBUG [IRDeviceParams.cpp:234] @ 0.0086689s :ethernetDevice.checkUdpSenderIp: 1
DEBUG [Cali.cpp:87] @ 0.368483s :Calibration directory path: C:\Users\u0173846\AppData\Roaming\Imager\Cali
DEBUG [Cali.cpp:88] @ 0.368516s :Calibration file name: Cali-17092037.xml
DEBUG [Cali.cpp:98] @ 0.378455s :Calibration data A: 1450 B:470 C:4095 D:1500
INFO [IRImager.cpp:266] @ 0.398293s :Init thermal imager to 17092037 with size: 766x480@32 Hz
DEBUG [Cali.cpp:87] @ 0.39857s :Calibration directory path: C:\Users\u0173846\AppData\Roaming\Imager\Cali
DEBUG [Cali.cpp:88] @ 0.398591s :Calibration file name: Cali-17092037.xml
DEBUG [Cali.cpp:98] @ 0.398891s :Calibration data A: 1450 B:470 C:4095 D:1500
DEBUG [IRImager.cpp:374] @ 0.410759s :Using HID control interface
DEBUG [IRImager.cpp:414] @ 0.479173s :Initialized HID control interface to device with HW:2101 FW:2820
DEBUG [IRImager.cpp:435] @ 0.479219s :Frameconfig - width(in): 766, height(in): 480, interval: 312500, max framerate: 32, HW interval: 0.03125
DEBUG [Cali.cpp:87] @ 0.479239s :Calibration directory path: C:\Users\u0173846\AppData\Roaming\Imager\Cali
DEBUG [Cali.cpp:88] @ 0.479251s :Calibration file name: Cali-17092037.xml
DEBUG [Cali.cpp:98] @ 0.479602s :Calibration data A: 1450 B:470 C:4095 D:1500
DEBUG [ImageProcessing.cpp:200] @ 0.483843s :Source buffer size: 735360 Width: 766 Height: 480
DEBUG [ImageProcessing.cpp:121] @ 0.520084s :Source buffer size: 735360 Width: 766 Height: 480
DEBUG [OpSource.cpp:347] @ 0.520196s :Using formats path: .\\Formats.def
DEBUG [OpSource.cpp:598] @ 0.52039s :Format found with size: 14
DEBUG [IRImager.cpp:841] @ 0.521127s :Caught onFrameInit with size: 764x480
DEBUG [OpSource.cpp:347] @ 0.523345s :Using formats path: .\\Formats.def
DEBUG [OpSource.cpp:598] @ 0.523532s :Format found with size: 14
DEBUG [OpSource.cpp:347] @ 0.523594s :Using formats path: .\\Formats.def
DEBUG [OpCorr.cpp:467] @ 0.525803s :Read cali: C:\Users\u0173846\AppData\Roaming\Imager\Cali\Cali-17092037-25-500-1800-32.dat
DEBUG [ImageProcessing.cpp:1108] @ 0.55996s :Update flag temperature: 35.9375
DEBUG [ImageProcessing.cpp:1111] @ 0.561824s :Update box temperature: 35.9375
DEBUG [Cali.cpp:639] @ 0.561856s :Calibration file path: 000001A86B944424/0000001799DEC760.xml
DEBUG [SimpleXML.cpp:238] @ 0.561961s :Failed to open file C:\Users\u0173846\AppData\Roaming\Imager\Cali\CaliExt-17092037.xml
DEBUG [IRImager.cpp:547] @ 0.574836s :Chip heating disabled
DEBUG [direct_binding.cpp:300] @ 0.578511s :evo_irimager_multi_usb_init with config: 17092037f.xml
DEBUG [direct_binding.cpp:301] @ 0.578554s :evo_irimager_multi_usb_init connected returned: 1
