DEBUG [IRLogger.cpp:105] @ 0.488027s :***************************************************
DEBUG [IRLogger.cpp:106] @ 0.488114s :* IRImagerDirect SDK                              *
DEBUG [IRLogger.cpp:107] @ 0.488161s :***************************************************
DEBUG [IRLogger.cpp:113] @ 0.488215s :* Native Machine:      AMD64
DEBUG [IRLogger.cpp:114] @ 0.488278s :* Machine:             AMD64
DEBUG [IRLogger.cpp:116] @ 0.488332s :* OS:                  Windows 10 0 19045
DEBUG [IRLogger.cpp:123] @ 0.488381s :***************************************************
DEBUG [IRDeviceParams.cpp:204] @ 0.48943s :Parameters
DEBUG [IRDeviceParams.cpp:205] @ 0.489461s :serial: 20052193
DEBUG [IRDeviceParams.cpp:206] @ 0.489487s :videoformatindex: 0
DEBUG [IRDeviceParams.cpp:207] @ 0.489513s :fov: 33
DEBUG [IRDeviceParams.cpp:208] @ 0.489538s :optics_text: 000001CCEE7C9060
DEBUG [IRDeviceParams.cpp:209] @ 0.489564s :formatspath: 000001CCEE7C9100
DEBUG [IRDeviceParams.cpp:210] @ 0.489591s :calipath: 0000000000000000
DEBUG [IRDeviceParams.cpp:211] @ 0.489615s :temperature min: 0
DEBUG [IRDeviceParams.cpp:212] @ 0.489639s :temperature max: 250
DEBUG [IRDeviceParams.cpp:213] @ 0.489665s :framerate: 32
DEBUG [IRDeviceParams.cpp:214] @ 0.489689s :bispectral: 0
DEBUG [IRDeviceParams.cpp:215] @ 0.489713s :flag automatic: 0
DEBUG [IRDeviceParams.cpp:216] @ 0.489741s :min interval: 15
DEBUG [IRDeviceParams.cpp:217] @ 0.489766s :max interval: 0
DEBUG [IRDeviceParams.cpp:218] @ 0.489794s :chip heating mode: 0
DEBUG [IRDeviceParams.cpp:219] @ 0.489822s :chip heating fixed val: 40
DEBUG [IRDeviceParams.cpp:220] @ 0.489847s :focus:  -1
DEBUG [IRDeviceParams.cpp:221] @ 0.489872s :enable extended temp range: 0
DEBUG [IRDeviceParams.cpp:222] @ 0.489895s :buffer queue size: 5
DEBUG [IRDeviceParams.cpp:223] @ 0.489917s :enable high precision: 0
DEBUG [IRDeviceParams.cpp:224] @ 0.489942s :radialDistortionCorrectionMode: 0
DEBUG [IRDeviceParams.cpp:225] @ 0.489994s :deviceAPI: 0
DEBUG [IRDeviceParams.cpp:226] @ 0.490026s :useExternalProbeForReferencing: 0
DEBUG [IRDeviceParams.cpp:227] @ 0.490055s :enableMultiThreading: 0
DEBUG [IRDeviceParams.cpp:232] @ 0.490086s :ethernetDevice.deviceIpAddress: 0.0.0.0
DEBUG [IRDeviceParams.cpp:233] @ 0.490115s :ethernetDevice.localUdpPort: 0
DEBUG [IRDeviceParams.cpp:234] @ 0.490144s :ethernetDevice.checkUdpSenderIp: 1
DEBUG [IRImager.cpp:1107] @ 0.642182s :Start flag calibration
DEBUG [Cali.cpp:87] @ 0.672641s :Calibration directory path: C:\Users\u0173846\AppData\Roaming\Imager\Cali
DEBUG [Cali.cpp:88] @ 0.672671s :Calibration file name: Cali-20052193.xml
DEBUG [Cali.cpp:98] @ 0.673121s :Calibration data A: 1450 B:1500 C:4095 D:1500
INFO [IRImager.cpp:266] @ 0.674489s :Init thermal imager to 20052193 with size: 642x480@32 Hz
DEBUG [Cali.cpp:87] @ 0.674803s :Calibration directory path: C:\Users\u0173846\AppData\Roaming\Imager\Cali
DEBUG [Cali.cpp:88] @ 0.67482s :Calibration file name: Cali-20052193.xml
DEBUG [Cali.cpp:98] @ 0.675222s :Calibration data A: 1450 B:1500 C:4095 D:1500
DEBUG [IRImager.cpp:374] @ 0.676321s :Using HID control interface
DEBUG [IRImager.cpp:414] @ 0.698426s :Initialized HID control interface to device with HW:601 FW:2633
DEBUG [IRImager.cpp:435] @ 0.698469s :Frameconfig - width(in): 642, height(in): 480, interval: 312500, max framerate: 32, HW interval: 0.03125
DEBUG [Cali.cpp:87] @ 0.698486s :Calibration directory path: C:\Users\u0173846\AppData\Roaming\Imager\Cali
DEBUG [Cali.cpp:88] @ 0.698499s :Calibration file name: Cali-20052193.xml
DEBUG [Cali.cpp:98] @ 0.698993s :Calibration data A: 1450 B:1500 C:4095 D:1500
DEBUG [ImageProcessing.cpp:200] @ 0.726564s :Source buffer size: 616320 Width: 642 Height: 480
DEBUG [ImageProcessing.cpp:121] @ 0.766259s :Source buffer size: 616320 Width: 642 Height: 480
DEBUG [OpSource.cpp:347] @ 0.766339s :Using formats path: .\\Formats.def
DEBUG [OpSource.cpp:598] @ 0.766495s :Format found with size: 25
DEBUG [IRImager.cpp:841] @ 0.767073s :Caught onFrameInit with size: 640x480
DEBUG [OpSource.cpp:347] @ 0.768905s :Using formats path: .\\Formats.def
DEBUG [OpSource.cpp:598] @ 0.769085s :Format found with size: 25
DEBUG [OpSource.cpp:347] @ 0.769152s :Using formats path: .\\Formats.def
DEBUG [OpCorr.cpp:467] @ 0.773306s :Read cali: C:\Users\u0173846\AppData\Roaming\Imager\Cali\Cali-20052193-33-0-250.dat
DEBUG [OpCorr.cpp:557] @ 0.773386s :Read calibration of camera no 20052193, # of fields: 6 , start of fields: 40
DEBUG [ImageProcessing.cpp:1108] @ 1.08968s :Update flag temperature: 31.1875
DEBUG [ImageProcessing.cpp:1111] @ 1.09353s :Update box temperature: 28.875
DEBUG [Cali.cpp:639] @ 1.09356s :Calibration file path: 000001CCEE6D7BA4/00000074C67EC630.xml
DEBUG [SimpleXML.cpp:238] @ 1.09371s :Failed to open file C:\Users\u0173846\AppData\Roaming\Imager\Cali\CaliExt-20052193.xml
DEBUG [IRImager.cpp:547] @ 1.10543s :Chip heating disabled
DEBUG [direct_binding.cpp:300] @ 1.11358s :evo_irimager_multi_usb_init with config: 6060300f.xml
DEBUG [direct_binding.cpp:301] @ 1.11362s :evo_irimager_multi_usb_init connected returned: 1
DEBUG [IRImager.cpp:1107] @ 1.20658s :Start flag calibration
