DEBUG [IRLogger.cpp:105] @ 0.0003174s :***************************************************
DEBUG [IRLogger.cpp:106] @ 0.0004114s :* IRImagerDirect SDK                              *
DEBUG [IRLogger.cpp:107] @ 0.0004412s :***************************************************
DEBUG [IRLogger.cpp:113] @ 0.0004739s :* Native Machine:      AMD64
DEBUG [IRLogger.cpp:114] @ 0.0005216s :* Machine:             AMD64
DEBUG [IRLogger.cpp:116] @ 0.0005515s :* OS:                  Windows 10 0 19045
DEBUG [IRLogger.cpp:123] @ 0.000572s :***************************************************
DEBUG [IRDeviceParams.cpp:204] @ 0.001207s :Parameters
DEBUG [IRDeviceParams.cpp:205] @ 0.0012264s :serial: 17092037
DEBUG [IRDeviceParams.cpp:206] @ 0.0012393s :videoformatindex: 2
DEBUG [IRDeviceParams.cpp:207] @ 0.001252s :fov: 0
DEBUG [IRDeviceParams.cpp:208] @ 0.0013401s :optics_text: 000001D37DCD1C10
DEBUG [IRDeviceParams.cpp:209] @ 0.0013581s :formatspath: 000001D37DCD1F50
DEBUG [IRDeviceParams.cpp:210] @ 0.0013723s :calipath: 0000000000000000
DEBUG [IRDeviceParams.cpp:211] @ 0.0013854s :temperature min: 500
DEBUG [IRDeviceParams.cpp:212] @ 0.0013984s :temperature max: 1800
DEBUG [IRDeviceParams.cpp:213] @ 0.001416s :framerate: 32
DEBUG [IRDeviceParams.cpp:214] @ 0.0014294s :bispectral: 0
DEBUG [IRDeviceParams.cpp:215] @ 0.0014421s :flag automatic: 0
DEBUG [IRDeviceParams.cpp:216] @ 0.0014688s :min interval: 15
DEBUG [IRDeviceParams.cpp:217] @ 0.0015635s :max interval: 0
DEBUG [IRDeviceParams.cpp:218] @ 0.0015784s :chip heating mode: 0
DEBUG [IRDeviceParams.cpp:219] @ 0.0015925s :chip heating fixed val: 40
DEBUG [IRDeviceParams.cpp:220] @ 0.0016638s :focus:  -1
DEBUG [IRDeviceParams.cpp:221] @ 0.0016793s :enable extended temp range: 0
DEBUG [IRDeviceParams.cpp:222] @ 0.0016932s :buffer queue size: 5
DEBUG [IRDeviceParams.cpp:223] @ 0.0017061s :enable high precision: 0
DEBUG [IRDeviceParams.cpp:224] @ 0.001719s :radialDistortionCorrectionMode: 0
DEBUG [IRDeviceParams.cpp:225] @ 0.0017317s :deviceAPI: 0
DEBUG [IRDeviceParams.cpp:226] @ 0.0017447s :useExternalProbeForReferencing: 0
DEBUG [IRDeviceParams.cpp:227] @ 0.0017712s :enableMultiThreading: 0
DEBUG [IRDeviceParams.cpp:232] @ 0.0018111s :ethernetDevice.deviceIpAddress: 0.0.0.0
DEBUG [IRDeviceParams.cpp:233] @ 0.0018256s :ethernetDevice.localUdpPort: 0
DEBUG [IRDeviceParams.cpp:234] @ 0.0019064s :ethernetDevice.checkUdpSenderIp: 1
DEBUG [Cali.cpp:87] @ 0.294032s :Calibration directory path: C:\Users\u0173846\AppData\Roaming\Imager\Cali
DEBUG [Cali.cpp:88] @ 0.294062s :Calibration file name: Cali-17092037.xml
DEBUG [Cali.cpp:98] @ 0.294368s :Calibration data A: 1450 B:470 C:4095 D:1500
INFO [IRImager.cpp:266] @ 0.294934s :Init thermal imager to 17092037 with size: 766x480@32 Hz
DEBUG [Cali.cpp:87] @ 0.295194s :Calibration directory path: C:\Users\u0173846\AppData\Roaming\Imager\Cali
DEBUG [Cali.cpp:88] @ 0.295211s :Calibration file name: Cali-17092037.xml
DEBUG [Cali.cpp:98] @ 0.29548s :Calibration data A: 1450 B:470 C:4095 D:1500
DEBUG [IRImager.cpp:374] @ 0.296115s :Using HID control interface
DEBUG [IRImager.cpp:414] @ 0.377494s :Initialized HID control interface to device with HW:2101 FW:2820
DEBUG [IRImager.cpp:435] @ 0.37754s :Frameconfig - width(in): 766, height(in): 480, interval: 312500, max framerate: 32, HW interval: 0.03125
DEBUG [Cali.cpp:87] @ 0.377558s :Calibration directory path: C:\Users\u0173846\AppData\Roaming\Imager\Cali
DEBUG [Cali.cpp:88] @ 0.37757s :Calibration file name: Cali-17092037.xml
DEBUG [Cali.cpp:98] @ 0.377936s :Calibration data A: 1450 B:470 C:4095 D:1500
DEBUG [ImageProcessing.cpp:200] @ 0.3822s :Source buffer size: 735360 Width: 766 Height: 480
DEBUG [ImageProcessing.cpp:121] @ 0.415873s :Source buffer size: 735360 Width: 766 Height: 480
DEBUG [OpSource.cpp:347] @ 0.415998s :Using formats path: .\\Formats.def
DEBUG [OpSource.cpp:598] @ 0.416191s :Format found with size: 14
DEBUG [IRImager.cpp:841] @ 0.416916s :Caught onFrameInit with size: 764x480
DEBUG [OpSource.cpp:347] @ 0.419124s :Using formats path: .\\Formats.def
DEBUG [OpSource.cpp:598] @ 0.419303s :Format found with size: 14
DEBUG [OpSource.cpp:347] @ 0.41936s :Using formats path: .\\Formats.def
DEBUG [OpCorr.cpp:467] @ 0.421845s :Read cali: C:\Users\u0173846\AppData\Roaming\Imager\Cali\Cali-17092037-25-500-1800-32.dat
DEBUG [ImageProcessing.cpp:1108] @ 0.4551s :Update flag temperature: -10.4375
DEBUG [ImageProcessing.cpp:1111] @ 0.456882s :Update box temperature: -10.4375
DEBUG [Cali.cpp:639] @ 0.456934s :Calibration file path: 000001D37F082144/00000064BC1ECC20.xml
DEBUG [SimpleXML.cpp:238] @ 0.457051s :Failed to open file C:\Users\u0173846\AppData\Roaming\Imager\Cali\CaliExt-17092037.xml
DEBUG [IRImager.cpp:547] @ 0.47127s :Chip heating disabled
DEBUG [direct_binding.cpp:300] @ 0.475411s :evo_irimager_multi_usb_init with config: 17092037f.xml
DEBUG [direct_binding.cpp:301] @ 0.475448s :evo_irimager_multi_usb_init connected returned: 1
