DEBUG [IRLogger.cpp:105] @ 0.474808s :***************************************************
DEBUG [IRLogger.cpp:106] @ 0.474865s :* IRImagerDirect SDK                              *
DEBUG [IRLogger.cpp:107] @ 0.47489s :***************************************************
DEBUG [IRLogger.cpp:113] @ 0.474922s :* Native Machine:      AMD64
DEBUG [IRLogger.cpp:114] @ 0.474945s :* Machine:             AMD64
DEBUG [IRLogger.cpp:116] @ 0.474974s :* OS:                  Windows 10 0 19045
DEBUG [IRLogger.cpp:123] @ 0.474995s :***************************************************
DEBUG [IRDeviceParams.cpp:204] @ 0.475576s :Parameters
DEBUG [IRDeviceParams.cpp:205] @ 0.475594s :serial: 20052193
DEBUG [IRDeviceParams.cpp:206] @ 0.475606s :videoformatindex: 0
DEBUG [IRDeviceParams.cpp:207] @ 0.475617s :fov: 33
DEBUG [IRDeviceParams.cpp:208] @ 0.475629s :optics_text: 00000220702918C0
DEBUG [IRDeviceParams.cpp:209] @ 0.47564s :formatspath: 0000022070291860
DEBUG [IRDeviceParams.cpp:210] @ 0.475652s :calipath: 0000000000000000
DEBUG [IRDeviceParams.cpp:211] @ 0.475663s :temperature min: 0
DEBUG [IRDeviceParams.cpp:212] @ 0.475675s :temperature max: 250
DEBUG [IRDeviceParams.cpp:213] @ 0.475687s :framerate: 32
DEBUG [IRDeviceParams.cpp:214] @ 0.475698s :bispectral: 0
DEBUG [IRDeviceParams.cpp:215] @ 0.47571s :flag automatic: 0
DEBUG [IRDeviceParams.cpp:216] @ 0.475722s :min interval: 15
DEBUG [IRDeviceParams.cpp:217] @ 0.475733s :max interval: 0
DEBUG [IRDeviceParams.cpp:218] @ 0.475744s :chip heating mode: 0
DEBUG [IRDeviceParams.cpp:219] @ 0.475756s :chip heating fixed val: 40
DEBUG [IRDeviceParams.cpp:220] @ 0.475768s :focus:  -1
DEBUG [IRDeviceParams.cpp:221] @ 0.475779s :enable extended temp range: 0
DEBUG [IRDeviceParams.cpp:222] @ 0.47579s :buffer queue size: 5
DEBUG [IRDeviceParams.cpp:223] @ 0.475801s :enable high precision: 0
DEBUG [IRDeviceParams.cpp:224] @ 0.475813s :radialDistortionCorrectionMode: 0
DEBUG [IRDeviceParams.cpp:225] @ 0.475824s :deviceAPI: 0
DEBUG [IRDeviceParams.cpp:226] @ 0.475835s :useExternalProbeForReferencing: 0
DEBUG [IRDeviceParams.cpp:227] @ 0.475847s :enableMultiThreading: 0
DEBUG [IRDeviceParams.cpp:232] @ 0.47586s :ethernetDevice.deviceIpAddress: 0.0.0.0
DEBUG [IRDeviceParams.cpp:233] @ 0.475871s :ethernetDevice.localUdpPort: 0
DEBUG [IRDeviceParams.cpp:234] @ 0.475882s :ethernetDevice.checkUdpSenderIp: 1
DEBUG [IRImager.cpp:1107] @ 0.630885s :Start flag calibration
DEBUG [Cali.cpp:87] @ 0.641872s :Calibration directory path: C:\Users\u0173846\AppData\Roaming\Imager\Cali
DEBUG [Cali.cpp:88] @ 0.641903s :Calibration file name: Cali-20052193.xml
DEBUG [Cali.cpp:98] @ 0.64233s :Calibration data A: 1450 B:1500 C:4095 D:1500
INFO [IRImager.cpp:266] @ 0.643356s :Init thermal imager to 20052193 with size: 642x480@32 Hz
DEBUG [Cali.cpp:87] @ 0.643629s :Calibration directory path: C:\Users\u0173846\AppData\Roaming\Imager\Cali
DEBUG [Cali.cpp:88] @ 0.643645s :Calibration file name: Cali-20052193.xml
DEBUG [Cali.cpp:98] @ 0.644027s :Calibration data A: 1450 B:1500 C:4095 D:1500
DEBUG [IRImager.cpp:374] @ 0.644807s :Using HID control interface
DEBUG [IRImager.cpp:414] @ 0.666286s :Initialized HID control interface to device with HW:601 FW:2633
DEBUG [IRImager.cpp:435] @ 0.66633s :Frameconfig - width(in): 642, height(in): 480, interval: 312500, max framerate: 32, HW interval: 0.03125
DEBUG [Cali.cpp:87] @ 0.666347s :Calibration directory path: C:\Users\u0173846\AppData\Roaming\Imager\Cali
DEBUG [Cali.cpp:88] @ 0.66636s :Calibration file name: Cali-20052193.xml
DEBUG [Cali.cpp:98] @ 0.666831s :Calibration data A: 1450 B:1500 C:4095 D:1500
DEBUG [ImageProcessing.cpp:200] @ 0.694368s :Source buffer size: 616320 Width: 642 Height: 480
DEBUG [ImageProcessing.cpp:121] @ 0.733319s :Source buffer size: 616320 Width: 642 Height: 480
DEBUG [OpSource.cpp:347] @ 0.733421s :Using formats path: .\\Formats.def
DEBUG [OpSource.cpp:598] @ 0.733597s :Format found with size: 25
DEBUG [IRImager.cpp:841] @ 0.734222s :Caught onFrameInit with size: 640x480
DEBUG [OpSource.cpp:347] @ 0.736077s :Using formats path: .\\Formats.def
DEBUG [OpSource.cpp:598] @ 0.736256s :Format found with size: 25
DEBUG [OpSource.cpp:347] @ 0.736315s :Using formats path: .\\Formats.def
DEBUG [OpCorr.cpp:467] @ 0.740556s :Read cali: C:\Users\u0173846\AppData\Roaming\Imager\Cali\Cali-20052193-33-0-250.dat
DEBUG [OpCorr.cpp:557] @ 0.740641s :Read calibration of camera no 20052193, # of fields: 6 , start of fields: 40
DEBUG [ImageProcessing.cpp:1108] @ 1.00342s :Update flag temperature: 31.1875
DEBUG [ImageProcessing.cpp:1111] @ 1.00706s :Update box temperature: 28.875
DEBUG [Cali.cpp:639] @ 1.0071s :Calibration file path: 0000022070144C24/000000A363BEC6C0.xml
DEBUG [SimpleXML.cpp:238] @ 1.00718s :Failed to open file C:\Users\u0173846\AppData\Roaming\Imager\Cali\CaliExt-20052193.xml
DEBUG [IRImager.cpp:547] @ 1.0188s :Chip heating disabled
DEBUG [direct_binding.cpp:300] @ 1.02655s :evo_irimager_multi_usb_init with config: 6060300f.xml
DEBUG [direct_binding.cpp:301] @ 1.02661s :evo_irimager_multi_usb_init connected returned: 1
DEBUG [IRImager.cpp:1107] @ 1.12382s :Start flag calibration
