DEBUG [IRLogger.cpp:105] @ 0.0002838s :***************************************************
DEBUG [IRLogger.cpp:106] @ 0.0003671s :* IRImagerDirect SDK                              *
DEBUG [IRLogger.cpp:107] @ 0.0003959s :***************************************************
DEBUG [IRLogger.cpp:113] @ 0.0004213s :* Native Machine:      AMD64
DEBUG [IRLogger.cpp:114] @ 0.0004446s :* Machine:             AMD64
DEBUG [IRLogger.cpp:116] @ 0.0004742s :* OS:                  Windows 10 0 19045
DEBUG [IRLogger.cpp:123] @ 0.0004953s :***************************************************
DEBUG [IRDeviceParams.cpp:204] @ 0.0015144s :Parameters
DEBUG [IRDeviceParams.cpp:205] @ 0.0015466s :serial: 17092037
DEBUG [IRDeviceParams.cpp:206] @ 0.0015731s :videoformatindex: 2
DEBUG [IRDeviceParams.cpp:207] @ 0.0015985s :fov: 0
DEBUG [IRDeviceParams.cpp:208] @ 0.0016236s :optics_text: 0000027E8236B960
DEBUG [IRDeviceParams.cpp:209] @ 0.0016486s :formatspath: 0000027E8236B8E0
DEBUG [IRDeviceParams.cpp:210] @ 0.0016735s :calipath: 0000000000000000
DEBUG [IRDeviceParams.cpp:211] @ 0.0017198s :temperature min: 500
DEBUG [IRDeviceParams.cpp:212] @ 0.0017482s :temperature max: 1800
DEBUG [IRDeviceParams.cpp:213] @ 0.0017811s :framerate: 32
DEBUG [IRDeviceParams.cpp:214] @ 0.0018076s :bispectral: 0
DEBUG [IRDeviceParams.cpp:215] @ 0.0018345s :flag automatic: 0
DEBUG [IRDeviceParams.cpp:216] @ 0.0018624s :min interval: 15
DEBUG [IRDeviceParams.cpp:217] @ 0.0018894s :max interval: 0
DEBUG [IRDeviceParams.cpp:218] @ 0.0019353s :chip heating mode: 0
DEBUG [IRDeviceParams.cpp:219] @ 0.0019715s :chip heating fixed val: 40
DEBUG [IRDeviceParams.cpp:220] @ 0.001998s :focus:  -1
DEBUG [IRDeviceParams.cpp:221] @ 0.0020152s :enable extended temp range: 0
DEBUG [IRDeviceParams.cpp:222] @ 0.0020389s :buffer queue size: 5
DEBUG [IRDeviceParams.cpp:223] @ 0.0020819s :enable high precision: 0
DEBUG [IRDeviceParams.cpp:224] @ 0.0021113s :radialDistortionCorrectionMode: 0
DEBUG [IRDeviceParams.cpp:225] @ 0.0021398s :deviceAPI: 0
DEBUG [IRDeviceParams.cpp:226] @ 0.0021654s :useExternalProbeForReferencing: 0
DEBUG [IRDeviceParams.cpp:227] @ 0.0021918s :enableMultiThreading: 0
DEBUG [IRDeviceParams.cpp:232] @ 0.0022234s :ethernetDevice.deviceIpAddress: 0.0.0.0
DEBUG [IRDeviceParams.cpp:233] @ 0.0022506s :ethernetDevice.localUdpPort: 0
DEBUG [IRDeviceParams.cpp:234] @ 0.0022805s :ethernetDevice.checkUdpSenderIp: 1
DEBUG [Cali.cpp:87] @ 0.317514s :Calibration directory path: C:\Users\u0173846\AppData\Roaming\Imager\Cali
DEBUG [Cali.cpp:88] @ 0.317545s :Calibration file name: Cali-17092037.xml
DEBUG [Cali.cpp:98] @ 0.317855s :Calibration data A: 1450 B:470 C:4095 D:1500
INFO [IRImager.cpp:266] @ 0.318433s :Init thermal imager to 17092037 with size: 766x480@32 Hz
DEBUG [Cali.cpp:87] @ 0.318699s :Calibration directory path: C:\Users\u0173846\AppData\Roaming\Imager\Cali
DEBUG [Cali.cpp:88] @ 0.318716s :Calibration file name: Cali-17092037.xml
DEBUG [Cali.cpp:98] @ 0.318988s :Calibration data A: 1450 B:470 C:4095 D:1500
DEBUG [IRImager.cpp:374] @ 0.319627s :Using HID control interface
DEBUG [IRImager.cpp:414] @ 0.388672s :Initialized HID control interface to device with HW:2101 FW:2820
DEBUG [IRImager.cpp:435] @ 0.388736s :Frameconfig - width(in): 766, height(in): 480, interval: 312500, max framerate: 32, HW interval: 0.03125
DEBUG [Cali.cpp:87] @ 0.388761s :Calibration directory path: C:\Users\u0173846\AppData\Roaming\Imager\Cali
DEBUG [Cali.cpp:88] @ 0.388775s :Calibration file name: Cali-17092037.xml
DEBUG [Cali.cpp:98] @ 0.389256s :Calibration data A: 1450 B:470 C:4095 D:1500
DEBUG [ImageProcessing.cpp:200] @ 0.393671s :Source buffer size: 735360 Width: 766 Height: 480
DEBUG [ImageProcessing.cpp:121] @ 0.428747s :Source buffer size: 735360 Width: 766 Height: 480
DEBUG [OpSource.cpp:347] @ 0.428846s :Using formats path: .\\Formats.def
DEBUG [OpSource.cpp:598] @ 0.429033s :Format found with size: 14
DEBUG [IRImager.cpp:841] @ 0.429777s :Caught onFrameInit with size: 764x480
DEBUG [OpSource.cpp:347] @ 0.431792s :Using formats path: .\\Formats.def
DEBUG [OpSource.cpp:598] @ 0.431971s :Format found with size: 14
DEBUG [OpSource.cpp:347] @ 0.432029s :Using formats path: .\\Formats.def
DEBUG [OpCorr.cpp:467] @ 0.434096s :Read cali: C:\Users\u0173846\AppData\Roaming\Imager\Cali\Cali-17092037-25-500-1800-32.dat
DEBUG [ImageProcessing.cpp:1108] @ 0.467532s :Update flag temperature: 35.9375
DEBUG [ImageProcessing.cpp:1111] @ 0.469654s :Update box temperature: 35.9375
DEBUG [Cali.cpp:639] @ 0.469705s :Calibration file path: 0000027E823B3ED4/000000B09AFFC590.xml
DEBUG [SimpleXML.cpp:238] @ 0.469813s :Failed to open file C:\Users\u0173846\AppData\Roaming\Imager\Cali\CaliExt-17092037.xml
DEBUG [IRImager.cpp:547] @ 0.48364s :Chip heating disabled
DEBUG [direct_binding.cpp:300] @ 0.487485s :evo_irimager_multi_usb_init with config: 17092037f.xml
DEBUG [direct_binding.cpp:301] @ 0.487522s :evo_irimager_multi_usb_init connected returned: 1
DEBUG [IRLogger.cpp:105] @ 0.488819s :***************************************************
DEBUG [IRLogger.cpp:106] @ 0.488866s :* IRImagerDirect SDK                              *
DEBUG [IRLogger.cpp:107] @ 0.488883s :***************************************************
DEBUG [IRLogger.cpp:113] @ 0.4889s :* Native Machine:      AMD64
DEBUG [IRLogger.cpp:114] @ 0.488915s :* Machine:             AMD64
DEBUG [IRLogger.cpp:116] @ 0.488936s :* OS:                  Windows 10 0 19045
DEBUG [IRLogger.cpp:123] @ 0.488948s :***************************************************
DEBUG [IRDeviceParams.cpp:204] @ 0.489506s :Parameters
DEBUG [IRDeviceParams.cpp:205] @ 0.489527s :serial: 20052193
DEBUG [IRDeviceParams.cpp:206] @ 0.489541s :videoformatindex: 0
DEBUG [IRDeviceParams.cpp:207] @ 0.489639s :fov: 33
DEBUG [IRDeviceParams.cpp:208] @ 0.489659s :optics_text: 0000027E84D508F0
DEBUG [IRDeviceParams.cpp:209] @ 0.489675s :formatspath: 0000027E84D50950
DEBUG [IRDeviceParams.cpp:210] @ 0.489688s :calipath: 0000000000000000
DEBUG [IRDeviceParams.cpp:211] @ 0.489706s :temperature min: 0
DEBUG [IRDeviceParams.cpp:212] @ 0.489717s :temperature max: 250
DEBUG [IRDeviceParams.cpp:213] @ 0.489731s :framerate: 32
DEBUG [IRDeviceParams.cpp:214] @ 0.489743s :bispectral: 0
DEBUG [IRDeviceParams.cpp:215] @ 0.489755s :flag automatic: 0
DEBUG [IRDeviceParams.cpp:216] @ 0.489767s :min interval: 15
DEBUG [IRDeviceParams.cpp:217] @ 0.489779s :max interval: 0
DEBUG [IRDeviceParams.cpp:218] @ 0.48979s :chip heating mode: 0
DEBUG [IRDeviceParams.cpp:219] @ 0.489802s :chip heating fixed val: 40
DEBUG [IRDeviceParams.cpp:220] @ 0.489889s :focus:  -1
DEBUG [IRDeviceParams.cpp:221] @ 0.489911s :enable extended temp range: 0
DEBUG [IRDeviceParams.cpp:222] @ 0.489924s :buffer queue size: 5
DEBUG [IRDeviceParams.cpp:223] @ 0.489937s :enable high precision: 0
DEBUG [IRDeviceParams.cpp:224] @ 0.489951s :radialDistortionCorrectionMode: 0
DEBUG [IRDeviceParams.cpp:225] @ 0.489963s :deviceAPI: 0
DEBUG [IRDeviceParams.cpp:226] @ 0.489976s :useExternalProbeForReferencing: 0
DEBUG [IRDeviceParams.cpp:227] @ 0.489988s :enableMultiThreading: 0
DEBUG [IRDeviceParams.cpp:232] @ 0.490001s :ethernetDevice.deviceIpAddress: 0.0.0.0
DEBUG [IRDeviceParams.cpp:233] @ 0.490016s :ethernetDevice.localUdpPort: 0
DEBUG [IRDeviceParams.cpp:234] @ 0.490028s :ethernetDevice.checkUdpSenderIp: 1
DEBUG [IRImager.cpp:1107] @ 0.643182s :Start flag calibration
DEBUG [Cali.cpp:87] @ 0.653439s :Calibration directory path: C:\Users\u0173846\AppData\Roaming\Imager\Cali
DEBUG [Cali.cpp:88] @ 0.65347s :Calibration file name: Cali-20052193.xml
DEBUG [Cali.cpp:98] @ 0.65389s :Calibration data A: 1450 B:1500 C:4095 D:1500
INFO [IRImager.cpp:266] @ 0.654874s :Init thermal imager to 20052193 with size: 642x480@32 Hz
DEBUG [Cali.cpp:87] @ 0.655143s :Calibration directory path: C:\Users\u0173846\AppData\Roaming\Imager\Cali
DEBUG [Cali.cpp:88] @ 0.655159s :Calibration file name: Cali-20052193.xml
DEBUG [Cali.cpp:98] @ 0.655536s :Calibration data A: 1450 B:1500 C:4095 D:1500
DEBUG [IRImager.cpp:374] @ 0.656338s :Using HID control interface
DEBUG [IRImager.cpp:414] @ 0.666376s :Initialized HID control interface to device with HW:601 FW:2633
DEBUG [IRImager.cpp:435] @ 0.666442s :Frameconfig - width(in): 642, height(in): 480, interval: 312500, max framerate: 32, HW interval: 0.03125
DEBUG [Cali.cpp:87] @ 0.666462s :Calibration directory path: C:\Users\u0173846\AppData\Roaming\Imager\Cali
DEBUG [Cali.cpp:88] @ 0.666475s :Calibration file name: Cali-20052193.xml
DEBUG [Cali.cpp:98] @ 0.666894s :Calibration data A: 1450 B:1500 C:4095 D:1500
DEBUG [ImageProcessing.cpp:200] @ 0.694615s :Source buffer size: 616320 Width: 642 Height: 480
DEBUG [ImageProcessing.cpp:121] @ 0.734844s :Source buffer size: 616320 Width: 642 Height: 480
DEBUG [OpSource.cpp:347] @ 0.734953s :Using formats path: .\\Formats.def
DEBUG [OpSource.cpp:598] @ 0.735106s :Format found with size: 25
DEBUG [IRImager.cpp:841] @ 0.735801s :Caught onFrameInit with size: 640x480
DEBUG [OpSource.cpp:347] @ 0.737792s :Using formats path: .\\Formats.def
DEBUG [OpSource.cpp:598] @ 0.737945s :Format found with size: 25
DEBUG [OpSource.cpp:347] @ 0.738008s :Using formats path: .\\Formats.def
DEBUG [OpCorr.cpp:467] @ 0.742669s :Read cali: C:\Users\u0173846\AppData\Roaming\Imager\Cali\Cali-20052193-33-0-250.dat
DEBUG [OpCorr.cpp:557] @ 0.742764s :Read calibration of camera no 20052193, # of fields: 6 , start of fields: 40
DEBUG [ImageProcessing.cpp:1108] @ 1.00638s :Update flag temperature: 29.3125
DEBUG [ImageProcessing.cpp:1111] @ 1.01005s :Update box temperature: 27.125
DEBUG [Cali.cpp:639] @ 1.0101s :Calibration file path: 0000027E84D14504/000000B09AFFC590.xml
DEBUG [SimpleXML.cpp:238] @ 1.01022s :Failed to open file C:\Users\u0173846\AppData\Roaming\Imager\Cali\CaliExt-20052193.xml
DEBUG [IRImager.cpp:547] @ 1.02181s :Chip heating disabled
DEBUG [direct_binding.cpp:300] @ 1.03003s :evo_irimager_multi_usb_init with config: 6060300f.xml
DEBUG [direct_binding.cpp:301] @ 1.0301s :evo_irimager_multi_usb_init connected returned: 1
DEBUG [IRImager.cpp:1107] @ 1.12485s :Start flag calibration
