DEBUG [IRLogger.cpp:105] @ 0.0003168s :***************************************************
DEBUG [IRLogger.cpp:106] @ 0.0003918s :* IRImagerDirect SDK                              *
DEBUG [IRLogger.cpp:107] @ 0.0004262s :***************************************************
DEBUG [IRLogger.cpp:113] @ 0.0005338s :* Native Machine:      AMD64
DEBUG [IRLogger.cpp:114] @ 0.0005747s :* Machine:             AMD64
DEBUG [IRLogger.cpp:116] @ 0.0006049s :* OS:                  Windows 10 0 19045
DEBUG [IRLogger.cpp:123] @ 0.0006269s :***************************************************
DEBUG [IRDeviceParams.cpp:204] @ 0.0012664s :Parameters
DEBUG [IRDeviceParams.cpp:205] @ 0.0012866s :serial: 17092037
DEBUG [IRDeviceParams.cpp:206] @ 0.0012988s :videoformatindex: 2
DEBUG [IRDeviceParams.cpp:207] @ 0.0013105s :fov: 0
DEBUG [IRDeviceParams.cpp:208] @ 0.0013221s :optics_text: 000001C33FAA43A0
DEBUG [IRDeviceParams.cpp:209] @ 0.0013338s :formatspath: 000001C33FAA42E0
DEBUG [IRDeviceParams.cpp:210] @ 0.0013454s :calipath: 0000000000000000
DEBUG [IRDeviceParams.cpp:211] @ 0.0013564s :temperature min: 500
DEBUG [IRDeviceParams.cpp:212] @ 0.0013675s :temperature max: 1800
DEBUG [IRDeviceParams.cpp:213] @ 0.0013816s :framerate: 32
DEBUG [IRDeviceParams.cpp:214] @ 0.0013929s :bispectral: 0
DEBUG [IRDeviceParams.cpp:215] @ 0.0014039s :flag automatic: 0
DEBUG [IRDeviceParams.cpp:216] @ 0.0014154s :min interval: 15
DEBUG [IRDeviceParams.cpp:217] @ 0.0014266s :max interval: 0
DEBUG [IRDeviceParams.cpp:218] @ 0.0014375s :chip heating mode: 0
DEBUG [IRDeviceParams.cpp:219] @ 0.0014642s :chip heating fixed val: 40
DEBUG [IRDeviceParams.cpp:220] @ 0.0015021s :focus:  -1
DEBUG [IRDeviceParams.cpp:221] @ 0.0015161s :enable extended temp range: 0
DEBUG [IRDeviceParams.cpp:222] @ 0.0015294s :buffer queue size: 5
DEBUG [IRDeviceParams.cpp:223] @ 0.0015424s :enable high precision: 0
DEBUG [IRDeviceParams.cpp:224] @ 0.0015547s :radialDistortionCorrectionMode: 0
DEBUG [IRDeviceParams.cpp:225] @ 0.001567s :deviceAPI: 0
DEBUG [IRDeviceParams.cpp:226] @ 0.0015803s :useExternalProbeForReferencing: 0
DEBUG [IRDeviceParams.cpp:227] @ 0.0015934s :enableMultiThreading: 0
DEBUG [IRDeviceParams.cpp:232] @ 0.0016075s :ethernetDevice.deviceIpAddress: 0.0.0.0
DEBUG [IRDeviceParams.cpp:233] @ 0.0016197s :ethernetDevice.localUdpPort: 0
DEBUG [IRDeviceParams.cpp:234] @ 0.0016325s :ethernetDevice.checkUdpSenderIp: 1
DEBUG [Cali.cpp:87] @ 0.302s :Calibration directory path: C:\Users\u0173846\AppData\Roaming\Imager\Cali
DEBUG [Cali.cpp:88] @ 0.30203s :Calibration file name: Cali-17092037.xml
DEBUG [Cali.cpp:98] @ 0.302338s :Calibration data A: 1450 B:470 C:4095 D:1500
INFO [IRImager.cpp:266] @ 0.302899s :Init thermal imager to 17092037 with size: 766x480@32 Hz
DEBUG [Cali.cpp:87] @ 0.303164s :Calibration directory path: C:\Users\u0173846\AppData\Roaming\Imager\Cali
DEBUG [Cali.cpp:88] @ 0.30318s :Calibration file name: Cali-17092037.xml
DEBUG [Cali.cpp:98] @ 0.303454s :Calibration data A: 1450 B:470 C:4095 D:1500
DEBUG [IRImager.cpp:374] @ 0.304056s :Using HID control interface
DEBUG [IRImager.cpp:414] @ 0.384397s :Initialized HID control interface to device with HW:2101 FW:2820
DEBUG [IRImager.cpp:435] @ 0.384435s :Frameconfig - width(in): 766, height(in): 480, interval: 312500, max framerate: 32, HW interval: 0.03125
DEBUG [Cali.cpp:87] @ 0.384454s :Calibration directory path: C:\Users\u0173846\AppData\Roaming\Imager\Cali
DEBUG [Cali.cpp:88] @ 0.384467s :Calibration file name: Cali-17092037.xml
DEBUG [Cali.cpp:98] @ 0.384818s :Calibration data A: 1450 B:470 C:4095 D:1500
DEBUG [ImageProcessing.cpp:200] @ 0.389201s :Source buffer size: 735360 Width: 766 Height: 480
DEBUG [ImageProcessing.cpp:121] @ 0.4245s :Source buffer size: 735360 Width: 766 Height: 480
DEBUG [OpSource.cpp:347] @ 0.424598s :Using formats path: .\\Formats.def
DEBUG [OpSource.cpp:598] @ 0.424777s :Format found with size: 14
DEBUG [IRImager.cpp:841] @ 0.425555s :Caught onFrameInit with size: 764x480
DEBUG [OpSource.cpp:347] @ 0.428706s :Using formats path: .\\Formats.def
DEBUG [OpSource.cpp:598] @ 0.428883s :Format found with size: 14
DEBUG [OpSource.cpp:347] @ 0.428939s :Using formats path: .\\Formats.def
DEBUG [OpCorr.cpp:467] @ 0.431112s :Read cali: C:\Users\u0173846\AppData\Roaming\Imager\Cali\Cali-17092037-25-500-1800-32.dat
DEBUG [ImageProcessing.cpp:1108] @ 0.471675s :Update flag temperature: 35.9375
DEBUG [ImageProcessing.cpp:1111] @ 0.473508s :Update box temperature: 35.9375
DEBUG [Cali.cpp:639] @ 0.473552s :Calibration file path: 000001C33FB2EFA4/000000946B5ECC10.xml
DEBUG [SimpleXML.cpp:238] @ 0.47366s :Failed to open file C:\Users\u0173846\AppData\Roaming\Imager\Cali\CaliExt-17092037.xml
DEBUG [IRImager.cpp:547] @ 0.487153s :Chip heating disabled
DEBUG [direct_binding.cpp:300] @ 0.490911s :evo_irimager_multi_usb_init with config: 17092037f.xml
DEBUG [direct_binding.cpp:301] @ 0.490978s :evo_irimager_multi_usb_init connected returned: 1
