DEBUG [IRLogger.cpp:105] @ 0.0003202s :***************************************************
DEBUG [IRLogger.cpp:106] @ 0.0004037s :* IRImagerDirect SDK                              *
DEBUG [IRLogger.cpp:107] @ 0.0004329s :***************************************************
DEBUG [IRLogger.cpp:113] @ 0.0004571s :* Native Machine:      AMD64
DEBUG [IRLogger.cpp:114] @ 0.000497s :* Machine:             AMD64
DEBUG [IRLogger.cpp:116] @ 0.0005729s :* OS:                  Windows 10 0 19045
DEBUG [IRLogger.cpp:123] @ 0.0006044s :***************************************************
DEBUG [IRDeviceParams.cpp:204] @ 0.0012353s :Parameters
DEBUG [IRDeviceParams.cpp:205] @ 0.001272s :serial: 17092037
DEBUG [IRDeviceParams.cpp:206] @ 0.0013032s :videoformatindex: 2
DEBUG [IRDeviceParams.cpp:207] @ 0.001318s :fov: 0
DEBUG [IRDeviceParams.cpp:208] @ 0.0013353s :optics_text: 0000025738CEEFE0
DEBUG [IRDeviceParams.cpp:209] @ 0.0013519s :formatspath: 0000025738CEEF30
DEBUG [IRDeviceParams.cpp:210] @ 0.0013691s :calipath: 0000000000000000
DEBUG [IRDeviceParams.cpp:211] @ 0.0013897s :temperature min: 500
DEBUG [IRDeviceParams.cpp:212] @ 0.0014069s :temperature max: 1800
DEBUG [IRDeviceParams.cpp:213] @ 0.0014244s :framerate: 32
DEBUG [IRDeviceParams.cpp:214] @ 0.0014374s :bispectral: 0
DEBUG [IRDeviceParams.cpp:215] @ 0.0014534s :flag automatic: 0
DEBUG [IRDeviceParams.cpp:216] @ 0.0014704s :min interval: 15
DEBUG [IRDeviceParams.cpp:217] @ 0.0014851s :max interval: 0
DEBUG [IRDeviceParams.cpp:218] @ 0.0015564s :chip heating mode: 0
DEBUG [IRDeviceParams.cpp:219] @ 0.0015974s :chip heating fixed val: 40
DEBUG [IRDeviceParams.cpp:220] @ 0.001615s :focus:  -1
DEBUG [IRDeviceParams.cpp:221] @ 0.0016317s :enable extended temp range: 0
DEBUG [IRDeviceParams.cpp:222] @ 0.0016481s :buffer queue size: 5
DEBUG [IRDeviceParams.cpp:223] @ 0.0016646s :enable high precision: 0
DEBUG [IRDeviceParams.cpp:224] @ 0.0016781s :radialDistortionCorrectionMode: 0
DEBUG [IRDeviceParams.cpp:225] @ 0.001691s :deviceAPI: 0
DEBUG [IRDeviceParams.cpp:226] @ 0.0017042s :useExternalProbeForReferencing: 0
DEBUG [IRDeviceParams.cpp:227] @ 0.0017208s :enableMultiThreading: 0
DEBUG [IRDeviceParams.cpp:232] @ 0.0017374s :ethernetDevice.deviceIpAddress: 0.0.0.0
DEBUG [IRDeviceParams.cpp:233] @ 0.001805s :ethernetDevice.localUdpPort: 0
DEBUG [IRDeviceParams.cpp:234] @ 0.0018195s :ethernetDevice.checkUdpSenderIp: 1
DEBUG [Cali.cpp:87] @ 0.288382s :Calibration directory path: C:\Users\u0173846\AppData\Roaming\Imager\Cali
DEBUG [Cali.cpp:88] @ 0.288415s :Calibration file name: Cali-17092037.xml
DEBUG [Cali.cpp:98] @ 0.288728s :Calibration data A: 1450 B:470 C:4095 D:1500
INFO [IRImager.cpp:266] @ 0.289315s :Init thermal imager to 17092037 with size: 766x480@32 Hz
DEBUG [Cali.cpp:87] @ 0.289581s :Calibration directory path: C:\Users\u0173846\AppData\Roaming\Imager\Cali
DEBUG [Cali.cpp:88] @ 0.289598s :Calibration file name: Cali-17092037.xml
DEBUG [Cali.cpp:98] @ 0.289867s :Calibration data A: 1450 B:470 C:4095 D:1500
DEBUG [IRImager.cpp:374] @ 0.290478s :Using HID control interface
DEBUG [IRImager.cpp:414] @ 0.370698s :Initialized HID control interface to device with HW:2101 FW:2820
DEBUG [IRImager.cpp:435] @ 0.370742s :Frameconfig - width(in): 766, height(in): 480, interval: 312500, max framerate: 32, HW interval: 0.03125
DEBUG [Cali.cpp:87] @ 0.37076s :Calibration directory path: C:\Users\u0173846\AppData\Roaming\Imager\Cali
DEBUG [Cali.cpp:88] @ 0.370773s :Calibration file name: Cali-17092037.xml
DEBUG [Cali.cpp:98] @ 0.37111s :Calibration data A: 1450 B:470 C:4095 D:1500
DEBUG [ImageProcessing.cpp:200] @ 0.37532s :Source buffer size: 735360 Width: 766 Height: 480
DEBUG [ImageProcessing.cpp:121] @ 0.410819s :Source buffer size: 735360 Width: 766 Height: 480
DEBUG [OpSource.cpp:347] @ 0.4109s :Using formats path: .\\Formats.def
DEBUG [OpSource.cpp:598] @ 0.411071s :Format found with size: 14
DEBUG [IRImager.cpp:841] @ 0.411796s :Caught onFrameInit with size: 764x480
DEBUG [OpSource.cpp:347] @ 0.413957s :Using formats path: .\\Formats.def
DEBUG [OpSource.cpp:598] @ 0.414131s :Format found with size: 14
DEBUG [OpSource.cpp:347] @ 0.414186s :Using formats path: .\\Formats.def
DEBUG [OpCorr.cpp:467] @ 0.416333s :Read cali: C:\Users\u0173846\AppData\Roaming\Imager\Cali\Cali-17092037-25-500-1800-32.dat
DEBUG [ImageProcessing.cpp:1108] @ 0.449385s :Update flag temperature: -235.563
DEBUG [ImageProcessing.cpp:1111] @ 0.451264s :Update box temperature: -235.563
DEBUG [Cali.cpp:639] @ 0.451287s :Calibration file path: 0000025750AEB924/0000005F905EC610.xml
DEBUG [SimpleXML.cpp:238] @ 0.45138s :Failed to open file C:\Users\u0173846\AppData\Roaming\Imager\Cali\CaliExt-17092037.xml
DEBUG [IRImager.cpp:547] @ 0.463879s :Chip heating disabled
DEBUG [direct_binding.cpp:300] @ 0.467131s :evo_irimager_multi_usb_init with config: 17092037f.xml
DEBUG [direct_binding.cpp:301] @ 0.467158s :evo_irimager_multi_usb_init connected returned: 1
DEBUG [IRLogger.cpp:105] @ 0.468108s :***************************************************
DEBUG [IRLogger.cpp:106] @ 0.468146s :* IRImagerDirect SDK                              *
DEBUG [IRLogger.cpp:107] @ 0.468162s :***************************************************
DEBUG [IRLogger.cpp:113] @ 0.468178s :* Native Machine:      AMD64
DEBUG [IRLogger.cpp:114] @ 0.468194s :* Machine:             AMD64
DEBUG [IRLogger.cpp:116] @ 0.468214s :* OS:                  Windows 10 0 19045
DEBUG [IRLogger.cpp:123] @ 0.468226s :***************************************************
DEBUG [IRDeviceParams.cpp:204] @ 0.46869s :Parameters
DEBUG [IRDeviceParams.cpp:205] @ 0.468708s :serial: 20052193
DEBUG [IRDeviceParams.cpp:206] @ 0.46872s :videoformatindex: 0
DEBUG [IRDeviceParams.cpp:207] @ 0.468732s :fov: 33
DEBUG [IRDeviceParams.cpp:208] @ 0.468746s :optics_text: 0000025752061620
DEBUG [IRDeviceParams.cpp:209] @ 0.468758s :formatspath: 0000025752061580
DEBUG [IRDeviceParams.cpp:210] @ 0.46877s :calipath: 0000000000000000
DEBUG [IRDeviceParams.cpp:211] @ 0.468782s :temperature min: 0
DEBUG [IRDeviceParams.cpp:212] @ 0.468794s :temperature max: 250
DEBUG [IRDeviceParams.cpp:213] @ 0.468807s :framerate: 32
DEBUG [IRDeviceParams.cpp:214] @ 0.468818s :bispectral: 0
DEBUG [IRDeviceParams.cpp:215] @ 0.468829s :flag automatic: 0
DEBUG [IRDeviceParams.cpp:216] @ 0.468841s :min interval: 15
DEBUG [IRDeviceParams.cpp:217] @ 0.468852s :max interval: 0
DEBUG [IRDeviceParams.cpp:218] @ 0.468863s :chip heating mode: 0
DEBUG [IRDeviceParams.cpp:219] @ 0.468875s :chip heating fixed val: 40
DEBUG [IRDeviceParams.cpp:220] @ 0.468888s :focus:  -1
DEBUG [IRDeviceParams.cpp:221] @ 0.4689s :enable extended temp range: 0
DEBUG [IRDeviceParams.cpp:222] @ 0.468911s :buffer queue size: 5
DEBUG [IRDeviceParams.cpp:223] @ 0.468922s :enable high precision: 0
DEBUG [IRDeviceParams.cpp:224] @ 0.468935s :radialDistortionCorrectionMode: 0
DEBUG [IRDeviceParams.cpp:225] @ 0.468946s :deviceAPI: 0
DEBUG [IRDeviceParams.cpp:226] @ 0.468958s :useExternalProbeForReferencing: 0
DEBUG [IRDeviceParams.cpp:227] @ 0.468969s :enableMultiThreading: 0
DEBUG [IRDeviceParams.cpp:232] @ 0.468981s :ethernetDevice.deviceIpAddress: 0.0.0.0
DEBUG [IRDeviceParams.cpp:233] @ 0.468992s :ethernetDevice.localUdpPort: 0
DEBUG [IRDeviceParams.cpp:234] @ 0.469021s :ethernetDevice.checkUdpSenderIp: 1
DEBUG [IRImager.cpp:1107] @ 0.622633s :Start flag calibration
DEBUG [Cali.cpp:87] @ 0.636084s :Calibration directory path: C:\Users\u0173846\AppData\Roaming\Imager\Cali
DEBUG [Cali.cpp:88] @ 0.636114s :Calibration file name: Cali-20052193.xml
DEBUG [Cali.cpp:98] @ 0.636531s :Calibration data A: 1450 B:1500 C:4095 D:1500
INFO [IRImager.cpp:266] @ 0.637527s :Init thermal imager to 20052193 with size: 642x480@32 Hz
DEBUG [Cali.cpp:87] @ 0.63779s :Calibration directory path: C:\Users\u0173846\AppData\Roaming\Imager\Cali
DEBUG [Cali.cpp:88] @ 0.637806s :Calibration file name: Cali-20052193.xml
DEBUG [Cali.cpp:98] @ 0.638183s :Calibration data A: 1450 B:1500 C:4095 D:1500
DEBUG [IRImager.cpp:374] @ 0.638951s :Using HID control interface
DEBUG [IRImager.cpp:414] @ 0.660418s :Initialized HID control interface to device with HW:601 FW:2633
DEBUG [IRImager.cpp:435] @ 0.660492s :Frameconfig - width(in): 642, height(in): 480, interval: 312500, max framerate: 32, HW interval: 0.03125
DEBUG [Cali.cpp:87] @ 0.660513s :Calibration directory path: C:\Users\u0173846\AppData\Roaming\Imager\Cali
DEBUG [Cali.cpp:88] @ 0.660527s :Calibration file name: Cali-20052193.xml
DEBUG [Cali.cpp:98] @ 0.660948s :Calibration data A: 1450 B:1500 C:4095 D:1500
DEBUG [ImageProcessing.cpp:200] @ 0.688572s :Source buffer size: 616320 Width: 642 Height: 480
DEBUG [ImageProcessing.cpp:121] @ 0.728342s :Source buffer size: 616320 Width: 642 Height: 480
DEBUG [OpSource.cpp:347] @ 0.728413s :Using formats path: .\\Formats.def
DEBUG [OpSource.cpp:598] @ 0.72855s :Format found with size: 25
DEBUG [IRImager.cpp:841] @ 0.729179s :Caught onFrameInit with size: 640x480
DEBUG [OpSource.cpp:347] @ 0.731082s :Using formats path: .\\Formats.def
DEBUG [OpSource.cpp:598] @ 0.731212s :Format found with size: 25
DEBUG [OpSource.cpp:347] @ 0.731265s :Using formats path: .\\Formats.def
DEBUG [OpCorr.cpp:467] @ 0.735616s :Read cali: C:\Users\u0173846\AppData\Roaming\Imager\Cali\Cali-20052193-33-0-250.dat
DEBUG [OpCorr.cpp:557] @ 0.735702s :Read calibration of camera no 20052193, # of fields: 6 , start of fields: 40
DEBUG [ImageProcessing.cpp:1108] @ 1.00106s :Update flag temperature: 31.25
DEBUG [ImageProcessing.cpp:1111] @ 1.00482s :Update box temperature: 28.875
DEBUG [Cali.cpp:639] @ 1.00485s :Calibration file path: 0000025751FA4664/0000005F905EC610.xml
DEBUG [SimpleXML.cpp:238] @ 1.00494s :Failed to open file C:\Users\u0173846\AppData\Roaming\Imager\Cali\CaliExt-20052193.xml
DEBUG [IRImager.cpp:547] @ 1.01633s :Chip heating disabled
DEBUG [direct_binding.cpp:300] @ 1.02432s :evo_irimager_multi_usb_init with config: 6060300f.xml
DEBUG [direct_binding.cpp:301] @ 1.02437s :evo_irimager_multi_usb_init connected returned: 1
DEBUG [IRImager.cpp:1107] @ 1.11937s :Start flag calibration
DEBUG [OpFlag.cpp:591] @ 11.6262s :SkimDiff: 0 Adjust: 0 State: 0 EMax: 8618 Emin: 8382
DEBUG [OpFlag.cpp:591] @ 12.0072s :SkimDiff: 0 Adjust: 0 State: 0 EMax: 12755 Emin: 4955
DEBUG [IRImager.cpp:1121] @ 12.0675s :Finished startup calibration
DEBUG [IRImager.cpp:1121] @ 12.3303s :Finished startup calibration
