DEBUG [IRLogger.cpp:105] @ 0.0004431s :***************************************************
DEBUG [IRLogger.cpp:106] @ 0.0005546s :* IRImagerDirect SDK                              *
DEBUG [IRLogger.cpp:107] @ 0.000592s :***************************************************
DEBUG [IRLogger.cpp:113] @ 0.0006308s :* Native Machine:      AMD64
DEBUG [IRLogger.cpp:114] @ 0.0007141s :* Machine:             AMD64
DEBUG [IRLogger.cpp:116] @ 0.0007665s :* OS:                  Windows 10 0 19045
DEBUG [IRLogger.cpp:123] @ 0.0007987s :***************************************************
DEBUG [IRDeviceParams.cpp:204] @ 0.0014018s :Parameters
DEBUG [IRDeviceParams.cpp:205] @ 0.0014198s :serial: 17092037
DEBUG [IRDeviceParams.cpp:206] @ 0.0014315s :videoformatindex: 2
DEBUG [IRDeviceParams.cpp:207] @ 0.0014429s :fov: 0
DEBUG [IRDeviceParams.cpp:208] @ 0.0014545s :optics_text: 00000209B5D57450
DEBUG [IRDeviceParams.cpp:209] @ 0.0014661s :formatspath: 00000209B5D57530
DEBUG [IRDeviceParams.cpp:210] @ 0.0014778s :calipath: 0000000000000000
DEBUG [IRDeviceParams.cpp:211] @ 0.001489s :temperature min: 500
DEBUG [IRDeviceParams.cpp:212] @ 0.0015002s :temperature max: 1800
DEBUG [IRDeviceParams.cpp:213] @ 0.0015139s :framerate: 32
DEBUG [IRDeviceParams.cpp:214] @ 0.0015252s :bispectral: 0
DEBUG [IRDeviceParams.cpp:215] @ 0.0015361s :flag automatic: 0
DEBUG [IRDeviceParams.cpp:216] @ 0.0015493s :min interval: 15
DEBUG [IRDeviceParams.cpp:217] @ 0.0015606s :max interval: 0
DEBUG [IRDeviceParams.cpp:218] @ 0.0015714s :chip heating mode: 0
DEBUG [IRDeviceParams.cpp:219] @ 0.0015828s :chip heating fixed val: 40
DEBUG [IRDeviceParams.cpp:220] @ 0.0015945s :focus:  -1
DEBUG [IRDeviceParams.cpp:221] @ 0.0016055s :enable extended temp range: 0
DEBUG [IRDeviceParams.cpp:222] @ 0.0016166s :buffer queue size: 5
DEBUG [IRDeviceParams.cpp:223] @ 0.0016275s :enable high precision: 0
DEBUG [IRDeviceParams.cpp:224] @ 0.0016385s :radialDistortionCorrectionMode: 0
DEBUG [IRDeviceParams.cpp:225] @ 0.0016494s :deviceAPI: 0
DEBUG [IRDeviceParams.cpp:226] @ 0.0016602s :useExternalProbeForReferencing: 0
DEBUG [IRDeviceParams.cpp:227] @ 0.0016712s :enableMultiThreading: 0
DEBUG [IRDeviceParams.cpp:232] @ 0.001683s :ethernetDevice.deviceIpAddress: 0.0.0.0
DEBUG [IRDeviceParams.cpp:233] @ 0.0016948s :ethernetDevice.localUdpPort: 0
DEBUG [IRDeviceParams.cpp:234] @ 0.0017194s :ethernetDevice.checkUdpSenderIp: 1
DEBUG [Cali.cpp:87] @ 0.304408s :Calibration directory path: C:\Users\u0173846\AppData\Roaming\Imager\Cali
DEBUG [Cali.cpp:88] @ 0.304438s :Calibration file name: Cali-17092037.xml
DEBUG [Cali.cpp:98] @ 0.304748s :Calibration data A: 1450 B:470 C:4095 D:1500
INFO [IRImager.cpp:266] @ 0.305305s :Init thermal imager to 17092037 with size: 766x480@32 Hz
DEBUG [Cali.cpp:87] @ 0.305565s :Calibration directory path: C:\Users\u0173846\AppData\Roaming\Imager\Cali
DEBUG [Cali.cpp:88] @ 0.305581s :Calibration file name: Cali-17092037.xml
DEBUG [Cali.cpp:98] @ 0.305845s :Calibration data A: 1450 B:470 C:4095 D:1500
DEBUG [IRImager.cpp:374] @ 0.30644s :Using HID control interface
DEBUG [IRImager.cpp:414] @ 0.375231s :Initialized HID control interface to device with HW:2101 FW:2820
DEBUG [IRImager.cpp:435] @ 0.375272s :Frameconfig - width(in): 766, height(in): 480, interval: 312500, max framerate: 32, HW interval: 0.03125
DEBUG [Cali.cpp:87] @ 0.375291s :Calibration directory path: C:\Users\u0173846\AppData\Roaming\Imager\Cali
DEBUG [Cali.cpp:88] @ 0.375304s :Calibration file name: Cali-17092037.xml
DEBUG [Cali.cpp:98] @ 0.375631s :Calibration data A: 1450 B:470 C:4095 D:1500
DEBUG [ImageProcessing.cpp:200] @ 0.380063s :Source buffer size: 735360 Width: 766 Height: 480
DEBUG [ImageProcessing.cpp:121] @ 0.415614s :Source buffer size: 735360 Width: 766 Height: 480
DEBUG [OpSource.cpp:347] @ 0.415725s :Using formats path: .\\Formats.def
DEBUG [OpSource.cpp:598] @ 0.415913s :Format found with size: 14
DEBUG [IRImager.cpp:841] @ 0.416644s :Caught onFrameInit with size: 764x480
DEBUG [OpSource.cpp:347] @ 0.419016s :Using formats path: .\\Formats.def
DEBUG [OpSource.cpp:598] @ 0.419207s :Format found with size: 14
DEBUG [OpSource.cpp:347] @ 0.419265s :Using formats path: .\\Formats.def
DEBUG [OpCorr.cpp:467] @ 0.421643s :Read cali: C:\Users\u0173846\AppData\Roaming\Imager\Cali\Cali-17092037-25-500-1800-32.dat
DEBUG [ImageProcessing.cpp:1108] @ 0.454781s :Update flag temperature: 35.9375
DEBUG [ImageProcessing.cpp:1111] @ 0.456742s :Update box temperature: 35.9375
DEBUG [Cali.cpp:639] @ 0.456795s :Calibration file path: 00000209B7207F64/0000004DEDBECA30.xml
DEBUG [SimpleXML.cpp:238] @ 0.456905s :Failed to open file C:\Users\u0173846\AppData\Roaming\Imager\Cali\CaliExt-17092037.xml
DEBUG [IRImager.cpp:547] @ 0.469751s :Chip heating disabled
DEBUG [direct_binding.cpp:300] @ 0.473664s :evo_irimager_multi_usb_init with config: 17092037f.xml
DEBUG [direct_binding.cpp:301] @ 0.473702s :evo_irimager_multi_usb_init connected returned: 1
