DEBUG [IRLogger.cpp:105] @ 0.0003301s :***************************************************
DEBUG [IRLogger.cpp:106] @ 0.0004001s :* IRImagerDirect SDK                              *
DEBUG [IRLogger.cpp:107] @ 0.0004286s :***************************************************
DEBUG [IRLogger.cpp:113] @ 0.0004516s :* Native Machine:      AMD64
DEBUG [IRLogger.cpp:114] @ 0.000492s :* Machine:             AMD64
DEBUG [IRLogger.cpp:116] @ 0.000563s :* OS:                  Windows 10 0 19045
DEBUG [IRLogger.cpp:123] @ 0.0005857s :***************************************************
DEBUG [IRDeviceParams.cpp:204] @ 0.0011772s :Parameters
DEBUG [IRDeviceParams.cpp:205] @ 0.0011955s :serial: 20052193
DEBUG [IRDeviceParams.cpp:206] @ 0.0012075s :videoformatindex: 0
DEBUG [IRDeviceParams.cpp:207] @ 0.0012193s :fov: 33
DEBUG [IRDeviceParams.cpp:208] @ 0.0012311s :optics_text: 00000213DF5AF790
DEBUG [IRDeviceParams.cpp:209] @ 0.0012429s :formatspath: 00000213DF5AF580
DEBUG [IRDeviceParams.cpp:210] @ 0.0012546s :calipath: 0000000000000000
DEBUG [IRDeviceParams.cpp:211] @ 0.001266s :temperature min: 0
DEBUG [IRDeviceParams.cpp:212] @ 0.0012772s :temperature max: 250
DEBUG [IRDeviceParams.cpp:213] @ 0.0012912s :framerate: 32
DEBUG [IRDeviceParams.cpp:214] @ 0.001303s :bispectral: 0
DEBUG [IRDeviceParams.cpp:215] @ 0.0013142s :flag automatic: 0
DEBUG [IRDeviceParams.cpp:216] @ 0.0013407s :min interval: 15
DEBUG [IRDeviceParams.cpp:217] @ 0.0013706s :max interval: 0
DEBUG [IRDeviceParams.cpp:218] @ 0.001384s :chip heating mode: 0
DEBUG [IRDeviceParams.cpp:219] @ 0.0013973s :chip heating fixed val: 40
DEBUG [IRDeviceParams.cpp:220] @ 0.0014185s :focus:  -1
DEBUG [IRDeviceParams.cpp:221] @ 0.0014314s :enable extended temp range: 0
DEBUG [IRDeviceParams.cpp:222] @ 0.0014454s :buffer queue size: 5
DEBUG [IRDeviceParams.cpp:223] @ 0.0014579s :enable high precision: 0
DEBUG [IRDeviceParams.cpp:224] @ 0.0014709s :radialDistortionCorrectionMode: 0
DEBUG [IRDeviceParams.cpp:225] @ 0.0014835s :deviceAPI: 0
DEBUG [IRDeviceParams.cpp:226] @ 0.0014963s :useExternalProbeForReferencing: 0
DEBUG [IRDeviceParams.cpp:227] @ 0.0015098s :enableMultiThreading: 0
DEBUG [IRDeviceParams.cpp:232] @ 0.0015227s :ethernetDevice.deviceIpAddress: 0.0.0.0
DEBUG [IRDeviceParams.cpp:233] @ 0.0015368s :ethernetDevice.localUdpPort: 0
DEBUG [IRDeviceParams.cpp:234] @ 0.0015493s :ethernetDevice.checkUdpSenderIp: 1
DEBUG [Cali.cpp:87] @ 0.289503s :Calibration directory path: C:\Users\u0173846\AppData\Roaming\Imager\Cali
DEBUG [Cali.cpp:88] @ 0.289536s :Calibration file name: Cali-20052193.xml
DEBUG [Cali.cpp:98] @ 0.289978s :Calibration data A: 1450 B:1500 C:4095 D:1500
INFO [IRImager.cpp:266] @ 0.291004s :Init thermal imager to 20052193 with size: 642x480@32 Hz
DEBUG [Cali.cpp:87] @ 0.29127s :Calibration directory path: C:\Users\u0173846\AppData\Roaming\Imager\Cali
DEBUG [Cali.cpp:88] @ 0.291286s :Calibration file name: Cali-20052193.xml
DEBUG [Cali.cpp:98] @ 0.291664s :Calibration data A: 1450 B:1500 C:4095 D:1500
DEBUG [IRImager.cpp:374] @ 0.292442s :Using HID control interface
DEBUG [IRImager.cpp:414] @ 0.378045s :Initialized HID control interface to device with HW:601 FW:2633
DEBUG [IRImager.cpp:435] @ 0.37809s :Frameconfig - width(in): 642, height(in): 480, interval: 312500, max framerate: 32, HW interval: 0.03125
DEBUG [Cali.cpp:87] @ 0.378109s :Calibration directory path: C:\Users\u0173846\AppData\Roaming\Imager\Cali
DEBUG [Cali.cpp:88] @ 0.378121s :Calibration file name: Cali-20052193.xml
DEBUG [Cali.cpp:98] @ 0.378582s :Calibration data A: 1450 B:1500 C:4095 D:1500
DEBUG [ImageProcessing.cpp:200] @ 0.406258s :Source buffer size: 616320 Width: 642 Height: 480
DEBUG [ImageProcessing.cpp:121] @ 0.448745s :Source buffer size: 616320 Width: 642 Height: 480
DEBUG [OpSource.cpp:347] @ 0.448941s :Using formats path: .\\Formats.def
DEBUG [OpSource.cpp:598] @ 0.449225s :Format found with size: 25
DEBUG [IRImager.cpp:841] @ 0.450022s :Caught onFrameInit with size: 640x480
DEBUG [OpSource.cpp:347] @ 0.451917s :Using formats path: .\\Formats.def
DEBUG [OpSource.cpp:598] @ 0.452092s :Format found with size: 25
DEBUG [OpSource.cpp:347] @ 0.452151s :Using formats path: .\\Formats.def
DEBUG [OpCorr.cpp:467] @ 0.456338s :Read cali: C:\Users\u0173846\AppData\Roaming\Imager\Cali\Cali-20052193-33-0-250.dat
DEBUG [OpCorr.cpp:557] @ 0.45644s :Read calibration of camera no 20052193, # of fields: 6 , start of fields: 40
DEBUG [ImageProcessing.cpp:1108] @ 0.72398s :Update flag temperature: 31.375
DEBUG [ImageProcessing.cpp:1111] @ 0.727878s :Update box temperature: 29
DEBUG [Cali.cpp:639] @ 0.727907s :Calibration file path: 00000213DF81E554/000000C78BBEC880.xml
DEBUG [SimpleXML.cpp:238] @ 0.728015s :Failed to open file C:\Users\u0173846\AppData\Roaming\Imager\Cali\CaliExt-20052193.xml
DEBUG [IRImager.cpp:547] @ 0.739907s :Chip heating disabled
DEBUG [direct_binding.cpp:300] @ 0.749449s :evo_irimager_multi_usb_init with config: 6060300f.xml
DEBUG [direct_binding.cpp:301] @ 0.749487s :evo_irimager_multi_usb_init connected returned: 1
