DEBUG [IRLogger.cpp:105] @ 0.0003035s :***************************************************
DEBUG [IRLogger.cpp:106] @ 0.0003805s :* IRImagerDirect SDK                              *
DEBUG [IRLogger.cpp:107] @ 0.0004093s :***************************************************
DEBUG [IRLogger.cpp:113] @ 0.0004347s :* Native Machine:      AMD64
DEBUG [IRLogger.cpp:114] @ 0.0004574s :* Machine:             AMD64
DEBUG [IRLogger.cpp:116] @ 0.0004833s :* OS:                  Windows 10 0 19045
DEBUG [IRLogger.cpp:123] @ 0.0005035s :***************************************************
DEBUG [IRDeviceParams.cpp:204] @ 0.0010969s :Parameters
DEBUG [IRDeviceParams.cpp:205] @ 0.0011151s :serial: 17092037
DEBUG [IRDeviceParams.cpp:206] @ 0.0011275s :videoformatindex: 2
DEBUG [IRDeviceParams.cpp:207] @ 0.0011389s :fov: 0
DEBUG [IRDeviceParams.cpp:208] @ 0.001152s :optics_text: 0000021CFC8979A0
DEBUG [IRDeviceParams.cpp:209] @ 0.001164s :formatspath: 0000021CFC8979B0
DEBUG [IRDeviceParams.cpp:210] @ 0.0011756s :calipath: 0000000000000000
DEBUG [IRDeviceParams.cpp:211] @ 0.0011869s :temperature min: 500
DEBUG [IRDeviceParams.cpp:212] @ 0.001198s :temperature max: 1800
DEBUG [IRDeviceParams.cpp:213] @ 0.0012118s :framerate: 32
DEBUG [IRDeviceParams.cpp:214] @ 0.0012383s :bispectral: 0
DEBUG [IRDeviceParams.cpp:215] @ 0.0012737s :flag automatic: 0
DEBUG [IRDeviceParams.cpp:216] @ 0.0012882s :min interval: 15
DEBUG [IRDeviceParams.cpp:217] @ 0.0013005s :max interval: 0
DEBUG [IRDeviceParams.cpp:218] @ 0.0013132s :chip heating mode: 0
DEBUG [IRDeviceParams.cpp:219] @ 0.001327s :chip heating fixed val: 40
DEBUG [IRDeviceParams.cpp:220] @ 0.0013408s :focus:  -1
DEBUG [IRDeviceParams.cpp:221] @ 0.0013532s :enable extended temp range: 0
DEBUG [IRDeviceParams.cpp:222] @ 0.0013657s :buffer queue size: 5
DEBUG [IRDeviceParams.cpp:223] @ 0.0013786s :enable high precision: 0
DEBUG [IRDeviceParams.cpp:224] @ 0.001392s :radialDistortionCorrectionMode: 0
DEBUG [IRDeviceParams.cpp:225] @ 0.0014051s :deviceAPI: 0
DEBUG [IRDeviceParams.cpp:226] @ 0.001418s :useExternalProbeForReferencing: 0
DEBUG [IRDeviceParams.cpp:227] @ 0.0014304s :enableMultiThreading: 0
DEBUG [IRDeviceParams.cpp:232] @ 0.001457s :ethernetDevice.deviceIpAddress: 0.0.0.0
DEBUG [IRDeviceParams.cpp:233] @ 0.0014919s :ethernetDevice.localUdpPort: 0
DEBUG [IRDeviceParams.cpp:234] @ 0.0015077s :ethernetDevice.checkUdpSenderIp: 1
DEBUG [Cali.cpp:87] @ 0.290435s :Calibration directory path: C:\Users\u0173846\AppData\Roaming\Imager\Cali
DEBUG [Cali.cpp:88] @ 0.290465s :Calibration file name: Cali-17092037.xml
DEBUG [Cali.cpp:98] @ 0.290784s :Calibration data A: 1450 B:470 C:4095 D:1500
INFO [IRImager.cpp:266] @ 0.291345s :Init thermal imager to 17092037 with size: 766x480@32 Hz
DEBUG [Cali.cpp:87] @ 0.291607s :Calibration directory path: C:\Users\u0173846\AppData\Roaming\Imager\Cali
DEBUG [Cali.cpp:88] @ 0.291623s :Calibration file name: Cali-17092037.xml
DEBUG [Cali.cpp:98] @ 0.291898s :Calibration data A: 1450 B:470 C:4095 D:1500
DEBUG [IRImager.cpp:374] @ 0.292499s :Using HID control interface
DEBUG [IRImager.cpp:414] @ 0.373774s :Initialized HID control interface to device with HW:2101 FW:2820
DEBUG [IRImager.cpp:435] @ 0.37382s :Frameconfig - width(in): 766, height(in): 480, interval: 312500, max framerate: 32, HW interval: 0.03125
DEBUG [Cali.cpp:87] @ 0.373839s :Calibration directory path: C:\Users\u0173846\AppData\Roaming\Imager\Cali
DEBUG [Cali.cpp:88] @ 0.373852s :Calibration file name: Cali-17092037.xml
DEBUG [Cali.cpp:98] @ 0.374209s :Calibration data A: 1450 B:470 C:4095 D:1500
DEBUG [ImageProcessing.cpp:200] @ 0.378657s :Source buffer size: 735360 Width: 766 Height: 480
DEBUG [ImageProcessing.cpp:121] @ 0.416169s :Source buffer size: 735360 Width: 766 Height: 480
DEBUG [OpSource.cpp:347] @ 0.416279s :Using formats path: .\\Formats.def
DEBUG [OpSource.cpp:598] @ 0.416468s :Format found with size: 14
DEBUG [IRImager.cpp:841] @ 0.417186s :Caught onFrameInit with size: 764x480
DEBUG [OpSource.cpp:347] @ 0.419395s :Using formats path: .\\Formats.def
DEBUG [OpSource.cpp:598] @ 0.419588s :Format found with size: 14
DEBUG [OpSource.cpp:347] @ 0.419646s :Using formats path: .\\Formats.def
DEBUG [OpCorr.cpp:467] @ 0.421943s :Read cali: C:\Users\u0173846\AppData\Roaming\Imager\Cali\Cali-17092037-25-500-1800-32.dat
DEBUG [ImageProcessing.cpp:1108] @ 0.455263s :Update flag temperature: -235.625
DEBUG [ImageProcessing.cpp:1111] @ 0.457162s :Update box temperature: -235.625
DEBUG [Cali.cpp:639] @ 0.457213s :Calibration file path: 0000021CFDCEF494/00000056A87ECB60.xml
DEBUG [SimpleXML.cpp:238] @ 0.457322s :Failed to open file C:\Users\u0173846\AppData\Roaming\Imager\Cali\CaliExt-17092037.xml
DEBUG [IRImager.cpp:547] @ 0.470333s :Chip heating disabled
DEBUG [direct_binding.cpp:300] @ 0.473866s :evo_irimager_multi_usb_init with config: 17092037f.xml
DEBUG [direct_binding.cpp:301] @ 0.473904s :evo_irimager_multi_usb_init connected returned: 1
DEBUG [IRLogger.cpp:105] @ 0.474898s :***************************************************
DEBUG [IRLogger.cpp:106] @ 0.474937s :* IRImagerDirect SDK                              *
DEBUG [IRLogger.cpp:107] @ 0.474967s :***************************************************
DEBUG [IRLogger.cpp:113] @ 0.474998s :* Native Machine:      AMD64
DEBUG [IRLogger.cpp:114] @ 0.475024s :* Machine:             AMD64
DEBUG [IRLogger.cpp:116] @ 0.475067s :* OS:                  Windows 10 0 19045
DEBUG [IRLogger.cpp:123] @ 0.475085s :***************************************************
DEBUG [IRDeviceParams.cpp:204] @ 0.475592s :Parameters
DEBUG [IRDeviceParams.cpp:205] @ 0.475626s :serial: 20052193
DEBUG [IRDeviceParams.cpp:206] @ 0.475641s :videoformatindex: 0
DEBUG [IRDeviceParams.cpp:207] @ 0.475654s :fov: 33
DEBUG [IRDeviceParams.cpp:208] @ 0.475666s :optics_text: 0000021CFDE5F360
DEBUG [IRDeviceParams.cpp:209] @ 0.475678s :formatspath: 0000021CFDE5F380
DEBUG [IRDeviceParams.cpp:210] @ 0.475691s :calipath: 0000000000000000
DEBUG [IRDeviceParams.cpp:211] @ 0.475703s :temperature min: 0
DEBUG [IRDeviceParams.cpp:212] @ 0.475714s :temperature max: 250
DEBUG [IRDeviceParams.cpp:213] @ 0.475743s :framerate: 32
DEBUG [IRDeviceParams.cpp:214] @ 0.475786s :bispectral: 0
DEBUG [IRDeviceParams.cpp:215] @ 0.475815s :flag automatic: 0
DEBUG [IRDeviceParams.cpp:216] @ 0.475837s :min interval: 15
DEBUG [IRDeviceParams.cpp:217] @ 0.475885s :max interval: 0
DEBUG [IRDeviceParams.cpp:218] @ 0.475953s :chip heating mode: 0
DEBUG [IRDeviceParams.cpp:219] @ 0.475984s :chip heating fixed val: 40
DEBUG [IRDeviceParams.cpp:220] @ 0.476007s :focus:  -1
DEBUG [IRDeviceParams.cpp:221] @ 0.47603s :enable extended temp range: 0
DEBUG [IRDeviceParams.cpp:222] @ 0.47605s :buffer queue size: 5
DEBUG [IRDeviceParams.cpp:223] @ 0.476071s :enable high precision: 0
DEBUG [IRDeviceParams.cpp:224] @ 0.476091s :radialDistortionCorrectionMode: 0
DEBUG [IRDeviceParams.cpp:225] @ 0.47611s :deviceAPI: 0
DEBUG [IRDeviceParams.cpp:226] @ 0.476129s :useExternalProbeForReferencing: 0
DEBUG [IRDeviceParams.cpp:227] @ 0.476183s :enableMultiThreading: 0
DEBUG [IRDeviceParams.cpp:232] @ 0.476207s :ethernetDevice.deviceIpAddress: 0.0.0.0
DEBUG [IRDeviceParams.cpp:233] @ 0.476227s :ethernetDevice.localUdpPort: 0
DEBUG [IRDeviceParams.cpp:234] @ 0.476249s :ethernetDevice.checkUdpSenderIp: 1
DEBUG [IRImager.cpp:1107] @ 0.629523s :Start flag calibration
DEBUG [Cali.cpp:87] @ 0.640784s :Calibration directory path: C:\Users\u0173846\AppData\Roaming\Imager\Cali
DEBUG [Cali.cpp:88] @ 0.640815s :Calibration file name: Cali-20052193.xml
DEBUG [Cali.cpp:98] @ 0.641241s :Calibration data A: 1450 B:1500 C:4095 D:1500
INFO [IRImager.cpp:266] @ 0.642255s :Init thermal imager to 20052193 with size: 642x480@32 Hz
DEBUG [Cali.cpp:87] @ 0.642522s :Calibration directory path: C:\Users\u0173846\AppData\Roaming\Imager\Cali
DEBUG [Cali.cpp:88] @ 0.642538s :Calibration file name: Cali-20052193.xml
DEBUG [Cali.cpp:98] @ 0.64293s :Calibration data A: 1450 B:1500 C:4095 D:1500
DEBUG [IRImager.cpp:374] @ 0.643742s :Using HID control interface
DEBUG [IRImager.cpp:414] @ 0.665656s :Initialized HID control interface to device with HW:601 FW:2633
DEBUG [IRImager.cpp:435] @ 0.665741s :Frameconfig - width(in): 642, height(in): 480, interval: 312500, max framerate: 32, HW interval: 0.03125
DEBUG [Cali.cpp:87] @ 0.665764s :Calibration directory path: C:\Users\u0173846\AppData\Roaming\Imager\Cali
DEBUG [Cali.cpp:88] @ 0.665777s :Calibration file name: Cali-20052193.xml
DEBUG [Cali.cpp:98] @ 0.666232s :Calibration data A: 1450 B:1500 C:4095 D:1500
DEBUG [ImageProcessing.cpp:200] @ 0.693864s :Source buffer size: 616320 Width: 642 Height: 480
DEBUG [ImageProcessing.cpp:121] @ 0.733128s :Source buffer size: 616320 Width: 642 Height: 480
DEBUG [OpSource.cpp:347] @ 0.733196s :Using formats path: .\\Formats.def
DEBUG [OpSource.cpp:598] @ 0.733338s :Format found with size: 25
DEBUG [IRImager.cpp:841] @ 0.733992s :Caught onFrameInit with size: 640x480
DEBUG [OpSource.cpp:347] @ 0.736286s :Using formats path: .\\Formats.def
DEBUG [OpSource.cpp:598] @ 0.736431s :Format found with size: 25
DEBUG [OpSource.cpp:347] @ 0.736488s :Using formats path: .\\Formats.def
DEBUG [OpCorr.cpp:467] @ 0.740717s :Read cali: C:\Users\u0173846\AppData\Roaming\Imager\Cali\Cali-20052193-33-0-250.dat
DEBUG [OpCorr.cpp:557] @ 0.740789s :Read calibration of camera no 20052193, # of fields: 6 , start of fields: 40
DEBUG [ImageProcessing.cpp:1108] @ 1.00667s :Update flag temperature: 31.25
DEBUG [ImageProcessing.cpp:1111] @ 1.01045s :Update box temperature: 28.875
DEBUG [Cali.cpp:639] @ 1.01049s :Calibration file path: 0000021CFDF26154/00000056A87ECB60.xml
DEBUG [SimpleXML.cpp:238] @ 1.01057s :Failed to open file C:\Users\u0173846\AppData\Roaming\Imager\Cali\CaliExt-20052193.xml
DEBUG [IRImager.cpp:547] @ 1.02235s :Chip heating disabled
DEBUG [direct_binding.cpp:300] @ 1.03037s :evo_irimager_multi_usb_init with config: 6060300f.xml
DEBUG [direct_binding.cpp:301] @ 1.0304s :evo_irimager_multi_usb_init connected returned: 1
DEBUG [IRImager.cpp:1107] @ 1.13978s :Start flag calibration
