DEBUG [IRLogger.cpp:105] @ 0.0003613s :***************************************************
DEBUG [IRLogger.cpp:106] @ 0.0004623s :* IRImagerDirect SDK                              *
DEBUG [IRLogger.cpp:107] @ 0.0004896s :***************************************************
DEBUG [IRLogger.cpp:113] @ 0.000558s :* Native Machine:      AMD64
DEBUG [IRLogger.cpp:114] @ 0.0006068s :* Machine:             AMD64
DEBUG [IRLogger.cpp:116] @ 0.0006413s :* OS:                  Windows 10 0 19045
DEBUG [IRLogger.cpp:123] @ 0.000666s :***************************************************
DEBUG [IRDeviceParams.cpp:204] @ 0.0012977s :Parameters
DEBUG [IRDeviceParams.cpp:205] @ 0.0013162s :serial: 17092037
DEBUG [IRDeviceParams.cpp:206] @ 0.0013287s :videoformatindex: 2
DEBUG [IRDeviceParams.cpp:207] @ 0.0013407s :fov: 0
DEBUG [IRDeviceParams.cpp:208] @ 0.0013527s :optics_text: 0000013F7F927F40
DEBUG [IRDeviceParams.cpp:209] @ 0.0013649s :formatspath: 0000013F7F927D60
DEBUG [IRDeviceParams.cpp:210] @ 0.0013767s :calipath: 0000000000000000
DEBUG [IRDeviceParams.cpp:211] @ 0.0014008s :temperature min: 500
DEBUG [IRDeviceParams.cpp:212] @ 0.0014841s :temperature max: 1800
DEBUG [IRDeviceParams.cpp:213] @ 0.0015028s :framerate: 32
DEBUG [IRDeviceParams.cpp:214] @ 0.0015168s :bispectral: 0
DEBUG [IRDeviceParams.cpp:215] @ 0.0015296s :flag automatic: 0
DEBUG [IRDeviceParams.cpp:216] @ 0.0015427s :min interval: 15
DEBUG [IRDeviceParams.cpp:217] @ 0.001555s :max interval: 0
DEBUG [IRDeviceParams.cpp:218] @ 0.0015676s :chip heating mode: 0
DEBUG [IRDeviceParams.cpp:219] @ 0.0015811s :chip heating fixed val: 40
DEBUG [IRDeviceParams.cpp:220] @ 0.0015943s :focus:  -1
DEBUG [IRDeviceParams.cpp:221] @ 0.0016065s :enable extended temp range: 0
DEBUG [IRDeviceParams.cpp:222] @ 0.0016195s :buffer queue size: 5
DEBUG [IRDeviceParams.cpp:223] @ 0.001632s :enable high precision: 0
DEBUG [IRDeviceParams.cpp:224] @ 0.0016452s :radialDistortionCorrectionMode: 0
DEBUG [IRDeviceParams.cpp:225] @ 0.0016584s :deviceAPI: 0
DEBUG [IRDeviceParams.cpp:226] @ 0.0018007s :useExternalProbeForReferencing: 0
DEBUG [IRDeviceParams.cpp:227] @ 0.0018177s :enableMultiThreading: 0
DEBUG [IRDeviceParams.cpp:232] @ 0.0018333s :ethernetDevice.deviceIpAddress: 0.0.0.0
DEBUG [IRDeviceParams.cpp:233] @ 0.0018471s :ethernetDevice.localUdpPort: 0
DEBUG [IRDeviceParams.cpp:234] @ 0.0018609s :ethernetDevice.checkUdpSenderIp: 1
DEBUG [Cali.cpp:87] @ 0.30772s :Calibration directory path: C:\Users\u0173846\AppData\Roaming\Imager\Cali
DEBUG [Cali.cpp:88] @ 0.30775s :Calibration file name: Cali-17092037.xml
DEBUG [Cali.cpp:98] @ 0.308089s :Calibration data A: 1450 B:470 C:4095 D:1500
INFO [IRImager.cpp:266] @ 0.308781s :Init thermal imager to 17092037 with size: 766x480@32 Hz
DEBUG [Cali.cpp:87] @ 0.309095s :Calibration directory path: C:\Users\u0173846\AppData\Roaming\Imager\Cali
DEBUG [Cali.cpp:88] @ 0.309112s :Calibration file name: Cali-17092037.xml
DEBUG [Cali.cpp:98] @ 0.309408s :Calibration data A: 1450 B:470 C:4095 D:1500
DEBUG [IRImager.cpp:374] @ 0.310114s :Using HID control interface
DEBUG [IRImager.cpp:414] @ 0.390397s :Initialized HID control interface to device with HW:2101 FW:2820
DEBUG [IRImager.cpp:435] @ 0.390439s :Frameconfig - width(in): 766, height(in): 480, interval: 312500, max framerate: 32, HW interval: 0.03125
DEBUG [Cali.cpp:87] @ 0.390459s :Calibration directory path: C:\Users\u0173846\AppData\Roaming\Imager\Cali
DEBUG [Cali.cpp:88] @ 0.390472s :Calibration file name: Cali-17092037.xml
DEBUG [Cali.cpp:98] @ 0.390846s :Calibration data A: 1450 B:470 C:4095 D:1500
DEBUG [ImageProcessing.cpp:200] @ 0.395049s :Source buffer size: 735360 Width: 766 Height: 480
DEBUG [ImageProcessing.cpp:121] @ 0.431311s :Source buffer size: 735360 Width: 766 Height: 480
DEBUG [OpSource.cpp:347] @ 0.431427s :Using formats path: .\\Formats.def
DEBUG [OpSource.cpp:598] @ 0.431619s :Format found with size: 14
DEBUG [IRImager.cpp:841] @ 0.432356s :Caught onFrameInit with size: 764x480
DEBUG [OpSource.cpp:347] @ 0.434457s :Using formats path: .\\Formats.def
DEBUG [OpSource.cpp:598] @ 0.434644s :Format found with size: 14
DEBUG [OpSource.cpp:347] @ 0.434709s :Using formats path: .\\Formats.def
DEBUG [OpCorr.cpp:467] @ 0.436923s :Read cali: C:\Users\u0173846\AppData\Roaming\Imager\Cali\Cali-17092037-25-500-1800-32.dat
DEBUG [ImageProcessing.cpp:1108] @ 0.471031s :Update flag temperature: 34.625
DEBUG [ImageProcessing.cpp:1111] @ 0.472773s :Update box temperature: 34.625
DEBUG [Cali.cpp:639] @ 0.472808s :Calibration file path: 0000013F7FA209F4/0000002853FECAF0.xml
DEBUG [SimpleXML.cpp:238] @ 0.472956s :Failed to open file C:\Users\u0173846\AppData\Roaming\Imager\Cali\CaliExt-17092037.xml
DEBUG [IRImager.cpp:547] @ 0.486059s :Chip heating disabled
DEBUG [direct_binding.cpp:300] @ 0.489634s :evo_irimager_multi_usb_init with config: 17092037f.xml
DEBUG [direct_binding.cpp:301] @ 0.489662s :evo_irimager_multi_usb_init connected returned: 1
DEBUG [IRLogger.cpp:105] @ 0.491155s :***************************************************
DEBUG [IRLogger.cpp:106] @ 0.491198s :* IRImagerDirect SDK                              *
DEBUG [IRLogger.cpp:107] @ 0.491215s :***************************************************
DEBUG [IRLogger.cpp:113] @ 0.491246s :* Native Machine:      AMD64
DEBUG [IRLogger.cpp:114] @ 0.491322s :* Machine:             AMD64
DEBUG [IRLogger.cpp:116] @ 0.491349s :* OS:                  Windows 10 0 19045
DEBUG [IRLogger.cpp:123] @ 0.491364s :***************************************************
DEBUG [IRDeviceParams.cpp:204] @ 0.491923s :Parameters
DEBUG [IRDeviceParams.cpp:205] @ 0.491953s :serial: 20052193
DEBUG [IRDeviceParams.cpp:206] @ 0.491972s :videoformatindex: 0
DEBUG [IRDeviceParams.cpp:207] @ 0.49203s :fov: 33
DEBUG [IRDeviceParams.cpp:208] @ 0.492118s :optics_text: 0000013F00F60420
DEBUG [IRDeviceParams.cpp:209] @ 0.49214s :formatspath: 0000013F00F603C0
DEBUG [IRDeviceParams.cpp:210] @ 0.492154s :calipath: 0000000000000000
DEBUG [IRDeviceParams.cpp:211] @ 0.492166s :temperature min: 0
DEBUG [IRDeviceParams.cpp:212] @ 0.492178s :temperature max: 250
DEBUG [IRDeviceParams.cpp:213] @ 0.492192s :framerate: 32
DEBUG [IRDeviceParams.cpp:214] @ 0.492204s :bispectral: 0
DEBUG [IRDeviceParams.cpp:215] @ 0.492216s :flag automatic: 0
DEBUG [IRDeviceParams.cpp:216] @ 0.492229s :min interval: 15
DEBUG [IRDeviceParams.cpp:217] @ 0.492244s :max interval: 0
DEBUG [IRDeviceParams.cpp:218] @ 0.492256s :chip heating mode: 0
DEBUG [IRDeviceParams.cpp:219] @ 0.492269s :chip heating fixed val: 40
DEBUG [IRDeviceParams.cpp:220] @ 0.492281s :focus:  -1
DEBUG [IRDeviceParams.cpp:221] @ 0.492294s :enable extended temp range: 0
DEBUG [IRDeviceParams.cpp:222] @ 0.492307s :buffer queue size: 5
DEBUG [IRDeviceParams.cpp:223] @ 0.49232s :enable high precision: 0
DEBUG [IRDeviceParams.cpp:224] @ 0.492332s :radialDistortionCorrectionMode: 0
DEBUG [IRDeviceParams.cpp:225] @ 0.492344s :deviceAPI: 0
DEBUG [IRDeviceParams.cpp:226] @ 0.492357s :useExternalProbeForReferencing: 0
DEBUG [IRDeviceParams.cpp:227] @ 0.49237s :enableMultiThreading: 0
DEBUG [IRDeviceParams.cpp:232] @ 0.492382s :ethernetDevice.deviceIpAddress: 0.0.0.0
DEBUG [IRDeviceParams.cpp:233] @ 0.492394s :ethernetDevice.localUdpPort: 0
DEBUG [IRDeviceParams.cpp:234] @ 0.492406s :ethernetDevice.checkUdpSenderIp: 1
DEBUG [IRImager.cpp:1107] @ 0.644716s :Start flag calibration
DEBUG [Cali.cpp:87] @ 0.665298s :Calibration directory path: C:\Users\u0173846\AppData\Roaming\Imager\Cali
DEBUG [Cali.cpp:88] @ 0.66533s :Calibration file name: Cali-20052193.xml
DEBUG [Cali.cpp:98] @ 0.665777s :Calibration data A: 1450 B:1500 C:4095 D:1500
INFO [IRImager.cpp:266] @ 0.667058s :Init thermal imager to 20052193 with size: 642x480@32 Hz
DEBUG [Cali.cpp:87] @ 0.667375s :Calibration directory path: C:\Users\u0173846\AppData\Roaming\Imager\Cali
DEBUG [Cali.cpp:88] @ 0.667392s :Calibration file name: Cali-20052193.xml
DEBUG [Cali.cpp:98] @ 0.667883s :Calibration data A: 1450 B:1500 C:4095 D:1500
DEBUG [IRImager.cpp:374] @ 0.668901s :Using HID control interface
DEBUG [IRImager.cpp:414] @ 0.690785s :Initialized HID control interface to device with HW:601 FW:2633
DEBUG [IRImager.cpp:435] @ 0.690873s :Frameconfig - width(in): 642, height(in): 480, interval: 312500, max framerate: 32, HW interval: 0.03125
DEBUG [Cali.cpp:87] @ 0.690895s :Calibration directory path: C:\Users\u0173846\AppData\Roaming\Imager\Cali
DEBUG [Cali.cpp:88] @ 0.690908s :Calibration file name: Cali-20052193.xml
DEBUG [Cali.cpp:98] @ 0.691384s :Calibration data A: 1450 B:1500 C:4095 D:1500
DEBUG [ImageProcessing.cpp:200] @ 0.718911s :Source buffer size: 616320 Width: 642 Height: 480
DEBUG [ImageProcessing.cpp:121] @ 0.758802s :Source buffer size: 616320 Width: 642 Height: 480
DEBUG [OpSource.cpp:347] @ 0.758898s :Using formats path: .\\Formats.def
DEBUG [OpSource.cpp:598] @ 0.759081s :Format found with size: 25
DEBUG [IRImager.cpp:841] @ 0.759809s :Caught onFrameInit with size: 640x480
DEBUG [OpSource.cpp:347] @ 0.762105s :Using formats path: .\\Formats.def
DEBUG [OpSource.cpp:598] @ 0.762275s :Format found with size: 25
DEBUG [OpSource.cpp:347] @ 0.762341s :Using formats path: .\\Formats.def
DEBUG [OpCorr.cpp:467] @ 0.766494s :Read cali: C:\Users\u0173846\AppData\Roaming\Imager\Cali\Cali-20052193-33-0-250.dat
DEBUG [OpCorr.cpp:557] @ 0.76658s :Read calibration of camera no 20052193, # of fields: 6 , start of fields: 40
DEBUG [ImageProcessing.cpp:1108] @ 1.03054s :Update flag temperature: 31.0625
DEBUG [ImageProcessing.cpp:1111] @ 1.03415s :Update box temperature: 28.8125
DEBUG [Cali.cpp:639] @ 1.03418s :Calibration file path: 0000013F00D31704/0000002853FECAF0.xml
DEBUG [SimpleXML.cpp:238] @ 1.03433s :Failed to open file C:\Users\u0173846\AppData\Roaming\Imager\Cali\CaliExt-20052193.xml
DEBUG [IRImager.cpp:547] @ 1.04606s :Chip heating disabled
DEBUG [direct_binding.cpp:300] @ 1.05437s :evo_irimager_multi_usb_init with config: 6060300f.xml
DEBUG [direct_binding.cpp:301] @ 1.05443s :evo_irimager_multi_usb_init connected returned: 1
DEBUG [IRImager.cpp:1107] @ 1.15737s :Start flag calibration
