DEBUG [IRLogger.cpp:105] @ 0.0003496s :***************************************************
DEBUG [IRLogger.cpp:106] @ 0.0004244s :* IRImagerDirect SDK                              *
DEBUG [IRLogger.cpp:107] @ 0.0004522s :***************************************************
DEBUG [IRLogger.cpp:113] @ 0.000479s :* Native Machine:      AMD64
DEBUG [IRLogger.cpp:114] @ 0.0005015s :* Machine:             AMD64
DEBUG [IRLogger.cpp:116] @ 0.0005262s :* OS:                  Windows 10 0 19045
DEBUG [IRLogger.cpp:123] @ 0.0005479s :***************************************************
DEBUG [IRDeviceParams.cpp:204] @ 0.0011722s :Parameters
DEBUG [IRDeviceParams.cpp:205] @ 0.0011906s :serial: 17092037
DEBUG [IRDeviceParams.cpp:206] @ 0.001203s :videoformatindex: 2
DEBUG [IRDeviceParams.cpp:207] @ 0.0012149s :fov: 0
DEBUG [IRDeviceParams.cpp:208] @ 0.0012292s :optics_text: 000001436903BE70
DEBUG [IRDeviceParams.cpp:209] @ 0.0012414s :formatspath: 000001436903BDD0
DEBUG [IRDeviceParams.cpp:210] @ 0.0012533s :calipath: 0000000000000000
DEBUG [IRDeviceParams.cpp:211] @ 0.0012652s :temperature min: 500
DEBUG [IRDeviceParams.cpp:212] @ 0.0012767s :temperature max: 1800
DEBUG [IRDeviceParams.cpp:213] @ 0.0012911s :framerate: 32
DEBUG [IRDeviceParams.cpp:214] @ 0.0013032s :bispectral: 0
DEBUG [IRDeviceParams.cpp:215] @ 0.0013147s :flag automatic: 0
DEBUG [IRDeviceParams.cpp:216] @ 0.0013267s :min interval: 15
DEBUG [IRDeviceParams.cpp:217] @ 0.0013386s :max interval: 0
DEBUG [IRDeviceParams.cpp:218] @ 0.0013502s :chip heating mode: 0
DEBUG [IRDeviceParams.cpp:219] @ 0.0013624s :chip heating fixed val: 40
DEBUG [IRDeviceParams.cpp:220] @ 0.0013746s :focus:  -1
DEBUG [IRDeviceParams.cpp:221] @ 0.0013862s :enable extended temp range: 0
DEBUG [IRDeviceParams.cpp:222] @ 0.0013979s :buffer queue size: 5
DEBUG [IRDeviceParams.cpp:223] @ 0.0014095s :enable high precision: 0
DEBUG [IRDeviceParams.cpp:224] @ 0.0014212s :radialDistortionCorrectionMode: 0
DEBUG [IRDeviceParams.cpp:225] @ 0.0014327s :deviceAPI: 0
DEBUG [IRDeviceParams.cpp:226] @ 0.001444s :useExternalProbeForReferencing: 0
DEBUG [IRDeviceParams.cpp:227] @ 0.0014557s :enableMultiThreading: 0
DEBUG [IRDeviceParams.cpp:232] @ 0.0014693s :ethernetDevice.deviceIpAddress: 0.0.0.0
DEBUG [IRDeviceParams.cpp:233] @ 0.0015058s :ethernetDevice.localUdpPort: 0
DEBUG [IRDeviceParams.cpp:234] @ 0.0015203s :ethernetDevice.checkUdpSenderIp: 1
DEBUG [Cali.cpp:87] @ 0.302144s :Calibration directory path: C:\Users\u0173846\AppData\Roaming\Imager\Cali
DEBUG [Cali.cpp:88] @ 0.302175s :Calibration file name: Cali-17092037.xml
DEBUG [Cali.cpp:98] @ 0.302507s :Calibration data A: 1450 B:470 C:4095 D:1500
INFO [IRImager.cpp:266] @ 0.303193s :Init thermal imager to 17092037 with size: 766x480@32 Hz
DEBUG [Cali.cpp:87] @ 0.30351s :Calibration directory path: C:\Users\u0173846\AppData\Roaming\Imager\Cali
DEBUG [Cali.cpp:88] @ 0.303527s :Calibration file name: Cali-17092037.xml
DEBUG [Cali.cpp:98] @ 0.303817s :Calibration data A: 1450 B:470 C:4095 D:1500
DEBUG [IRImager.cpp:374] @ 0.304528s :Using HID control interface
DEBUG [IRImager.cpp:414] @ 0.384986s :Initialized HID control interface to device with HW:2101 FW:2820
DEBUG [IRImager.cpp:435] @ 0.385022s :Frameconfig - width(in): 766, height(in): 480, interval: 312500, max framerate: 32, HW interval: 0.03125
DEBUG [Cali.cpp:87] @ 0.385041s :Calibration directory path: C:\Users\u0173846\AppData\Roaming\Imager\Cali
DEBUG [Cali.cpp:88] @ 0.385054s :Calibration file name: Cali-17092037.xml
DEBUG [Cali.cpp:98] @ 0.385393s :Calibration data A: 1450 B:470 C:4095 D:1500
DEBUG [ImageProcessing.cpp:200] @ 0.389636s :Source buffer size: 735360 Width: 766 Height: 480
DEBUG [ImageProcessing.cpp:121] @ 0.425007s :Source buffer size: 735360 Width: 766 Height: 480
DEBUG [OpSource.cpp:347] @ 0.425087s :Using formats path: .\\Formats.def
DEBUG [OpSource.cpp:598] @ 0.425264s :Format found with size: 14
DEBUG [IRImager.cpp:841] @ 0.426004s :Caught onFrameInit with size: 764x480
DEBUG [OpSource.cpp:347] @ 0.428029s :Using formats path: .\\Formats.def
DEBUG [OpSource.cpp:598] @ 0.428212s :Format found with size: 14
DEBUG [OpSource.cpp:347] @ 0.428278s :Using formats path: .\\Formats.def
DEBUG [OpCorr.cpp:467] @ 0.430497s :Read cali: C:\Users\u0173846\AppData\Roaming\Imager\Cali\Cali-17092037-25-500-1800-32.dat
DEBUG [ImageProcessing.cpp:1108] @ 0.464265s :Update flag temperature: 34.9375
DEBUG [ImageProcessing.cpp:1111] @ 0.466127s :Update box temperature: 34.9375
DEBUG [Cali.cpp:639] @ 0.466157s :Calibration file path: 000001436A3FB874/0000002674FEC8C0.xml
DEBUG [SimpleXML.cpp:238] @ 0.466294s :Failed to open file C:\Users\u0173846\AppData\Roaming\Imager\Cali\CaliExt-17092037.xml
DEBUG [IRImager.cpp:547] @ 0.479755s :Chip heating disabled
DEBUG [direct_binding.cpp:300] @ 0.483314s :evo_irimager_multi_usb_init with config: 17092037f.xml
DEBUG [direct_binding.cpp:301] @ 0.483339s :evo_irimager_multi_usb_init connected returned: 1
DEBUG [IRLogger.cpp:105] @ 0.484858s :***************************************************
DEBUG [IRLogger.cpp:106] @ 0.484918s :* IRImagerDirect SDK                              *
DEBUG [IRLogger.cpp:107] @ 0.48495s :***************************************************
DEBUG [IRLogger.cpp:113] @ 0.48498s :* Native Machine:      AMD64
DEBUG [IRLogger.cpp:114] @ 0.485043s :* Machine:             AMD64
DEBUG [IRLogger.cpp:116] @ 0.485086s :* OS:                  Windows 10 0 19045
DEBUG [IRLogger.cpp:123] @ 0.485117s :***************************************************
DEBUG [IRDeviceParams.cpp:204] @ 0.485685s :Parameters
DEBUG [IRDeviceParams.cpp:205] @ 0.485706s :serial: 20052193
DEBUG [IRDeviceParams.cpp:206] @ 0.485718s :videoformatindex: 0
DEBUG [IRDeviceParams.cpp:207] @ 0.48573s :fov: 33
DEBUG [IRDeviceParams.cpp:208] @ 0.485742s :optics_text: 000001436A55C0F0
DEBUG [IRDeviceParams.cpp:209] @ 0.485754s :formatspath: 000001436A55C220
DEBUG [IRDeviceParams.cpp:210] @ 0.485766s :calipath: 0000000000000000
DEBUG [IRDeviceParams.cpp:211] @ 0.485778s :temperature min: 0
DEBUG [IRDeviceParams.cpp:212] @ 0.485789s :temperature max: 250
DEBUG [IRDeviceParams.cpp:213] @ 0.485802s :framerate: 32
DEBUG [IRDeviceParams.cpp:214] @ 0.485814s :bispectral: 0
DEBUG [IRDeviceParams.cpp:215] @ 0.485825s :flag automatic: 0
DEBUG [IRDeviceParams.cpp:216] @ 0.485837s :min interval: 15
DEBUG [IRDeviceParams.cpp:217] @ 0.485849s :max interval: 0
DEBUG [IRDeviceParams.cpp:218] @ 0.48586s :chip heating mode: 0
DEBUG [IRDeviceParams.cpp:219] @ 0.485876s :chip heating fixed val: 40
DEBUG [IRDeviceParams.cpp:220] @ 0.485888s :focus:  -1
DEBUG [IRDeviceParams.cpp:221] @ 0.4859s :enable extended temp range: 0
DEBUG [IRDeviceParams.cpp:222] @ 0.485911s :buffer queue size: 5
DEBUG [IRDeviceParams.cpp:223] @ 0.485923s :enable high precision: 0
DEBUG [IRDeviceParams.cpp:224] @ 0.485935s :radialDistortionCorrectionMode: 0
DEBUG [IRDeviceParams.cpp:225] @ 0.485946s :deviceAPI: 0
DEBUG [IRDeviceParams.cpp:226] @ 0.485957s :useExternalProbeForReferencing: 0
DEBUG [IRDeviceParams.cpp:227] @ 0.48597s :enableMultiThreading: 0
DEBUG [IRDeviceParams.cpp:232] @ 0.485982s :ethernetDevice.deviceIpAddress: 0.0.0.0
DEBUG [IRDeviceParams.cpp:233] @ 0.485994s :ethernetDevice.localUdpPort: 0
DEBUG [IRDeviceParams.cpp:234] @ 0.486006s :ethernetDevice.checkUdpSenderIp: 1
DEBUG [IRImager.cpp:1107] @ 0.642155s :Start flag calibration
DEBUG [Cali.cpp:87] @ 0.676958s :Calibration directory path: C:\Users\u0173846\AppData\Roaming\Imager\Cali
DEBUG [Cali.cpp:88] @ 0.676991s :Calibration file name: Cali-20052193.xml
DEBUG [Cali.cpp:98] @ 0.677439s :Calibration data A: 1450 B:1500 C:4095 D:1500
INFO [IRImager.cpp:266] @ 0.678705s :Init thermal imager to 20052193 with size: 642x480@32 Hz
DEBUG [Cali.cpp:87] @ 0.679061s :Calibration directory path: C:\Users\u0173846\AppData\Roaming\Imager\Cali
DEBUG [Cali.cpp:88] @ 0.679079s :Calibration file name: Cali-20052193.xml
DEBUG [Cali.cpp:98] @ 0.679487s :Calibration data A: 1450 B:1500 C:4095 D:1500
DEBUG [IRImager.cpp:374] @ 0.680489s :Using HID control interface
DEBUG [IRImager.cpp:414] @ 0.702149s :Initialized HID control interface to device with HW:601 FW:2633
DEBUG [IRImager.cpp:435] @ 0.702231s :Frameconfig - width(in): 642, height(in): 480, interval: 312500, max framerate: 32, HW interval: 0.03125
DEBUG [Cali.cpp:87] @ 0.702251s :Calibration directory path: C:\Users\u0173846\AppData\Roaming\Imager\Cali
DEBUG [Cali.cpp:88] @ 0.702265s :Calibration file name: Cali-20052193.xml
DEBUG [Cali.cpp:98] @ 0.702735s :Calibration data A: 1450 B:1500 C:4095 D:1500
DEBUG [ImageProcessing.cpp:200] @ 0.730283s :Source buffer size: 616320 Width: 642 Height: 480
DEBUG [ImageProcessing.cpp:121] @ 0.769218s :Source buffer size: 616320 Width: 642 Height: 480
DEBUG [OpSource.cpp:347] @ 0.769327s :Using formats path: .\\Formats.def
DEBUG [OpSource.cpp:598] @ 0.76948s :Format found with size: 25
DEBUG [IRImager.cpp:841] @ 0.770127s :Caught onFrameInit with size: 640x480
DEBUG [OpSource.cpp:347] @ 0.771987s :Using formats path: .\\Formats.def
DEBUG [OpSource.cpp:598] @ 0.772118s :Format found with size: 25
DEBUG [OpSource.cpp:347] @ 0.772183s :Using formats path: .\\Formats.def
DEBUG [OpCorr.cpp:467] @ 0.776291s :Read cali: C:\Users\u0173846\AppData\Roaming\Imager\Cali\Cali-20052193-33-0-250.dat
DEBUG [OpCorr.cpp:557] @ 0.776369s :Read calibration of camera no 20052193, # of fields: 6 , start of fields: 40
DEBUG [ImageProcessing.cpp:1108] @ 1.03993s :Update flag temperature: 31.375
DEBUG [ImageProcessing.cpp:1111] @ 1.04364s :Update box temperature: 29.0625
DEBUG [Cali.cpp:639] @ 1.04367s :Calibration file path: 000001436A32F3C4/0000002674FEC8C0.xml
DEBUG [SimpleXML.cpp:238] @ 1.0438s :Failed to open file C:\Users\u0173846\AppData\Roaming\Imager\Cali\CaliExt-20052193.xml
DEBUG [IRImager.cpp:547] @ 1.05511s :Chip heating disabled
DEBUG [direct_binding.cpp:300] @ 1.06376s :evo_irimager_multi_usb_init with config: 6060300f.xml
DEBUG [direct_binding.cpp:301] @ 1.06382s :evo_irimager_multi_usb_init connected returned: 1
DEBUG [IRImager.cpp:1107] @ 1.15875s :Start flag calibration
