DEBUG [IRLogger.cpp:105] @ 0.750717s :***************************************************
DEBUG [IRLogger.cpp:106] @ 0.750783s :* IRImagerDirect SDK                              *
DEBUG [IRLogger.cpp:107] @ 0.750811s :***************************************************
DEBUG [IRLogger.cpp:113] @ 0.750837s :* Native Machine:      AMD64
DEBUG [IRLogger.cpp:114] @ 0.750858s :* Machine:             AMD64
DEBUG [IRLogger.cpp:116] @ 0.750883s :* OS:                  Windows 10 0 19045
DEBUG [IRLogger.cpp:123] @ 0.750902s :***************************************************
DEBUG [IRDeviceParams.cpp:204] @ 0.751532s :Parameters
DEBUG [IRDeviceParams.cpp:205] @ 0.751553s :serial: 17092037
DEBUG [IRDeviceParams.cpp:206] @ 0.751566s :videoformatindex: 2
DEBUG [IRDeviceParams.cpp:207] @ 0.751579s :fov: 0
DEBUG [IRDeviceParams.cpp:208] @ 0.75159s :optics_text: 00000213E247A560
DEBUG [IRDeviceParams.cpp:209] @ 0.751602s :formatspath: 00000213E247A2A0
DEBUG [IRDeviceParams.cpp:210] @ 0.751614s :calipath: 0000000000000000
DEBUG [IRDeviceParams.cpp:211] @ 0.751625s :temperature min: 500
DEBUG [IRDeviceParams.cpp:212] @ 0.751637s :temperature max: 1800
DEBUG [IRDeviceParams.cpp:213] @ 0.751649s :framerate: 32
DEBUG [IRDeviceParams.cpp:214] @ 0.751661s :bispectral: 0
DEBUG [IRDeviceParams.cpp:215] @ 0.751672s :flag automatic: 0
DEBUG [IRDeviceParams.cpp:216] @ 0.751683s :min interval: 15
DEBUG [IRDeviceParams.cpp:217] @ 0.751695s :max interval: 0
DEBUG [IRDeviceParams.cpp:218] @ 0.751706s :chip heating mode: 0
DEBUG [IRDeviceParams.cpp:219] @ 0.751718s :chip heating fixed val: 40
DEBUG [IRDeviceParams.cpp:220] @ 0.75173s :focus:  -1
DEBUG [IRDeviceParams.cpp:221] @ 0.751741s :enable extended temp range: 0
DEBUG [IRDeviceParams.cpp:222] @ 0.751752s :buffer queue size: 5
DEBUG [IRDeviceParams.cpp:223] @ 0.751764s :enable high precision: 0
DEBUG [IRDeviceParams.cpp:224] @ 0.751775s :radialDistortionCorrectionMode: 0
DEBUG [IRDeviceParams.cpp:225] @ 0.751787s :deviceAPI: 0
DEBUG [IRDeviceParams.cpp:226] @ 0.751798s :useExternalProbeForReferencing: 0
DEBUG [IRDeviceParams.cpp:227] @ 0.751809s :enableMultiThreading: 0
DEBUG [IRDeviceParams.cpp:232] @ 0.751822s :ethernetDevice.deviceIpAddress: 0.0.0.0
DEBUG [IRDeviceParams.cpp:233] @ 0.751833s :ethernetDevice.localUdpPort: 0
DEBUG [IRDeviceParams.cpp:234] @ 0.751844s :ethernetDevice.checkUdpSenderIp: 1
DEBUG [IRImager.cpp:1107] @ 0.826287s :Start flag calibration
DEBUG [Cali.cpp:87] @ 0.91708s :Calibration directory path: C:\Users\u0173846\AppData\Roaming\Imager\Cali
DEBUG [Cali.cpp:88] @ 0.917109s :Calibration file name: Cali-17092037.xml
DEBUG [Cali.cpp:98] @ 0.917421s :Calibration data A: 1450 B:470 C:4095 D:1500
INFO [IRImager.cpp:266] @ 0.917984s :Init thermal imager to 17092037 with size: 766x480@32 Hz
DEBUG [Cali.cpp:87] @ 0.918245s :Calibration directory path: C:\Users\u0173846\AppData\Roaming\Imager\Cali
DEBUG [Cali.cpp:88] @ 0.918261s :Calibration file name: Cali-17092037.xml
DEBUG [Cali.cpp:98] @ 0.918528s :Calibration data A: 1450 B:470 C:4095 D:1500
DEBUG [IRImager.cpp:374] @ 0.919134s :Using HID control interface
DEBUG [IRImager.cpp:414] @ 0.9367s :Initialized HID control interface to device with HW:2101 FW:2820
DEBUG [IRImager.cpp:435] @ 0.936737s :Frameconfig - width(in): 766, height(in): 480, interval: 312500, max framerate: 32, HW interval: 0.03125
DEBUG [Cali.cpp:87] @ 0.936754s :Calibration directory path: C:\Users\u0173846\AppData\Roaming\Imager\Cali
DEBUG [Cali.cpp:88] @ 0.936767s :Calibration file name: Cali-17092037.xml
DEBUG [Cali.cpp:98] @ 0.937104s :Calibration data A: 1450 B:470 C:4095 D:1500
DEBUG [ImageProcessing.cpp:200] @ 0.941393s :Source buffer size: 735360 Width: 766 Height: 480
DEBUG [ImageProcessing.cpp:121] @ 0.974783s :Source buffer size: 735360 Width: 766 Height: 480
DEBUG [OpSource.cpp:347] @ 0.974861s :Using formats path: .\\Formats.def
DEBUG [OpSource.cpp:598] @ 0.97503s :Format found with size: 14
DEBUG [IRImager.cpp:841] @ 0.975754s :Caught onFrameInit with size: 764x480
DEBUG [OpSource.cpp:347] @ 0.977783s :Using formats path: .\\Formats.def
DEBUG [OpSource.cpp:598] @ 0.977965s :Format found with size: 14
DEBUG [OpSource.cpp:347] @ 0.978021s :Using formats path: .\\Formats.def
DEBUG [OpCorr.cpp:467] @ 0.980199s :Read cali: C:\Users\u0173846\AppData\Roaming\Imager\Cali\Cali-17092037-25-500-1800-32.dat
DEBUG [ImageProcessing.cpp:1108] @ 1.01398s :Update flag temperature: -10.4375
DEBUG [ImageProcessing.cpp:1111] @ 1.01598s :Update box temperature: -10.4375
DEBUG [Cali.cpp:639] @ 1.01603s :Calibration file path: 00000213E243B5D4/000000C78BBEC880.xml
DEBUG [SimpleXML.cpp:238] @ 1.01614s :Failed to open file C:\Users\u0173846\AppData\Roaming\Imager\Cali\CaliExt-17092037.xml
DEBUG [IRImager.cpp:547] @ 1.02847s :Chip heating disabled
DEBUG [direct_binding.cpp:300] @ 1.03165s :evo_irimager_multi_usb_init with config: 17092037f.xml
DEBUG [direct_binding.cpp:301] @ 1.0317s :evo_irimager_multi_usb_init connected returned: 1
DEBUG [IRImager.cpp:1107] @ 1.18725s :Start flag calibration
DEBUG [OpFlag.cpp:591] @ 11.7331s :SkimDiff: 0 Adjust: 0 State: 0 EMax: 12740 Emin: 4922
