DEBUG [IRLogger.cpp:105] @ 0.0003306s :***************************************************
DEBUG [IRLogger.cpp:106] @ 0.0004081s :* IRImagerDirect SDK                              *
DEBUG [IRLogger.cpp:107] @ 0.0004373s :***************************************************
DEBUG [IRLogger.cpp:113] @ 0.0004789s :* Native Machine:      AMD64
DEBUG [IRLogger.cpp:114] @ 0.0005185s :* Machine:             AMD64
DEBUG [IRLogger.cpp:116] @ 0.0005491s :* OS:                  Windows 10 0 19045
DEBUG [IRLogger.cpp:123] @ 0.0005713s :***************************************************
DEBUG [IRDeviceParams.cpp:204] @ 0.0012324s :Parameters
DEBUG [IRDeviceParams.cpp:205] @ 0.0012537s :serial: 17092037
DEBUG [IRDeviceParams.cpp:206] @ 0.001267s :videoformatindex: 2
DEBUG [IRDeviceParams.cpp:207] @ 0.0012791s :fov: 0
DEBUG [IRDeviceParams.cpp:208] @ 0.0012911s :optics_text: 0000018B30AB4210
DEBUG [IRDeviceParams.cpp:209] @ 0.0013033s :formatspath: 0000018B30AB4090
DEBUG [IRDeviceParams.cpp:210] @ 0.001315s :calipath: 0000000000000000
DEBUG [IRDeviceParams.cpp:211] @ 0.0013262s :temperature min: 500
DEBUG [IRDeviceParams.cpp:212] @ 0.0013377s :temperature max: 1800
DEBUG [IRDeviceParams.cpp:213] @ 0.0013523s :framerate: 32
DEBUG [IRDeviceParams.cpp:214] @ 0.0013639s :bispectral: 0
DEBUG [IRDeviceParams.cpp:215] @ 0.0013755s :flag automatic: 0
DEBUG [IRDeviceParams.cpp:216] @ 0.0013873s :min interval: 15
DEBUG [IRDeviceParams.cpp:217] @ 0.0013991s :max interval: 0
DEBUG [IRDeviceParams.cpp:218] @ 0.0014102s :chip heating mode: 0
DEBUG [IRDeviceParams.cpp:219] @ 0.0014238s :chip heating fixed val: 40
DEBUG [IRDeviceParams.cpp:220] @ 0.0014358s :focus:  -1
DEBUG [IRDeviceParams.cpp:221] @ 0.0014473s :enable extended temp range: 0
DEBUG [IRDeviceParams.cpp:222] @ 0.0014691s :buffer queue size: 5
DEBUG [IRDeviceParams.cpp:223] @ 0.0014977s :enable high precision: 0
DEBUG [IRDeviceParams.cpp:224] @ 0.0015121s :radialDistortionCorrectionMode: 0
DEBUG [IRDeviceParams.cpp:225] @ 0.0015256s :deviceAPI: 0
DEBUG [IRDeviceParams.cpp:226] @ 0.0015388s :useExternalProbeForReferencing: 0
DEBUG [IRDeviceParams.cpp:227] @ 0.0015517s :enableMultiThreading: 0
DEBUG [IRDeviceParams.cpp:232] @ 0.0015663s :ethernetDevice.deviceIpAddress: 0.0.0.0
DEBUG [IRDeviceParams.cpp:233] @ 0.0015796s :ethernetDevice.localUdpPort: 0
DEBUG [IRDeviceParams.cpp:234] @ 0.0015924s :ethernetDevice.checkUdpSenderIp: 1
DEBUG [Cali.cpp:87] @ 0.316926s :Calibration directory path: C:\Users\u0173846\AppData\Roaming\Imager\Cali
DEBUG [Cali.cpp:88] @ 0.316958s :Calibration file name: Cali-17092037.xml
DEBUG [Cali.cpp:98] @ 0.317293s :Calibration data A: 1450 B:470 C:4095 D:1500
INFO [IRImager.cpp:266] @ 0.317847s :Init thermal imager to 17092037 with size: 766x480@32 Hz
DEBUG [Cali.cpp:87] @ 0.3181s :Calibration directory path: C:\Users\u0173846\AppData\Roaming\Imager\Cali
DEBUG [Cali.cpp:88] @ 0.318116s :Calibration file name: Cali-17092037.xml
DEBUG [Cali.cpp:98] @ 0.318379s :Calibration data A: 1450 B:470 C:4095 D:1500
DEBUG [IRImager.cpp:374] @ 0.318972s :Using HID control interface
DEBUG [IRImager.cpp:414] @ 0.388642s :Initialized HID control interface to device with HW:2101 FW:2820
DEBUG [IRImager.cpp:435] @ 0.388694s :Frameconfig - width(in): 766, height(in): 480, interval: 312500, max framerate: 32, HW interval: 0.03125
DEBUG [Cali.cpp:87] @ 0.388716s :Calibration directory path: C:\Users\u0173846\AppData\Roaming\Imager\Cali
DEBUG [Cali.cpp:88] @ 0.38873s :Calibration file name: Cali-17092037.xml
DEBUG [Cali.cpp:98] @ 0.389088s :Calibration data A: 1450 B:470 C:4095 D:1500
DEBUG [ImageProcessing.cpp:200] @ 0.393292s :Source buffer size: 735360 Width: 766 Height: 480
DEBUG [ImageProcessing.cpp:121] @ 0.430177s :Source buffer size: 735360 Width: 766 Height: 480
DEBUG [OpSource.cpp:347] @ 0.430286s :Using formats path: .\\Formats.def
DEBUG [OpSource.cpp:598] @ 0.430483s :Format found with size: 14
DEBUG [IRImager.cpp:841] @ 0.431248s :Caught onFrameInit with size: 764x480
DEBUG [OpSource.cpp:347] @ 0.433308s :Using formats path: .\\Formats.def
DEBUG [OpSource.cpp:598] @ 0.43349s :Format found with size: 14
DEBUG [OpSource.cpp:347] @ 0.433546s :Using formats path: .\\Formats.def
DEBUG [OpCorr.cpp:467] @ 0.436108s :Read cali: C:\Users\u0173846\AppData\Roaming\Imager\Cali\Cali-17092037-25-500-1800-32.dat
DEBUG [ImageProcessing.cpp:1108] @ 0.469886s :Update flag temperature: 35.9375
DEBUG [ImageProcessing.cpp:1111] @ 0.471889s :Update box temperature: 35.9375
DEBUG [Cali.cpp:639] @ 0.471938s :Calibration file path: 0000018B3207E484/0000001F941EC720.xml
DEBUG [SimpleXML.cpp:238] @ 0.472047s :Failed to open file C:\Users\u0173846\AppData\Roaming\Imager\Cali\CaliExt-17092037.xml
DEBUG [IRImager.cpp:547] @ 0.484446s :Chip heating disabled
DEBUG [direct_binding.cpp:300] @ 0.488136s :evo_irimager_multi_usb_init with config: 17092037f.xml
DEBUG [direct_binding.cpp:301] @ 0.488169s :evo_irimager_multi_usb_init connected returned: 1
