DEBUG [IRLogger.cpp:105] @ 0.0002928s :***************************************************
DEBUG [IRLogger.cpp:106] @ 0.0004056s :* IRImagerDirect SDK                              *
DEBUG [IRLogger.cpp:107] @ 0.0004509s :***************************************************
DEBUG [IRLogger.cpp:113] @ 0.000494s :* Native Machine:      AMD64
DEBUG [IRLogger.cpp:114] @ 0.0005319s :* Machine:             AMD64
DEBUG [IRLogger.cpp:116] @ 0.0005776s :* OS:                  Windows 10 0 19045
DEBUG [IRLogger.cpp:123] @ 0.0006829s :***************************************************
DEBUG [IRDeviceParams.cpp:204] @ 0.0013162s :Parameters
DEBUG [IRDeviceParams.cpp:205] @ 0.0013361s :serial: 17092037
DEBUG [IRDeviceParams.cpp:206] @ 0.0013484s :videoformatindex: 2
DEBUG [IRDeviceParams.cpp:207] @ 0.0013641s :fov: 0
DEBUG [IRDeviceParams.cpp:208] @ 0.0013763s :optics_text: 000001BCB2F87870
DEBUG [IRDeviceParams.cpp:209] @ 0.001397s :formatspath: 000001BCB2F87820
DEBUG [IRDeviceParams.cpp:210] @ 0.0014198s :calipath: 0000000000000000
DEBUG [IRDeviceParams.cpp:211] @ 0.0014909s :temperature min: 500
DEBUG [IRDeviceParams.cpp:212] @ 0.0015194s :temperature max: 1800
DEBUG [IRDeviceParams.cpp:213] @ 0.0015427s :framerate: 32
DEBUG [IRDeviceParams.cpp:214] @ 0.0015566s :bispectral: 0
DEBUG [IRDeviceParams.cpp:215] @ 0.0015696s :flag automatic: 0
DEBUG [IRDeviceParams.cpp:216] @ 0.0015822s :min interval: 15
DEBUG [IRDeviceParams.cpp:217] @ 0.0015976s :max interval: 0
DEBUG [IRDeviceParams.cpp:218] @ 0.00161s :chip heating mode: 0
DEBUG [IRDeviceParams.cpp:219] @ 0.0016248s :chip heating fixed val: 40
DEBUG [IRDeviceParams.cpp:220] @ 0.0016399s :focus:  -1
DEBUG [IRDeviceParams.cpp:221] @ 0.0016679s :enable extended temp range: 0
DEBUG [IRDeviceParams.cpp:222] @ 0.0017069s :buffer queue size: 5
DEBUG [IRDeviceParams.cpp:223] @ 0.0017274s :enable high precision: 0
DEBUG [IRDeviceParams.cpp:224] @ 0.0017446s :radialDistortionCorrectionMode: 0
DEBUG [IRDeviceParams.cpp:225] @ 0.0017822s :deviceAPI: 0
DEBUG [IRDeviceParams.cpp:226] @ 0.0018511s :useExternalProbeForReferencing: 0
DEBUG [IRDeviceParams.cpp:227] @ 0.0018721s :enableMultiThreading: 0
DEBUG [IRDeviceParams.cpp:232] @ 0.0018896s :ethernetDevice.deviceIpAddress: 0.0.0.0
DEBUG [IRDeviceParams.cpp:233] @ 0.0019016s :ethernetDevice.localUdpPort: 0
DEBUG [IRDeviceParams.cpp:234] @ 0.0019177s :ethernetDevice.checkUdpSenderIp: 1
DEBUG [Cali.cpp:87] @ 0.309015s :Calibration directory path: C:\Users\u0173846\AppData\Roaming\Imager\Cali
DEBUG [Cali.cpp:88] @ 0.309045s :Calibration file name: Cali-17092037.xml
DEBUG [Cali.cpp:98] @ 0.309356s :Calibration data A: 1450 B:470 C:4095 D:1500
INFO [IRImager.cpp:266] @ 0.309932s :Init thermal imager to 17092037 with size: 766x480@32 Hz
DEBUG [Cali.cpp:87] @ 0.310197s :Calibration directory path: C:\Users\u0173846\AppData\Roaming\Imager\Cali
DEBUG [Cali.cpp:88] @ 0.310214s :Calibration file name: Cali-17092037.xml
DEBUG [Cali.cpp:98] @ 0.31049s :Calibration data A: 1450 B:470 C:4095 D:1500
DEBUG [IRImager.cpp:374] @ 0.3111s :Using HID control interface
DEBUG [IRImager.cpp:414] @ 0.392372s :Initialized HID control interface to device with HW:2101 FW:2820
DEBUG [IRImager.cpp:435] @ 0.392408s :Frameconfig - width(in): 766, height(in): 480, interval: 312500, max framerate: 32, HW interval: 0.03125
DEBUG [Cali.cpp:87] @ 0.392427s :Calibration directory path: C:\Users\u0173846\AppData\Roaming\Imager\Cali
DEBUG [Cali.cpp:88] @ 0.392439s :Calibration file name: Cali-17092037.xml
DEBUG [Cali.cpp:98] @ 0.392768s :Calibration data A: 1450 B:470 C:4095 D:1500
DEBUG [ImageProcessing.cpp:200] @ 0.397026s :Source buffer size: 735360 Width: 766 Height: 480
DEBUG [ImageProcessing.cpp:121] @ 0.433322s :Source buffer size: 735360 Width: 766 Height: 480
DEBUG [OpSource.cpp:347] @ 0.43342s :Using formats path: .\\Formats.def
DEBUG [OpSource.cpp:598] @ 0.433604s :Format found with size: 14
DEBUG [IRImager.cpp:841] @ 0.434343s :Caught onFrameInit with size: 764x480
DEBUG [OpSource.cpp:347] @ 0.436407s :Using formats path: .\\Formats.def
DEBUG [OpSource.cpp:598] @ 0.436589s :Format found with size: 14
DEBUG [OpSource.cpp:347] @ 0.436647s :Using formats path: .\\Formats.def
DEBUG [OpCorr.cpp:467] @ 0.438841s :Read cali: C:\Users\u0173846\AppData\Roaming\Imager\Cali\Cali-17092037-25-500-1800-32.dat
DEBUG [ImageProcessing.cpp:1108] @ 0.472758s :Update flag temperature: -10.4375
DEBUG [ImageProcessing.cpp:1111] @ 0.474625s :Update box temperature: -10.4375
DEBUG [Cali.cpp:639] @ 0.474664s :Calibration file path: 000001BCB30BE474/00000013189EC8D0.xml
DEBUG [SimpleXML.cpp:238] @ 0.474783s :Failed to open file C:\Users\u0173846\AppData\Roaming\Imager\Cali\CaliExt-17092037.xml
DEBUG [IRImager.cpp:547] @ 0.488872s :Chip heating disabled
DEBUG [direct_binding.cpp:300] @ 0.493274s :evo_irimager_multi_usb_init with config: 17092037f.xml
DEBUG [direct_binding.cpp:301] @ 0.493311s :evo_irimager_multi_usb_init connected returned: 1
