DEBUG [IRLogger.cpp:105] @ 0.47705s :***************************************************
DEBUG [IRLogger.cpp:106] @ 0.477107s :* IRImagerDirect SDK                              *
DEBUG [IRLogger.cpp:107] @ 0.477142s :***************************************************
DEBUG [IRLogger.cpp:113] @ 0.477172s :* Native Machine:      AMD64
DEBUG [IRLogger.cpp:114] @ 0.477196s :* Machine:             AMD64
DEBUG [IRLogger.cpp:116] @ 0.477221s :* OS:                  Windows 10 0 19045
DEBUG [IRLogger.cpp:123] @ 0.477242s :***************************************************
DEBUG [IRDeviceParams.cpp:204] @ 0.477813s :Parameters
DEBUG [IRDeviceParams.cpp:205] @ 0.477832s :serial: 20052193
DEBUG [IRDeviceParams.cpp:206] @ 0.477845s :videoformatindex: 0
DEBUG [IRDeviceParams.cpp:207] @ 0.477857s :fov: 33
DEBUG [IRDeviceParams.cpp:208] @ 0.47787s :optics_text: 0000014B6CACD750
DEBUG [IRDeviceParams.cpp:209] @ 0.477882s :formatspath: 0000014B6CACD900
DEBUG [IRDeviceParams.cpp:210] @ 0.477895s :calipath: 0000000000000000
DEBUG [IRDeviceParams.cpp:211] @ 0.477908s :temperature min: 0
DEBUG [IRDeviceParams.cpp:212] @ 0.477919s :temperature max: 250
DEBUG [IRDeviceParams.cpp:213] @ 0.477932s :framerate: 32
DEBUG [IRDeviceParams.cpp:214] @ 0.477944s :bispectral: 0
DEBUG [IRDeviceParams.cpp:215] @ 0.477955s :flag automatic: 0
DEBUG [IRDeviceParams.cpp:216] @ 0.477968s :min interval: 15
DEBUG [IRDeviceParams.cpp:217] @ 0.47798s :max interval: 0
DEBUG [IRDeviceParams.cpp:218] @ 0.477991s :chip heating mode: 0
DEBUG [IRDeviceParams.cpp:219] @ 0.478004s :chip heating fixed val: 40
DEBUG [IRDeviceParams.cpp:220] @ 0.478016s :focus:  -1
DEBUG [IRDeviceParams.cpp:221] @ 0.478029s :enable extended temp range: 0
DEBUG [IRDeviceParams.cpp:222] @ 0.478041s :buffer queue size: 5
DEBUG [IRDeviceParams.cpp:223] @ 0.478053s :enable high precision: 0
DEBUG [IRDeviceParams.cpp:224] @ 0.478065s :radialDistortionCorrectionMode: 0
DEBUG [IRDeviceParams.cpp:225] @ 0.478078s :deviceAPI: 0
DEBUG [IRDeviceParams.cpp:226] @ 0.478089s :useExternalProbeForReferencing: 0
DEBUG [IRDeviceParams.cpp:227] @ 0.478102s :enableMultiThreading: 0
DEBUG [IRDeviceParams.cpp:232] @ 0.478115s :ethernetDevice.deviceIpAddress: 0.0.0.0
DEBUG [IRDeviceParams.cpp:233] @ 0.478127s :ethernetDevice.localUdpPort: 0
DEBUG [IRDeviceParams.cpp:234] @ 0.478138s :ethernetDevice.checkUdpSenderIp: 1
DEBUG [IRImager.cpp:1107] @ 0.631059s :Start flag calibration
DEBUG [Cali.cpp:87] @ 0.643098s :Calibration directory path: C:\Users\u0173846\AppData\Roaming\Imager\Cali
DEBUG [Cali.cpp:88] @ 0.643131s :Calibration file name: Cali-20052193.xml
DEBUG [Cali.cpp:98] @ 0.643552s :Calibration data A: 1450 B:1500 C:4095 D:1500
INFO [IRImager.cpp:266] @ 0.64457s :Init thermal imager to 20052193 with size: 642x480@32 Hz
DEBUG [Cali.cpp:87] @ 0.644838s :Calibration directory path: C:\Users\u0173846\AppData\Roaming\Imager\Cali
DEBUG [Cali.cpp:88] @ 0.644854s :Calibration file name: Cali-20052193.xml
DEBUG [Cali.cpp:98] @ 0.645238s :Calibration data A: 1450 B:1500 C:4095 D:1500
DEBUG [IRImager.cpp:374] @ 0.646034s :Using HID control interface
DEBUG [IRImager.cpp:414] @ 0.667101s :Initialized HID control interface to device with HW:601 FW:2633
DEBUG [IRImager.cpp:435] @ 0.667136s :Frameconfig - width(in): 642, height(in): 480, interval: 312500, max framerate: 32, HW interval: 0.03125
DEBUG [Cali.cpp:87] @ 0.667157s :Calibration directory path: C:\Users\u0173846\AppData\Roaming\Imager\Cali
DEBUG [Cali.cpp:88] @ 0.66717s :Calibration file name: Cali-20052193.xml
DEBUG [Cali.cpp:98] @ 0.667628s :Calibration data A: 1450 B:1500 C:4095 D:1500
DEBUG [ImageProcessing.cpp:200] @ 0.695342s :Source buffer size: 616320 Width: 642 Height: 480
DEBUG [ImageProcessing.cpp:121] @ 0.734036s :Source buffer size: 616320 Width: 642 Height: 480
DEBUG [OpSource.cpp:347] @ 0.734139s :Using formats path: .\\Formats.def
DEBUG [OpSource.cpp:598] @ 0.734293s :Format found with size: 25
DEBUG [IRImager.cpp:841] @ 0.734935s :Caught onFrameInit with size: 640x480
DEBUG [OpSource.cpp:347] @ 0.736673s :Using formats path: .\\Formats.def
DEBUG [OpSource.cpp:598] @ 0.736851s :Format found with size: 25
DEBUG [OpSource.cpp:347] @ 0.736912s :Using formats path: .\\Formats.def
DEBUG [OpCorr.cpp:467] @ 0.741122s :Read cali: C:\Users\u0173846\AppData\Roaming\Imager\Cali\Cali-20052193-33-0-250.dat
DEBUG [OpCorr.cpp:557] @ 0.741209s :Read calibration of camera no 20052193, # of fields: 6 , start of fields: 40
DEBUG [ImageProcessing.cpp:1108] @ 1.00987s :Update flag temperature: 31.1875
DEBUG [ImageProcessing.cpp:1111] @ 1.01361s :Update box temperature: 28.8125
DEBUG [Cali.cpp:639] @ 1.01364s :Calibration file path: 0000014B6CA6D984/00000030E59EC860.xml
DEBUG [SimpleXML.cpp:238] @ 1.01373s :Failed to open file C:\Users\u0173846\AppData\Roaming\Imager\Cali\CaliExt-20052193.xml
DEBUG [IRImager.cpp:547] @ 1.02458s :Chip heating disabled
DEBUG [direct_binding.cpp:300] @ 1.03253s :evo_irimager_multi_usb_init with config: 6060300f.xml
DEBUG [direct_binding.cpp:301] @ 1.03257s :evo_irimager_multi_usb_init connected returned: 1
DEBUG [IRImager.cpp:1107] @ 1.14338s :Start flag calibration
DEBUG [OpFlag.cpp:591] @ 11.6361s :SkimDiff: 0 Adjust: 0 State: 0 EMax: 8632 Emin: 8361
DEBUG [OpFlag.cpp:591] @ 12.0317s :SkimDiff: 0 Adjust: 0 State: 0 EMax: 12759 Emin: 4965
DEBUG [IRImager.cpp:1121] @ 12.0786s :Finished startup calibration
