DEBUG [IRLogger.cpp:105] @ 0.0003159s :***************************************************
DEBUG [IRLogger.cpp:106] @ 0.000388s :* IRImagerDirect SDK                              *
DEBUG [IRLogger.cpp:107] @ 0.0004175s :***************************************************
DEBUG [IRLogger.cpp:113] @ 0.0004444s :* Native Machine:      AMD64
DEBUG [IRLogger.cpp:114] @ 0.0004701s :* Machine:             AMD64
DEBUG [IRLogger.cpp:116] @ 0.0004969s :* OS:                  Windows 10 0 19045
DEBUG [IRLogger.cpp:123] @ 0.0005164s :***************************************************
DEBUG [IRDeviceParams.cpp:204] @ 0.0011453s :Parameters
DEBUG [IRDeviceParams.cpp:205] @ 0.0011643s :serial: 17092037
DEBUG [IRDeviceParams.cpp:206] @ 0.0011908s :videoformatindex: 2
DEBUG [IRDeviceParams.cpp:207] @ 0.0012205s :fov: 0
DEBUG [IRDeviceParams.cpp:208] @ 0.0012358s :optics_text: 000001890C115740
DEBUG [IRDeviceParams.cpp:209] @ 0.0012501s :formatspath: 000001890C115930
DEBUG [IRDeviceParams.cpp:210] @ 0.0012639s :calipath: 0000000000000000
DEBUG [IRDeviceParams.cpp:211] @ 0.0012773s :temperature min: 500
DEBUG [IRDeviceParams.cpp:212] @ 0.0012912s :temperature max: 1800
DEBUG [IRDeviceParams.cpp:213] @ 0.0013076s :framerate: 32
DEBUG [IRDeviceParams.cpp:214] @ 0.0013225s :bispectral: 0
DEBUG [IRDeviceParams.cpp:215] @ 0.0013354s :flag automatic: 0
DEBUG [IRDeviceParams.cpp:216] @ 0.0013485s :min interval: 15
DEBUG [IRDeviceParams.cpp:217] @ 0.0013612s :max interval: 0
DEBUG [IRDeviceParams.cpp:218] @ 0.0013744s :chip heating mode: 0
DEBUG [IRDeviceParams.cpp:219] @ 0.0013872s :chip heating fixed val: 40
DEBUG [IRDeviceParams.cpp:220] @ 0.0014011s :focus:  -1
DEBUG [IRDeviceParams.cpp:221] @ 0.0014133s :enable extended temp range: 0
DEBUG [IRDeviceParams.cpp:222] @ 0.0014251s :buffer queue size: 5
DEBUG [IRDeviceParams.cpp:223] @ 0.001455s :enable high precision: 0
DEBUG [IRDeviceParams.cpp:224] @ 0.0014871s :radialDistortionCorrectionMode: 0
DEBUG [IRDeviceParams.cpp:225] @ 0.0015045s :deviceAPI: 0
DEBUG [IRDeviceParams.cpp:226] @ 0.0015304s :useExternalProbeForReferencing: 0
DEBUG [IRDeviceParams.cpp:227] @ 0.0015506s :enableMultiThreading: 0
DEBUG [IRDeviceParams.cpp:232] @ 0.001565s :ethernetDevice.deviceIpAddress: 0.0.0.0
DEBUG [IRDeviceParams.cpp:233] @ 0.0015774s :ethernetDevice.localUdpPort: 0
DEBUG [IRDeviceParams.cpp:234] @ 0.0015907s :ethernetDevice.checkUdpSenderIp: 1
DEBUG [Cali.cpp:87] @ 0.309094s :Calibration directory path: C:\Users\u0173846\AppData\Roaming\Imager\Cali
DEBUG [Cali.cpp:88] @ 0.309126s :Calibration file name: Cali-17092037.xml
DEBUG [Cali.cpp:98] @ 0.30946s :Calibration data A: 1450 B:470 C:4095 D:1500
INFO [IRImager.cpp:266] @ 0.310143s :Init thermal imager to 17092037 with size: 766x480@32 Hz
DEBUG [Cali.cpp:87] @ 0.310484s :Calibration directory path: C:\Users\u0173846\AppData\Roaming\Imager\Cali
DEBUG [Cali.cpp:88] @ 0.310502s :Calibration file name: Cali-17092037.xml
DEBUG [Cali.cpp:98] @ 0.310796s :Calibration data A: 1450 B:470 C:4095 D:1500
DEBUG [IRImager.cpp:374] @ 0.3115s :Using HID control interface
DEBUG [IRImager.cpp:414] @ 0.391755s :Initialized HID control interface to device with HW:2101 FW:2820
DEBUG [IRImager.cpp:435] @ 0.391791s :Frameconfig - width(in): 766, height(in): 480, interval: 312500, max framerate: 32, HW interval: 0.03125
DEBUG [Cali.cpp:87] @ 0.39181s :Calibration directory path: C:\Users\u0173846\AppData\Roaming\Imager\Cali
DEBUG [Cali.cpp:88] @ 0.391823s :Calibration file name: Cali-17092037.xml
DEBUG [Cali.cpp:98] @ 0.392167s :Calibration data A: 1450 B:470 C:4095 D:1500
DEBUG [ImageProcessing.cpp:200] @ 0.396389s :Source buffer size: 735360 Width: 766 Height: 480
DEBUG [ImageProcessing.cpp:121] @ 0.43264s :Source buffer size: 735360 Width: 766 Height: 480
DEBUG [OpSource.cpp:347] @ 0.432724s :Using formats path: .\\Formats.def
DEBUG [OpSource.cpp:598] @ 0.4329s :Format found with size: 14
DEBUG [IRImager.cpp:841] @ 0.433594s :Caught onFrameInit with size: 764x480
DEBUG [OpSource.cpp:347] @ 0.43576s :Using formats path: .\\Formats.def
DEBUG [OpSource.cpp:598] @ 0.435946s :Format found with size: 14
DEBUG [OpSource.cpp:347] @ 0.436011s :Using formats path: .\\Formats.def
DEBUG [OpCorr.cpp:467] @ 0.438254s :Read cali: C:\Users\u0173846\AppData\Roaming\Imager\Cali\Cali-17092037-25-500-1800-32.dat
DEBUG [ImageProcessing.cpp:1108] @ 0.472003s :Update flag temperature: 34.5625
DEBUG [ImageProcessing.cpp:1111] @ 0.473752s :Update box temperature: 34.5625
DEBUG [Cali.cpp:639] @ 0.47378s :Calibration file path: 00000189131AB8E4/00000072F83ECB20.xml
DEBUG [SimpleXML.cpp:238] @ 0.473892s :Failed to open file C:\Users\u0173846\AppData\Roaming\Imager\Cali\CaliExt-17092037.xml
DEBUG [IRImager.cpp:547] @ 0.487503s :Chip heating disabled
DEBUG [direct_binding.cpp:300] @ 0.491208s :evo_irimager_multi_usb_init with config: 17092037f.xml
DEBUG [direct_binding.cpp:301] @ 0.491234s :evo_irimager_multi_usb_init connected returned: 1
