DEBUG [IRLogger.cpp:105] @ 0.48658s :***************************************************
DEBUG [IRLogger.cpp:106] @ 0.486641s :* IRImagerDirect SDK                              *
DEBUG [IRLogger.cpp:107] @ 0.486691s :***************************************************
DEBUG [IRLogger.cpp:113] @ 0.486725s :* Native Machine:      AMD64
DEBUG [IRLogger.cpp:114] @ 0.486752s :* Machine:             AMD64
DEBUG [IRLogger.cpp:116] @ 0.48678s :* OS:                  Windows 10 0 19045
DEBUG [IRLogger.cpp:123] @ 0.486803s :***************************************************
DEBUG [IRDeviceParams.cpp:204] @ 0.487451s :Parameters
DEBUG [IRDeviceParams.cpp:205] @ 0.487472s :serial: 20052193
DEBUG [IRDeviceParams.cpp:206] @ 0.487486s :videoformatindex: 0
DEBUG [IRDeviceParams.cpp:207] @ 0.48751s :fov: 33
DEBUG [IRDeviceParams.cpp:208] @ 0.487527s :optics_text: 000001E7D0B04D20
DEBUG [IRDeviceParams.cpp:209] @ 0.48754s :formatspath: 000001E7D0B04D10
DEBUG [IRDeviceParams.cpp:210] @ 0.487552s :calipath: 0000000000000000
DEBUG [IRDeviceParams.cpp:211] @ 0.487564s :temperature min: 0
DEBUG [IRDeviceParams.cpp:212] @ 0.487575s :temperature max: 250
DEBUG [IRDeviceParams.cpp:213] @ 0.487588s :framerate: 32
DEBUG [IRDeviceParams.cpp:214] @ 0.487599s :bispectral: 0
DEBUG [IRDeviceParams.cpp:215] @ 0.487611s :flag automatic: 0
DEBUG [IRDeviceParams.cpp:216] @ 0.487623s :min interval: 15
DEBUG [IRDeviceParams.cpp:217] @ 0.487634s :max interval: 0
DEBUG [IRDeviceParams.cpp:218] @ 0.487645s :chip heating mode: 0
DEBUG [IRDeviceParams.cpp:219] @ 0.487658s :chip heating fixed val: 40
DEBUG [IRDeviceParams.cpp:220] @ 0.48767s :focus:  -1
DEBUG [IRDeviceParams.cpp:221] @ 0.487684s :enable extended temp range: 0
DEBUG [IRDeviceParams.cpp:222] @ 0.487695s :buffer queue size: 5
DEBUG [IRDeviceParams.cpp:223] @ 0.487707s :enable high precision: 0
DEBUG [IRDeviceParams.cpp:224] @ 0.487719s :radialDistortionCorrectionMode: 0
DEBUG [IRDeviceParams.cpp:225] @ 0.48773s :deviceAPI: 0
DEBUG [IRDeviceParams.cpp:226] @ 0.487742s :useExternalProbeForReferencing: 0
DEBUG [IRDeviceParams.cpp:227] @ 0.487753s :enableMultiThreading: 0
DEBUG [IRDeviceParams.cpp:232] @ 0.487765s :ethernetDevice.deviceIpAddress: 0.0.0.0
DEBUG [IRDeviceParams.cpp:233] @ 0.487777s :ethernetDevice.localUdpPort: 0
DEBUG [IRDeviceParams.cpp:234] @ 0.487789s :ethernetDevice.checkUdpSenderIp: 1
DEBUG [IRImager.cpp:1107] @ 0.641232s :Start flag calibration
DEBUG [Cali.cpp:87] @ 0.659722s :Calibration directory path: C:\Users\u0173846\AppData\Roaming\Imager\Cali
DEBUG [Cali.cpp:88] @ 0.659753s :Calibration file name: Cali-20052193.xml
DEBUG [Cali.cpp:98] @ 0.660197s :Calibration data A: 1450 B:1500 C:4095 D:1500
INFO [IRImager.cpp:266] @ 0.661447s :Init thermal imager to 20052193 with size: 642x480@32 Hz
DEBUG [Cali.cpp:87] @ 0.661765s :Calibration directory path: C:\Users\u0173846\AppData\Roaming\Imager\Cali
DEBUG [Cali.cpp:88] @ 0.661781s :Calibration file name: Cali-20052193.xml
DEBUG [Cali.cpp:98] @ 0.662185s :Calibration data A: 1450 B:1500 C:4095 D:1500
DEBUG [IRImager.cpp:374] @ 0.663207s :Using HID control interface
DEBUG [IRImager.cpp:414] @ 0.684548s :Initialized HID control interface to device with HW:601 FW:2633
DEBUG [IRImager.cpp:435] @ 0.684591s :Frameconfig - width(in): 642, height(in): 480, interval: 312500, max framerate: 32, HW interval: 0.03125
DEBUG [Cali.cpp:87] @ 0.684609s :Calibration directory path: C:\Users\u0173846\AppData\Roaming\Imager\Cali
DEBUG [Cali.cpp:88] @ 0.684623s :Calibration file name: Cali-20052193.xml
DEBUG [Cali.cpp:98] @ 0.685115s :Calibration data A: 1450 B:1500 C:4095 D:1500
DEBUG [ImageProcessing.cpp:200] @ 0.712582s :Source buffer size: 616320 Width: 642 Height: 480
DEBUG [ImageProcessing.cpp:121] @ 0.752339s :Source buffer size: 616320 Width: 642 Height: 480
DEBUG [OpSource.cpp:347] @ 0.75247s :Using formats path: .\\Formats.def
DEBUG [OpSource.cpp:598] @ 0.752636s :Format found with size: 25
DEBUG [IRImager.cpp:841] @ 0.753232s :Caught onFrameInit with size: 640x480
DEBUG [OpSource.cpp:347] @ 0.755162s :Using formats path: .\\Formats.def
DEBUG [OpSource.cpp:598] @ 0.755337s :Format found with size: 25
DEBUG [OpSource.cpp:347] @ 0.755404s :Using formats path: .\\Formats.def
DEBUG [OpCorr.cpp:467] @ 0.759624s :Read cali: C:\Users\u0173846\AppData\Roaming\Imager\Cali\Cali-20052193-33-0-250.dat
DEBUG [OpCorr.cpp:557] @ 0.7597s :Read calibration of camera no 20052193, # of fields: 6 , start of fields: 40
DEBUG [ImageProcessing.cpp:1108] @ 1.02917s :Update flag temperature: 31.1875
DEBUG [ImageProcessing.cpp:1111] @ 1.03294s :Update box temperature: 29
DEBUG [Cali.cpp:639] @ 1.03299s :Calibration file path: 000001E7D08D62D4/0000004B9DBEC9B0.xml
DEBUG [SimpleXML.cpp:238] @ 1.03315s :Failed to open file C:\Users\u0173846\AppData\Roaming\Imager\Cali\CaliExt-20052193.xml
DEBUG [IRImager.cpp:547] @ 1.04529s :Chip heating disabled
DEBUG [direct_binding.cpp:300] @ 1.05368s :evo_irimager_multi_usb_init with config: 6060300f.xml
DEBUG [direct_binding.cpp:301] @ 1.05373s :evo_irimager_multi_usb_init connected returned: 1
DEBUG [IRImager.cpp:1107] @ 1.15049s :Start flag calibration
