DEBUG [IRLogger.cpp:105] @ 0.0003981s :***************************************************
DEBUG [IRLogger.cpp:106] @ 0.0004777s :* IRImagerDirect SDK                              *
DEBUG [IRLogger.cpp:107] @ 0.0005064s :***************************************************
DEBUG [IRLogger.cpp:113] @ 0.0005283s :* Native Machine:      AMD64
DEBUG [IRLogger.cpp:114] @ 0.0005986s :* Machine:             AMD64
DEBUG [IRLogger.cpp:116] @ 0.0006358s :* OS:                  Windows 10 0 19045
DEBUG [IRLogger.cpp:123] @ 0.0006611s :***************************************************
DEBUG [IRDeviceParams.cpp:204] @ 0.0016735s :Parameters
DEBUG [IRDeviceParams.cpp:205] @ 0.0017005s :serial: 17092037
DEBUG [IRDeviceParams.cpp:206] @ 0.0017219s :videoformatindex: 2
DEBUG [IRDeviceParams.cpp:207] @ 0.0017395s :fov: 0
DEBUG [IRDeviceParams.cpp:208] @ 0.0017586s :optics_text: 0000025033DF2150
DEBUG [IRDeviceParams.cpp:209] @ 0.0017798s :formatspath: 0000025033DF20B0
DEBUG [IRDeviceParams.cpp:210] @ 0.0017931s :calipath: 0000000000000000
DEBUG [IRDeviceParams.cpp:211] @ 0.0018044s :temperature min: 500
DEBUG [IRDeviceParams.cpp:212] @ 0.0018156s :temperature max: 1800
DEBUG [IRDeviceParams.cpp:213] @ 0.0018305s :framerate: 32
DEBUG [IRDeviceParams.cpp:214] @ 0.0018444s :bispectral: 0
DEBUG [IRDeviceParams.cpp:215] @ 0.001878s :flag automatic: 0
DEBUG [IRDeviceParams.cpp:216] @ 0.0018954s :min interval: 15
DEBUG [IRDeviceParams.cpp:217] @ 0.0019078s :max interval: 0
DEBUG [IRDeviceParams.cpp:218] @ 0.0019211s :chip heating mode: 0
DEBUG [IRDeviceParams.cpp:219] @ 0.0019348s :chip heating fixed val: 40
DEBUG [IRDeviceParams.cpp:220] @ 0.0019486s :focus:  -1
DEBUG [IRDeviceParams.cpp:221] @ 0.0019645s :enable extended temp range: 0
DEBUG [IRDeviceParams.cpp:222] @ 0.0019779s :buffer queue size: 5
DEBUG [IRDeviceParams.cpp:223] @ 0.0019911s :enable high precision: 0
DEBUG [IRDeviceParams.cpp:224] @ 0.0020045s :radialDistortionCorrectionMode: 0
DEBUG [IRDeviceParams.cpp:225] @ 0.0020171s :deviceAPI: 0
DEBUG [IRDeviceParams.cpp:226] @ 0.0020298s :useExternalProbeForReferencing: 0
DEBUG [IRDeviceParams.cpp:227] @ 0.0020428s :enableMultiThreading: 0
DEBUG [IRDeviceParams.cpp:232] @ 0.0020559s :ethernetDevice.deviceIpAddress: 0.0.0.0
DEBUG [IRDeviceParams.cpp:233] @ 0.0020811s :ethernetDevice.localUdpPort: 0
DEBUG [IRDeviceParams.cpp:234] @ 0.0022143s :ethernetDevice.checkUdpSenderIp: 1
DEBUG [Cali.cpp:87] @ 0.33329s :Calibration directory path: C:\Users\u0173846\AppData\Roaming\Imager\Cali
DEBUG [Cali.cpp:88] @ 0.333321s :Calibration file name: Cali-17092037.xml
DEBUG [Cali.cpp:98] @ 0.333812s :Calibration data A: 1450 B:470 C:4095 D:1500
INFO [IRImager.cpp:266] @ 0.334701s :Init thermal imager to 17092037 with size: 766x480@32 Hz
DEBUG [Cali.cpp:87] @ 0.33508s :Calibration directory path: C:\Users\u0173846\AppData\Roaming\Imager\Cali
DEBUG [Cali.cpp:88] @ 0.335101s :Calibration file name: Cali-17092037.xml
DEBUG [Cali.cpp:98] @ 0.335423s :Calibration data A: 1450 B:470 C:4095 D:1500
DEBUG [IRImager.cpp:374] @ 0.33637s :Using HID control interface
DEBUG [IRImager.cpp:414] @ 0.405296s :Initialized HID control interface to device with HW:2101 FW:2820
DEBUG [IRImager.cpp:435] @ 0.405338s :Frameconfig - width(in): 766, height(in): 480, interval: 312500, max framerate: 32, HW interval: 0.03125
DEBUG [Cali.cpp:87] @ 0.405358s :Calibration directory path: C:\Users\u0173846\AppData\Roaming\Imager\Cali
DEBUG [Cali.cpp:88] @ 0.405371s :Calibration file name: Cali-17092037.xml
DEBUG [Cali.cpp:98] @ 0.405724s :Calibration data A: 1450 B:470 C:4095 D:1500
DEBUG [ImageProcessing.cpp:200] @ 0.409951s :Source buffer size: 735360 Width: 766 Height: 480
DEBUG [ImageProcessing.cpp:121] @ 0.446174s :Source buffer size: 735360 Width: 766 Height: 480
DEBUG [OpSource.cpp:347] @ 0.446291s :Using formats path: .\\Formats.def
DEBUG [OpSource.cpp:598] @ 0.446588s :Format found with size: 14
DEBUG [IRImager.cpp:841] @ 0.447688s :Caught onFrameInit with size: 764x480
DEBUG [OpSource.cpp:347] @ 0.450883s :Using formats path: .\\Formats.def
DEBUG [OpSource.cpp:598] @ 0.451262s :Format found with size: 14
DEBUG [OpSource.cpp:347] @ 0.451362s :Using formats path: .\\Formats.def
DEBUG [OpCorr.cpp:467] @ 0.453839s :Read cali: C:\Users\u0173846\AppData\Roaming\Imager\Cali\Cali-17092037-25-500-1800-32.dat
DEBUG [ImageProcessing.cpp:1108] @ 0.499432s :Update flag temperature: 35.9375
DEBUG [ImageProcessing.cpp:1111] @ 0.501188s :Update box temperature: 35.9375
DEBUG [Cali.cpp:639] @ 0.501236s :Calibration file path: 000002503535E4C4/000000DFAEBEC6D0.xml
DEBUG [SimpleXML.cpp:238] @ 0.501351s :Failed to open file C:\Users\u0173846\AppData\Roaming\Imager\Cali\CaliExt-17092037.xml
DEBUG [IRImager.cpp:547] @ 0.514794s :Chip heating disabled
DEBUG [direct_binding.cpp:300] @ 0.518116s :evo_irimager_multi_usb_init with config: 17092037f.xml
DEBUG [direct_binding.cpp:301] @ 0.518149s :evo_irimager_multi_usb_init connected returned: 1
DEBUG [IRLogger.cpp:105] @ 0.519707s :***************************************************
DEBUG [IRLogger.cpp:106] @ 0.519768s :* IRImagerDirect SDK                              *
DEBUG [IRLogger.cpp:107] @ 0.519798s :***************************************************
DEBUG [IRLogger.cpp:113] @ 0.519827s :* Native Machine:      AMD64
DEBUG [IRLogger.cpp:114] @ 0.519856s :* Machine:             AMD64
DEBUG [IRLogger.cpp:116] @ 0.519894s :* OS:                  Windows 10 0 19045
DEBUG [IRLogger.cpp:123] @ 0.519948s :***************************************************
DEBUG [IRDeviceParams.cpp:204] @ 0.520669s :Parameters
DEBUG [IRDeviceParams.cpp:205] @ 0.520701s :serial: 20052193
DEBUG [IRDeviceParams.cpp:206] @ 0.520722s :videoformatindex: 0
DEBUG [IRDeviceParams.cpp:207] @ 0.520742s :fov: 33
DEBUG [IRDeviceParams.cpp:208] @ 0.520761s :optics_text: 00000250353A6400
DEBUG [IRDeviceParams.cpp:209] @ 0.520782s :formatspath: 00000250353A6410
DEBUG [IRDeviceParams.cpp:210] @ 0.520801s :calipath: 0000000000000000
DEBUG [IRDeviceParams.cpp:211] @ 0.52082s :temperature min: 0
DEBUG [IRDeviceParams.cpp:212] @ 0.520842s :temperature max: 250
DEBUG [IRDeviceParams.cpp:213] @ 0.520907s :framerate: 32
DEBUG [IRDeviceParams.cpp:214] @ 0.520928s :bispectral: 0
DEBUG [IRDeviceParams.cpp:215] @ 0.520948s :flag automatic: 0
DEBUG [IRDeviceParams.cpp:216] @ 0.520969s :min interval: 15
DEBUG [IRDeviceParams.cpp:217] @ 0.520988s :max interval: 0
DEBUG [IRDeviceParams.cpp:218] @ 0.521007s :chip heating mode: 0
DEBUG [IRDeviceParams.cpp:219] @ 0.521026s :chip heating fixed val: 40
DEBUG [IRDeviceParams.cpp:220] @ 0.521048s :focus:  -1
DEBUG [IRDeviceParams.cpp:221] @ 0.521067s :enable extended temp range: 0
DEBUG [IRDeviceParams.cpp:222] @ 0.521085s :buffer queue size: 5
DEBUG [IRDeviceParams.cpp:223] @ 0.521104s :enable high precision: 0
DEBUG [IRDeviceParams.cpp:224] @ 0.521124s :radialDistortionCorrectionMode: 0
DEBUG [IRDeviceParams.cpp:225] @ 0.521144s :deviceAPI: 0
DEBUG [IRDeviceParams.cpp:226] @ 0.521176s :useExternalProbeForReferencing: 0
DEBUG [IRDeviceParams.cpp:227] @ 0.521232s :enableMultiThreading: 0
DEBUG [IRDeviceParams.cpp:232] @ 0.521263s :ethernetDevice.deviceIpAddress: 0.0.0.0
DEBUG [IRDeviceParams.cpp:233] @ 0.521298s :ethernetDevice.localUdpPort: 0
DEBUG [IRDeviceParams.cpp:234] @ 0.521324s :ethernetDevice.checkUdpSenderIp: 1
DEBUG [IRImager.cpp:1107] @ 0.677369s :Start flag calibration
DEBUG [Cali.cpp:87] @ 0.742268s :Calibration directory path: C:\Users\u0173846\AppData\Roaming\Imager\Cali
DEBUG [Cali.cpp:88] @ 0.742301s :Calibration file name: Cali-20052193.xml
DEBUG [Cali.cpp:98] @ 0.74275s :Calibration data A: 1450 B:1500 C:4095 D:1500
INFO [IRImager.cpp:266] @ 0.743927s :Init thermal imager to 20052193 with size: 642x480@32 Hz
DEBUG [Cali.cpp:87] @ 0.744343s :Calibration directory path: C:\Users\u0173846\AppData\Roaming\Imager\Cali
DEBUG [Cali.cpp:88] @ 0.744372s :Calibration file name: Cali-20052193.xml
DEBUG [Cali.cpp:98] @ 0.745005s :Calibration data A: 1450 B:1500 C:4095 D:1500
DEBUG [IRImager.cpp:374] @ 0.746253s :Using HID control interface
DEBUG [IRImager.cpp:414] @ 0.756433s :Initialized HID control interface to device with HW:601 FW:2633
DEBUG [IRImager.cpp:435] @ 0.75653s :Frameconfig - width(in): 642, height(in): 480, interval: 312500, max framerate: 32, HW interval: 0.03125
DEBUG [Cali.cpp:87] @ 0.756562s :Calibration directory path: C:\Users\u0173846\AppData\Roaming\Imager\Cali
DEBUG [Cali.cpp:88] @ 0.756581s :Calibration file name: Cali-20052193.xml
DEBUG [Cali.cpp:98] @ 0.757191s :Calibration data A: 1450 B:1500 C:4095 D:1500
DEBUG [ImageProcessing.cpp:200] @ 0.784461s :Source buffer size: 616320 Width: 642 Height: 480
DEBUG [ImageProcessing.cpp:121] @ 0.824451s :Source buffer size: 616320 Width: 642 Height: 480
DEBUG [OpSource.cpp:347] @ 0.824576s :Using formats path: .\\Formats.def
DEBUG [OpSource.cpp:598] @ 0.824802s :Format found with size: 25
DEBUG [IRImager.cpp:841] @ 0.825668s :Caught onFrameInit with size: 640x480
DEBUG [OpSource.cpp:347] @ 0.827986s :Using formats path: .\\Formats.def
DEBUG [OpSource.cpp:598] @ 0.828169s :Format found with size: 25
DEBUG [OpSource.cpp:347] @ 0.828237s :Using formats path: .\\Formats.def
DEBUG [OpCorr.cpp:467] @ 0.832528s :Read cali: C:\Users\u0173846\AppData\Roaming\Imager\Cali\Cali-20052193-33-0-250.dat
DEBUG [OpCorr.cpp:557] @ 0.832603s :Read calibration of camera no 20052193, # of fields: 6 , start of fields: 40
DEBUG [ImageProcessing.cpp:1108] @ 1.09696s :Update flag temperature: 30.625
DEBUG [ImageProcessing.cpp:1111] @ 1.10067s :Update box temperature: 27.6875
DEBUG [Cali.cpp:639] @ 1.10069s :Calibration file path: 000002503523FFF4/000000DFAEBEC6D0.xml
DEBUG [SimpleXML.cpp:238] @ 1.1008s :Failed to open file C:\Users\u0173846\AppData\Roaming\Imager\Cali\CaliExt-20052193.xml
DEBUG [IRImager.cpp:547] @ 1.11196s :Chip heating disabled
DEBUG [direct_binding.cpp:300] @ 1.12013s :evo_irimager_multi_usb_init with config: 6060300f.xml
DEBUG [direct_binding.cpp:301] @ 1.12019s :evo_irimager_multi_usb_init connected returned: 1
DEBUG [IRImager.cpp:1107] @ 1.19976s :Start flag calibration
DEBUG [OpFlag.cpp:591] @ 11.6763s :SkimDiff: 0 Adjust: 0 State: 0 EMax: 8605 Emin: 8387
DEBUG [OpFlag.cpp:591] @ 12.1032s :SkimDiff: 0 Adjust: 0 State: 0 EMax: 12707 Emin: 4879
DEBUG [IRImager.cpp:1121] @ 12.1182s :Finished startup calibration
DEBUG [IRImager.cpp:1121] @ 12.4099s :Finished startup calibration
