DEBUG [IRLogger.cpp:105] @ 0.000409s :***************************************************
DEBUG [IRLogger.cpp:106] @ 0.0005213s :* IRImagerDirect SDK                              *
DEBUG [IRLogger.cpp:107] @ 0.0005719s :***************************************************
DEBUG [IRLogger.cpp:113] @ 0.0006122s :* Native Machine:      AMD64
DEBUG [IRLogger.cpp:114] @ 0.0007093s :* Machine:             AMD64
DEBUG [IRLogger.cpp:116] @ 0.0007465s :* OS:                  Windows 10 0 19045
DEBUG [IRLogger.cpp:123] @ 0.0007707s :***************************************************
DEBUG [IRDeviceParams.cpp:204] @ 0.0014282s :Parameters
DEBUG [IRDeviceParams.cpp:205] @ 0.001448s :serial: 17092037
DEBUG [IRDeviceParams.cpp:206] @ 0.0014609s :videoformatindex: 2
DEBUG [IRDeviceParams.cpp:207] @ 0.001473s :fov: 0
DEBUG [IRDeviceParams.cpp:208] @ 0.0014852s :optics_text: 000001CFB48234D0
DEBUG [IRDeviceParams.cpp:209] @ 0.0014976s :formatspath: 000001CFB4823680
DEBUG [IRDeviceParams.cpp:210] @ 0.0015097s :calipath: 0000000000000000
DEBUG [IRDeviceParams.cpp:211] @ 0.0015214s :temperature min: 500
DEBUG [IRDeviceParams.cpp:212] @ 0.001533s :temperature max: 1800
DEBUG [IRDeviceParams.cpp:213] @ 0.0015489s :framerate: 32
DEBUG [IRDeviceParams.cpp:214] @ 0.0015611s :bispectral: 0
DEBUG [IRDeviceParams.cpp:215] @ 0.0016078s :flag automatic: 0
DEBUG [IRDeviceParams.cpp:216] @ 0.0016271s :min interval: 15
DEBUG [IRDeviceParams.cpp:217] @ 0.0016406s :max interval: 0
DEBUG [IRDeviceParams.cpp:218] @ 0.0016547s :chip heating mode: 0
DEBUG [IRDeviceParams.cpp:219] @ 0.0016694s :chip heating fixed val: 40
DEBUG [IRDeviceParams.cpp:220] @ 0.0016847s :focus:  -1
DEBUG [IRDeviceParams.cpp:221] @ 0.0016988s :enable extended temp range: 0
DEBUG [IRDeviceParams.cpp:222] @ 0.0017127s :buffer queue size: 5
DEBUG [IRDeviceParams.cpp:223] @ 0.0017259s :enable high precision: 0
DEBUG [IRDeviceParams.cpp:224] @ 0.001741s :radialDistortionCorrectionMode: 0
DEBUG [IRDeviceParams.cpp:225] @ 0.0017552s :deviceAPI: 0
DEBUG [IRDeviceParams.cpp:226] @ 0.0017677s :useExternalProbeForReferencing: 0
DEBUG [IRDeviceParams.cpp:227] @ 0.0017814s :enableMultiThreading: 0
DEBUG [IRDeviceParams.cpp:232] @ 0.0017972s :ethernetDevice.deviceIpAddress: 0.0.0.0
DEBUG [IRDeviceParams.cpp:233] @ 0.0018099s :ethernetDevice.localUdpPort: 0
DEBUG [IRDeviceParams.cpp:234] @ 0.0018236s :ethernetDevice.checkUdpSenderIp: 1
DEBUG [Cali.cpp:87] @ 0.311896s :Calibration directory path: C:\Users\u0173846\AppData\Roaming\Imager\Cali
DEBUG [Cali.cpp:88] @ 0.311927s :Calibration file name: Cali-17092037.xml
DEBUG [Cali.cpp:98] @ 0.312263s :Calibration data A: 1450 B:470 C:4095 D:1500
INFO [IRImager.cpp:266] @ 0.312983s :Init thermal imager to 17092037 with size: 766x480@32 Hz
DEBUG [Cali.cpp:87] @ 0.313305s :Calibration directory path: C:\Users\u0173846\AppData\Roaming\Imager\Cali
DEBUG [Cali.cpp:88] @ 0.313323s :Calibration file name: Cali-17092037.xml
DEBUG [Cali.cpp:98] @ 0.31362s :Calibration data A: 1450 B:470 C:4095 D:1500
DEBUG [IRImager.cpp:374] @ 0.314337s :Using HID control interface
DEBUG [IRImager.cpp:414] @ 0.394418s :Initialized HID control interface to device with HW:2101 FW:2820
DEBUG [IRImager.cpp:435] @ 0.394462s :Frameconfig - width(in): 766, height(in): 480, interval: 312500, max framerate: 32, HW interval: 0.03125
DEBUG [Cali.cpp:87] @ 0.394481s :Calibration directory path: C:\Users\u0173846\AppData\Roaming\Imager\Cali
DEBUG [Cali.cpp:88] @ 0.394494s :Calibration file name: Cali-17092037.xml
DEBUG [Cali.cpp:98] @ 0.394851s :Calibration data A: 1450 B:470 C:4095 D:1500
DEBUG [ImageProcessing.cpp:200] @ 0.399035s :Source buffer size: 735360 Width: 766 Height: 480
DEBUG [ImageProcessing.cpp:121] @ 0.43351s :Source buffer size: 735360 Width: 766 Height: 480
DEBUG [OpSource.cpp:347] @ 0.433622s :Using formats path: .\\Formats.def
DEBUG [OpSource.cpp:598] @ 0.433813s :Format found with size: 14
DEBUG [IRImager.cpp:841] @ 0.434574s :Caught onFrameInit with size: 764x480
DEBUG [OpSource.cpp:347] @ 0.436995s :Using formats path: .\\Formats.def
DEBUG [OpSource.cpp:598] @ 0.437184s :Format found with size: 14
DEBUG [OpSource.cpp:347] @ 0.437253s :Using formats path: .\\Formats.def
DEBUG [OpCorr.cpp:467] @ 0.439381s :Read cali: C:\Users\u0173846\AppData\Roaming\Imager\Cali\Cali-17092037-25-500-1800-32.dat
DEBUG [ImageProcessing.cpp:1108] @ 0.476796s :Update flag temperature: 34.875
DEBUG [ImageProcessing.cpp:1111] @ 0.478665s :Update box temperature: 34.875
DEBUG [Cali.cpp:639] @ 0.478697s :Calibration file path: 000001CFB5D08324/00000021ADDEC920.xml
DEBUG [SimpleXML.cpp:238] @ 0.478842s :Failed to open file C:\Users\u0173846\AppData\Roaming\Imager\Cali\CaliExt-17092037.xml
DEBUG [IRImager.cpp:547] @ 0.4923s :Chip heating disabled
DEBUG [direct_binding.cpp:300] @ 0.496253s :evo_irimager_multi_usb_init with config: 17092037f.xml
DEBUG [direct_binding.cpp:301] @ 0.49629s :evo_irimager_multi_usb_init connected returned: 1
DEBUG [IRLogger.cpp:105] @ 0.497745s :***************************************************
DEBUG [IRLogger.cpp:106] @ 0.497795s :* IRImagerDirect SDK                              *
DEBUG [IRLogger.cpp:107] @ 0.497815s :***************************************************
DEBUG [IRLogger.cpp:113] @ 0.497832s :* Native Machine:      AMD64
DEBUG [IRLogger.cpp:114] @ 0.497916s :* Machine:             AMD64
DEBUG [IRLogger.cpp:116] @ 0.497943s :* OS:                  Windows 10 0 19045
DEBUG [IRLogger.cpp:123] @ 0.497958s :***************************************************
DEBUG [IRDeviceParams.cpp:204] @ 0.498534s :Parameters
DEBUG [IRDeviceParams.cpp:205] @ 0.498555s :serial: 20052193
DEBUG [IRDeviceParams.cpp:206] @ 0.498584s :videoformatindex: 0
DEBUG [IRDeviceParams.cpp:207] @ 0.49867s :fov: 33
DEBUG [IRDeviceParams.cpp:208] @ 0.498691s :optics_text: 000001CFB5E1BED0
DEBUG [IRDeviceParams.cpp:209] @ 0.498709s :formatspath: 000001CFB5E1BF20
DEBUG [IRDeviceParams.cpp:210] @ 0.498721s :calipath: 0000000000000000
DEBUG [IRDeviceParams.cpp:211] @ 0.498734s :temperature min: 0
DEBUG [IRDeviceParams.cpp:212] @ 0.498748s :temperature max: 250
DEBUG [IRDeviceParams.cpp:213] @ 0.498762s :framerate: 32
DEBUG [IRDeviceParams.cpp:214] @ 0.498775s :bispectral: 0
DEBUG [IRDeviceParams.cpp:215] @ 0.498789s :flag automatic: 0
DEBUG [IRDeviceParams.cpp:216] @ 0.498803s :min interval: 15
DEBUG [IRDeviceParams.cpp:217] @ 0.498816s :max interval: 0
DEBUG [IRDeviceParams.cpp:218] @ 0.498829s :chip heating mode: 0
DEBUG [IRDeviceParams.cpp:219] @ 0.498843s :chip heating fixed val: 40
DEBUG [IRDeviceParams.cpp:220] @ 0.498857s :focus:  -1
DEBUG [IRDeviceParams.cpp:221] @ 0.498868s :enable extended temp range: 0
DEBUG [IRDeviceParams.cpp:222] @ 0.498883s :buffer queue size: 5
DEBUG [IRDeviceParams.cpp:223] @ 0.498935s :enable high precision: 0
DEBUG [IRDeviceParams.cpp:224] @ 0.498984s :radialDistortionCorrectionMode: 0
DEBUG [IRDeviceParams.cpp:225] @ 0.499015s :deviceAPI: 0
DEBUG [IRDeviceParams.cpp:226] @ 0.499043s :useExternalProbeForReferencing: 0
DEBUG [IRDeviceParams.cpp:227] @ 0.499073s :enableMultiThreading: 0
DEBUG [IRDeviceParams.cpp:232] @ 0.499105s :ethernetDevice.deviceIpAddress: 0.0.0.0
DEBUG [IRDeviceParams.cpp:233] @ 0.499131s :ethernetDevice.localUdpPort: 0
DEBUG [IRDeviceParams.cpp:234] @ 0.499162s :ethernetDevice.checkUdpSenderIp: 1
DEBUG [IRImager.cpp:1107] @ 0.652179s :Start flag calibration
DEBUG [Cali.cpp:87] @ 0.69116s :Calibration directory path: C:\Users\u0173846\AppData\Roaming\Imager\Cali
DEBUG [Cali.cpp:88] @ 0.691191s :Calibration file name: Cali-20052193.xml
DEBUG [Cali.cpp:98] @ 0.691648s :Calibration data A: 1450 B:1500 C:4095 D:1500
INFO [IRImager.cpp:266] @ 0.692899s :Init thermal imager to 20052193 with size: 642x480@32 Hz
DEBUG [Cali.cpp:87] @ 0.693218s :Calibration directory path: C:\Users\u0173846\AppData\Roaming\Imager\Cali
DEBUG [Cali.cpp:88] @ 0.693235s :Calibration file name: Cali-20052193.xml
DEBUG [Cali.cpp:98] @ 0.693638s :Calibration data A: 1450 B:1500 C:4095 D:1500
DEBUG [IRImager.cpp:374] @ 0.69463s :Using HID control interface
DEBUG [IRImager.cpp:414] @ 0.716022s :Initialized HID control interface to device with HW:601 FW:2633
DEBUG [IRImager.cpp:435] @ 0.71611s :Frameconfig - width(in): 642, height(in): 480, interval: 312500, max framerate: 32, HW interval: 0.03125
DEBUG [Cali.cpp:87] @ 0.716131s :Calibration directory path: C:\Users\u0173846\AppData\Roaming\Imager\Cali
DEBUG [Cali.cpp:88] @ 0.716145s :Calibration file name: Cali-20052193.xml
DEBUG [Cali.cpp:98] @ 0.716634s :Calibration data A: 1450 B:1500 C:4095 D:1500
DEBUG [ImageProcessing.cpp:200] @ 0.744164s :Source buffer size: 616320 Width: 642 Height: 480
DEBUG [ImageProcessing.cpp:121] @ 0.783907s :Source buffer size: 616320 Width: 642 Height: 480
DEBUG [OpSource.cpp:347] @ 0.784005s :Using formats path: .\\Formats.def
DEBUG [OpSource.cpp:598] @ 0.78416s :Format found with size: 25
DEBUG [IRImager.cpp:841] @ 0.78488s :Caught onFrameInit with size: 640x480
DEBUG [OpSource.cpp:347] @ 0.787087s :Using formats path: .\\Formats.def
DEBUG [OpSource.cpp:598] @ 0.787227s :Format found with size: 25
DEBUG [OpSource.cpp:347] @ 0.787294s :Using formats path: .\\Formats.def
DEBUG [OpCorr.cpp:467] @ 0.791644s :Read cali: C:\Users\u0173846\AppData\Roaming\Imager\Cali\Cali-20052193-33-0-250.dat
DEBUG [OpCorr.cpp:557] @ 0.791728s :Read calibration of camera no 20052193, # of fields: 6 , start of fields: 40
DEBUG [ImageProcessing.cpp:1108] @ 1.0554s :Update flag temperature: 31.125
DEBUG [ImageProcessing.cpp:1111] @ 1.05903s :Update box temperature: 28.875
DEBUG [Cali.cpp:639] @ 1.05906s :Calibration file path: 000001CFB48A9804/00000021ADDEC920.xml
DEBUG [SimpleXML.cpp:238] @ 1.0592s :Failed to open file C:\Users\u0173846\AppData\Roaming\Imager\Cali\CaliExt-20052193.xml
DEBUG [IRImager.cpp:547] @ 1.07094s :Chip heating disabled
DEBUG [direct_binding.cpp:300] @ 1.07934s :evo_irimager_multi_usb_init with config: 6060300f.xml
DEBUG [direct_binding.cpp:301] @ 1.0794s :evo_irimager_multi_usb_init connected returned: 1
DEBUG [IRImager.cpp:1107] @ 1.17594s :Start flag calibration
