DEBUG [IRLogger.cpp:105] @ 0.0003006s :***************************************************
DEBUG [IRLogger.cpp:106] @ 0.0004s :* IRImagerDirect SDK                              *
DEBUG [IRLogger.cpp:107] @ 0.0004331s :***************************************************
DEBUG [IRLogger.cpp:113] @ 0.0004573s :* Native Machine:      AMD64
DEBUG [IRLogger.cpp:114] @ 0.0005176s :* Machine:             AMD64
DEBUG [IRLogger.cpp:116] @ 0.0005517s :* OS:                  Windows 10 0 19045
DEBUG [IRLogger.cpp:123] @ 0.0005755s :***************************************************
DEBUG [IRDeviceParams.cpp:204] @ 0.0012021s :Parameters
DEBUG [IRDeviceParams.cpp:205] @ 0.0012214s :serial: 17092037
DEBUG [IRDeviceParams.cpp:206] @ 0.001234s :videoformatindex: 2
DEBUG [IRDeviceParams.cpp:207] @ 0.001246s :fov: 0
DEBUG [IRDeviceParams.cpp:208] @ 0.0012583s :optics_text: 00000234B7D71480
DEBUG [IRDeviceParams.cpp:209] @ 0.0012706s :formatspath: 00000234B7D71240
DEBUG [IRDeviceParams.cpp:210] @ 0.001283s :calipath: 0000000000000000
DEBUG [IRDeviceParams.cpp:211] @ 0.0012949s :temperature min: 500
DEBUG [IRDeviceParams.cpp:212] @ 0.0013256s :temperature max: 1800
DEBUG [IRDeviceParams.cpp:213] @ 0.0013596s :framerate: 32
DEBUG [IRDeviceParams.cpp:214] @ 0.001375s :bispectral: 0
DEBUG [IRDeviceParams.cpp:215] @ 0.0013876s :flag automatic: 0
DEBUG [IRDeviceParams.cpp:216] @ 0.0014005s :min interval: 15
DEBUG [IRDeviceParams.cpp:217] @ 0.0014137s :max interval: 0
DEBUG [IRDeviceParams.cpp:218] @ 0.0014251s :chip heating mode: 0
DEBUG [IRDeviceParams.cpp:219] @ 0.0014378s :chip heating fixed val: 40
DEBUG [IRDeviceParams.cpp:220] @ 0.001451s :focus:  -1
DEBUG [IRDeviceParams.cpp:221] @ 0.0014638s :enable extended temp range: 0
DEBUG [IRDeviceParams.cpp:222] @ 0.0014768s :buffer queue size: 5
DEBUG [IRDeviceParams.cpp:223] @ 0.0014888s :enable high precision: 0
DEBUG [IRDeviceParams.cpp:224] @ 0.0015023s :radialDistortionCorrectionMode: 0
DEBUG [IRDeviceParams.cpp:225] @ 0.001515s :deviceAPI: 0
DEBUG [IRDeviceParams.cpp:226] @ 0.0015273s :useExternalProbeForReferencing: 0
DEBUG [IRDeviceParams.cpp:227] @ 0.0015388s :enableMultiThreading: 0
DEBUG [IRDeviceParams.cpp:232] @ 0.0015674s :ethernetDevice.deviceIpAddress: 0.0.0.0
DEBUG [IRDeviceParams.cpp:233] @ 0.0016075s :ethernetDevice.localUdpPort: 0
DEBUG [IRDeviceParams.cpp:234] @ 0.0016227s :ethernetDevice.checkUdpSenderIp: 1
DEBUG [Cali.cpp:87] @ 0.300702s :Calibration directory path: C:\Users\u0173846\AppData\Roaming\Imager\Cali
DEBUG [Cali.cpp:88] @ 0.300734s :Calibration file name: Cali-17092037.xml
DEBUG [Cali.cpp:98] @ 0.3011s :Calibration data A: 1450 B:470 C:4095 D:1500
INFO [IRImager.cpp:266] @ 0.301789s :Init thermal imager to 17092037 with size: 766x480@32 Hz
DEBUG [Cali.cpp:87] @ 0.302106s :Calibration directory path: C:\Users\u0173846\AppData\Roaming\Imager\Cali
DEBUG [Cali.cpp:88] @ 0.302135s :Calibration file name: Cali-17092037.xml
DEBUG [Cali.cpp:98] @ 0.302446s :Calibration data A: 1450 B:470 C:4095 D:1500
DEBUG [IRImager.cpp:374] @ 0.30315s :Using HID control interface
DEBUG [IRImager.cpp:414] @ 0.382261s :Initialized HID control interface to device with HW:2101 FW:2820
DEBUG [IRImager.cpp:435] @ 0.382305s :Frameconfig - width(in): 766, height(in): 480, interval: 312500, max framerate: 32, HW interval: 0.03125
DEBUG [Cali.cpp:87] @ 0.382324s :Calibration directory path: C:\Users\u0173846\AppData\Roaming\Imager\Cali
DEBUG [Cali.cpp:88] @ 0.382338s :Calibration file name: Cali-17092037.xml
DEBUG [Cali.cpp:98] @ 0.382707s :Calibration data A: 1450 B:470 C:4095 D:1500
DEBUG [ImageProcessing.cpp:200] @ 0.38689s :Source buffer size: 735360 Width: 766 Height: 480
DEBUG [ImageProcessing.cpp:121] @ 0.423266s :Source buffer size: 735360 Width: 766 Height: 480
DEBUG [OpSource.cpp:347] @ 0.42338s :Using formats path: .\\Formats.def
DEBUG [OpSource.cpp:598] @ 0.423576s :Format found with size: 14
DEBUG [IRImager.cpp:841] @ 0.424249s :Caught onFrameInit with size: 764x480
DEBUG [OpSource.cpp:347] @ 0.426546s :Using formats path: .\\Formats.def
DEBUG [OpSource.cpp:598] @ 0.426741s :Format found with size: 14
DEBUG [OpSource.cpp:347] @ 0.426812s :Using formats path: .\\Formats.def
DEBUG [OpCorr.cpp:467] @ 0.429012s :Read cali: C:\Users\u0173846\AppData\Roaming\Imager\Cali\Cali-17092037-25-500-1800-32.dat
DEBUG [ImageProcessing.cpp:1108] @ 0.463159s :Update flag temperature: 34.625
DEBUG [ImageProcessing.cpp:1111] @ 0.465013s :Update box temperature: 34.625
DEBUG [Cali.cpp:639] @ 0.465042s :Calibration file path: 00000234B945EDF4/0000008E997EC580.xml
DEBUG [SimpleXML.cpp:238] @ 0.465177s :Failed to open file C:\Users\u0173846\AppData\Roaming\Imager\Cali\CaliExt-17092037.xml
DEBUG [IRImager.cpp:547] @ 0.478013s :Chip heating disabled
DEBUG [direct_binding.cpp:300] @ 0.481562s :evo_irimager_multi_usb_init with config: 17092037f.xml
DEBUG [direct_binding.cpp:301] @ 0.481589s :evo_irimager_multi_usb_init connected returned: 1
