DEBUG [IRLogger.cpp:105] @ 0.475106s :***************************************************
DEBUG [IRLogger.cpp:106] @ 0.475168s :* IRImagerDirect SDK                              *
DEBUG [IRLogger.cpp:107] @ 0.475194s :***************************************************
DEBUG [IRLogger.cpp:113] @ 0.475217s :* Native Machine:      AMD64
DEBUG [IRLogger.cpp:114] @ 0.475273s :* Machine:             AMD64
DEBUG [IRLogger.cpp:116] @ 0.475317s :* OS:                  Windows 10 0 19045
DEBUG [IRLogger.cpp:123] @ 0.475339s :***************************************************
DEBUG [IRDeviceParams.cpp:204] @ 0.475912s :Parameters
DEBUG [IRDeviceParams.cpp:205] @ 0.475931s :serial: 20052193
DEBUG [IRDeviceParams.cpp:206] @ 0.475943s :videoformatindex: 0
DEBUG [IRDeviceParams.cpp:207] @ 0.475954s :fov: 33
DEBUG [IRDeviceParams.cpp:208] @ 0.475966s :optics_text: 00000209B7342C80
DEBUG [IRDeviceParams.cpp:209] @ 0.475977s :formatspath: 00000209B7342DD0
DEBUG [IRDeviceParams.cpp:210] @ 0.475989s :calipath: 0000000000000000
DEBUG [IRDeviceParams.cpp:211] @ 0.475999s :temperature min: 0
DEBUG [IRDeviceParams.cpp:212] @ 0.47601s :temperature max: 250
DEBUG [IRDeviceParams.cpp:213] @ 0.476022s :framerate: 32
DEBUG [IRDeviceParams.cpp:214] @ 0.476033s :bispectral: 0
DEBUG [IRDeviceParams.cpp:215] @ 0.476044s :flag automatic: 0
DEBUG [IRDeviceParams.cpp:216] @ 0.476055s :min interval: 15
DEBUG [IRDeviceParams.cpp:217] @ 0.476066s :max interval: 0
DEBUG [IRDeviceParams.cpp:218] @ 0.476077s :chip heating mode: 0
DEBUG [IRDeviceParams.cpp:219] @ 0.476089s :chip heating fixed val: 40
DEBUG [IRDeviceParams.cpp:220] @ 0.4761s :focus:  -1
DEBUG [IRDeviceParams.cpp:221] @ 0.476113s :enable extended temp range: 0
DEBUG [IRDeviceParams.cpp:222] @ 0.476124s :buffer queue size: 5
DEBUG [IRDeviceParams.cpp:223] @ 0.476135s :enable high precision: 0
DEBUG [IRDeviceParams.cpp:224] @ 0.476146s :radialDistortionCorrectionMode: 0
DEBUG [IRDeviceParams.cpp:225] @ 0.476157s :deviceAPI: 0
DEBUG [IRDeviceParams.cpp:226] @ 0.476168s :useExternalProbeForReferencing: 0
DEBUG [IRDeviceParams.cpp:227] @ 0.476179s :enableMultiThreading: 0
DEBUG [IRDeviceParams.cpp:232] @ 0.476191s :ethernetDevice.deviceIpAddress: 0.0.0.0
DEBUG [IRDeviceParams.cpp:233] @ 0.476202s :ethernetDevice.localUdpPort: 0
DEBUG [IRDeviceParams.cpp:234] @ 0.476214s :ethernetDevice.checkUdpSenderIp: 1
DEBUG [IRImager.cpp:1107] @ 0.628775s :Start flag calibration
DEBUG [Cali.cpp:87] @ 0.638754s :Calibration directory path: C:\Users\u0173846\AppData\Roaming\Imager\Cali
DEBUG [Cali.cpp:88] @ 0.638784s :Calibration file name: Cali-20052193.xml
DEBUG [Cali.cpp:98] @ 0.639197s :Calibration data A: 1450 B:1500 C:4095 D:1500
INFO [IRImager.cpp:266] @ 0.64019s :Init thermal imager to 20052193 with size: 642x480@32 Hz
DEBUG [Cali.cpp:87] @ 0.640448s :Calibration directory path: C:\Users\u0173846\AppData\Roaming\Imager\Cali
DEBUG [Cali.cpp:88] @ 0.640464s :Calibration file name: Cali-20052193.xml
DEBUG [Cali.cpp:98] @ 0.640857s :Calibration data A: 1450 B:1500 C:4095 D:1500
DEBUG [IRImager.cpp:374] @ 0.641632s :Using HID control interface
DEBUG [IRImager.cpp:414] @ 0.651733s :Initialized HID control interface to device with HW:601 FW:2633
DEBUG [IRImager.cpp:435] @ 0.651764s :Frameconfig - width(in): 642, height(in): 480, interval: 312500, max framerate: 32, HW interval: 0.03125
DEBUG [Cali.cpp:87] @ 0.651779s :Calibration directory path: C:\Users\u0173846\AppData\Roaming\Imager\Cali
DEBUG [Cali.cpp:88] @ 0.651791s :Calibration file name: Cali-20052193.xml
DEBUG [Cali.cpp:98] @ 0.65222s :Calibration data A: 1450 B:1500 C:4095 D:1500
DEBUG [ImageProcessing.cpp:200] @ 0.679882s :Source buffer size: 616320 Width: 642 Height: 480
DEBUG [ImageProcessing.cpp:121] @ 0.719686s :Source buffer size: 616320 Width: 642 Height: 480
DEBUG [OpSource.cpp:347] @ 0.719789s :Using formats path: .\\Formats.def
DEBUG [OpSource.cpp:598] @ 0.719958s :Format found with size: 25
DEBUG [IRImager.cpp:841] @ 0.720605s :Caught onFrameInit with size: 640x480
DEBUG [OpSource.cpp:347] @ 0.722625s :Using formats path: .\\Formats.def
DEBUG [OpSource.cpp:598] @ 0.722836s :Format found with size: 25
DEBUG [OpSource.cpp:347] @ 0.722902s :Using formats path: .\\Formats.def
DEBUG [OpCorr.cpp:467] @ 0.727296s :Read cali: C:\Users\u0173846\AppData\Roaming\Imager\Cali\Cali-20052193-33-0-250.dat
DEBUG [OpCorr.cpp:557] @ 0.727372s :Read calibration of camera no 20052193, # of fields: 6 , start of fields: 40
DEBUG [ImageProcessing.cpp:1108] @ 0.991527s :Update flag temperature: 29.375
DEBUG [ImageProcessing.cpp:1111] @ 0.995399s :Update box temperature: 27.125
DEBUG [Cali.cpp:639] @ 0.99544s :Calibration file path: 00000209B71B6344/0000004DEDBECA30.xml
DEBUG [SimpleXML.cpp:238] @ 0.995549s :Failed to open file C:\Users\u0173846\AppData\Roaming\Imager\Cali\CaliExt-20052193.xml
DEBUG [IRImager.cpp:547] @ 1.00651s :Chip heating disabled
DEBUG [direct_binding.cpp:300] @ 1.01465s :evo_irimager_multi_usb_init with config: 6060300f.xml
DEBUG [direct_binding.cpp:301] @ 1.01468s :evo_irimager_multi_usb_init connected returned: 1
DEBUG [IRImager.cpp:1107] @ 1.10727s :Start flag calibration
DEBUG [OpFlag.cpp:591] @ 11.6206s :SkimDiff: 0 Adjust: 0 State: 0 EMax: 8719 Emin: 8426
DEBUG [OpFlag.cpp:591] @ 11.9815s :SkimDiff: 0 Adjust: 0 State: 0 EMax: 12751 Emin: 5177
DEBUG [IRImager.cpp:1121] @ 12.0777s :Finished startup calibration
DEBUG [IRImager.cpp:1121] @ 12.304s :Finished startup calibration
