DEBUG [IRLogger.cpp:105] @ 0.0003792s :***************************************************
DEBUG [IRLogger.cpp:106] @ 0.0004516s :* IRImagerDirect SDK                              *
DEBUG [IRLogger.cpp:107] @ 0.0004829s :***************************************************
DEBUG [IRLogger.cpp:113] @ 0.0005104s :* Native Machine:      AMD64
DEBUG [IRLogger.cpp:114] @ 0.0005394s :* Machine:             AMD64
DEBUG [IRLogger.cpp:116] @ 0.000569s :* OS:                  Windows 10 0 19045
DEBUG [IRLogger.cpp:123] @ 0.0005965s :***************************************************
DEBUG [IRDeviceParams.cpp:204] @ 0.0015041s :Parameters
DEBUG [IRDeviceParams.cpp:205] @ 0.00154s :serial: 17092037
DEBUG [IRDeviceParams.cpp:206] @ 0.0015643s :videoformatindex: 2
DEBUG [IRDeviceParams.cpp:207] @ 0.0015885s :fov: 0
DEBUG [IRDeviceParams.cpp:208] @ 0.0016139s :optics_text: 000001F84A0CDD60
DEBUG [IRDeviceParams.cpp:209] @ 0.0016387s :formatspath: 000001F84A0CDB20
DEBUG [IRDeviceParams.cpp:210] @ 0.0016648s :calipath: 0000000000000000
DEBUG [IRDeviceParams.cpp:211] @ 0.0016863s :temperature min: 500
DEBUG [IRDeviceParams.cpp:212] @ 0.0017292s :temperature max: 1800
DEBUG [IRDeviceParams.cpp:213] @ 0.0017504s :framerate: 32
DEBUG [IRDeviceParams.cpp:214] @ 0.0017698s :bispectral: 0
DEBUG [IRDeviceParams.cpp:215] @ 0.0017853s :flag automatic: 0
DEBUG [IRDeviceParams.cpp:216] @ 0.0018016s :min interval: 15
DEBUG [IRDeviceParams.cpp:217] @ 0.0018164s :max interval: 0
DEBUG [IRDeviceParams.cpp:218] @ 0.0018295s :chip heating mode: 0
DEBUG [IRDeviceParams.cpp:219] @ 0.0018461s :chip heating fixed val: 40
DEBUG [IRDeviceParams.cpp:220] @ 0.0018658s :focus:  -1
DEBUG [IRDeviceParams.cpp:221] @ 0.0018871s :enable extended temp range: 0
DEBUG [IRDeviceParams.cpp:222] @ 0.0019092s :buffer queue size: 5
DEBUG [IRDeviceParams.cpp:223] @ 0.0019292s :enable high precision: 0
DEBUG [IRDeviceParams.cpp:224] @ 0.0019412s :radialDistortionCorrectionMode: 0
DEBUG [IRDeviceParams.cpp:225] @ 0.0019537s :deviceAPI: 0
DEBUG [IRDeviceParams.cpp:226] @ 0.0019665s :useExternalProbeForReferencing: 0
DEBUG [IRDeviceParams.cpp:227] @ 0.0019842s :enableMultiThreading: 0
DEBUG [IRDeviceParams.cpp:232] @ 0.0020168s :ethernetDevice.deviceIpAddress: 0.0.0.0
DEBUG [IRDeviceParams.cpp:233] @ 0.002034s :ethernetDevice.localUdpPort: 0
DEBUG [IRDeviceParams.cpp:234] @ 0.0020468s :ethernetDevice.checkUdpSenderIp: 1
DEBUG [Cali.cpp:87] @ 0.296035s :Calibration directory path: C:\Users\u0173846\AppData\Roaming\Imager\Cali
DEBUG [Cali.cpp:88] @ 0.296065s :Calibration file name: Cali-17092037.xml
DEBUG [Cali.cpp:98] @ 0.296371s :Calibration data A: 1450 B:470 C:4095 D:1500
INFO [IRImager.cpp:266] @ 0.296938s :Init thermal imager to 17092037 with size: 766x480@32 Hz
DEBUG [Cali.cpp:87] @ 0.297233s :Calibration directory path: C:\Users\u0173846\AppData\Roaming\Imager\Cali
DEBUG [Cali.cpp:88] @ 0.297251s :Calibration file name: Cali-17092037.xml
DEBUG [Cali.cpp:98] @ 0.297522s :Calibration data A: 1450 B:470 C:4095 D:1500
DEBUG [IRImager.cpp:374] @ 0.298135s :Using HID control interface
DEBUG [IRImager.cpp:414] @ 0.378466s :Initialized HID control interface to device with HW:2101 FW:2820
DEBUG [IRImager.cpp:435] @ 0.378504s :Frameconfig - width(in): 766, height(in): 480, interval: 312500, max framerate: 32, HW interval: 0.03125
DEBUG [Cali.cpp:87] @ 0.378521s :Calibration directory path: C:\Users\u0173846\AppData\Roaming\Imager\Cali
DEBUG [Cali.cpp:88] @ 0.378534s :Calibration file name: Cali-17092037.xml
DEBUG [Cali.cpp:98] @ 0.378874s :Calibration data A: 1450 B:470 C:4095 D:1500
DEBUG [ImageProcessing.cpp:200] @ 0.383079s :Source buffer size: 735360 Width: 766 Height: 480
DEBUG [ImageProcessing.cpp:121] @ 0.418848s :Source buffer size: 735360 Width: 766 Height: 480
DEBUG [OpSource.cpp:347] @ 0.418951s :Using formats path: .\\Formats.def
DEBUG [OpSource.cpp:598] @ 0.419133s :Format found with size: 14
DEBUG [IRImager.cpp:841] @ 0.419943s :Caught onFrameInit with size: 764x480
DEBUG [OpSource.cpp:347] @ 0.422429s :Using formats path: .\\Formats.def
DEBUG [OpSource.cpp:598] @ 0.422609s :Format found with size: 14
DEBUG [OpSource.cpp:347] @ 0.422665s :Using formats path: .\\Formats.def
DEBUG [OpCorr.cpp:467] @ 0.424873s :Read cali: C:\Users\u0173846\AppData\Roaming\Imager\Cali\Cali-17092037-25-500-1800-32.dat
DEBUG [ImageProcessing.cpp:1108] @ 0.458864s :Update flag temperature: -235.438
DEBUG [ImageProcessing.cpp:1111] @ 0.461018s :Update box temperature: -235.438
DEBUG [Cali.cpp:639] @ 0.46107s :Calibration file path: 000001F84A16FC44/00000020CC9ECC80.xml
DEBUG [SimpleXML.cpp:238] @ 0.46118s :Failed to open file C:\Users\u0173846\AppData\Roaming\Imager\Cali\CaliExt-17092037.xml
DEBUG [IRImager.cpp:547] @ 0.473512s :Chip heating disabled
DEBUG [direct_binding.cpp:300] @ 0.47731s :evo_irimager_multi_usb_init with config: 17092037f.xml
DEBUG [direct_binding.cpp:301] @ 0.477349s :evo_irimager_multi_usb_init connected returned: 1
DEBUG [IRLogger.cpp:105] @ 0.478499s :***************************************************
DEBUG [IRLogger.cpp:106] @ 0.478539s :* IRImagerDirect SDK                              *
DEBUG [IRLogger.cpp:107] @ 0.478555s :***************************************************
DEBUG [IRLogger.cpp:113] @ 0.478571s :* Native Machine:      AMD64
DEBUG [IRLogger.cpp:114] @ 0.478653s :* Machine:             AMD64
DEBUG [IRLogger.cpp:116] @ 0.478682s :* OS:                  Windows 10 0 19045
DEBUG [IRLogger.cpp:123] @ 0.478696s :***************************************************
DEBUG [IRDeviceParams.cpp:204] @ 0.479135s :Parameters
DEBUG [IRDeviceParams.cpp:205] @ 0.479153s :serial: 20052193
DEBUG [IRDeviceParams.cpp:206] @ 0.479164s :videoformatindex: 0
DEBUG [IRDeviceParams.cpp:207] @ 0.479176s :fov: 33
DEBUG [IRDeviceParams.cpp:208] @ 0.479188s :optics_text: 000001F84B6C9820
DEBUG [IRDeviceParams.cpp:209] @ 0.479201s :formatspath: 000001F84B6C99B0
DEBUG [IRDeviceParams.cpp:210] @ 0.479212s :calipath: 0000000000000000
DEBUG [IRDeviceParams.cpp:211] @ 0.479223s :temperature min: 0
DEBUG [IRDeviceParams.cpp:212] @ 0.479234s :temperature max: 250
DEBUG [IRDeviceParams.cpp:213] @ 0.479247s :framerate: 32
DEBUG [IRDeviceParams.cpp:214] @ 0.479258s :bispectral: 0
DEBUG [IRDeviceParams.cpp:215] @ 0.479269s :flag automatic: 0
DEBUG [IRDeviceParams.cpp:216] @ 0.479281s :min interval: 15
DEBUG [IRDeviceParams.cpp:217] @ 0.479292s :max interval: 0
DEBUG [IRDeviceParams.cpp:218] @ 0.479303s :chip heating mode: 0
DEBUG [IRDeviceParams.cpp:219] @ 0.479315s :chip heating fixed val: 40
DEBUG [IRDeviceParams.cpp:220] @ 0.479327s :focus:  -1
DEBUG [IRDeviceParams.cpp:221] @ 0.479339s :enable extended temp range: 0
DEBUG [IRDeviceParams.cpp:222] @ 0.479351s :buffer queue size: 5
DEBUG [IRDeviceParams.cpp:223] @ 0.479362s :enable high precision: 0
DEBUG [IRDeviceParams.cpp:224] @ 0.479373s :radialDistortionCorrectionMode: 0
DEBUG [IRDeviceParams.cpp:225] @ 0.479384s :deviceAPI: 0
DEBUG [IRDeviceParams.cpp:226] @ 0.479395s :useExternalProbeForReferencing: 0
DEBUG [IRDeviceParams.cpp:227] @ 0.479406s :enableMultiThreading: 0
DEBUG [IRDeviceParams.cpp:232] @ 0.479418s :ethernetDevice.deviceIpAddress: 0.0.0.0
DEBUG [IRDeviceParams.cpp:233] @ 0.47943s :ethernetDevice.localUdpPort: 0
DEBUG [IRDeviceParams.cpp:234] @ 0.479456s :ethernetDevice.checkUdpSenderIp: 1
DEBUG [IRImager.cpp:1107] @ 0.633234s :Start flag calibration
DEBUG [Cali.cpp:87] @ 0.64339s :Calibration directory path: C:\Users\u0173846\AppData\Roaming\Imager\Cali
DEBUG [Cali.cpp:88] @ 0.643421s :Calibration file name: Cali-20052193.xml
DEBUG [Cali.cpp:98] @ 0.643832s :Calibration data A: 1450 B:1500 C:4095 D:1500
INFO [IRImager.cpp:266] @ 0.64483s :Init thermal imager to 20052193 with size: 642x480@32 Hz
DEBUG [Cali.cpp:87] @ 0.645109s :Calibration directory path: C:\Users\u0173846\AppData\Roaming\Imager\Cali
DEBUG [Cali.cpp:88] @ 0.645126s :Calibration file name: Cali-20052193.xml
DEBUG [Cali.cpp:98] @ 0.645503s :Calibration data A: 1450 B:1500 C:4095 D:1500
DEBUG [IRImager.cpp:374] @ 0.646275s :Using HID control interface
DEBUG [IRImager.cpp:414] @ 0.667857s :Initialized HID control interface to device with HW:601 FW:2633
DEBUG [IRImager.cpp:435] @ 0.667945s :Frameconfig - width(in): 642, height(in): 480, interval: 312500, max framerate: 32, HW interval: 0.03125
DEBUG [Cali.cpp:87] @ 0.667966s :Calibration directory path: C:\Users\u0173846\AppData\Roaming\Imager\Cali
DEBUG [Cali.cpp:88] @ 0.667979s :Calibration file name: Cali-20052193.xml
DEBUG [Cali.cpp:98] @ 0.668445s :Calibration data A: 1450 B:1500 C:4095 D:1500
DEBUG [ImageProcessing.cpp:200] @ 0.696041s :Source buffer size: 616320 Width: 642 Height: 480
DEBUG [ImageProcessing.cpp:121] @ 0.735962s :Source buffer size: 616320 Width: 642 Height: 480
DEBUG [OpSource.cpp:347] @ 0.736063s :Using formats path: .\\Formats.def
DEBUG [OpSource.cpp:598] @ 0.736216s :Format found with size: 25
DEBUG [IRImager.cpp:841] @ 0.736876s :Caught onFrameInit with size: 640x480
DEBUG [OpSource.cpp:347] @ 0.738772s :Using formats path: .\\Formats.def
DEBUG [OpSource.cpp:598] @ 0.738925s :Format found with size: 25
DEBUG [OpSource.cpp:347] @ 0.73898s :Using formats path: .\\Formats.def
DEBUG [OpCorr.cpp:467] @ 0.743235s :Read cali: C:\Users\u0173846\AppData\Roaming\Imager\Cali\Cali-20052193-33-0-250.dat
DEBUG [OpCorr.cpp:557] @ 0.743321s :Read calibration of camera no 20052193, # of fields: 6 , start of fields: 40
DEBUG [ImageProcessing.cpp:1108] @ 1.00706s :Update flag temperature: 31.125
DEBUG [ImageProcessing.cpp:1111] @ 1.01086s :Update box temperature: 28.75
DEBUG [Cali.cpp:639] @ 1.0109s :Calibration file path: 000001F84B5D96D4/00000020CC9ECC80.xml
DEBUG [SimpleXML.cpp:238] @ 1.01101s :Failed to open file C:\Users\u0173846\AppData\Roaming\Imager\Cali\CaliExt-20052193.xml
DEBUG [IRImager.cpp:547] @ 1.02211s :Chip heating disabled
DEBUG [direct_binding.cpp:300] @ 1.03012s :evo_irimager_multi_usb_init with config: 6060300f.xml
DEBUG [direct_binding.cpp:301] @ 1.03017s :evo_irimager_multi_usb_init connected returned: 1
DEBUG [IRImager.cpp:1107] @ 1.12275s :Start flag calibration
