DEBUG [IRLogger.cpp:105] @ 0.0003328s :***************************************************
DEBUG [IRLogger.cpp:106] @ 0.0004059s :* IRImagerDirect SDK                              *
DEBUG [IRLogger.cpp:107] @ 0.0004333s :***************************************************
DEBUG [IRLogger.cpp:113] @ 0.0004584s :* Native Machine:      AMD64
DEBUG [IRLogger.cpp:114] @ 0.0004799s :* Machine:             AMD64
DEBUG [IRLogger.cpp:116] @ 0.0005035s :* OS:                  Windows 10 0 19045
DEBUG [IRLogger.cpp:123] @ 0.0005236s :***************************************************
DEBUG [IRDeviceParams.cpp:204] @ 0.0011703s :Parameters
DEBUG [IRDeviceParams.cpp:205] @ 0.0011898s :serial: 17092037
DEBUG [IRDeviceParams.cpp:206] @ 0.001202s :videoformatindex: 2
DEBUG [IRDeviceParams.cpp:207] @ 0.0012135s :fov: 0
DEBUG [IRDeviceParams.cpp:208] @ 0.0012266s :optics_text: 000002206ECC8D90
DEBUG [IRDeviceParams.cpp:209] @ 0.0012381s :formatspath: 000002206ECC8CE0
DEBUG [IRDeviceParams.cpp:210] @ 0.0012497s :calipath: 0000000000000000
DEBUG [IRDeviceParams.cpp:211] @ 0.001277s :temperature min: 500
DEBUG [IRDeviceParams.cpp:212] @ 0.0013081s :temperature max: 1800
DEBUG [IRDeviceParams.cpp:213] @ 0.0013257s :framerate: 32
DEBUG [IRDeviceParams.cpp:214] @ 0.0013383s :bispectral: 0
DEBUG [IRDeviceParams.cpp:215] @ 0.0013503s :flag automatic: 0
DEBUG [IRDeviceParams.cpp:216] @ 0.001363s :min interval: 15
DEBUG [IRDeviceParams.cpp:217] @ 0.0013751s :max interval: 0
DEBUG [IRDeviceParams.cpp:218] @ 0.0013873s :chip heating mode: 0
DEBUG [IRDeviceParams.cpp:219] @ 0.0013997s :chip heating fixed val: 40
DEBUG [IRDeviceParams.cpp:220] @ 0.0014126s :focus:  -1
DEBUG [IRDeviceParams.cpp:221] @ 0.0014249s :enable extended temp range: 0
DEBUG [IRDeviceParams.cpp:222] @ 0.001437s :buffer queue size: 5
DEBUG [IRDeviceParams.cpp:223] @ 0.0014496s :enable high precision: 0
DEBUG [IRDeviceParams.cpp:224] @ 0.0014616s :radialDistortionCorrectionMode: 0
DEBUG [IRDeviceParams.cpp:225] @ 0.0014735s :deviceAPI: 0
DEBUG [IRDeviceParams.cpp:226] @ 0.0014864s :useExternalProbeForReferencing: 0
DEBUG [IRDeviceParams.cpp:227] @ 0.0015012s :enableMultiThreading: 0
DEBUG [IRDeviceParams.cpp:232] @ 0.0015443s :ethernetDevice.deviceIpAddress: 0.0.0.0
DEBUG [IRDeviceParams.cpp:233] @ 0.0015588s :ethernetDevice.localUdpPort: 0
DEBUG [IRDeviceParams.cpp:234] @ 0.0015718s :ethernetDevice.checkUdpSenderIp: 1
DEBUG [Cali.cpp:87] @ 0.290841s :Calibration directory path: C:\Users\u0173846\AppData\Roaming\Imager\Cali
DEBUG [Cali.cpp:88] @ 0.29087s :Calibration file name: Cali-17092037.xml
DEBUG [Cali.cpp:98] @ 0.291172s :Calibration data A: 1450 B:470 C:4095 D:1500
INFO [IRImager.cpp:266] @ 0.291737s :Init thermal imager to 17092037 with size: 766x480@32 Hz
DEBUG [Cali.cpp:87] @ 0.291997s :Calibration directory path: C:\Users\u0173846\AppData\Roaming\Imager\Cali
DEBUG [Cali.cpp:88] @ 0.292014s :Calibration file name: Cali-17092037.xml
DEBUG [Cali.cpp:98] @ 0.292319s :Calibration data A: 1450 B:470 C:4095 D:1500
DEBUG [IRImager.cpp:374] @ 0.292925s :Using HID control interface
DEBUG [IRImager.cpp:414] @ 0.374561s :Initialized HID control interface to device with HW:2101 FW:2820
DEBUG [IRImager.cpp:435] @ 0.374598s :Frameconfig - width(in): 766, height(in): 480, interval: 312500, max framerate: 32, HW interval: 0.03125
DEBUG [Cali.cpp:87] @ 0.374617s :Calibration directory path: C:\Users\u0173846\AppData\Roaming\Imager\Cali
DEBUG [Cali.cpp:88] @ 0.37463s :Calibration file name: Cali-17092037.xml
DEBUG [Cali.cpp:98] @ 0.374943s :Calibration data A: 1450 B:470 C:4095 D:1500
DEBUG [ImageProcessing.cpp:200] @ 0.379372s :Source buffer size: 735360 Width: 766 Height: 480
DEBUG [ImageProcessing.cpp:121] @ 0.416522s :Source buffer size: 735360 Width: 766 Height: 480
DEBUG [OpSource.cpp:347] @ 0.416634s :Using formats path: .\\Formats.def
DEBUG [OpSource.cpp:598] @ 0.416837s :Format found with size: 14
DEBUG [IRImager.cpp:841] @ 0.41758s :Caught onFrameInit with size: 764x480
DEBUG [OpSource.cpp:347] @ 0.419708s :Using formats path: .\\Formats.def
DEBUG [OpSource.cpp:598] @ 0.41992s :Format found with size: 14
DEBUG [OpSource.cpp:347] @ 0.419984s :Using formats path: .\\Formats.def
DEBUG [OpCorr.cpp:467] @ 0.422255s :Read cali: C:\Users\u0173846\AppData\Roaming\Imager\Cali\Cali-17092037-25-500-1800-32.dat
DEBUG [ImageProcessing.cpp:1108] @ 0.455148s :Update flag temperature: -235.438
DEBUG [ImageProcessing.cpp:1111] @ 0.456957s :Update box temperature: -235.438
DEBUG [Cali.cpp:639] @ 0.456986s :Calibration file path: 000002207010D074/000000A363BEC6C0.xml
DEBUG [SimpleXML.cpp:238] @ 0.457075s :Failed to open file C:\Users\u0173846\AppData\Roaming\Imager\Cali\CaliExt-17092037.xml
DEBUG [IRImager.cpp:547] @ 0.470309s :Chip heating disabled
DEBUG [direct_binding.cpp:300] @ 0.473631s :evo_irimager_multi_usb_init with config: 17092037f.xml
DEBUG [direct_binding.cpp:301] @ 0.473663s :evo_irimager_multi_usb_init connected returned: 1
