DEBUG [IRLogger.cpp:105] @ 0.475824s :***************************************************
DEBUG [IRLogger.cpp:106] @ 0.475903s :* IRImagerDirect SDK                              *
DEBUG [IRLogger.cpp:107] @ 0.475942s :***************************************************
DEBUG [IRLogger.cpp:113] @ 0.475974s :* Native Machine:      AMD64
DEBUG [IRLogger.cpp:114] @ 0.476005s :* Machine:             AMD64
DEBUG [IRLogger.cpp:116] @ 0.476042s :* OS:                  Windows 10 0 19045
DEBUG [IRLogger.cpp:123] @ 0.476072s :***************************************************
DEBUG [IRDeviceParams.cpp:204] @ 0.476736s :Parameters
DEBUG [IRDeviceParams.cpp:205] @ 0.476758s :serial: 20052193
DEBUG [IRDeviceParams.cpp:206] @ 0.47677s :videoformatindex: 0
DEBUG [IRDeviceParams.cpp:207] @ 0.476782s :fov: 33
DEBUG [IRDeviceParams.cpp:208] @ 0.476793s :optics_text: 000001680C5BE530
DEBUG [IRDeviceParams.cpp:209] @ 0.476806s :formatspath: 000001680C5BE2B0
DEBUG [IRDeviceParams.cpp:210] @ 0.476817s :calipath: 0000000000000000
DEBUG [IRDeviceParams.cpp:211] @ 0.476829s :temperature min: 0
DEBUG [IRDeviceParams.cpp:212] @ 0.47684s :temperature max: 250
DEBUG [IRDeviceParams.cpp:213] @ 0.476854s :framerate: 32
DEBUG [IRDeviceParams.cpp:214] @ 0.476865s :bispectral: 0
DEBUG [IRDeviceParams.cpp:215] @ 0.476877s :flag automatic: 0
DEBUG [IRDeviceParams.cpp:216] @ 0.476889s :min interval: 15
DEBUG [IRDeviceParams.cpp:217] @ 0.476901s :max interval: 0
DEBUG [IRDeviceParams.cpp:218] @ 0.476912s :chip heating mode: 0
DEBUG [IRDeviceParams.cpp:219] @ 0.476925s :chip heating fixed val: 40
DEBUG [IRDeviceParams.cpp:220] @ 0.476937s :focus:  -1
DEBUG [IRDeviceParams.cpp:221] @ 0.476949s :enable extended temp range: 0
DEBUG [IRDeviceParams.cpp:222] @ 0.476964s :buffer queue size: 5
DEBUG [IRDeviceParams.cpp:223] @ 0.476976s :enable high precision: 0
DEBUG [IRDeviceParams.cpp:224] @ 0.476988s :radialDistortionCorrectionMode: 0
DEBUG [IRDeviceParams.cpp:225] @ 0.476999s :deviceAPI: 0
DEBUG [IRDeviceParams.cpp:226] @ 0.477011s :useExternalProbeForReferencing: 0
DEBUG [IRDeviceParams.cpp:227] @ 0.477022s :enableMultiThreading: 0
DEBUG [IRDeviceParams.cpp:232] @ 0.477034s :ethernetDevice.deviceIpAddress: 0.0.0.0
DEBUG [IRDeviceParams.cpp:233] @ 0.477045s :ethernetDevice.localUdpPort: 0
DEBUG [IRDeviceParams.cpp:234] @ 0.477056s :ethernetDevice.checkUdpSenderIp: 1
DEBUG [IRImager.cpp:1107] @ 0.62988s :Start flag calibration
DEBUG [Cali.cpp:87] @ 0.655541s :Calibration directory path: C:\Users\u0173846\AppData\Roaming\Imager\Cali
DEBUG [Cali.cpp:88] @ 0.655572s :Calibration file name: Cali-20052193.xml
DEBUG [Cali.cpp:98] @ 0.655997s :Calibration data A: 1450 B:1500 C:4095 D:1500
INFO [IRImager.cpp:266] @ 0.657003s :Init thermal imager to 20052193 with size: 642x480@32 Hz
DEBUG [Cali.cpp:87] @ 0.657262s :Calibration directory path: C:\Users\u0173846\AppData\Roaming\Imager\Cali
DEBUG [Cali.cpp:88] @ 0.657278s :Calibration file name: Cali-20052193.xml
DEBUG [Cali.cpp:98] @ 0.657653s :Calibration data A: 1450 B:1500 C:4095 D:1500
DEBUG [IRImager.cpp:374] @ 0.658431s :Using HID control interface
DEBUG [IRImager.cpp:414] @ 0.668863s :Initialized HID control interface to device with HW:601 FW:2633
DEBUG [IRImager.cpp:435] @ 0.668905s :Frameconfig - width(in): 642, height(in): 480, interval: 312500, max framerate: 32, HW interval: 0.03125
DEBUG [Cali.cpp:87] @ 0.668921s :Calibration directory path: C:\Users\u0173846\AppData\Roaming\Imager\Cali
DEBUG [Cali.cpp:88] @ 0.668934s :Calibration file name: Cali-20052193.xml
DEBUG [Cali.cpp:98] @ 0.66939s :Calibration data A: 1450 B:1500 C:4095 D:1500
DEBUG [ImageProcessing.cpp:200] @ 0.697079s :Source buffer size: 616320 Width: 642 Height: 480
DEBUG [ImageProcessing.cpp:121] @ 0.736249s :Source buffer size: 616320 Width: 642 Height: 480
DEBUG [OpSource.cpp:347] @ 0.736343s :Using formats path: .\\Formats.def
DEBUG [OpSource.cpp:598] @ 0.736497s :Format found with size: 25
DEBUG [IRImager.cpp:841] @ 0.737163s :Caught onFrameInit with size: 640x480
DEBUG [OpSource.cpp:347] @ 0.738955s :Using formats path: .\\Formats.def
DEBUG [OpSource.cpp:598] @ 0.739116s :Format found with size: 25
DEBUG [OpSource.cpp:347] @ 0.739173s :Using formats path: .\\Formats.def
DEBUG [OpCorr.cpp:467] @ 0.743243s :Read cali: C:\Users\u0173846\AppData\Roaming\Imager\Cali\Cali-20052193-33-0-250.dat
DEBUG [OpCorr.cpp:557] @ 0.74331s :Read calibration of camera no 20052193, # of fields: 6 , start of fields: 40
DEBUG [ImageProcessing.cpp:1108] @ 1.00667s :Update flag temperature: 32.875
DEBUG [ImageProcessing.cpp:1111] @ 1.0105s :Update box temperature: 30.75
DEBUG [Cali.cpp:639] @ 1.01053s :Calibration file path: 000001680CB4E614/00000012D83EC9B0.xml
DEBUG [SimpleXML.cpp:238] @ 1.01063s :Failed to open file C:\Users\u0173846\AppData\Roaming\Imager\Cali\CaliExt-20052193.xml
DEBUG [IRImager.cpp:547] @ 1.02212s :Chip heating disabled
DEBUG [direct_binding.cpp:300] @ 1.03036s :evo_irimager_multi_usb_init with config: 6060300f.xml
DEBUG [direct_binding.cpp:301] @ 1.0304s :evo_irimager_multi_usb_init connected returned: 1
DEBUG [IRImager.cpp:1107] @ 1.12664s :Start flag calibration
DEBUG [OpFlag.cpp:591] @ 11.6215s :SkimDiff: 0 Adjust: 0 State: 0 EMax: 8623 Emin: 8341
DEBUG [OpFlag.cpp:591] @ 12.0291s :SkimDiff: 0 Adjust: 0 State: 0 EMax: 12779 Emin: 4856
DEBUG [IRImager.cpp:1121] @ 12.0464s :Finished startup calibration
DEBUG [IRImager.cpp:1121] @ 12.3359s :Finished startup calibration
