DEBUG [IRLogger.cpp:105] @ 0.0003428s :***************************************************
DEBUG [IRLogger.cpp:106] @ 0.0004108s :* IRImagerDirect SDK                              *
DEBUG [IRLogger.cpp:107] @ 0.0004392s :***************************************************
DEBUG [IRLogger.cpp:113] @ 0.0004675s :* Native Machine:      AMD64
DEBUG [IRLogger.cpp:114] @ 0.0004944s :* Machine:             AMD64
DEBUG [IRLogger.cpp:116] @ 0.0005237s :* OS:                  Windows 10 0 19045
DEBUG [IRLogger.cpp:123] @ 0.0005437s :***************************************************
DEBUG [IRDeviceParams.cpp:204] @ 0.001171s :Parameters
DEBUG [IRDeviceParams.cpp:205] @ 0.0011918s :serial: 17092037
DEBUG [IRDeviceParams.cpp:206] @ 0.0012042s :videoformatindex: 2
DEBUG [IRDeviceParams.cpp:207] @ 0.0012156s :fov: 0
DEBUG [IRDeviceParams.cpp:208] @ 0.0012273s :optics_text: 000001AC56196220
DEBUG [IRDeviceParams.cpp:209] @ 0.0012391s :formatspath: 000001AC56196390
DEBUG [IRDeviceParams.cpp:210] @ 0.0012503s :calipath: 0000000000000000
DEBUG [IRDeviceParams.cpp:211] @ 0.0012614s :temperature min: 500
DEBUG [IRDeviceParams.cpp:212] @ 0.00136s :temperature max: 1800
DEBUG [IRDeviceParams.cpp:213] @ 0.0013856s :framerate: 32
DEBUG [IRDeviceParams.cpp:214] @ 0.0014004s :bispectral: 0
DEBUG [IRDeviceParams.cpp:215] @ 0.0014123s :flag automatic: 0
DEBUG [IRDeviceParams.cpp:216] @ 0.0014254s :min interval: 15
DEBUG [IRDeviceParams.cpp:217] @ 0.0014374s :max interval: 0
DEBUG [IRDeviceParams.cpp:218] @ 0.0014498s :chip heating mode: 0
DEBUG [IRDeviceParams.cpp:219] @ 0.0014631s :chip heating fixed val: 40
DEBUG [IRDeviceParams.cpp:220] @ 0.0014751s :focus:  -1
DEBUG [IRDeviceParams.cpp:221] @ 0.0014881s :enable extended temp range: 0
DEBUG [IRDeviceParams.cpp:222] @ 0.0015041s :buffer queue size: 5
DEBUG [IRDeviceParams.cpp:223] @ 0.0015818s :enable high precision: 0
DEBUG [IRDeviceParams.cpp:224] @ 0.0015999s :radialDistortionCorrectionMode: 0
DEBUG [IRDeviceParams.cpp:225] @ 0.0016135s :deviceAPI: 0
DEBUG [IRDeviceParams.cpp:226] @ 0.0016266s :useExternalProbeForReferencing: 0
DEBUG [IRDeviceParams.cpp:227] @ 0.0016401s :enableMultiThreading: 0
DEBUG [IRDeviceParams.cpp:232] @ 0.0016545s :ethernetDevice.deviceIpAddress: 0.0.0.0
DEBUG [IRDeviceParams.cpp:233] @ 0.0016681s :ethernetDevice.localUdpPort: 0
DEBUG [IRDeviceParams.cpp:234] @ 0.0016818s :ethernetDevice.checkUdpSenderIp: 1
DEBUG [Cali.cpp:87] @ 0.314894s :Calibration directory path: C:\Users\u0173846\AppData\Roaming\Imager\Cali
DEBUG [Cali.cpp:88] @ 0.314924s :Calibration file name: Cali-17092037.xml
DEBUG [Cali.cpp:98] @ 0.31525s :Calibration data A: 1450 B:470 C:4095 D:1500
INFO [IRImager.cpp:266] @ 0.315849s :Init thermal imager to 17092037 with size: 766x480@32 Hz
DEBUG [Cali.cpp:87] @ 0.316112s :Calibration directory path: C:\Users\u0173846\AppData\Roaming\Imager\Cali
DEBUG [Cali.cpp:88] @ 0.316129s :Calibration file name: Cali-17092037.xml
DEBUG [Cali.cpp:98] @ 0.316395s :Calibration data A: 1450 B:470 C:4095 D:1500
DEBUG [IRImager.cpp:374] @ 0.317008s :Using HID control interface
DEBUG [IRImager.cpp:414] @ 0.38518s :Initialized HID control interface to device with HW:2101 FW:2820
DEBUG [IRImager.cpp:435] @ 0.385216s :Frameconfig - width(in): 766, height(in): 480, interval: 312500, max framerate: 32, HW interval: 0.03125
DEBUG [Cali.cpp:87] @ 0.385234s :Calibration directory path: C:\Users\u0173846\AppData\Roaming\Imager\Cali
DEBUG [Cali.cpp:88] @ 0.385246s :Calibration file name: Cali-17092037.xml
DEBUG [Cali.cpp:98] @ 0.385555s :Calibration data A: 1450 B:470 C:4095 D:1500
DEBUG [ImageProcessing.cpp:200] @ 0.39023s :Source buffer size: 735360 Width: 766 Height: 480
DEBUG [ImageProcessing.cpp:121] @ 0.426528s :Source buffer size: 735360 Width: 766 Height: 480
DEBUG [OpSource.cpp:347] @ 0.426639s :Using formats path: .\\Formats.def
DEBUG [OpSource.cpp:598] @ 0.426823s :Format found with size: 14
DEBUG [IRImager.cpp:841] @ 0.427581s :Caught onFrameInit with size: 764x480
DEBUG [OpSource.cpp:347] @ 0.429803s :Using formats path: .\\Formats.def
DEBUG [OpSource.cpp:598] @ 0.430003s :Format found with size: 14
DEBUG [OpSource.cpp:347] @ 0.430065s :Using formats path: .\\Formats.def
DEBUG [OpCorr.cpp:467] @ 0.432368s :Read cali: C:\Users\u0173846\AppData\Roaming\Imager\Cali\Cali-17092037-25-500-1800-32.dat
DEBUG [ImageProcessing.cpp:1108] @ 0.466152s :Update flag temperature: -10.4375
DEBUG [ImageProcessing.cpp:1111] @ 0.468278s :Update box temperature: -10.4375
DEBUG [Cali.cpp:639] @ 0.468321s :Calibration file path: 000001AC575BE2B4/00000002423ECC30.xml
DEBUG [SimpleXML.cpp:238] @ 0.46843s :Failed to open file C:\Users\u0173846\AppData\Roaming\Imager\Cali\CaliExt-17092037.xml
DEBUG [IRImager.cpp:547] @ 0.481516s :Chip heating disabled
DEBUG [direct_binding.cpp:300] @ 0.485175s :evo_irimager_multi_usb_init with config: 17092037f.xml
DEBUG [direct_binding.cpp:301] @ 0.485216s :evo_irimager_multi_usb_init connected returned: 1
