DEBUG [IRLogger.cpp:105] @ 0.0002953s :***************************************************
DEBUG [IRLogger.cpp:106] @ 0.0004134s :* IRImagerDirect SDK                              *
DEBUG [IRLogger.cpp:107] @ 0.0004817s :***************************************************
DEBUG [IRLogger.cpp:113] @ 0.0005135s :* Native Machine:      AMD64
DEBUG [IRLogger.cpp:114] @ 0.0005382s :* Machine:             AMD64
DEBUG [IRLogger.cpp:116] @ 0.0005649s :* OS:                  Windows 10 0 19045
DEBUG [IRLogger.cpp:123] @ 0.0005864s :***************************************************
DEBUG [IRDeviceParams.cpp:204] @ 0.0012045s :Parameters
DEBUG [IRDeviceParams.cpp:205] @ 0.0012246s :serial: 17092037
DEBUG [IRDeviceParams.cpp:206] @ 0.001237s :videoformatindex: 2
DEBUG [IRDeviceParams.cpp:207] @ 0.0012485s :fov: 0
DEBUG [IRDeviceParams.cpp:208] @ 0.0012604s :optics_text: 000002BA5E0D5BF0
DEBUG [IRDeviceParams.cpp:209] @ 0.0012723s :formatspath: 000002BA5E0D58C0
DEBUG [IRDeviceParams.cpp:210] @ 0.0012838s :calipath: 0000000000000000
DEBUG [IRDeviceParams.cpp:211] @ 0.0012951s :temperature min: 500
DEBUG [IRDeviceParams.cpp:212] @ 0.0013064s :temperature max: 1800
DEBUG [IRDeviceParams.cpp:213] @ 0.0013204s :framerate: 32
DEBUG [IRDeviceParams.cpp:214] @ 0.0013323s :bispectral: 0
DEBUG [IRDeviceParams.cpp:215] @ 0.0013434s :flag automatic: 0
DEBUG [IRDeviceParams.cpp:216] @ 0.0013553s :min interval: 15
DEBUG [IRDeviceParams.cpp:217] @ 0.0013666s :max interval: 0
DEBUG [IRDeviceParams.cpp:218] @ 0.001389s :chip heating mode: 0
DEBUG [IRDeviceParams.cpp:219] @ 0.0014862s :chip heating fixed val: 40
DEBUG [IRDeviceParams.cpp:220] @ 0.0015026s :focus:  -1
DEBUG [IRDeviceParams.cpp:221] @ 0.0015165s :enable extended temp range: 0
DEBUG [IRDeviceParams.cpp:222] @ 0.001529s :buffer queue size: 5
DEBUG [IRDeviceParams.cpp:223] @ 0.0015432s :enable high precision: 0
DEBUG [IRDeviceParams.cpp:224] @ 0.0015556s :radialDistortionCorrectionMode: 0
DEBUG [IRDeviceParams.cpp:225] @ 0.0015672s :deviceAPI: 0
DEBUG [IRDeviceParams.cpp:226] @ 0.0015798s :useExternalProbeForReferencing: 0
DEBUG [IRDeviceParams.cpp:227] @ 0.0015923s :enableMultiThreading: 0
DEBUG [IRDeviceParams.cpp:232] @ 0.0016043s :ethernetDevice.deviceIpAddress: 0.0.0.0
DEBUG [IRDeviceParams.cpp:233] @ 0.0016161s :ethernetDevice.localUdpPort: 0
DEBUG [IRDeviceParams.cpp:234] @ 0.0016455s :ethernetDevice.checkUdpSenderIp: 1
DEBUG [Cali.cpp:87] @ 0.288644s :Calibration directory path: C:\Users\u0173846\AppData\Roaming\Imager\Cali
DEBUG [Cali.cpp:88] @ 0.288675s :Calibration file name: Cali-17092037.xml
DEBUG [Cali.cpp:98] @ 0.288993s :Calibration data A: 1450 B:470 C:4095 D:1500
INFO [IRImager.cpp:266] @ 0.289558s :Init thermal imager to 17092037 with size: 766x480@32 Hz
DEBUG [Cali.cpp:87] @ 0.289824s :Calibration directory path: C:\Users\u0173846\AppData\Roaming\Imager\Cali
DEBUG [Cali.cpp:88] @ 0.28984s :Calibration file name: Cali-17092037.xml
DEBUG [Cali.cpp:98] @ 0.290137s :Calibration data A: 1450 B:470 C:4095 D:1500
DEBUG [IRImager.cpp:374] @ 0.290749s :Using HID control interface
DEBUG [IRImager.cpp:414] @ 0.371054s :Initialized HID control interface to device with HW:2101 FW:2820
DEBUG [IRImager.cpp:435] @ 0.3711s :Frameconfig - width(in): 766, height(in): 480, interval: 312500, max framerate: 32, HW interval: 0.03125
DEBUG [Cali.cpp:87] @ 0.371119s :Calibration directory path: C:\Users\u0173846\AppData\Roaming\Imager\Cali
DEBUG [Cali.cpp:88] @ 0.371132s :Calibration file name: Cali-17092037.xml
DEBUG [Cali.cpp:98] @ 0.371477s :Calibration data A: 1450 B:470 C:4095 D:1500
DEBUG [ImageProcessing.cpp:200] @ 0.375679s :Source buffer size: 735360 Width: 766 Height: 480
DEBUG [ImageProcessing.cpp:121] @ 0.411821s :Source buffer size: 735360 Width: 766 Height: 480
DEBUG [OpSource.cpp:347] @ 0.41194s :Using formats path: .\\Formats.def
DEBUG [OpSource.cpp:598] @ 0.412157s :Format found with size: 14
DEBUG [IRImager.cpp:841] @ 0.412927s :Caught onFrameInit with size: 764x480
DEBUG [OpSource.cpp:347] @ 0.415186s :Using formats path: .\\Formats.def
DEBUG [OpSource.cpp:598] @ 0.415384s :Format found with size: 14
DEBUG [OpSource.cpp:347] @ 0.415443s :Using formats path: .\\Formats.def
DEBUG [OpCorr.cpp:467] @ 0.41771s :Read cali: C:\Users\u0173846\AppData\Roaming\Imager\Cali\Cali-17092037-25-500-1800-32.dat
DEBUG [ImageProcessing.cpp:1108] @ 0.451295s :Update flag temperature: -10.4375
DEBUG [ImageProcessing.cpp:1111] @ 0.453447s :Update box temperature: -10.4375
DEBUG [Cali.cpp:639] @ 0.453492s :Calibration file path: 000002BA60F54314/000000EC20DECA00.xml
DEBUG [SimpleXML.cpp:238] @ 0.453606s :Failed to open file C:\Users\u0173846\AppData\Roaming\Imager\Cali\CaliExt-17092037.xml
DEBUG [IRImager.cpp:547] @ 0.467048s :Chip heating disabled
DEBUG [direct_binding.cpp:300] @ 0.470858s :evo_irimager_multi_usb_init with config: 17092037f.xml
DEBUG [direct_binding.cpp:301] @ 0.470897s :evo_irimager_multi_usb_init connected returned: 1
DEBUG [IRLogger.cpp:105] @ 0.472063s :***************************************************
DEBUG [IRLogger.cpp:106] @ 0.472103s :* IRImagerDirect SDK                              *
DEBUG [IRLogger.cpp:107] @ 0.472121s :***************************************************
DEBUG [IRLogger.cpp:113] @ 0.472137s :* Native Machine:      AMD64
DEBUG [IRLogger.cpp:114] @ 0.472153s :* Machine:             AMD64
DEBUG [IRLogger.cpp:116] @ 0.472172s :* OS:                  Windows 10 0 19045
DEBUG [IRLogger.cpp:123] @ 0.472184s :***************************************************
DEBUG [IRDeviceParams.cpp:204] @ 0.472859s :Parameters
DEBUG [IRDeviceParams.cpp:205] @ 0.47288s :serial: 20052193
DEBUG [IRDeviceParams.cpp:206] @ 0.472893s :videoformatindex: 0
DEBUG [IRDeviceParams.cpp:207] @ 0.472906s :fov: 33
DEBUG [IRDeviceParams.cpp:208] @ 0.472918s :optics_text: 000002BA60E84880
DEBUG [IRDeviceParams.cpp:209] @ 0.472929s :formatspath: 000002BA60E84770
DEBUG [IRDeviceParams.cpp:210] @ 0.472941s :calipath: 0000000000000000
DEBUG [IRDeviceParams.cpp:211] @ 0.473104s :temperature min: 0
DEBUG [IRDeviceParams.cpp:212] @ 0.473122s :temperature max: 250
DEBUG [IRDeviceParams.cpp:213] @ 0.473138s :framerate: 32
DEBUG [IRDeviceParams.cpp:214] @ 0.47315s :bispectral: 0
DEBUG [IRDeviceParams.cpp:215] @ 0.473163s :flag automatic: 0
DEBUG [IRDeviceParams.cpp:216] @ 0.473177s :min interval: 15
DEBUG [IRDeviceParams.cpp:217] @ 0.47319s :max interval: 0
DEBUG [IRDeviceParams.cpp:218] @ 0.473203s :chip heating mode: 0
DEBUG [IRDeviceParams.cpp:219] @ 0.473216s :chip heating fixed val: 40
DEBUG [IRDeviceParams.cpp:220] @ 0.473228s :focus:  -1
DEBUG [IRDeviceParams.cpp:221] @ 0.47324s :enable extended temp range: 0
DEBUG [IRDeviceParams.cpp:222] @ 0.473266s :buffer queue size: 5
DEBUG [IRDeviceParams.cpp:223] @ 0.473348s :enable high precision: 0
DEBUG [IRDeviceParams.cpp:224] @ 0.47338s :radialDistortionCorrectionMode: 0
DEBUG [IRDeviceParams.cpp:225] @ 0.47341s :deviceAPI: 0
DEBUG [IRDeviceParams.cpp:226] @ 0.473437s :useExternalProbeForReferencing: 0
DEBUG [IRDeviceParams.cpp:227] @ 0.473462s :enableMultiThreading: 0
DEBUG [IRDeviceParams.cpp:232] @ 0.473593s :ethernetDevice.deviceIpAddress: 0.0.0.0
DEBUG [IRDeviceParams.cpp:233] @ 0.473624s :ethernetDevice.localUdpPort: 0
DEBUG [IRDeviceParams.cpp:234] @ 0.473707s :ethernetDevice.checkUdpSenderIp: 1
DEBUG [IRImager.cpp:1107] @ 0.626918s :Start flag calibration
DEBUG [Cali.cpp:87] @ 0.638821s :Calibration directory path: C:\Users\u0173846\AppData\Roaming\Imager\Cali
DEBUG [Cali.cpp:88] @ 0.638854s :Calibration file name: Cali-20052193.xml
DEBUG [Cali.cpp:98] @ 0.639291s :Calibration data A: 1450 B:1500 C:4095 D:1500
INFO [IRImager.cpp:266] @ 0.640328s :Init thermal imager to 20052193 with size: 642x480@32 Hz
DEBUG [Cali.cpp:87] @ 0.640603s :Calibration directory path: C:\Users\u0173846\AppData\Roaming\Imager\Cali
DEBUG [Cali.cpp:88] @ 0.64062s :Calibration file name: Cali-20052193.xml
DEBUG [Cali.cpp:98] @ 0.641001s :Calibration data A: 1450 B:1500 C:4095 D:1500
DEBUG [IRImager.cpp:374] @ 0.641792s :Using HID control interface
DEBUG [IRImager.cpp:414] @ 0.663441s :Initialized HID control interface to device with HW:601 FW:2633
DEBUG [IRImager.cpp:435] @ 0.663529s :Frameconfig - width(in): 642, height(in): 480, interval: 312500, max framerate: 32, HW interval: 0.03125
DEBUG [Cali.cpp:87] @ 0.66355s :Calibration directory path: C:\Users\u0173846\AppData\Roaming\Imager\Cali
DEBUG [Cali.cpp:88] @ 0.663563s :Calibration file name: Cali-20052193.xml
DEBUG [Cali.cpp:98] @ 0.664011s :Calibration data A: 1450 B:1500 C:4095 D:1500
DEBUG [ImageProcessing.cpp:200] @ 0.691624s :Source buffer size: 616320 Width: 642 Height: 480
DEBUG [ImageProcessing.cpp:121] @ 0.730949s :Source buffer size: 616320 Width: 642 Height: 480
DEBUG [OpSource.cpp:347] @ 0.731052s :Using formats path: .\\Formats.def
DEBUG [OpSource.cpp:598] @ 0.731204s :Format found with size: 25
DEBUG [IRImager.cpp:841] @ 0.731856s :Caught onFrameInit with size: 640x480
DEBUG [OpSource.cpp:347] @ 0.733771s :Using formats path: .\\Formats.def
DEBUG [OpSource.cpp:598] @ 0.733917s :Format found with size: 25
DEBUG [OpSource.cpp:347] @ 0.733974s :Using formats path: .\\Formats.def
DEBUG [OpCorr.cpp:467] @ 0.73827s :Read cali: C:\Users\u0173846\AppData\Roaming\Imager\Cali\Cali-20052193-33-0-250.dat
DEBUG [OpCorr.cpp:557] @ 0.738361s :Read calibration of camera no 20052193, # of fields: 6 , start of fields: 40
DEBUG [ImageProcessing.cpp:1108] @ 1.00189s :Update flag temperature: 31.375
DEBUG [ImageProcessing.cpp:1111] @ 1.00551s :Update box temperature: 29
DEBUG [Cali.cpp:639] @ 1.00554s :Calibration file path: 000002BA60F51354/000000EC20DECA00.xml
DEBUG [SimpleXML.cpp:238] @ 1.00562s :Failed to open file C:\Users\u0173846\AppData\Roaming\Imager\Cali\CaliExt-20052193.xml
DEBUG [IRImager.cpp:547] @ 1.0172s :Chip heating disabled
DEBUG [direct_binding.cpp:300] @ 1.02505s :evo_irimager_multi_usb_init with config: 6060300f.xml
DEBUG [direct_binding.cpp:301] @ 1.02511s :evo_irimager_multi_usb_init connected returned: 1
