DEBUG [IRLogger.cpp:105] @ 0.0003171s :***************************************************
DEBUG [IRLogger.cpp:106] @ 0.0004001s :* IRImagerDirect SDK                              *
DEBUG [IRLogger.cpp:107] @ 0.0004307s :***************************************************
DEBUG [IRLogger.cpp:113] @ 0.0004545s :* Native Machine:      AMD64
DEBUG [IRLogger.cpp:114] @ 0.0004767s :* Machine:             AMD64
DEBUG [IRLogger.cpp:116] @ 0.0006286s :* OS:                  Windows 10 0 19045
DEBUG [IRLogger.cpp:123] @ 0.0006567s :***************************************************
DEBUG [IRDeviceParams.cpp:204] @ 0.0012736s :Parameters
DEBUG [IRDeviceParams.cpp:205] @ 0.0012932s :serial: 17092037
DEBUG [IRDeviceParams.cpp:206] @ 0.0013053s :videoformatindex: 2
DEBUG [IRDeviceParams.cpp:207] @ 0.0013294s :fov: 0
DEBUG [IRDeviceParams.cpp:208] @ 0.0013638s :optics_text: 00000233242CB970
DEBUG [IRDeviceParams.cpp:209] @ 0.0013834s :formatspath: 00000233242CB7D0
DEBUG [IRDeviceParams.cpp:210] @ 0.0013958s :calipath: 0000000000000000
DEBUG [IRDeviceParams.cpp:211] @ 0.0014079s :temperature min: 500
DEBUG [IRDeviceParams.cpp:212] @ 0.0014211s :temperature max: 1800
DEBUG [IRDeviceParams.cpp:213] @ 0.0014366s :framerate: 32
DEBUG [IRDeviceParams.cpp:214] @ 0.0014491s :bispectral: 0
DEBUG [IRDeviceParams.cpp:215] @ 0.0014618s :flag automatic: 0
DEBUG [IRDeviceParams.cpp:216] @ 0.0014744s :min interval: 15
DEBUG [IRDeviceParams.cpp:217] @ 0.0014866s :max interval: 0
DEBUG [IRDeviceParams.cpp:218] @ 0.0014991s :chip heating mode: 0
DEBUG [IRDeviceParams.cpp:219] @ 0.001512s :chip heating fixed val: 40
DEBUG [IRDeviceParams.cpp:220] @ 0.0015261s :focus:  -1
DEBUG [IRDeviceParams.cpp:221] @ 0.0015381s :enable extended temp range: 0
DEBUG [IRDeviceParams.cpp:222] @ 0.00155s :buffer queue size: 5
DEBUG [IRDeviceParams.cpp:223] @ 0.0015622s :enable high precision: 0
DEBUG [IRDeviceParams.cpp:224] @ 0.0015742s :radialDistortionCorrectionMode: 0
DEBUG [IRDeviceParams.cpp:225] @ 0.0015864s :deviceAPI: 0
DEBUG [IRDeviceParams.cpp:226] @ 0.0015977s :useExternalProbeForReferencing: 0
DEBUG [IRDeviceParams.cpp:227] @ 0.0016096s :enableMultiThreading: 0
DEBUG [IRDeviceParams.cpp:232] @ 0.0016899s :ethernetDevice.deviceIpAddress: 0.0.0.0
DEBUG [IRDeviceParams.cpp:233] @ 0.0017673s :ethernetDevice.localUdpPort: 0
DEBUG [IRDeviceParams.cpp:234] @ 0.0017826s :ethernetDevice.checkUdpSenderIp: 1
DEBUG [Cali.cpp:87] @ 0.292361s :Calibration directory path: C:\Users\u0173846\AppData\Roaming\Imager\Cali
DEBUG [Cali.cpp:88] @ 0.292404s :Calibration file name: Cali-17092037.xml
DEBUG [Cali.cpp:98] @ 0.292718s :Calibration data A: 1450 B:470 C:4095 D:1500
INFO [IRImager.cpp:266] @ 0.293283s :Init thermal imager to 17092037 with size: 766x480@32 Hz
DEBUG [Cali.cpp:87] @ 0.29355s :Calibration directory path: C:\Users\u0173846\AppData\Roaming\Imager\Cali
DEBUG [Cali.cpp:88] @ 0.293566s :Calibration file name: Cali-17092037.xml
DEBUG [Cali.cpp:98] @ 0.293834s :Calibration data A: 1450 B:470 C:4095 D:1500
DEBUG [IRImager.cpp:374] @ 0.294445s :Using HID control interface
DEBUG [IRImager.cpp:414] @ 0.374896s :Initialized HID control interface to device with HW:2101 FW:2820
DEBUG [IRImager.cpp:435] @ 0.374959s :Frameconfig - width(in): 766, height(in): 480, interval: 312500, max framerate: 32, HW interval: 0.03125
DEBUG [Cali.cpp:87] @ 0.374984s :Calibration directory path: C:\Users\u0173846\AppData\Roaming\Imager\Cali
DEBUG [Cali.cpp:88] @ 0.374997s :Calibration file name: Cali-17092037.xml
DEBUG [Cali.cpp:98] @ 0.375324s :Calibration data A: 1450 B:470 C:4095 D:1500
DEBUG [ImageProcessing.cpp:200] @ 0.379533s :Source buffer size: 735360 Width: 766 Height: 480
DEBUG [ImageProcessing.cpp:121] @ 0.416063s :Source buffer size: 735360 Width: 766 Height: 480
DEBUG [OpSource.cpp:347] @ 0.416135s :Using formats path: .\\Formats.def
DEBUG [OpSource.cpp:598] @ 0.416302s :Format found with size: 14
DEBUG [IRImager.cpp:841] @ 0.417035s :Caught onFrameInit with size: 764x480
DEBUG [OpSource.cpp:347] @ 0.419152s :Using formats path: .\\Formats.def
DEBUG [OpSource.cpp:598] @ 0.419332s :Format found with size: 14
DEBUG [OpSource.cpp:347] @ 0.419388s :Using formats path: .\\Formats.def
DEBUG [OpCorr.cpp:467] @ 0.421521s :Read cali: C:\Users\u0173846\AppData\Roaming\Imager\Cali\Cali-17092037-25-500-1800-32.dat
DEBUG [ImageProcessing.cpp:1108] @ 0.455042s :Update flag temperature: -234.938
DEBUG [ImageProcessing.cpp:1111] @ 0.456793s :Update box temperature: -234.938
DEBUG [Cali.cpp:639] @ 0.456823s :Calibration file path: 0000023325A45B44/000000A8AC1ECC40.xml
DEBUG [SimpleXML.cpp:238] @ 0.456903s :Failed to open file C:\Users\u0173846\AppData\Roaming\Imager\Cali\CaliExt-17092037.xml
DEBUG [IRImager.cpp:547] @ 0.470833s :Chip heating disabled
DEBUG [direct_binding.cpp:300] @ 0.47414s :evo_irimager_multi_usb_init with config: 17092037f.xml
DEBUG [direct_binding.cpp:301] @ 0.474168s :evo_irimager_multi_usb_init connected returned: 1
DEBUG [IRLogger.cpp:105] @ 0.475142s :***************************************************
DEBUG [IRLogger.cpp:106] @ 0.475185s :* IRImagerDirect SDK                              *
DEBUG [IRLogger.cpp:107] @ 0.475203s :***************************************************
DEBUG [IRLogger.cpp:113] @ 0.475222s :* Native Machine:      AMD64
DEBUG [IRLogger.cpp:114] @ 0.475241s :* Machine:             AMD64
DEBUG [IRLogger.cpp:116] @ 0.47526s :* OS:                  Windows 10 0 19045
DEBUG [IRLogger.cpp:123] @ 0.475272s :***************************************************
DEBUG [IRDeviceParams.cpp:204] @ 0.47573s :Parameters
DEBUG [IRDeviceParams.cpp:205] @ 0.475758s :serial: 20052193
DEBUG [IRDeviceParams.cpp:206] @ 0.475771s :videoformatindex: 0
DEBUG [IRDeviceParams.cpp:207] @ 0.475783s :fov: 33
DEBUG [IRDeviceParams.cpp:208] @ 0.475795s :optics_text: 0000023325BE36C0
DEBUG [IRDeviceParams.cpp:209] @ 0.475807s :formatspath: 0000023325BE3400
DEBUG [IRDeviceParams.cpp:210] @ 0.47582s :calipath: 0000000000000000
DEBUG [IRDeviceParams.cpp:211] @ 0.475831s :temperature min: 0
DEBUG [IRDeviceParams.cpp:212] @ 0.475842s :temperature max: 250
DEBUG [IRDeviceParams.cpp:213] @ 0.475855s :framerate: 32
DEBUG [IRDeviceParams.cpp:214] @ 0.475866s :bispectral: 0
DEBUG [IRDeviceParams.cpp:215] @ 0.475878s :flag automatic: 0
DEBUG [IRDeviceParams.cpp:216] @ 0.475889s :min interval: 15
DEBUG [IRDeviceParams.cpp:217] @ 0.475901s :max interval: 0
DEBUG [IRDeviceParams.cpp:218] @ 0.475913s :chip heating mode: 0
DEBUG [IRDeviceParams.cpp:219] @ 0.475924s :chip heating fixed val: 40
DEBUG [IRDeviceParams.cpp:220] @ 0.475936s :focus:  -1
DEBUG [IRDeviceParams.cpp:221] @ 0.475947s :enable extended temp range: 0
DEBUG [IRDeviceParams.cpp:222] @ 0.475959s :buffer queue size: 5
DEBUG [IRDeviceParams.cpp:223] @ 0.47597s :enable high precision: 0
DEBUG [IRDeviceParams.cpp:224] @ 0.475981s :radialDistortionCorrectionMode: 0
DEBUG [IRDeviceParams.cpp:225] @ 0.476007s :deviceAPI: 0
DEBUG [IRDeviceParams.cpp:226] @ 0.476043s :useExternalProbeForReferencing: 0
DEBUG [IRDeviceParams.cpp:227] @ 0.476062s :enableMultiThreading: 0
DEBUG [IRDeviceParams.cpp:232] @ 0.476078s :ethernetDevice.deviceIpAddress: 0.0.0.0
DEBUG [IRDeviceParams.cpp:233] @ 0.476093s :ethernetDevice.localUdpPort: 0
DEBUG [IRDeviceParams.cpp:234] @ 0.476106s :ethernetDevice.checkUdpSenderIp: 1
DEBUG [IRImager.cpp:1107] @ 0.629182s :Start flag calibration
DEBUG [Cali.cpp:87] @ 0.643366s :Calibration directory path: C:\Users\u0173846\AppData\Roaming\Imager\Cali
DEBUG [Cali.cpp:88] @ 0.643398s :Calibration file name: Cali-20052193.xml
DEBUG [Cali.cpp:98] @ 0.643822s :Calibration data A: 1450 B:1500 C:4095 D:1500
INFO [IRImager.cpp:266] @ 0.644877s :Init thermal imager to 20052193 with size: 642x480@32 Hz
DEBUG [Cali.cpp:87] @ 0.645194s :Calibration directory path: C:\Users\u0173846\AppData\Roaming\Imager\Cali
DEBUG [Cali.cpp:88] @ 0.645213s :Calibration file name: Cali-20052193.xml
DEBUG [Cali.cpp:98] @ 0.64578s :Calibration data A: 1450 B:1500 C:4095 D:1500
DEBUG [IRImager.cpp:374] @ 0.646817s :Using HID control interface
DEBUG [IRImager.cpp:414] @ 0.668288s :Initialized HID control interface to device with HW:601 FW:2633
DEBUG [IRImager.cpp:435] @ 0.668359s :Frameconfig - width(in): 642, height(in): 480, interval: 312500, max framerate: 32, HW interval: 0.03125
DEBUG [Cali.cpp:87] @ 0.66838s :Calibration directory path: C:\Users\u0173846\AppData\Roaming\Imager\Cali
DEBUG [Cali.cpp:88] @ 0.668394s :Calibration file name: Cali-20052193.xml
DEBUG [Cali.cpp:98] @ 0.668819s :Calibration data A: 1450 B:1500 C:4095 D:1500
DEBUG [ImageProcessing.cpp:200] @ 0.696473s :Source buffer size: 616320 Width: 642 Height: 480
DEBUG [ImageProcessing.cpp:121] @ 0.735918s :Source buffer size: 616320 Width: 642 Height: 480
DEBUG [OpSource.cpp:347] @ 0.73598s :Using formats path: .\\Formats.def
DEBUG [OpSource.cpp:598] @ 0.736118s :Format found with size: 25
DEBUG [IRImager.cpp:841] @ 0.736798s :Caught onFrameInit with size: 640x480
DEBUG [OpSource.cpp:347] @ 0.738549s :Using formats path: .\\Formats.def
DEBUG [OpSource.cpp:598] @ 0.738672s :Format found with size: 25
DEBUG [OpSource.cpp:347] @ 0.738729s :Using formats path: .\\Formats.def
DEBUG [OpCorr.cpp:467] @ 0.742917s :Read cali: C:\Users\u0173846\AppData\Roaming\Imager\Cali\Cali-20052193-33-0-250.dat
DEBUG [OpCorr.cpp:557] @ 0.742991s :Read calibration of camera no 20052193, # of fields: 6 , start of fields: 40
DEBUG [ImageProcessing.cpp:1108] @ 1.00783s :Update flag temperature: 30.9375
DEBUG [ImageProcessing.cpp:1111] @ 1.01155s :Update box temperature: 28.6875
DEBUG [Cali.cpp:639] @ 1.01161s :Calibration file path: 0000023325B0A894/000000A8AC1ECC40.xml
DEBUG [SimpleXML.cpp:238] @ 1.01169s :Failed to open file C:\Users\u0173846\AppData\Roaming\Imager\Cali\CaliExt-20052193.xml
DEBUG [IRImager.cpp:547] @ 1.02279s :Chip heating disabled
DEBUG [direct_binding.cpp:300] @ 1.03085s :evo_irimager_multi_usb_init with config: 6060300f.xml
DEBUG [direct_binding.cpp:301] @ 1.03089s :evo_irimager_multi_usb_init connected returned: 1
DEBUG [IRImager.cpp:1107] @ 1.13935s :Start flag calibration
DEBUG [OpFlag.cpp:591] @ 11.6213s :SkimDiff: 0 Adjust: 0 State: 0 EMax: 8628 Emin: 8398
DEBUG [OpFlag.cpp:591] @ 12.03s :SkimDiff: 0 Adjust: 0 State: 0 EMax: 12772 Emin: 5029
DEBUG [IRImager.cpp:1121] @ 12.0787s :Finished startup calibration
DEBUG [IRImager.cpp:1121] @ 12.3527s :Finished startup calibration
