DEBUG [IRLogger.cpp:105] @ 0.476704s :***************************************************
DEBUG [IRLogger.cpp:106] @ 0.476781s :* IRImagerDirect SDK                              *
DEBUG [IRLogger.cpp:107] @ 0.476828s :***************************************************
DEBUG [IRLogger.cpp:113] @ 0.476872s :* Native Machine:      AMD64
DEBUG [IRLogger.cpp:114] @ 0.476915s :* Machine:             AMD64
DEBUG [IRLogger.cpp:116] @ 0.476961s :* OS:                  Windows 10 0 19045
DEBUG [IRLogger.cpp:123] @ 0.477088s :***************************************************
DEBUG [IRDeviceParams.cpp:204] @ 0.477699s :Parameters
DEBUG [IRDeviceParams.cpp:205] @ 0.477718s :serial: 20052193
DEBUG [IRDeviceParams.cpp:206] @ 0.47773s :videoformatindex: 0
DEBUG [IRDeviceParams.cpp:207] @ 0.477742s :fov: 33
DEBUG [IRDeviceParams.cpp:208] @ 0.477754s :optics_text: 000001D37F2722E0
DEBUG [IRDeviceParams.cpp:209] @ 0.477766s :formatspath: 000001D37F271F80
DEBUG [IRDeviceParams.cpp:210] @ 0.477778s :calipath: 0000000000000000
DEBUG [IRDeviceParams.cpp:211] @ 0.477789s :temperature min: 0
DEBUG [IRDeviceParams.cpp:212] @ 0.4778s :temperature max: 250
DEBUG [IRDeviceParams.cpp:213] @ 0.477812s :framerate: 32
DEBUG [IRDeviceParams.cpp:214] @ 0.477823s :bispectral: 0
DEBUG [IRDeviceParams.cpp:215] @ 0.477835s :flag automatic: 0
DEBUG [IRDeviceParams.cpp:216] @ 0.477846s :min interval: 15
DEBUG [IRDeviceParams.cpp:217] @ 0.477857s :max interval: 0
DEBUG [IRDeviceParams.cpp:218] @ 0.477868s :chip heating mode: 0
DEBUG [IRDeviceParams.cpp:219] @ 0.47788s :chip heating fixed val: 40
DEBUG [IRDeviceParams.cpp:220] @ 0.477892s :focus:  -1
DEBUG [IRDeviceParams.cpp:221] @ 0.477903s :enable extended temp range: 0
DEBUG [IRDeviceParams.cpp:222] @ 0.477915s :buffer queue size: 5
DEBUG [IRDeviceParams.cpp:223] @ 0.477926s :enable high precision: 0
DEBUG [IRDeviceParams.cpp:224] @ 0.477939s :radialDistortionCorrectionMode: 0
DEBUG [IRDeviceParams.cpp:225] @ 0.47795s :deviceAPI: 0
DEBUG [IRDeviceParams.cpp:226] @ 0.477964s :useExternalProbeForReferencing: 0
DEBUG [IRDeviceParams.cpp:227] @ 0.477975s :enableMultiThreading: 0
DEBUG [IRDeviceParams.cpp:232] @ 0.478013s :ethernetDevice.deviceIpAddress: 0.0.0.0
DEBUG [IRDeviceParams.cpp:233] @ 0.478029s :ethernetDevice.localUdpPort: 0
DEBUG [IRDeviceParams.cpp:234] @ 0.478041s :ethernetDevice.checkUdpSenderIp: 1
DEBUG [IRImager.cpp:1107] @ 0.630574s :Start flag calibration
DEBUG [Cali.cpp:87] @ 0.643176s :Calibration directory path: C:\Users\u0173846\AppData\Roaming\Imager\Cali
DEBUG [Cali.cpp:88] @ 0.643211s :Calibration file name: Cali-20052193.xml
DEBUG [Cali.cpp:98] @ 0.643669s :Calibration data A: 1450 B:1500 C:4095 D:1500
INFO [IRImager.cpp:266] @ 0.644718s :Init thermal imager to 20052193 with size: 642x480@32 Hz
DEBUG [Cali.cpp:87] @ 0.644991s :Calibration directory path: C:\Users\u0173846\AppData\Roaming\Imager\Cali
DEBUG [Cali.cpp:88] @ 0.645008s :Calibration file name: Cali-20052193.xml
DEBUG [Cali.cpp:98] @ 0.645394s :Calibration data A: 1450 B:1500 C:4095 D:1500
DEBUG [IRImager.cpp:374] @ 0.646441s :Using HID control interface
DEBUG [IRImager.cpp:414] @ 0.668125s :Initialized HID control interface to device with HW:601 FW:2633
DEBUG [IRImager.cpp:435] @ 0.66816s :Frameconfig - width(in): 642, height(in): 480, interval: 312500, max framerate: 32, HW interval: 0.03125
DEBUG [Cali.cpp:87] @ 0.668177s :Calibration directory path: C:\Users\u0173846\AppData\Roaming\Imager\Cali
DEBUG [Cali.cpp:88] @ 0.668191s :Calibration file name: Cali-20052193.xml
DEBUG [Cali.cpp:98] @ 0.668634s :Calibration data A: 1450 B:1500 C:4095 D:1500
DEBUG [ImageProcessing.cpp:200] @ 0.696284s :Source buffer size: 616320 Width: 642 Height: 480
DEBUG [ImageProcessing.cpp:121] @ 0.736034s :Source buffer size: 616320 Width: 642 Height: 480
DEBUG [OpSource.cpp:347] @ 0.736142s :Using formats path: .\\Formats.def
DEBUG [OpSource.cpp:598] @ 0.736316s :Format found with size: 25
DEBUG [IRImager.cpp:841] @ 0.737016s :Caught onFrameInit with size: 640x480
DEBUG [OpSource.cpp:347] @ 0.738823s :Using formats path: .\\Formats.def
DEBUG [OpSource.cpp:598] @ 0.738999s :Format found with size: 25
DEBUG [OpSource.cpp:347] @ 0.739058s :Using formats path: .\\Formats.def
DEBUG [OpCorr.cpp:467] @ 0.74354s :Read cali: C:\Users\u0173846\AppData\Roaming\Imager\Cali\Cali-20052193-33-0-250.dat
DEBUG [OpCorr.cpp:557] @ 0.743633s :Read calibration of camera no 20052193, # of fields: 6 , start of fields: 40
DEBUG [ImageProcessing.cpp:1108] @ 1.00741s :Update flag temperature: 31.375
DEBUG [ImageProcessing.cpp:1111] @ 1.01154s :Update box temperature: 29
DEBUG [Cali.cpp:639] @ 1.01159s :Calibration file path: 000001D37F079644/00000064BC1ECC20.xml
DEBUG [SimpleXML.cpp:238] @ 1.0117s :Failed to open file C:\Users\u0173846\AppData\Roaming\Imager\Cali\CaliExt-20052193.xml
DEBUG [IRImager.cpp:547] @ 1.02325s :Chip heating disabled
DEBUG [direct_binding.cpp:300] @ 1.03213s :evo_irimager_multi_usb_init with config: 6060300f.xml
DEBUG [direct_binding.cpp:301] @ 1.03218s :evo_irimager_multi_usb_init connected returned: 1
DEBUG [IRImager.cpp:1107] @ 1.11068s :Start flag calibration
