DEBUG [IRLogger.cpp:105] @ 0.000393s :***************************************************
DEBUG [IRLogger.cpp:106] @ 0.0005022s :* IRImagerDirect SDK                              *
DEBUG [IRLogger.cpp:107] @ 0.0005449s :***************************************************
DEBUG [IRLogger.cpp:113] @ 0.0005785s :* Native Machine:      AMD64
DEBUG [IRLogger.cpp:114] @ 0.0006635s :* Machine:             AMD64
DEBUG [IRLogger.cpp:116] @ 0.0007062s :* OS:                  Windows 10 0 19045
DEBUG [IRLogger.cpp:123] @ 0.0007295s :***************************************************
DEBUG [IRDeviceParams.cpp:204] @ 0.0014351s :Parameters
DEBUG [IRDeviceParams.cpp:205] @ 0.0014558s :serial: 17092037
DEBUG [IRDeviceParams.cpp:206] @ 0.0014683s :videoformatindex: 2
DEBUG [IRDeviceParams.cpp:207] @ 0.0014817s :fov: 0
DEBUG [IRDeviceParams.cpp:208] @ 0.0014936s :optics_text: 0000028CB5E05E00
DEBUG [IRDeviceParams.cpp:209] @ 0.0015054s :formatspath: 0000028CB5E05C80
DEBUG [IRDeviceParams.cpp:210] @ 0.0015169s :calipath: 0000000000000000
DEBUG [IRDeviceParams.cpp:211] @ 0.0015281s :temperature min: 500
DEBUG [IRDeviceParams.cpp:212] @ 0.0015395s :temperature max: 1800
DEBUG [IRDeviceParams.cpp:213] @ 0.0015535s :framerate: 32
DEBUG [IRDeviceParams.cpp:214] @ 0.001565s :bispectral: 0
DEBUG [IRDeviceParams.cpp:215] @ 0.0015763s :flag automatic: 0
DEBUG [IRDeviceParams.cpp:216] @ 0.0015879s :min interval: 15
DEBUG [IRDeviceParams.cpp:217] @ 0.0015993s :max interval: 0
DEBUG [IRDeviceParams.cpp:218] @ 0.0016102s :chip heating mode: 0
DEBUG [IRDeviceParams.cpp:219] @ 0.0016218s :chip heating fixed val: 40
DEBUG [IRDeviceParams.cpp:220] @ 0.0016339s :focus:  -1
DEBUG [IRDeviceParams.cpp:221] @ 0.001646s :enable extended temp range: 0
DEBUG [IRDeviceParams.cpp:222] @ 0.0017399s :buffer queue size: 5
DEBUG [IRDeviceParams.cpp:223] @ 0.0017577s :enable high precision: 0
DEBUG [IRDeviceParams.cpp:224] @ 0.0017732s :radialDistortionCorrectionMode: 0
DEBUG [IRDeviceParams.cpp:225] @ 0.0017867s :deviceAPI: 0
DEBUG [IRDeviceParams.cpp:226] @ 0.001799s :useExternalProbeForReferencing: 0
DEBUG [IRDeviceParams.cpp:227] @ 0.0018118s :enableMultiThreading: 0
DEBUG [IRDeviceParams.cpp:232] @ 0.0018263s :ethernetDevice.deviceIpAddress: 0.0.0.0
DEBUG [IRDeviceParams.cpp:233] @ 0.001839s :ethernetDevice.localUdpPort: 0
DEBUG [IRDeviceParams.cpp:234] @ 0.0018521s :ethernetDevice.checkUdpSenderIp: 1
DEBUG [Cali.cpp:87] @ 0.296983s :Calibration directory path: C:\Users\u0173846\AppData\Roaming\Imager\Cali
DEBUG [Cali.cpp:88] @ 0.297014s :Calibration file name: Cali-17092037.xml
DEBUG [Cali.cpp:98] @ 0.297328s :Calibration data A: 1450 B:470 C:4095 D:1500
INFO [IRImager.cpp:266] @ 0.297892s :Init thermal imager to 17092037 with size: 766x480@32 Hz
DEBUG [Cali.cpp:87] @ 0.298154s :Calibration directory path: C:\Users\u0173846\AppData\Roaming\Imager\Cali
DEBUG [Cali.cpp:88] @ 0.29817s :Calibration file name: Cali-17092037.xml
DEBUG [Cali.cpp:98] @ 0.298437s :Calibration data A: 1450 B:470 C:4095 D:1500
DEBUG [IRImager.cpp:374] @ 0.299039s :Using HID control interface
DEBUG [IRImager.cpp:414] @ 0.379324s :Initialized HID control interface to device with HW:2101 FW:2820
DEBUG [IRImager.cpp:435] @ 0.379368s :Frameconfig - width(in): 766, height(in): 480, interval: 312500, max framerate: 32, HW interval: 0.03125
DEBUG [Cali.cpp:87] @ 0.379387s :Calibration directory path: C:\Users\u0173846\AppData\Roaming\Imager\Cali
DEBUG [Cali.cpp:88] @ 0.379399s :Calibration file name: Cali-17092037.xml
DEBUG [Cali.cpp:98] @ 0.37974s :Calibration data A: 1450 B:470 C:4095 D:1500
DEBUG [ImageProcessing.cpp:200] @ 0.384178s :Source buffer size: 735360 Width: 766 Height: 480
DEBUG [ImageProcessing.cpp:121] @ 0.419605s :Source buffer size: 735360 Width: 766 Height: 480
DEBUG [OpSource.cpp:347] @ 0.41971s :Using formats path: .\\Formats.def
DEBUG [OpSource.cpp:598] @ 0.4199s :Format found with size: 14
DEBUG [IRImager.cpp:841] @ 0.420619s :Caught onFrameInit with size: 764x480
DEBUG [OpSource.cpp:347] @ 0.422956s :Using formats path: .\\Formats.def
DEBUG [OpSource.cpp:598] @ 0.423174s :Format found with size: 14
DEBUG [OpSource.cpp:347] @ 0.42324s :Using formats path: .\\Formats.def
DEBUG [OpCorr.cpp:467] @ 0.425421s :Read cali: C:\Users\u0173846\AppData\Roaming\Imager\Cali\Cali-17092037-25-500-1800-32.dat
DEBUG [ImageProcessing.cpp:1108] @ 0.458884s :Update flag temperature: -235.563
DEBUG [ImageProcessing.cpp:1111] @ 0.460743s :Update box temperature: -235.563
DEBUG [Cali.cpp:639] @ 0.460806s :Calibration file path: 0000028CB8A2E8B4/000000AFE2FECB60.xml
DEBUG [SimpleXML.cpp:238] @ 0.460959s :Failed to open file C:\Users\u0173846\AppData\Roaming\Imager\Cali\CaliExt-17092037.xml
DEBUG [IRImager.cpp:547] @ 0.473317s :Chip heating disabled
DEBUG [direct_binding.cpp:300] @ 0.477534s :evo_irimager_multi_usb_init with config: 17092037f.xml
DEBUG [direct_binding.cpp:301] @ 0.477573s :evo_irimager_multi_usb_init connected returned: 1
DEBUG [IRLogger.cpp:105] @ 0.478574s :***************************************************
DEBUG [IRLogger.cpp:106] @ 0.478612s :* IRImagerDirect SDK                              *
DEBUG [IRLogger.cpp:107] @ 0.478628s :***************************************************
DEBUG [IRLogger.cpp:113] @ 0.478644s :* Native Machine:      AMD64
DEBUG [IRLogger.cpp:114] @ 0.478712s :* Machine:             AMD64
DEBUG [IRLogger.cpp:116] @ 0.478735s :* OS:                  Windows 10 0 19045
DEBUG [IRLogger.cpp:123] @ 0.478749s :***************************************************
DEBUG [IRDeviceParams.cpp:204] @ 0.479198s :Parameters
DEBUG [IRDeviceParams.cpp:205] @ 0.479218s :serial: 20052193
DEBUG [IRDeviceParams.cpp:206] @ 0.479231s :videoformatindex: 0
DEBUG [IRDeviceParams.cpp:207] @ 0.479265s :fov: 33
DEBUG [IRDeviceParams.cpp:208] @ 0.47931s :optics_text: 0000028CB8B86B70
DEBUG [IRDeviceParams.cpp:209] @ 0.479389s :formatspath: 0000028CB8B86E70
DEBUG [IRDeviceParams.cpp:210] @ 0.479403s :calipath: 0000000000000000
DEBUG [IRDeviceParams.cpp:211] @ 0.479417s :temperature min: 0
DEBUG [IRDeviceParams.cpp:212] @ 0.479428s :temperature max: 250
DEBUG [IRDeviceParams.cpp:213] @ 0.479442s :framerate: 32
DEBUG [IRDeviceParams.cpp:214] @ 0.479454s :bispectral: 0
DEBUG [IRDeviceParams.cpp:215] @ 0.479467s :flag automatic: 0
DEBUG [IRDeviceParams.cpp:216] @ 0.479479s :min interval: 15
DEBUG [IRDeviceParams.cpp:217] @ 0.479493s :max interval: 0
DEBUG [IRDeviceParams.cpp:218] @ 0.479505s :chip heating mode: 0
DEBUG [IRDeviceParams.cpp:219] @ 0.479518s :chip heating fixed val: 40
DEBUG [IRDeviceParams.cpp:220] @ 0.479532s :focus:  -1
DEBUG [IRDeviceParams.cpp:221] @ 0.479545s :enable extended temp range: 0
DEBUG [IRDeviceParams.cpp:222] @ 0.479559s :buffer queue size: 5
DEBUG [IRDeviceParams.cpp:223] @ 0.479572s :enable high precision: 0
DEBUG [IRDeviceParams.cpp:224] @ 0.479584s :radialDistortionCorrectionMode: 0
DEBUG [IRDeviceParams.cpp:225] @ 0.479597s :deviceAPI: 0
DEBUG [IRDeviceParams.cpp:226] @ 0.479609s :useExternalProbeForReferencing: 0
DEBUG [IRDeviceParams.cpp:227] @ 0.479622s :enableMultiThreading: 0
DEBUG [IRDeviceParams.cpp:232] @ 0.479635s :ethernetDevice.deviceIpAddress: 0.0.0.0
DEBUG [IRDeviceParams.cpp:233] @ 0.479659s :ethernetDevice.localUdpPort: 0
DEBUG [IRDeviceParams.cpp:234] @ 0.479738s :ethernetDevice.checkUdpSenderIp: 1
DEBUG [IRImager.cpp:1107] @ 0.632874s :Start flag calibration
DEBUG [Cali.cpp:87] @ 0.644645s :Calibration directory path: C:\Users\u0173846\AppData\Roaming\Imager\Cali
DEBUG [Cali.cpp:88] @ 0.644676s :Calibration file name: Cali-20052193.xml
DEBUG [Cali.cpp:98] @ 0.645106s :Calibration data A: 1450 B:1500 C:4095 D:1500
INFO [IRImager.cpp:266] @ 0.646112s :Init thermal imager to 20052193 with size: 642x480@32 Hz
DEBUG [Cali.cpp:87] @ 0.646377s :Calibration directory path: C:\Users\u0173846\AppData\Roaming\Imager\Cali
DEBUG [Cali.cpp:88] @ 0.646395s :Calibration file name: Cali-20052193.xml
DEBUG [Cali.cpp:98] @ 0.646788s :Calibration data A: 1450 B:1500 C:4095 D:1500
DEBUG [IRImager.cpp:374] @ 0.64756s :Using HID control interface
DEBUG [IRImager.cpp:414] @ 0.66871s :Initialized HID control interface to device with HW:601 FW:2633
DEBUG [IRImager.cpp:435] @ 0.668797s :Frameconfig - width(in): 642, height(in): 480, interval: 312500, max framerate: 32, HW interval: 0.03125
DEBUG [Cali.cpp:87] @ 0.668817s :Calibration directory path: C:\Users\u0173846\AppData\Roaming\Imager\Cali
DEBUG [Cali.cpp:88] @ 0.66883s :Calibration file name: Cali-20052193.xml
DEBUG [Cali.cpp:98] @ 0.669282s :Calibration data A: 1450 B:1500 C:4095 D:1500
DEBUG [ImageProcessing.cpp:200] @ 0.696842s :Source buffer size: 616320 Width: 642 Height: 480
DEBUG [ImageProcessing.cpp:121] @ 0.736016s :Source buffer size: 616320 Width: 642 Height: 480
DEBUG [OpSource.cpp:347] @ 0.736116s :Using formats path: .\\Formats.def
DEBUG [OpSource.cpp:598] @ 0.736271s :Format found with size: 25
DEBUG [IRImager.cpp:841] @ 0.737017s :Caught onFrameInit with size: 640x480
DEBUG [OpSource.cpp:347] @ 0.739055s :Using formats path: .\\Formats.def
DEBUG [OpSource.cpp:598] @ 0.739202s :Format found with size: 25
DEBUG [OpSource.cpp:347] @ 0.73926s :Using formats path: .\\Formats.def
DEBUG [OpCorr.cpp:467] @ 0.743517s :Read cali: C:\Users\u0173846\AppData\Roaming\Imager\Cali\Cali-20052193-33-0-250.dat
DEBUG [OpCorr.cpp:557] @ 0.743588s :Read calibration of camera no 20052193, # of fields: 6 , start of fields: 40
DEBUG [ImageProcessing.cpp:1108] @ 1.0069s :Update flag temperature: 31.1875
DEBUG [ImageProcessing.cpp:1111] @ 1.01091s :Update box temperature: 28.875
DEBUG [Cali.cpp:639] @ 1.01095s :Calibration file path: 0000028CB8938084/000000AFE2FECB60.xml
DEBUG [SimpleXML.cpp:238] @ 1.01106s :Failed to open file C:\Users\u0173846\AppData\Roaming\Imager\Cali\CaliExt-20052193.xml
DEBUG [IRImager.cpp:547] @ 1.02264s :Chip heating disabled
DEBUG [direct_binding.cpp:300] @ 1.03093s :evo_irimager_multi_usb_init with config: 6060300f.xml
DEBUG [direct_binding.cpp:301] @ 1.03099s :evo_irimager_multi_usb_init connected returned: 1
DEBUG [IRImager.cpp:1107] @ 1.12693s :Start flag calibration
