DEBUG [IRLogger.cpp:105] @ 0.477669s :***************************************************
DEBUG [IRLogger.cpp:106] @ 0.477725s :* IRImagerDirect SDK                              *
DEBUG [IRLogger.cpp:107] @ 0.477754s :***************************************************
DEBUG [IRLogger.cpp:113] @ 0.477777s :* Native Machine:      AMD64
DEBUG [IRLogger.cpp:114] @ 0.477798s :* Machine:             AMD64
DEBUG [IRLogger.cpp:116] @ 0.477825s :* OS:                  Windows 10 0 19045
DEBUG [IRLogger.cpp:123] @ 0.477846s :***************************************************
DEBUG [IRDeviceParams.cpp:204] @ 0.478503s :Parameters
DEBUG [IRDeviceParams.cpp:205] @ 0.478524s :serial: 20052193
DEBUG [IRDeviceParams.cpp:206] @ 0.478536s :videoformatindex: 0
DEBUG [IRDeviceParams.cpp:207] @ 0.478547s :fov: 33
DEBUG [IRDeviceParams.cpp:208] @ 0.478559s :optics_text: 0000023FB6172510
DEBUG [IRDeviceParams.cpp:209] @ 0.478571s :formatspath: 0000023FB6172300
DEBUG [IRDeviceParams.cpp:210] @ 0.478582s :calipath: 0000000000000000
DEBUG [IRDeviceParams.cpp:211] @ 0.478593s :temperature min: 0
DEBUG [IRDeviceParams.cpp:212] @ 0.478604s :temperature max: 250
DEBUG [IRDeviceParams.cpp:213] @ 0.478617s :framerate: 32
DEBUG [IRDeviceParams.cpp:214] @ 0.478628s :bispectral: 0
DEBUG [IRDeviceParams.cpp:215] @ 0.478639s :flag automatic: 0
DEBUG [IRDeviceParams.cpp:216] @ 0.478651s :min interval: 15
DEBUG [IRDeviceParams.cpp:217] @ 0.478662s :max interval: 0
DEBUG [IRDeviceParams.cpp:218] @ 0.478673s :chip heating mode: 0
DEBUG [IRDeviceParams.cpp:219] @ 0.478686s :chip heating fixed val: 40
DEBUG [IRDeviceParams.cpp:220] @ 0.478699s :focus:  -1
DEBUG [IRDeviceParams.cpp:221] @ 0.47871s :enable extended temp range: 0
DEBUG [IRDeviceParams.cpp:222] @ 0.478721s :buffer queue size: 5
DEBUG [IRDeviceParams.cpp:223] @ 0.478733s :enable high precision: 0
DEBUG [IRDeviceParams.cpp:224] @ 0.478746s :radialDistortionCorrectionMode: 0
DEBUG [IRDeviceParams.cpp:225] @ 0.478758s :deviceAPI: 0
DEBUG [IRDeviceParams.cpp:226] @ 0.478769s :useExternalProbeForReferencing: 0
DEBUG [IRDeviceParams.cpp:227] @ 0.47878s :enableMultiThreading: 0
DEBUG [IRDeviceParams.cpp:232] @ 0.478792s :ethernetDevice.deviceIpAddress: 0.0.0.0
DEBUG [IRDeviceParams.cpp:233] @ 0.478803s :ethernetDevice.localUdpPort: 0
DEBUG [IRDeviceParams.cpp:234] @ 0.478814s :ethernetDevice.checkUdpSenderIp: 1
DEBUG [IRImager.cpp:1107] @ 0.631865s :Start flag calibration
DEBUG [Cali.cpp:87] @ 0.647053s :Calibration directory path: C:\Users\u0173846\AppData\Roaming\Imager\Cali
DEBUG [Cali.cpp:88] @ 0.647083s :Calibration file name: Cali-20052193.xml
DEBUG [Cali.cpp:98] @ 0.647505s :Calibration data A: 1450 B:1500 C:4095 D:1500
INFO [IRImager.cpp:266] @ 0.648518s :Init thermal imager to 20052193 with size: 642x480@32 Hz
DEBUG [Cali.cpp:87] @ 0.648784s :Calibration directory path: C:\Users\u0173846\AppData\Roaming\Imager\Cali
DEBUG [Cali.cpp:88] @ 0.6488s :Calibration file name: Cali-20052193.xml
DEBUG [Cali.cpp:98] @ 0.649177s :Calibration data A: 1450 B:1500 C:4095 D:1500
DEBUG [IRImager.cpp:374] @ 0.64996s :Using HID control interface
DEBUG [IRImager.cpp:414] @ 0.672544s :Initialized HID control interface to device with HW:601 FW:2633
DEBUG [IRImager.cpp:435] @ 0.672591s :Frameconfig - width(in): 642, height(in): 480, interval: 312500, max framerate: 32, HW interval: 0.03125
DEBUG [Cali.cpp:87] @ 0.67261s :Calibration directory path: C:\Users\u0173846\AppData\Roaming\Imager\Cali
DEBUG [Cali.cpp:88] @ 0.672623s :Calibration file name: Cali-20052193.xml
DEBUG [Cali.cpp:98] @ 0.67309s :Calibration data A: 1450 B:1500 C:4095 D:1500
DEBUG [ImageProcessing.cpp:200] @ 0.700612s :Source buffer size: 616320 Width: 642 Height: 480
DEBUG [ImageProcessing.cpp:121] @ 0.741177s :Source buffer size: 616320 Width: 642 Height: 480
DEBUG [OpSource.cpp:347] @ 0.741244s :Using formats path: .\\Formats.def
DEBUG [OpSource.cpp:598] @ 0.741387s :Format found with size: 25
DEBUG [IRImager.cpp:841] @ 0.742046s :Caught onFrameInit with size: 640x480
DEBUG [OpSource.cpp:347] @ 0.743876s :Using formats path: .\\Formats.def
DEBUG [OpSource.cpp:598] @ 0.744034s :Format found with size: 25
DEBUG [OpSource.cpp:347] @ 0.744101s :Using formats path: .\\Formats.def
DEBUG [OpCorr.cpp:467] @ 0.748437s :Read cali: C:\Users\u0173846\AppData\Roaming\Imager\Cali\Cali-20052193-33-0-250.dat
DEBUG [OpCorr.cpp:557] @ 0.748513s :Read calibration of camera no 20052193, # of fields: 6 , start of fields: 40
DEBUG [ImageProcessing.cpp:1108] @ 1.01389s :Update flag temperature: 31.4375
DEBUG [ImageProcessing.cpp:1111] @ 1.01751s :Update box temperature: 28.9375
DEBUG [Cali.cpp:639] @ 1.01756s :Calibration file path: 0000023FB60CB5A4/0000006EE97ECCA0.xml
DEBUG [SimpleXML.cpp:238] @ 1.01768s :Failed to open file C:\Users\u0173846\AppData\Roaming\Imager\Cali\CaliExt-20052193.xml
DEBUG [IRImager.cpp:547] @ 1.02962s :Chip heating disabled
DEBUG [direct_binding.cpp:300] @ 1.03744s :evo_irimager_multi_usb_init with config: 6060300f.xml
DEBUG [direct_binding.cpp:301] @ 1.0375s :evo_irimager_multi_usb_init connected returned: 1
DEBUG [IRImager.cpp:1107] @ 1.13209s :Start flag calibration
