DEBUG [IRLogger.cpp:105] @ 0.486358s :***************************************************
DEBUG [IRLogger.cpp:106] @ 0.486455s :* IRImagerDirect SDK                              *
DEBUG [IRLogger.cpp:107] @ 0.486493s :***************************************************
DEBUG [IRLogger.cpp:113] @ 0.486523s :* Native Machine:      AMD64
DEBUG [IRLogger.cpp:114] @ 0.486547s :* Machine:             AMD64
DEBUG [IRLogger.cpp:116] @ 0.486575s :* OS:                  Windows 10 0 19045
DEBUG [IRLogger.cpp:123] @ 0.486596s :***************************************************
DEBUG [IRDeviceParams.cpp:204] @ 0.487393s :Parameters
DEBUG [IRDeviceParams.cpp:205] @ 0.487416s :serial: 20052193
DEBUG [IRDeviceParams.cpp:206] @ 0.487429s :videoformatindex: 0
DEBUG [IRDeviceParams.cpp:207] @ 0.487441s :fov: 33
DEBUG [IRDeviceParams.cpp:208] @ 0.487453s :optics_text: 0000019E7D96ACD0
DEBUG [IRDeviceParams.cpp:209] @ 0.487466s :formatspath: 0000019E7D96AD40
DEBUG [IRDeviceParams.cpp:210] @ 0.487479s :calipath: 0000000000000000
DEBUG [IRDeviceParams.cpp:211] @ 0.487491s :temperature min: 0
DEBUG [IRDeviceParams.cpp:212] @ 0.487502s :temperature max: 250
DEBUG [IRDeviceParams.cpp:213] @ 0.487523s :framerate: 32
DEBUG [IRDeviceParams.cpp:214] @ 0.487535s :bispectral: 0
DEBUG [IRDeviceParams.cpp:215] @ 0.487546s :flag automatic: 0
DEBUG [IRDeviceParams.cpp:216] @ 0.487558s :min interval: 15
DEBUG [IRDeviceParams.cpp:217] @ 0.48757s :max interval: 0
DEBUG [IRDeviceParams.cpp:218] @ 0.487582s :chip heating mode: 0
DEBUG [IRDeviceParams.cpp:219] @ 0.487594s :chip heating fixed val: 40
DEBUG [IRDeviceParams.cpp:220] @ 0.487607s :focus:  -1
DEBUG [IRDeviceParams.cpp:221] @ 0.487619s :enable extended temp range: 0
DEBUG [IRDeviceParams.cpp:222] @ 0.487631s :buffer queue size: 5
DEBUG [IRDeviceParams.cpp:223] @ 0.487642s :enable high precision: 0
DEBUG [IRDeviceParams.cpp:224] @ 0.487654s :radialDistortionCorrectionMode: 0
DEBUG [IRDeviceParams.cpp:225] @ 0.487666s :deviceAPI: 0
DEBUG [IRDeviceParams.cpp:226] @ 0.487677s :useExternalProbeForReferencing: 0
DEBUG [IRDeviceParams.cpp:227] @ 0.487689s :enableMultiThreading: 0
DEBUG [IRDeviceParams.cpp:232] @ 0.487702s :ethernetDevice.deviceIpAddress: 0.0.0.0
DEBUG [IRDeviceParams.cpp:233] @ 0.487714s :ethernetDevice.localUdpPort: 0
DEBUG [IRDeviceParams.cpp:234] @ 0.487726s :ethernetDevice.checkUdpSenderIp: 1
DEBUG [IRImager.cpp:1107] @ 0.640741s :Start flag calibration
DEBUG [Cali.cpp:87] @ 0.682693s :Calibration directory path: C:\Users\u0173846\AppData\Roaming\Imager\Cali
DEBUG [Cali.cpp:88] @ 0.682728s :Calibration file name: Cali-20052193.xml
DEBUG [Cali.cpp:98] @ 0.683187s :Calibration data A: 1450 B:1500 C:4095 D:1500
INFO [IRImager.cpp:266] @ 0.684465s :Init thermal imager to 20052193 with size: 642x480@32 Hz
DEBUG [Cali.cpp:87] @ 0.684785s :Calibration directory path: C:\Users\u0173846\AppData\Roaming\Imager\Cali
DEBUG [Cali.cpp:88] @ 0.684802s :Calibration file name: Cali-20052193.xml
DEBUG [Cali.cpp:98] @ 0.685206s :Calibration data A: 1450 B:1500 C:4095 D:1500
DEBUG [IRImager.cpp:374] @ 0.686246s :Using HID control interface
DEBUG [IRImager.cpp:414] @ 0.707308s :Initialized HID control interface to device with HW:601 FW:2633
DEBUG [IRImager.cpp:435] @ 0.707352s :Frameconfig - width(in): 642, height(in): 480, interval: 312500, max framerate: 32, HW interval: 0.03125
DEBUG [Cali.cpp:87] @ 0.70737s :Calibration directory path: C:\Users\u0173846\AppData\Roaming\Imager\Cali
DEBUG [Cali.cpp:88] @ 0.707384s :Calibration file name: Cali-20052193.xml
DEBUG [Cali.cpp:98] @ 0.707871s :Calibration data A: 1450 B:1500 C:4095 D:1500
DEBUG [ImageProcessing.cpp:200] @ 0.735483s :Source buffer size: 616320 Width: 642 Height: 480
DEBUG [ImageProcessing.cpp:121] @ 0.774992s :Source buffer size: 616320 Width: 642 Height: 480
DEBUG [OpSource.cpp:347] @ 0.775073s :Using formats path: .\\Formats.def
DEBUG [OpSource.cpp:598] @ 0.77524s :Format found with size: 25
DEBUG [IRImager.cpp:841] @ 0.775909s :Caught onFrameInit with size: 640x480
DEBUG [OpSource.cpp:347] @ 0.777676s :Using formats path: .\\Formats.def
DEBUG [OpSource.cpp:598] @ 0.777852s :Format found with size: 25
DEBUG [OpSource.cpp:347] @ 0.77792s :Using formats path: .\\Formats.def
DEBUG [OpCorr.cpp:467] @ 0.782157s :Read cali: C:\Users\u0173846\AppData\Roaming\Imager\Cali\Cali-20052193-33-0-250.dat
DEBUG [OpCorr.cpp:557] @ 0.782235s :Read calibration of camera no 20052193, # of fields: 6 , start of fields: 40
DEBUG [ImageProcessing.cpp:1108] @ 1.05746s :Update flag temperature: 31.1875
DEBUG [ImageProcessing.cpp:1111] @ 1.06122s :Update box temperature: 28.9375
DEBUG [Cali.cpp:639] @ 1.06127s :Calibration file path: 0000019E7D783614/00000035381ECA60.xml
DEBUG [SimpleXML.cpp:238] @ 1.06143s :Failed to open file C:\Users\u0173846\AppData\Roaming\Imager\Cali\CaliExt-20052193.xml
DEBUG [IRImager.cpp:547] @ 1.07295s :Chip heating disabled
DEBUG [direct_binding.cpp:300] @ 1.08185s :evo_irimager_multi_usb_init with config: 6060300f.xml
DEBUG [direct_binding.cpp:301] @ 1.08197s :evo_irimager_multi_usb_init connected returned: 1
DEBUG [IRImager.cpp:1107] @ 1.18197s :Start flag calibration
