DEBUG [IRLogger.cpp:105] @ 0.490122s :***************************************************
DEBUG [IRLogger.cpp:106] @ 0.490198s :* IRImagerDirect SDK                              *
DEBUG [IRLogger.cpp:107] @ 0.490244s :***************************************************
DEBUG [IRLogger.cpp:113] @ 0.490281s :* Native Machine:      AMD64
DEBUG [IRLogger.cpp:114] @ 0.490328s :* Machine:             AMD64
DEBUG [IRLogger.cpp:116] @ 0.490377s :* OS:                  Windows 10 0 19045
DEBUG [IRLogger.cpp:123] @ 0.49041s :***************************************************
DEBUG [IRDeviceParams.cpp:204] @ 0.491474s :Parameters
DEBUG [IRDeviceParams.cpp:205] @ 0.491495s :serial: 20052193
DEBUG [IRDeviceParams.cpp:206] @ 0.491507s :videoformatindex: 0
DEBUG [IRDeviceParams.cpp:207] @ 0.491519s :fov: 33
DEBUG [IRDeviceParams.cpp:208] @ 0.49153s :optics_text: 0000017C606FCEA0
DEBUG [IRDeviceParams.cpp:209] @ 0.491542s :formatspath: 0000017C606FCDF0
DEBUG [IRDeviceParams.cpp:210] @ 0.491554s :calipath: 0000000000000000
DEBUG [IRDeviceParams.cpp:211] @ 0.491565s :temperature min: 0
DEBUG [IRDeviceParams.cpp:212] @ 0.491576s :temperature max: 250
DEBUG [IRDeviceParams.cpp:213] @ 0.491589s :framerate: 32
DEBUG [IRDeviceParams.cpp:214] @ 0.4916s :bispectral: 0
DEBUG [IRDeviceParams.cpp:215] @ 0.491611s :flag automatic: 0
DEBUG [IRDeviceParams.cpp:216] @ 0.491623s :min interval: 15
DEBUG [IRDeviceParams.cpp:217] @ 0.491634s :max interval: 0
DEBUG [IRDeviceParams.cpp:218] @ 0.491645s :chip heating mode: 0
DEBUG [IRDeviceParams.cpp:219] @ 0.491657s :chip heating fixed val: 40
DEBUG [IRDeviceParams.cpp:220] @ 0.491668s :focus:  -1
DEBUG [IRDeviceParams.cpp:221] @ 0.49168s :enable extended temp range: 0
DEBUG [IRDeviceParams.cpp:222] @ 0.491692s :buffer queue size: 5
DEBUG [IRDeviceParams.cpp:223] @ 0.491703s :enable high precision: 0
DEBUG [IRDeviceParams.cpp:224] @ 0.491714s :radialDistortionCorrectionMode: 0
DEBUG [IRDeviceParams.cpp:225] @ 0.491725s :deviceAPI: 0
DEBUG [IRDeviceParams.cpp:226] @ 0.491735s :useExternalProbeForReferencing: 0
DEBUG [IRDeviceParams.cpp:227] @ 0.491751s :enableMultiThreading: 0
DEBUG [IRDeviceParams.cpp:232] @ 0.491763s :ethernetDevice.deviceIpAddress: 0.0.0.0
DEBUG [IRDeviceParams.cpp:233] @ 0.491774s :ethernetDevice.localUdpPort: 0
DEBUG [IRDeviceParams.cpp:234] @ 0.491785s :ethernetDevice.checkUdpSenderIp: 1
DEBUG [IRImager.cpp:1107] @ 0.643804s :Start flag calibration
DEBUG [Cali.cpp:87] @ 0.655188s :Calibration directory path: C:\Users\u0173846\AppData\Roaming\Imager\Cali
DEBUG [Cali.cpp:88] @ 0.655215s :Calibration file name: Cali-20052193.xml
DEBUG [Cali.cpp:98] @ 0.655638s :Calibration data A: 1450 B:1500 C:4095 D:1500
INFO [IRImager.cpp:266] @ 0.656648s :Init thermal imager to 20052193 with size: 642x480@32 Hz
DEBUG [Cali.cpp:87] @ 0.656913s :Calibration directory path: C:\Users\u0173846\AppData\Roaming\Imager\Cali
DEBUG [Cali.cpp:88] @ 0.656929s :Calibration file name: Cali-20052193.xml
DEBUG [Cali.cpp:98] @ 0.657306s :Calibration data A: 1450 B:1500 C:4095 D:1500
DEBUG [IRImager.cpp:374] @ 0.658086s :Using HID control interface
DEBUG [IRImager.cpp:414] @ 0.681592s :Initialized HID control interface to device with HW:601 FW:2633
DEBUG [IRImager.cpp:435] @ 0.681633s :Frameconfig - width(in): 642, height(in): 480, interval: 312500, max framerate: 32, HW interval: 0.03125
DEBUG [Cali.cpp:87] @ 0.681649s :Calibration directory path: C:\Users\u0173846\AppData\Roaming\Imager\Cali
DEBUG [Cali.cpp:88] @ 0.681662s :Calibration file name: Cali-20052193.xml
DEBUG [Cali.cpp:98] @ 0.68212s :Calibration data A: 1450 B:1500 C:4095 D:1500
DEBUG [ImageProcessing.cpp:200] @ 0.70957s :Source buffer size: 616320 Width: 642 Height: 480
DEBUG [ImageProcessing.cpp:121] @ 0.750774s :Source buffer size: 616320 Width: 642 Height: 480
DEBUG [OpSource.cpp:347] @ 0.750874s :Using formats path: .\\Formats.def
DEBUG [OpSource.cpp:598] @ 0.751028s :Format found with size: 25
DEBUG [IRImager.cpp:841] @ 0.751749s :Caught onFrameInit with size: 640x480
DEBUG [OpSource.cpp:347] @ 0.754005s :Using formats path: .\\Formats.def
DEBUG [OpSource.cpp:598] @ 0.754165s :Format found with size: 25
DEBUG [OpSource.cpp:347] @ 0.754222s :Using formats path: .\\Formats.def
DEBUG [OpCorr.cpp:467] @ 0.758627s :Read cali: C:\Users\u0173846\AppData\Roaming\Imager\Cali\Cali-20052193-33-0-250.dat
DEBUG [OpCorr.cpp:557] @ 0.758737s :Read calibration of camera no 20052193, # of fields: 6 , start of fields: 40
DEBUG [ImageProcessing.cpp:1108] @ 1.02199s :Update flag temperature: 28.625
DEBUG [ImageProcessing.cpp:1111] @ 1.02563s :Update box temperature: 26.4375
DEBUG [Cali.cpp:639] @ 1.02566s :Calibration file path: 0000017C6048F3C4/00000021047ECB20.xml
DEBUG [SimpleXML.cpp:238] @ 1.02575s :Failed to open file C:\Users\u0173846\AppData\Roaming\Imager\Cali\CaliExt-20052193.xml
DEBUG [IRImager.cpp:547] @ 1.03749s :Chip heating disabled
DEBUG [direct_binding.cpp:300] @ 1.04552s :evo_irimager_multi_usb_init with config: 6060300f.xml
DEBUG [direct_binding.cpp:301] @ 1.04555s :evo_irimager_multi_usb_init connected returned: 1
DEBUG [IRImager.cpp:1107] @ 1.14405s :Start flag calibration
DEBUG [OpFlag.cpp:591] @ 11.647s :SkimDiff: 0 Adjust: 0 State: 0 EMax: 8692 Emin: 8368
DEBUG [OpFlag.cpp:591] @ 12.0496s :SkimDiff: 0 Adjust: 0 State: 0 EMax: 12753 Emin: 5256
DEBUG [IRImager.cpp:1121] @ 12.0891s :Finished startup calibration
DEBUG [IRImager.cpp:1121] @ 12.3566s :Finished startup calibration
