DEBUG [IRLogger.cpp:105] @ 0.0003452s :***************************************************
DEBUG [IRLogger.cpp:106] @ 0.0004153s :* IRImagerDirect SDK                              *
DEBUG [IRLogger.cpp:107] @ 0.0004419s :***************************************************
DEBUG [IRLogger.cpp:113] @ 0.0004654s :* Native Machine:      AMD64
DEBUG [IRLogger.cpp:114] @ 0.0004884s :* Machine:             AMD64
DEBUG [IRLogger.cpp:116] @ 0.0005154s :* OS:                  Windows 10 0 19045
DEBUG [IRLogger.cpp:123] @ 0.0005352s :***************************************************
DEBUG [IRDeviceParams.cpp:204] @ 0.0011637s :Parameters
DEBUG [IRDeviceParams.cpp:205] @ 0.0011851s :serial: 17092037
DEBUG [IRDeviceParams.cpp:206] @ 0.0011969s :videoformatindex: 2
DEBUG [IRDeviceParams.cpp:207] @ 0.0012084s :fov: 0
DEBUG [IRDeviceParams.cpp:208] @ 0.0012203s :optics_text: 000002A1D9DA58D0
DEBUG [IRDeviceParams.cpp:209] @ 0.0012323s :formatspath: 000002A1D9DA5920
DEBUG [IRDeviceParams.cpp:210] @ 0.0012442s :calipath: 0000000000000000
DEBUG [IRDeviceParams.cpp:211] @ 0.0012554s :temperature min: 500
DEBUG [IRDeviceParams.cpp:212] @ 0.0012695s :temperature max: 1800
DEBUG [IRDeviceParams.cpp:213] @ 0.0012841s :framerate: 32
DEBUG [IRDeviceParams.cpp:214] @ 0.0012957s :bispectral: 0
DEBUG [IRDeviceParams.cpp:215] @ 0.0013074s :flag automatic: 0
DEBUG [IRDeviceParams.cpp:216] @ 0.0013189s :min interval: 15
DEBUG [IRDeviceParams.cpp:217] @ 0.0013303s :max interval: 0
DEBUG [IRDeviceParams.cpp:218] @ 0.001355s :chip heating mode: 0
DEBUG [IRDeviceParams.cpp:219] @ 0.0013998s :chip heating fixed val: 40
DEBUG [IRDeviceParams.cpp:220] @ 0.001423s :focus:  -1
DEBUG [IRDeviceParams.cpp:221] @ 0.0014361s :enable extended temp range: 0
DEBUG [IRDeviceParams.cpp:222] @ 0.0014478s :buffer queue size: 5
DEBUG [IRDeviceParams.cpp:223] @ 0.0014601s :enable high precision: 0
DEBUG [IRDeviceParams.cpp:224] @ 0.001472s :radialDistortionCorrectionMode: 0
DEBUG [IRDeviceParams.cpp:225] @ 0.0014839s :deviceAPI: 0
DEBUG [IRDeviceParams.cpp:226] @ 0.0014952s :useExternalProbeForReferencing: 0
DEBUG [IRDeviceParams.cpp:227] @ 0.0015068s :enableMultiThreading: 0
DEBUG [IRDeviceParams.cpp:232] @ 0.0015193s :ethernetDevice.deviceIpAddress: 0.0.0.0
DEBUG [IRDeviceParams.cpp:233] @ 0.0015311s :ethernetDevice.localUdpPort: 0
DEBUG [IRDeviceParams.cpp:234] @ 0.0015421s :ethernetDevice.checkUdpSenderIp: 1
DEBUG [Cali.cpp:87] @ 0.297856s :Calibration directory path: C:\Users\u0173846\AppData\Roaming\Imager\Cali
DEBUG [Cali.cpp:88] @ 0.297887s :Calibration file name: Cali-17092037.xml
DEBUG [Cali.cpp:98] @ 0.298195s :Calibration data A: 1450 B:470 C:4095 D:1500
INFO [IRImager.cpp:266] @ 0.298787s :Init thermal imager to 17092037 with size: 766x480@32 Hz
DEBUG [Cali.cpp:87] @ 0.299053s :Calibration directory path: C:\Users\u0173846\AppData\Roaming\Imager\Cali
DEBUG [Cali.cpp:88] @ 0.299069s :Calibration file name: Cali-17092037.xml
DEBUG [Cali.cpp:98] @ 0.299335s :Calibration data A: 1450 B:470 C:4095 D:1500
DEBUG [IRImager.cpp:374] @ 0.299944s :Using HID control interface
DEBUG [IRImager.cpp:414] @ 0.381106s :Initialized HID control interface to device with HW:2101 FW:2820
DEBUG [IRImager.cpp:435] @ 0.381156s :Frameconfig - width(in): 766, height(in): 480, interval: 312500, max framerate: 32, HW interval: 0.03125
DEBUG [Cali.cpp:87] @ 0.381178s :Calibration directory path: C:\Users\u0173846\AppData\Roaming\Imager\Cali
DEBUG [Cali.cpp:88] @ 0.381195s :Calibration file name: Cali-17092037.xml
DEBUG [Cali.cpp:98] @ 0.381611s :Calibration data A: 1450 B:470 C:4095 D:1500
DEBUG [ImageProcessing.cpp:200] @ 0.386111s :Source buffer size: 735360 Width: 766 Height: 480
DEBUG [ImageProcessing.cpp:121] @ 0.421489s :Source buffer size: 735360 Width: 766 Height: 480
DEBUG [OpSource.cpp:347] @ 0.421639s :Using formats path: .\\Formats.def
DEBUG [OpSource.cpp:598] @ 0.421898s :Format found with size: 14
DEBUG [IRImager.cpp:841] @ 0.422732s :Caught onFrameInit with size: 764x480
DEBUG [OpSource.cpp:347] @ 0.424834s :Using formats path: .\\Formats.def
DEBUG [OpSource.cpp:598] @ 0.42503s :Format found with size: 14
DEBUG [OpSource.cpp:347] @ 0.425092s :Using formats path: .\\Formats.def
DEBUG [OpCorr.cpp:467] @ 0.427166s :Read cali: C:\Users\u0173846\AppData\Roaming\Imager\Cali\Cali-17092037-25-500-1800-32.dat
DEBUG [ImageProcessing.cpp:1108] @ 0.460994s :Update flag temperature: 35.9375
DEBUG [ImageProcessing.cpp:1111] @ 0.46291s :Update box temperature: 35.9375
DEBUG [Cali.cpp:639] @ 0.462936s :Calibration file path: 000002A1D9ECE654/000000A3E09ECAC0.xml
DEBUG [SimpleXML.cpp:238] @ 0.463041s :Failed to open file C:\Users\u0173846\AppData\Roaming\Imager\Cali\CaliExt-17092037.xml
DEBUG [IRImager.cpp:547] @ 0.476474s :Chip heating disabled
DEBUG [direct_binding.cpp:300] @ 0.480779s :evo_irimager_multi_usb_init with config: 17092037f.xml
DEBUG [direct_binding.cpp:301] @ 0.480818s :evo_irimager_multi_usb_init connected returned: 1
