DEBUG [IRLogger.cpp:105] @ 0.477234s :***************************************************
DEBUG [IRLogger.cpp:106] @ 0.477294s :* IRImagerDirect SDK                              *
DEBUG [IRLogger.cpp:107] @ 0.477319s :***************************************************
DEBUG [IRLogger.cpp:113] @ 0.477341s :* Native Machine:      AMD64
DEBUG [IRLogger.cpp:114] @ 0.477371s :* Machine:             AMD64
DEBUG [IRLogger.cpp:116] @ 0.47741s :* OS:                  Windows 10 0 19045
DEBUG [IRLogger.cpp:123] @ 0.47743s :***************************************************
DEBUG [IRDeviceParams.cpp:204] @ 0.478075s :Parameters
DEBUG [IRDeviceParams.cpp:205] @ 0.478098s :serial: 20052193
DEBUG [IRDeviceParams.cpp:206] @ 0.47811s :videoformatindex: 0
DEBUG [IRDeviceParams.cpp:207] @ 0.478122s :fov: 33
DEBUG [IRDeviceParams.cpp:208] @ 0.478134s :optics_text: 00000295868A0170
DEBUG [IRDeviceParams.cpp:209] @ 0.478148s :formatspath: 00000295868A01A0
DEBUG [IRDeviceParams.cpp:210] @ 0.478179s :calipath: 0000000000000000
DEBUG [IRDeviceParams.cpp:211] @ 0.478196s :temperature min: 0
DEBUG [IRDeviceParams.cpp:212] @ 0.478209s :temperature max: 250
DEBUG [IRDeviceParams.cpp:213] @ 0.478223s :framerate: 32
DEBUG [IRDeviceParams.cpp:214] @ 0.478236s :bispectral: 0
DEBUG [IRDeviceParams.cpp:215] @ 0.47825s :flag automatic: 0
DEBUG [IRDeviceParams.cpp:216] @ 0.478262s :min interval: 15
DEBUG [IRDeviceParams.cpp:217] @ 0.478275s :max interval: 0
DEBUG [IRDeviceParams.cpp:218] @ 0.478288s :chip heating mode: 0
DEBUG [IRDeviceParams.cpp:219] @ 0.478303s :chip heating fixed val: 40
DEBUG [IRDeviceParams.cpp:220] @ 0.478315s :focus:  -1
DEBUG [IRDeviceParams.cpp:221] @ 0.478329s :enable extended temp range: 0
DEBUG [IRDeviceParams.cpp:222] @ 0.478342s :buffer queue size: 5
DEBUG [IRDeviceParams.cpp:223] @ 0.478362s :enable high precision: 0
DEBUG [IRDeviceParams.cpp:224] @ 0.478391s :radialDistortionCorrectionMode: 0
DEBUG [IRDeviceParams.cpp:225] @ 0.478406s :deviceAPI: 0
DEBUG [IRDeviceParams.cpp:226] @ 0.478421s :useExternalProbeForReferencing: 0
DEBUG [IRDeviceParams.cpp:227] @ 0.478433s :enableMultiThreading: 0
DEBUG [IRDeviceParams.cpp:232] @ 0.478445s :ethernetDevice.deviceIpAddress: 0.0.0.0
DEBUG [IRDeviceParams.cpp:233] @ 0.478457s :ethernetDevice.localUdpPort: 0
DEBUG [IRDeviceParams.cpp:234] @ 0.478469s :ethernetDevice.checkUdpSenderIp: 1
DEBUG [IRImager.cpp:1107] @ 0.631419s :Start flag calibration
DEBUG [Cali.cpp:87] @ 0.639981s :Calibration directory path: C:\Users\u0173846\AppData\Roaming\Imager\Cali
DEBUG [Cali.cpp:88] @ 0.64001s :Calibration file name: Cali-20052193.xml
DEBUG [Cali.cpp:98] @ 0.640446s :Calibration data A: 1450 B:1500 C:4095 D:1500
INFO [IRImager.cpp:266] @ 0.641455s :Init thermal imager to 20052193 with size: 642x480@32 Hz
DEBUG [Cali.cpp:87] @ 0.641719s :Calibration directory path: C:\Users\u0173846\AppData\Roaming\Imager\Cali
DEBUG [Cali.cpp:88] @ 0.641735s :Calibration file name: Cali-20052193.xml
DEBUG [Cali.cpp:98] @ 0.642112s :Calibration data A: 1450 B:1500 C:4095 D:1500
DEBUG [IRImager.cpp:374] @ 0.642892s :Using HID control interface
DEBUG [IRImager.cpp:414] @ 0.664392s :Initialized HID control interface to device with HW:601 FW:2633
DEBUG [IRImager.cpp:435] @ 0.664436s :Frameconfig - width(in): 642, height(in): 480, interval: 312500, max framerate: 32, HW interval: 0.03125
DEBUG [Cali.cpp:87] @ 0.664453s :Calibration directory path: C:\Users\u0173846\AppData\Roaming\Imager\Cali
DEBUG [Cali.cpp:88] @ 0.664466s :Calibration file name: Cali-20052193.xml
DEBUG [Cali.cpp:98] @ 0.664921s :Calibration data A: 1450 B:1500 C:4095 D:1500
DEBUG [ImageProcessing.cpp:200] @ 0.69249s :Source buffer size: 616320 Width: 642 Height: 480
DEBUG [ImageProcessing.cpp:121] @ 0.731888s :Source buffer size: 616320 Width: 642 Height: 480
DEBUG [OpSource.cpp:347] @ 0.731992s :Using formats path: .\\Formats.def
DEBUG [OpSource.cpp:598] @ 0.732144s :Format found with size: 25
DEBUG [IRImager.cpp:841] @ 0.732857s :Caught onFrameInit with size: 640x480
DEBUG [OpSource.cpp:347] @ 0.73456s :Using formats path: .\\Formats.def
DEBUG [OpSource.cpp:598] @ 0.734729s :Format found with size: 25
DEBUG [OpSource.cpp:347] @ 0.73479s :Using formats path: .\\Formats.def
DEBUG [OpCorr.cpp:467] @ 0.73923s :Read cali: C:\Users\u0173846\AppData\Roaming\Imager\Cali\Cali-20052193-33-0-250.dat
DEBUG [OpCorr.cpp:557] @ 0.739321s :Read calibration of camera no 20052193, # of fields: 6 , start of fields: 40
DEBUG [ImageProcessing.cpp:1108] @ 1.0024s :Update flag temperature: 28.625
DEBUG [ImageProcessing.cpp:1111] @ 1.00613s :Update box temperature: 26.375
DEBUG [Cali.cpp:639] @ 1.00616s :Calibration file path: 0000029586D731B4/000000A93A3ECB10.xml
DEBUG [SimpleXML.cpp:238] @ 1.00625s :Failed to open file C:\Users\u0173846\AppData\Roaming\Imager\Cali\CaliExt-20052193.xml
DEBUG [IRImager.cpp:547] @ 1.01754s :Chip heating disabled
DEBUG [direct_binding.cpp:300] @ 1.02643s :evo_irimager_multi_usb_init with config: 6060300f.xml
DEBUG [direct_binding.cpp:301] @ 1.02647s :evo_irimager_multi_usb_init connected returned: 1
DEBUG [IRImager.cpp:1107] @ 1.1034s :Start flag calibration
DEBUG [OpFlag.cpp:591] @ 11.6346s :SkimDiff: 0 Adjust: 0 State: 0 EMax: 8658 Emin: 8381
DEBUG [OpFlag.cpp:591] @ 11.9774s :SkimDiff: 0 Adjust: 0 State: 0 EMax: 12741 Emin: 5235
DEBUG [IRImager.cpp:1121] @ 12.0768s :Finished startup calibration
DEBUG [IRImager.cpp:1121] @ 12.3s :Finished startup calibration
