DEBUG [IRLogger.cpp:105] @ 0.488288s :***************************************************
DEBUG [IRLogger.cpp:106] @ 0.488355s :* IRImagerDirect SDK                              *
DEBUG [IRLogger.cpp:107] @ 0.488383s :***************************************************
DEBUG [IRLogger.cpp:113] @ 0.488409s :* Native Machine:      AMD64
DEBUG [IRLogger.cpp:114] @ 0.488431s :* Machine:             AMD64
DEBUG [IRLogger.cpp:116] @ 0.488457s :* OS:                  Windows 10 0 19045
DEBUG [IRLogger.cpp:123] @ 0.488477s :***************************************************
DEBUG [IRDeviceParams.cpp:204] @ 0.489242s :Parameters
DEBUG [IRDeviceParams.cpp:205] @ 0.489264s :serial: 20052193
DEBUG [IRDeviceParams.cpp:206] @ 0.489277s :videoformatindex: 0
DEBUG [IRDeviceParams.cpp:207] @ 0.489314s :fov: 33
DEBUG [IRDeviceParams.cpp:208] @ 0.489357s :optics_text: 000001B66D7D67B0
DEBUG [IRDeviceParams.cpp:209] @ 0.489391s :formatspath: 000001B66D7D67C0
DEBUG [IRDeviceParams.cpp:210] @ 0.489414s :calipath: 0000000000000000
DEBUG [IRDeviceParams.cpp:211] @ 0.489437s :temperature min: 0
DEBUG [IRDeviceParams.cpp:212] @ 0.489463s :temperature max: 250
DEBUG [IRDeviceParams.cpp:213] @ 0.489487s :framerate: 32
DEBUG [IRDeviceParams.cpp:214] @ 0.48951s :bispectral: 0
DEBUG [IRDeviceParams.cpp:215] @ 0.489536s :flag automatic: 0
DEBUG [IRDeviceParams.cpp:216] @ 0.489559s :min interval: 15
DEBUG [IRDeviceParams.cpp:217] @ 0.489583s :max interval: 0
DEBUG [IRDeviceParams.cpp:218] @ 0.489608s :chip heating mode: 0
DEBUG [IRDeviceParams.cpp:219] @ 0.489632s :chip heating fixed val: 40
DEBUG [IRDeviceParams.cpp:220] @ 0.48966s :focus:  -1
DEBUG [IRDeviceParams.cpp:221] @ 0.489681s :enable extended temp range: 0
DEBUG [IRDeviceParams.cpp:222] @ 0.489721s :buffer queue size: 5
DEBUG [IRDeviceParams.cpp:223] @ 0.489765s :enable high precision: 0
DEBUG [IRDeviceParams.cpp:224] @ 0.489796s :radialDistortionCorrectionMode: 0
DEBUG [IRDeviceParams.cpp:225] @ 0.489821s :deviceAPI: 0
DEBUG [IRDeviceParams.cpp:226] @ 0.489843s :useExternalProbeForReferencing: 0
DEBUG [IRDeviceParams.cpp:227] @ 0.489868s :enableMultiThreading: 0
DEBUG [IRDeviceParams.cpp:232] @ 0.489894s :ethernetDevice.deviceIpAddress: 0.0.0.0
DEBUG [IRDeviceParams.cpp:233] @ 0.489917s :ethernetDevice.localUdpPort: 0
DEBUG [IRDeviceParams.cpp:234] @ 0.489943s :ethernetDevice.checkUdpSenderIp: 1
DEBUG [IRImager.cpp:1107] @ 0.641775s :Start flag calibration
DEBUG [Cali.cpp:87] @ 0.674764s :Calibration directory path: C:\Users\u0173846\AppData\Roaming\Imager\Cali
DEBUG [Cali.cpp:88] @ 0.674794s :Calibration file name: Cali-20052193.xml
DEBUG [Cali.cpp:98] @ 0.675247s :Calibration data A: 1450 B:1500 C:4095 D:1500
INFO [IRImager.cpp:266] @ 0.676507s :Init thermal imager to 20052193 with size: 642x480@32 Hz
DEBUG [Cali.cpp:87] @ 0.676818s :Calibration directory path: C:\Users\u0173846\AppData\Roaming\Imager\Cali
DEBUG [Cali.cpp:88] @ 0.676835s :Calibration file name: Cali-20052193.xml
DEBUG [Cali.cpp:98] @ 0.677242s :Calibration data A: 1450 B:1500 C:4095 D:1500
DEBUG [IRImager.cpp:374] @ 0.678256s :Using HID control interface
DEBUG [IRImager.cpp:414] @ 0.699807s :Initialized HID control interface to device with HW:601 FW:2633
DEBUG [IRImager.cpp:435] @ 0.699849s :Frameconfig - width(in): 642, height(in): 480, interval: 312500, max framerate: 32, HW interval: 0.03125
DEBUG [Cali.cpp:87] @ 0.699866s :Calibration directory path: C:\Users\u0173846\AppData\Roaming\Imager\Cali
DEBUG [Cali.cpp:88] @ 0.699879s :Calibration file name: Cali-20052193.xml
DEBUG [Cali.cpp:98] @ 0.700371s :Calibration data A: 1450 B:1500 C:4095 D:1500
DEBUG [ImageProcessing.cpp:200] @ 0.727938s :Source buffer size: 616320 Width: 642 Height: 480
DEBUG [ImageProcessing.cpp:121] @ 0.768023s :Source buffer size: 616320 Width: 642 Height: 480
DEBUG [OpSource.cpp:347] @ 0.7681s :Using formats path: .\\Formats.def
DEBUG [OpSource.cpp:598] @ 0.768253s :Format found with size: 25
DEBUG [IRImager.cpp:841] @ 0.769033s :Caught onFrameInit with size: 640x480
DEBUG [OpSource.cpp:347] @ 0.773059s :Using formats path: .\\Formats.def
DEBUG [OpSource.cpp:598] @ 0.77337s :Format found with size: 25
DEBUG [OpSource.cpp:347] @ 0.773482s :Using formats path: .\\Formats.def
DEBUG [OpCorr.cpp:467] @ 0.778016s :Read cali: C:\Users\u0173846\AppData\Roaming\Imager\Cali\Cali-20052193-33-0-250.dat
DEBUG [OpCorr.cpp:557] @ 0.7781s :Read calibration of camera no 20052193, # of fields: 6 , start of fields: 40
DEBUG [ImageProcessing.cpp:1108] @ 1.04281s :Update flag temperature: 31.0625
DEBUG [ImageProcessing.cpp:1111] @ 1.04656s :Update box temperature: 28.8125
DEBUG [Cali.cpp:639] @ 1.04659s :Calibration file path: 000001B66D8F7CF4/000000A67EDECBA0.xml
DEBUG [SimpleXML.cpp:238] @ 1.04673s :Failed to open file C:\Users\u0173846\AppData\Roaming\Imager\Cali\CaliExt-20052193.xml
DEBUG [IRImager.cpp:547] @ 1.05794s :Chip heating disabled
DEBUG [direct_binding.cpp:300] @ 1.06648s :evo_irimager_multi_usb_init with config: 6060300f.xml
DEBUG [direct_binding.cpp:301] @ 1.06653s :evo_irimager_multi_usb_init connected returned: 1
