DEBUG [IRLogger.cpp:105] @ 0.47244s :***************************************************
DEBUG [IRLogger.cpp:106] @ 0.472535s :* IRImagerDirect SDK                              *
DEBUG [IRLogger.cpp:107] @ 0.472652s :***************************************************
DEBUG [IRLogger.cpp:113] @ 0.472713s :* Native Machine:      AMD64
DEBUG [IRLogger.cpp:114] @ 0.472742s :* Machine:             AMD64
DEBUG [IRLogger.cpp:116] @ 0.472768s :* OS:                  Windows 10 0 19045
DEBUG [IRLogger.cpp:123] @ 0.472789s :***************************************************
DEBUG [IRDeviceParams.cpp:204] @ 0.473383s :Parameters
DEBUG [IRDeviceParams.cpp:205] @ 0.473404s :serial: 20052193
DEBUG [IRDeviceParams.cpp:206] @ 0.473416s :videoformatindex: 0
DEBUG [IRDeviceParams.cpp:207] @ 0.473427s :fov: 33
DEBUG [IRDeviceParams.cpp:208] @ 0.473438s :optics_text: 000002A8B82F59D0
DEBUG [IRDeviceParams.cpp:209] @ 0.47345s :formatspath: 000002A8B82F59F0
DEBUG [IRDeviceParams.cpp:210] @ 0.473461s :calipath: 0000000000000000
DEBUG [IRDeviceParams.cpp:211] @ 0.473474s :temperature min: 0
DEBUG [IRDeviceParams.cpp:212] @ 0.473485s :temperature max: 250
DEBUG [IRDeviceParams.cpp:213] @ 0.473497s :framerate: 32
DEBUG [IRDeviceParams.cpp:214] @ 0.473508s :bispectral: 0
DEBUG [IRDeviceParams.cpp:215] @ 0.47352s :flag automatic: 0
DEBUG [IRDeviceParams.cpp:216] @ 0.473531s :min interval: 15
DEBUG [IRDeviceParams.cpp:217] @ 0.473542s :max interval: 0
DEBUG [IRDeviceParams.cpp:218] @ 0.473553s :chip heating mode: 0
DEBUG [IRDeviceParams.cpp:219] @ 0.473564s :chip heating fixed val: 40
DEBUG [IRDeviceParams.cpp:220] @ 0.473576s :focus:  -1
DEBUG [IRDeviceParams.cpp:221] @ 0.473587s :enable extended temp range: 0
DEBUG [IRDeviceParams.cpp:222] @ 0.473598s :buffer queue size: 5
DEBUG [IRDeviceParams.cpp:223] @ 0.473609s :enable high precision: 0
DEBUG [IRDeviceParams.cpp:224] @ 0.47362s :radialDistortionCorrectionMode: 0
DEBUG [IRDeviceParams.cpp:225] @ 0.473631s :deviceAPI: 0
DEBUG [IRDeviceParams.cpp:226] @ 0.473641s :useExternalProbeForReferencing: 0
DEBUG [IRDeviceParams.cpp:227] @ 0.473652s :enableMultiThreading: 0
DEBUG [IRDeviceParams.cpp:232] @ 0.473664s :ethernetDevice.deviceIpAddress: 0.0.0.0
DEBUG [IRDeviceParams.cpp:233] @ 0.473675s :ethernetDevice.localUdpPort: 0
DEBUG [IRDeviceParams.cpp:234] @ 0.473686s :ethernetDevice.checkUdpSenderIp: 1
DEBUG [IRImager.cpp:1107] @ 0.6271s :Start flag calibration
DEBUG [Cali.cpp:87] @ 0.638391s :Calibration directory path: C:\Users\u0173846\AppData\Roaming\Imager\Cali
DEBUG [Cali.cpp:88] @ 0.63842s :Calibration file name: Cali-20052193.xml
DEBUG [Cali.cpp:98] @ 0.638835s :Calibration data A: 1450 B:1500 C:4095 D:1500
INFO [IRImager.cpp:266] @ 0.639832s :Init thermal imager to 20052193 with size: 642x480@32 Hz
DEBUG [Cali.cpp:87] @ 0.640097s :Calibration directory path: C:\Users\u0173846\AppData\Roaming\Imager\Cali
DEBUG [Cali.cpp:88] @ 0.640113s :Calibration file name: Cali-20052193.xml
DEBUG [Cali.cpp:98] @ 0.64049s :Calibration data A: 1450 B:1500 C:4095 D:1500
DEBUG [IRImager.cpp:374] @ 0.641291s :Using HID control interface
DEBUG [IRImager.cpp:414] @ 0.651087s :Initialized HID control interface to device with HW:601 FW:2633
DEBUG [IRImager.cpp:435] @ 0.65112s :Frameconfig - width(in): 642, height(in): 480, interval: 312500, max framerate: 32, HW interval: 0.03125
DEBUG [Cali.cpp:87] @ 0.651135s :Calibration directory path: C:\Users\u0173846\AppData\Roaming\Imager\Cali
DEBUG [Cali.cpp:88] @ 0.651148s :Calibration file name: Cali-20052193.xml
DEBUG [Cali.cpp:98] @ 0.65157s :Calibration data A: 1450 B:1500 C:4095 D:1500
DEBUG [ImageProcessing.cpp:200] @ 0.679349s :Source buffer size: 616320 Width: 642 Height: 480
DEBUG [ImageProcessing.cpp:121] @ 0.718375s :Source buffer size: 616320 Width: 642 Height: 480
DEBUG [OpSource.cpp:347] @ 0.718482s :Using formats path: .\\Formats.def
DEBUG [OpSource.cpp:598] @ 0.718641s :Format found with size: 25
DEBUG [IRImager.cpp:841] @ 0.719276s :Caught onFrameInit with size: 640x480
DEBUG [OpSource.cpp:347] @ 0.721206s :Using formats path: .\\Formats.def
DEBUG [OpSource.cpp:598] @ 0.721395s :Format found with size: 25
DEBUG [OpSource.cpp:347] @ 0.721459s :Using formats path: .\\Formats.def
DEBUG [OpCorr.cpp:467] @ 0.725695s :Read cali: C:\Users\u0173846\AppData\Roaming\Imager\Cali\Cali-20052193-33-0-250.dat
DEBUG [OpCorr.cpp:557] @ 0.725778s :Read calibration of camera no 20052193, # of fields: 6 , start of fields: 40
DEBUG [ImageProcessing.cpp:1108] @ 0.989231s :Update flag temperature: 29.3125
DEBUG [ImageProcessing.cpp:1111] @ 0.993011s :Update box temperature: 27.125
DEBUG [Cali.cpp:639] @ 0.993053s :Calibration file path: 000002A8B8288B34/000000E21D7ECA70.xml
DEBUG [SimpleXML.cpp:238] @ 0.993164s :Failed to open file C:\Users\u0173846\AppData\Roaming\Imager\Cali\CaliExt-20052193.xml
DEBUG [IRImager.cpp:547] @ 1.00414s :Chip heating disabled
DEBUG [direct_binding.cpp:300] @ 1.01216s :evo_irimager_multi_usb_init with config: 6060300f.xml
DEBUG [direct_binding.cpp:301] @ 1.0122s :evo_irimager_multi_usb_init connected returned: 1
DEBUG [IRImager.cpp:1107] @ 1.10488s :Start flag calibration
