DEBUG [IRLogger.cpp:105] @ 0.487947s :***************************************************
DEBUG [IRLogger.cpp:106] @ 0.488009s :* IRImagerDirect SDK                              *
DEBUG [IRLogger.cpp:107] @ 0.488037s :***************************************************
DEBUG [IRLogger.cpp:113] @ 0.488062s :* Native Machine:      AMD64
DEBUG [IRLogger.cpp:114] @ 0.488086s :* Machine:             AMD64
DEBUG [IRLogger.cpp:116] @ 0.488114s :* OS:                  Windows 10 0 19045
DEBUG [IRLogger.cpp:123] @ 0.488135s :***************************************************
DEBUG [IRDeviceParams.cpp:204] @ 0.48889s :Parameters
DEBUG [IRDeviceParams.cpp:205] @ 0.488911s :serial: 20052193
DEBUG [IRDeviceParams.cpp:206] @ 0.488924s :videoformatindex: 0
DEBUG [IRDeviceParams.cpp:207] @ 0.488935s :fov: 33
DEBUG [IRDeviceParams.cpp:208] @ 0.488947s :optics_text: 000001FC00261040
DEBUG [IRDeviceParams.cpp:209] @ 0.488959s :formatspath: 000001FC00261270
DEBUG [IRDeviceParams.cpp:210] @ 0.488971s :calipath: 0000000000000000
DEBUG [IRDeviceParams.cpp:211] @ 0.488982s :temperature min: 0
DEBUG [IRDeviceParams.cpp:212] @ 0.488993s :temperature max: 250
DEBUG [IRDeviceParams.cpp:213] @ 0.489006s :framerate: 32
DEBUG [IRDeviceParams.cpp:214] @ 0.489017s :bispectral: 0
DEBUG [IRDeviceParams.cpp:215] @ 0.489029s :flag automatic: 0
DEBUG [IRDeviceParams.cpp:216] @ 0.489041s :min interval: 15
DEBUG [IRDeviceParams.cpp:217] @ 0.489052s :max interval: 0
DEBUG [IRDeviceParams.cpp:218] @ 0.489063s :chip heating mode: 0
DEBUG [IRDeviceParams.cpp:219] @ 0.489077s :chip heating fixed val: 40
DEBUG [IRDeviceParams.cpp:220] @ 0.489089s :focus:  -1
DEBUG [IRDeviceParams.cpp:221] @ 0.4891s :enable extended temp range: 0
DEBUG [IRDeviceParams.cpp:222] @ 0.489114s :buffer queue size: 5
DEBUG [IRDeviceParams.cpp:223] @ 0.489125s :enable high precision: 0
DEBUG [IRDeviceParams.cpp:224] @ 0.489137s :radialDistortionCorrectionMode: 0
DEBUG [IRDeviceParams.cpp:225] @ 0.489148s :deviceAPI: 0
DEBUG [IRDeviceParams.cpp:226] @ 0.489159s :useExternalProbeForReferencing: 0
DEBUG [IRDeviceParams.cpp:227] @ 0.48917s :enableMultiThreading: 0
DEBUG [IRDeviceParams.cpp:232] @ 0.489182s :ethernetDevice.deviceIpAddress: 0.0.0.0
DEBUG [IRDeviceParams.cpp:233] @ 0.489193s :ethernetDevice.localUdpPort: 0
DEBUG [IRDeviceParams.cpp:234] @ 0.489205s :ethernetDevice.checkUdpSenderIp: 1
DEBUG [IRImager.cpp:1107] @ 0.642247s :Start flag calibration
DEBUG [Cali.cpp:87] @ 0.657222s :Calibration directory path: C:\Users\u0173846\AppData\Roaming\Imager\Cali
DEBUG [Cali.cpp:88] @ 0.657252s :Calibration file name: Cali-20052193.xml
DEBUG [Cali.cpp:98] @ 0.657692s :Calibration data A: 1450 B:1500 C:4095 D:1500
INFO [IRImager.cpp:266] @ 0.658727s :Init thermal imager to 20052193 with size: 642x480@32 Hz
DEBUG [Cali.cpp:87] @ 0.659s :Calibration directory path: C:\Users\u0173846\AppData\Roaming\Imager\Cali
DEBUG [Cali.cpp:88] @ 0.659016s :Calibration file name: Cali-20052193.xml
DEBUG [Cali.cpp:98] @ 0.659397s :Calibration data A: 1450 B:1500 C:4095 D:1500
DEBUG [IRImager.cpp:374] @ 0.660197s :Using HID control interface
DEBUG [IRImager.cpp:414] @ 0.681612s :Initialized HID control interface to device with HW:601 FW:2633
DEBUG [IRImager.cpp:435] @ 0.681647s :Frameconfig - width(in): 642, height(in): 480, interval: 312500, max framerate: 32, HW interval: 0.03125
DEBUG [Cali.cpp:87] @ 0.681665s :Calibration directory path: C:\Users\u0173846\AppData\Roaming\Imager\Cali
DEBUG [Cali.cpp:88] @ 0.681678s :Calibration file name: Cali-20052193.xml
DEBUG [Cali.cpp:98] @ 0.682105s :Calibration data A: 1450 B:1500 C:4095 D:1500
DEBUG [ImageProcessing.cpp:200] @ 0.709782s :Source buffer size: 616320 Width: 642 Height: 480
DEBUG [ImageProcessing.cpp:121] @ 0.74897s :Source buffer size: 616320 Width: 642 Height: 480
DEBUG [OpSource.cpp:347] @ 0.749045s :Using formats path: .\\Formats.def
DEBUG [OpSource.cpp:598] @ 0.749186s :Format found with size: 25
DEBUG [IRImager.cpp:841] @ 0.750229s :Caught onFrameInit with size: 640x480
DEBUG [OpSource.cpp:347] @ 0.752585s :Using formats path: .\\Formats.def
DEBUG [OpSource.cpp:598] @ 0.752753s :Format found with size: 25
DEBUG [OpSource.cpp:347] @ 0.75281s :Using formats path: .\\Formats.def
DEBUG [OpCorr.cpp:467] @ 0.756959s :Read cali: C:\Users\u0173846\AppData\Roaming\Imager\Cali\Cali-20052193-33-0-250.dat
DEBUG [OpCorr.cpp:557] @ 0.757035s :Read calibration of camera no 20052193, # of fields: 6 , start of fields: 40
DEBUG [ImageProcessing.cpp:1108] @ 1.02003s :Update flag temperature: 28.375
DEBUG [ImageProcessing.cpp:1111] @ 1.02378s :Update box temperature: 26.1875
DEBUG [Cali.cpp:639] @ 1.02382s :Calibration file path: 000001FC7EB46994/000000BBB53EC900.xml
DEBUG [SimpleXML.cpp:238] @ 1.02393s :Failed to open file C:\Users\u0173846\AppData\Roaming\Imager\Cali\CaliExt-20052193.xml
DEBUG [IRImager.cpp:547] @ 1.03545s :Chip heating disabled
DEBUG [direct_binding.cpp:300] @ 1.04356s :evo_irimager_multi_usb_init with config: 6060300f.xml
DEBUG [direct_binding.cpp:301] @ 1.0436s :evo_irimager_multi_usb_init connected returned: 1
DEBUG [IRImager.cpp:1107] @ 1.15256s :Start flag calibration
