DEBUG [IRLogger.cpp:105] @ 0.0003428s :***************************************************
DEBUG [IRLogger.cpp:106] @ 0.000416s :* IRImagerDirect SDK                              *
DEBUG [IRLogger.cpp:107] @ 0.0004435s :***************************************************
DEBUG [IRLogger.cpp:113] @ 0.0004676s :* Native Machine:      AMD64
DEBUG [IRLogger.cpp:114] @ 0.0004909s :* Machine:             AMD64
DEBUG [IRLogger.cpp:116] @ 0.0005173s :* OS:                  Windows 10 0 19045
DEBUG [IRLogger.cpp:123] @ 0.0005378s :***************************************************
DEBUG [IRDeviceParams.cpp:204] @ 0.0011185s :Parameters
DEBUG [IRDeviceParams.cpp:205] @ 0.0011381s :serial: 17092037
DEBUG [IRDeviceParams.cpp:206] @ 0.0011503s :videoformatindex: 2
DEBUG [IRDeviceParams.cpp:207] @ 0.0011621s :fov: 0
DEBUG [IRDeviceParams.cpp:208] @ 0.0011765s :optics_text: 000001FC7EA730C0
DEBUG [IRDeviceParams.cpp:209] @ 0.0011949s :formatspath: 000001FC7EA72DA0
DEBUG [IRDeviceParams.cpp:210] @ 0.0012077s :calipath: 0000000000000000
DEBUG [IRDeviceParams.cpp:211] @ 0.0012191s :temperature min: 500
DEBUG [IRDeviceParams.cpp:212] @ 0.0012304s :temperature max: 1800
DEBUG [IRDeviceParams.cpp:213] @ 0.0012448s :framerate: 32
DEBUG [IRDeviceParams.cpp:214] @ 0.0012562s :bispectral: 0
DEBUG [IRDeviceParams.cpp:215] @ 0.0012673s :flag automatic: 0
DEBUG [IRDeviceParams.cpp:216] @ 0.0012789s :min interval: 15
DEBUG [IRDeviceParams.cpp:217] @ 0.0012917s :max interval: 0
DEBUG [IRDeviceParams.cpp:218] @ 0.0013028s :chip heating mode: 0
DEBUG [IRDeviceParams.cpp:219] @ 0.0013146s :chip heating fixed val: 40
DEBUG [IRDeviceParams.cpp:220] @ 0.0013265s :focus:  -1
DEBUG [IRDeviceParams.cpp:221] @ 0.0013377s :enable extended temp range: 0
DEBUG [IRDeviceParams.cpp:222] @ 0.0013491s :buffer queue size: 5
DEBUG [IRDeviceParams.cpp:223] @ 0.0013602s :enable high precision: 0
DEBUG [IRDeviceParams.cpp:224] @ 0.0013714s :radialDistortionCorrectionMode: 0
DEBUG [IRDeviceParams.cpp:225] @ 0.0013825s :deviceAPI: 0
DEBUG [IRDeviceParams.cpp:226] @ 0.0013936s :useExternalProbeForReferencing: 0
DEBUG [IRDeviceParams.cpp:227] @ 0.0014047s :enableMultiThreading: 0
DEBUG [IRDeviceParams.cpp:232] @ 0.0014167s :ethernetDevice.deviceIpAddress: 0.0.0.0
DEBUG [IRDeviceParams.cpp:233] @ 0.0014279s :ethernetDevice.localUdpPort: 0
DEBUG [IRDeviceParams.cpp:234] @ 0.0014391s :ethernetDevice.checkUdpSenderIp: 1
DEBUG [Cali.cpp:87] @ 0.299757s :Calibration directory path: C:\Users\u0173846\AppData\Roaming\Imager\Cali
DEBUG [Cali.cpp:88] @ 0.299788s :Calibration file name: Cali-17092037.xml
DEBUG [Cali.cpp:98] @ 0.300123s :Calibration data A: 1450 B:470 C:4095 D:1500
INFO [IRImager.cpp:266] @ 0.300698s :Init thermal imager to 17092037 with size: 766x480@32 Hz
DEBUG [Cali.cpp:87] @ 0.300965s :Calibration directory path: C:\Users\u0173846\AppData\Roaming\Imager\Cali
DEBUG [Cali.cpp:88] @ 0.300981s :Calibration file name: Cali-17092037.xml
DEBUG [Cali.cpp:98] @ 0.301247s :Calibration data A: 1450 B:470 C:4095 D:1500
DEBUG [IRImager.cpp:374] @ 0.30185s :Using HID control interface
DEBUG [IRImager.cpp:414] @ 0.382093s :Initialized HID control interface to device with HW:2101 FW:2820
DEBUG [IRImager.cpp:435] @ 0.382139s :Frameconfig - width(in): 766, height(in): 480, interval: 312500, max framerate: 32, HW interval: 0.03125
DEBUG [Cali.cpp:87] @ 0.38216s :Calibration directory path: C:\Users\u0173846\AppData\Roaming\Imager\Cali
DEBUG [Cali.cpp:88] @ 0.382173s :Calibration file name: Cali-17092037.xml
DEBUG [Cali.cpp:98] @ 0.382519s :Calibration data A: 1450 B:470 C:4095 D:1500
DEBUG [ImageProcessing.cpp:200] @ 0.386808s :Source buffer size: 735360 Width: 766 Height: 480
DEBUG [ImageProcessing.cpp:121] @ 0.422627s :Source buffer size: 735360 Width: 766 Height: 480
DEBUG [OpSource.cpp:347] @ 0.422719s :Using formats path: .\\Formats.def
DEBUG [OpSource.cpp:598] @ 0.422903s :Format found with size: 14
DEBUG [IRImager.cpp:841] @ 0.423784s :Caught onFrameInit with size: 764x480
DEBUG [OpSource.cpp:347] @ 0.42929s :Using formats path: .\\Formats.def
DEBUG [OpSource.cpp:598] @ 0.429504s :Format found with size: 14
DEBUG [OpSource.cpp:347] @ 0.42957s :Using formats path: .\\Formats.def
DEBUG [OpCorr.cpp:467] @ 0.431713s :Read cali: C:\Users\u0173846\AppData\Roaming\Imager\Cali\Cali-17092037-25-500-1800-32.dat
DEBUG [ImageProcessing.cpp:1108] @ 0.467174s :Update flag temperature: 35.9375
DEBUG [ImageProcessing.cpp:1111] @ 0.469016s :Update box temperature: 35.9375
DEBUG [Cali.cpp:639] @ 0.469058s :Calibration file path: 000001FC00228014/000000BBB53EC900.xml
DEBUG [SimpleXML.cpp:238] @ 0.469169s :Failed to open file C:\Users\u0173846\AppData\Roaming\Imager\Cali\CaliExt-17092037.xml
DEBUG [IRImager.cpp:547] @ 0.481879s :Chip heating disabled
DEBUG [direct_binding.cpp:300] @ 0.486564s :evo_irimager_multi_usb_init with config: 17092037f.xml
DEBUG [direct_binding.cpp:301] @ 0.486602s :evo_irimager_multi_usb_init connected returned: 1
