DEBUG [IRLogger.cpp:105] @ 0.0003354s :***************************************************
DEBUG [IRLogger.cpp:106] @ 0.0004036s :* IRImagerDirect SDK                              *
DEBUG [IRLogger.cpp:107] @ 0.0004313s :***************************************************
DEBUG [IRLogger.cpp:113] @ 0.0004999s :* Native Machine:      AMD64
DEBUG [IRLogger.cpp:114] @ 0.0005381s :* Machine:             AMD64
DEBUG [IRLogger.cpp:116] @ 0.0005666s :* OS:                  Windows 10 0 19045
DEBUG [IRLogger.cpp:123] @ 0.0006298s :***************************************************
DEBUG [IRDeviceParams.cpp:204] @ 0.0082413s :Parameters
DEBUG [IRDeviceParams.cpp:205] @ 0.0082663s :serial: 17092037
DEBUG [IRDeviceParams.cpp:206] @ 0.0082789s :videoformatindex: 2
DEBUG [IRDeviceParams.cpp:207] @ 0.0082908s :fov: 0
DEBUG [IRDeviceParams.cpp:208] @ 0.0083051s :optics_text: 000001DDC4E96DD0
DEBUG [IRDeviceParams.cpp:209] @ 0.0083176s :formatspath: 000001DDC4E96D30
DEBUG [IRDeviceParams.cpp:210] @ 0.0083312s :calipath: 0000000000000000
DEBUG [IRDeviceParams.cpp:211] @ 0.0083427s :temperature min: 500
DEBUG [IRDeviceParams.cpp:212] @ 0.0083541s :temperature max: 1800
DEBUG [IRDeviceParams.cpp:213] @ 0.0083687s :framerate: 32
DEBUG [IRDeviceParams.cpp:214] @ 0.0083803s :bispectral: 0
DEBUG [IRDeviceParams.cpp:215] @ 0.0083917s :flag automatic: 0
DEBUG [IRDeviceParams.cpp:216] @ 0.0084034s :min interval: 15
DEBUG [IRDeviceParams.cpp:217] @ 0.0084149s :max interval: 0
DEBUG [IRDeviceParams.cpp:218] @ 0.0084261s :chip heating mode: 0
DEBUG [IRDeviceParams.cpp:219] @ 0.0084381s :chip heating fixed val: 40
DEBUG [IRDeviceParams.cpp:220] @ 0.0084503s :focus:  -1
DEBUG [IRDeviceParams.cpp:221] @ 0.0084617s :enable extended temp range: 0
DEBUG [IRDeviceParams.cpp:222] @ 0.0084733s :buffer queue size: 5
DEBUG [IRDeviceParams.cpp:223] @ 0.0084846s :enable high precision: 0
DEBUG [IRDeviceParams.cpp:224] @ 0.0084961s :radialDistortionCorrectionMode: 0
DEBUG [IRDeviceParams.cpp:225] @ 0.0085075s :deviceAPI: 0
DEBUG [IRDeviceParams.cpp:226] @ 0.0085188s :useExternalProbeForReferencing: 0
DEBUG [IRDeviceParams.cpp:227] @ 0.0085302s :enableMultiThreading: 0
DEBUG [IRDeviceParams.cpp:232] @ 0.0085424s :ethernetDevice.deviceIpAddress: 0.0.0.0
DEBUG [IRDeviceParams.cpp:233] @ 0.0085539s :ethernetDevice.localUdpPort: 0
DEBUG [IRDeviceParams.cpp:234] @ 0.0085653s :ethernetDevice.checkUdpSenderIp: 1
DEBUG [Cali.cpp:87] @ 0.345086s :Calibration directory path: C:\Users\u0173846\AppData\Roaming\Imager\Cali
DEBUG [Cali.cpp:88] @ 0.345118s :Calibration file name: Cali-17092037.xml
DEBUG [Cali.cpp:98] @ 0.354116s :Calibration data A: 1450 B:470 C:4095 D:1500
INFO [IRImager.cpp:266] @ 0.370827s :Init thermal imager to 17092037 with size: 766x480@32 Hz
DEBUG [Cali.cpp:87] @ 0.371158s :Calibration directory path: C:\Users\u0173846\AppData\Roaming\Imager\Cali
DEBUG [Cali.cpp:88] @ 0.371177s :Calibration file name: Cali-17092037.xml
DEBUG [Cali.cpp:98] @ 0.371488s :Calibration data A: 1450 B:470 C:4095 D:1500
DEBUG [IRImager.cpp:374] @ 0.37844s :Using HID control interface
DEBUG [IRImager.cpp:414] @ 0.458934s :Initialized HID control interface to device with HW:2101 FW:2820
DEBUG [IRImager.cpp:435] @ 0.45897s :Frameconfig - width(in): 766, height(in): 480, interval: 312500, max framerate: 32, HW interval: 0.03125
DEBUG [Cali.cpp:87] @ 0.458988s :Calibration directory path: C:\Users\u0173846\AppData\Roaming\Imager\Cali
DEBUG [Cali.cpp:88] @ 0.459002s :Calibration file name: Cali-17092037.xml
DEBUG [Cali.cpp:98] @ 0.459357s :Calibration data A: 1450 B:470 C:4095 D:1500
DEBUG [ImageProcessing.cpp:200] @ 0.463569s :Source buffer size: 735360 Width: 766 Height: 480
DEBUG [ImageProcessing.cpp:121] @ 0.499043s :Source buffer size: 735360 Width: 766 Height: 480
DEBUG [OpSource.cpp:347] @ 0.499136s :Using formats path: .\\Formats.def
DEBUG [OpSource.cpp:598] @ 0.499325s :Format found with size: 14
DEBUG [IRImager.cpp:841] @ 0.500273s :Caught onFrameInit with size: 764x480
DEBUG [OpSource.cpp:347] @ 0.503662s :Using formats path: .\\Formats.def
DEBUG [OpSource.cpp:598] @ 0.503854s :Format found with size: 14
DEBUG [OpSource.cpp:347] @ 0.503923s :Using formats path: .\\Formats.def
DEBUG [OpCorr.cpp:467] @ 0.506031s :Read cali: C:\Users\u0173846\AppData\Roaming\Imager\Cali\Cali-17092037-25-500-1800-32.dat
DEBUG [ImageProcessing.cpp:1108] @ 0.54281s :Update flag temperature: 34.8125
DEBUG [ImageProcessing.cpp:1111] @ 0.544568s :Update box temperature: 34.8125
DEBUG [Cali.cpp:639] @ 0.544605s :Calibration file path: 000001DDC4F21154/0000002F831FC710.xml
DEBUG [SimpleXML.cpp:238] @ 0.544733s :Failed to open file C:\Users\u0173846\AppData\Roaming\Imager\Cali\CaliExt-17092037.xml
DEBUG [IRImager.cpp:547] @ 0.557789s :Chip heating disabled
DEBUG [direct_binding.cpp:300] @ 0.561593s :evo_irimager_multi_usb_init with config: 17092037f.xml
DEBUG [direct_binding.cpp:301] @ 0.561628s :evo_irimager_multi_usb_init connected returned: 1
DEBUG [IRLogger.cpp:105] @ 0.562963s :***************************************************
DEBUG [IRLogger.cpp:106] @ 0.563007s :* IRImagerDirect SDK                              *
DEBUG [IRLogger.cpp:107] @ 0.563023s :***************************************************
DEBUG [IRLogger.cpp:113] @ 0.563056s :* Native Machine:      AMD64
DEBUG [IRLogger.cpp:114] @ 0.563095s :* Machine:             AMD64
DEBUG [IRLogger.cpp:116] @ 0.563157s :* OS:                  Windows 10 0 19045
DEBUG [IRLogger.cpp:123] @ 0.563206s :***************************************************
DEBUG [IRDeviceParams.cpp:204] @ 0.571677s :Parameters
DEBUG [IRDeviceParams.cpp:205] @ 0.571702s :serial: 20052193
DEBUG [IRDeviceParams.cpp:206] @ 0.571715s :videoformatindex: 0
DEBUG [IRDeviceParams.cpp:207] @ 0.571728s :fov: 33
DEBUG [IRDeviceParams.cpp:208] @ 0.57174s :optics_text: 000001DDC63EFDC0
DEBUG [IRDeviceParams.cpp:209] @ 0.571752s :formatspath: 000001DDC63EFE10
DEBUG [IRDeviceParams.cpp:210] @ 0.571765s :calipath: 0000000000000000
DEBUG [IRDeviceParams.cpp:211] @ 0.571777s :temperature min: 0
DEBUG [IRDeviceParams.cpp:212] @ 0.571788s :temperature max: 250
DEBUG [IRDeviceParams.cpp:213] @ 0.571803s :framerate: 32
DEBUG [IRDeviceParams.cpp:214] @ 0.571815s :bispectral: 0
DEBUG [IRDeviceParams.cpp:215] @ 0.571826s :flag automatic: 0
DEBUG [IRDeviceParams.cpp:216] @ 0.571839s :min interval: 15
DEBUG [IRDeviceParams.cpp:217] @ 0.571851s :max interval: 0
DEBUG [IRDeviceParams.cpp:218] @ 0.571862s :chip heating mode: 0
DEBUG [IRDeviceParams.cpp:219] @ 0.571875s :chip heating fixed val: 40
DEBUG [IRDeviceParams.cpp:220] @ 0.571887s :focus:  -1
DEBUG [IRDeviceParams.cpp:221] @ 0.571899s :enable extended temp range: 0
DEBUG [IRDeviceParams.cpp:222] @ 0.571911s :buffer queue size: 5
DEBUG [IRDeviceParams.cpp:223] @ 0.571923s :enable high precision: 0
DEBUG [IRDeviceParams.cpp:224] @ 0.571935s :radialDistortionCorrectionMode: 0
DEBUG [IRDeviceParams.cpp:225] @ 0.571947s :deviceAPI: 0
DEBUG [IRDeviceParams.cpp:226] @ 0.571959s :useExternalProbeForReferencing: 0
DEBUG [IRDeviceParams.cpp:227] @ 0.57197s :enableMultiThreading: 0
DEBUG [IRDeviceParams.cpp:232] @ 0.571983s :ethernetDevice.deviceIpAddress: 0.0.0.0
DEBUG [IRDeviceParams.cpp:233] @ 0.571994s :ethernetDevice.localUdpPort: 0
DEBUG [IRDeviceParams.cpp:234] @ 0.572006s :ethernetDevice.checkUdpSenderIp: 1
DEBUG [IRImager.cpp:1107] @ 0.720936s :Start flag calibration
DEBUG [Cali.cpp:87] @ 0.762839s :Calibration directory path: C:\Users\u0173846\AppData\Roaming\Imager\Cali
DEBUG [Cali.cpp:88] @ 0.76287s :Calibration file name: Cali-20052193.xml
DEBUG [Cali.cpp:98] @ 0.771985s :Calibration data A: 1450 B:1500 C:4095 D:1500
INFO [IRImager.cpp:266] @ 0.874601s :Init thermal imager to 20052193 with size: 642x480@32 Hz
DEBUG [Cali.cpp:87] @ 0.874947s :Calibration directory path: C:\Users\u0173846\AppData\Roaming\Imager\Cali
DEBUG [Cali.cpp:88] @ 0.874965s :Calibration file name: Cali-20052193.xml
DEBUG [Cali.cpp:98] @ 0.87541s :Calibration data A: 1450 B:1500 C:4095 D:1500
DEBUG [IRImager.cpp:374] @ 0.87645s :Using HID control interface
DEBUG [IRImager.cpp:414] @ 0.89829s :Initialized HID control interface to device with HW:601 FW:2633
DEBUG [IRImager.cpp:435] @ 0.898363s :Frameconfig - width(in): 642, height(in): 480, interval: 312500, max framerate: 32, HW interval: 0.03125
DEBUG [Cali.cpp:87] @ 0.898383s :Calibration directory path: C:\Users\u0173846\AppData\Roaming\Imager\Cali
DEBUG [Cali.cpp:88] @ 0.898397s :Calibration file name: Cali-20052193.xml
DEBUG [Cali.cpp:98] @ 0.89886s :Calibration data A: 1450 B:1500 C:4095 D:1500
DEBUG [ImageProcessing.cpp:200] @ 0.926407s :Source buffer size: 616320 Width: 642 Height: 480
DEBUG [ImageProcessing.cpp:121] @ 0.966302s :Source buffer size: 616320 Width: 642 Height: 480
DEBUG [OpSource.cpp:347] @ 0.966387s :Using formats path: .\\Formats.def
DEBUG [OpSource.cpp:598] @ 0.966557s :Format found with size: 25
DEBUG [IRImager.cpp:841] @ 0.967305s :Caught onFrameInit with size: 640x480
DEBUG [OpSource.cpp:347] @ 0.969309s :Using formats path: .\\Formats.def
DEBUG [OpSource.cpp:598] @ 0.96945s :Format found with size: 25
DEBUG [OpSource.cpp:347] @ 0.969516s :Using formats path: .\\Formats.def
DEBUG [OpCorr.cpp:467] @ 0.978408s :Read cali: C:\Users\u0173846\AppData\Roaming\Imager\Cali\Cali-20052193-33-0-250.dat
DEBUG [OpCorr.cpp:557] @ 0.978496s :Read calibration of camera no 20052193, # of fields: 6 , start of fields: 40
DEBUG [ImageProcessing.cpp:1108] @ 1.24344s :Update flag temperature: 31.125
DEBUG [ImageProcessing.cpp:1111] @ 1.24721s :Update box temperature: 28.875
DEBUG [Cali.cpp:639] @ 1.24726s :Calibration file path: 000001DDC63B48F4/0000002F831FC710.xml
DEBUG [SimpleXML.cpp:238] @ 1.24741s :Failed to open file C:\Users\u0173846\AppData\Roaming\Imager\Cali\CaliExt-20052193.xml
DEBUG [IRImager.cpp:547] @ 1.25868s :Chip heating disabled
DEBUG [direct_binding.cpp:300] @ 1.26701s :evo_irimager_multi_usb_init with config: 6060300f.xml
DEBUG [direct_binding.cpp:301] @ 1.26707s :evo_irimager_multi_usb_init connected returned: 1
DEBUG [IRImager.cpp:1107] @ 1.38037s :Start flag calibration
