DEBUG [IRLogger.cpp:105] @ 0.0002975s :***************************************************
DEBUG [IRLogger.cpp:106] @ 0.000362s :* IRImagerDirect SDK                              *
DEBUG [IRLogger.cpp:107] @ 0.0003898s :***************************************************
DEBUG [IRLogger.cpp:113] @ 0.0004147s :* Native Machine:      AMD64
DEBUG [IRLogger.cpp:114] @ 0.0004444s :* Machine:             AMD64
DEBUG [IRLogger.cpp:116] @ 0.0004752s :* OS:                  Windows 10 0 19045
DEBUG [IRLogger.cpp:123] @ 0.0004951s :***************************************************
DEBUG [IRDeviceParams.cpp:204] @ 0.0010832s :Parameters
DEBUG [IRDeviceParams.cpp:205] @ 0.001102s :serial: 17092037
DEBUG [IRDeviceParams.cpp:206] @ 0.0011138s :videoformatindex: 2
DEBUG [IRDeviceParams.cpp:207] @ 0.0011286s :fov: 0
DEBUG [IRDeviceParams.cpp:208] @ 0.0011403s :optics_text: 000002CEF691DE70
DEBUG [IRDeviceParams.cpp:209] @ 0.0011549s :formatspath: 000002CEF691DDD0
DEBUG [IRDeviceParams.cpp:210] @ 0.0011697s :calipath: 0000000000000000
DEBUG [IRDeviceParams.cpp:211] @ 0.0011841s :temperature min: 500
DEBUG [IRDeviceParams.cpp:212] @ 0.0011984s :temperature max: 1800
DEBUG [IRDeviceParams.cpp:213] @ 0.0012153s :framerate: 32
DEBUG [IRDeviceParams.cpp:214] @ 0.0012268s :bispectral: 0
DEBUG [IRDeviceParams.cpp:215] @ 0.0012377s :flag automatic: 0
DEBUG [IRDeviceParams.cpp:216] @ 0.0012491s :min interval: 15
DEBUG [IRDeviceParams.cpp:217] @ 0.0012614s :max interval: 0
DEBUG [IRDeviceParams.cpp:218] @ 0.0012723s :chip heating mode: 0
DEBUG [IRDeviceParams.cpp:219] @ 0.0012869s :chip heating fixed val: 40
DEBUG [IRDeviceParams.cpp:220] @ 0.0013018s :focus:  -1
DEBUG [IRDeviceParams.cpp:221] @ 0.0013129s :enable extended temp range: 0
DEBUG [IRDeviceParams.cpp:222] @ 0.0013313s :buffer queue size: 5
DEBUG [IRDeviceParams.cpp:223] @ 0.0013453s :enable high precision: 0
DEBUG [IRDeviceParams.cpp:224] @ 0.0013675s :radialDistortionCorrectionMode: 0
DEBUG [IRDeviceParams.cpp:225] @ 0.0013815s :deviceAPI: 0
DEBUG [IRDeviceParams.cpp:226] @ 0.0013927s :useExternalProbeForReferencing: 0
DEBUG [IRDeviceParams.cpp:227] @ 0.0014097s :enableMultiThreading: 0
DEBUG [IRDeviceParams.cpp:232] @ 0.0014245s :ethernetDevice.deviceIpAddress: 0.0.0.0
DEBUG [IRDeviceParams.cpp:233] @ 0.0014362s :ethernetDevice.localUdpPort: 0
DEBUG [IRDeviceParams.cpp:234] @ 0.0014501s :ethernetDevice.checkUdpSenderIp: 1
DEBUG [Cali.cpp:87] @ 0.223039s :Calibration directory path: C:\Users\u0173846\AppData\Roaming\Imager\Cali
DEBUG [Cali.cpp:88] @ 0.223071s :Calibration file name: Cali-17092037.xml
DEBUG [Cali.cpp:98] @ 0.223366s :Calibration data A: 1450 B:470 C:4095 D:1500
INFO [IRImager.cpp:266] @ 0.223976s :Init thermal imager to 17092037 with size: 766x480@32 Hz
DEBUG [Cali.cpp:87] @ 0.224266s :Calibration directory path: C:\Users\u0173846\AppData\Roaming\Imager\Cali
DEBUG [Cali.cpp:88] @ 0.224283s :Calibration file name: Cali-17092037.xml
DEBUG [Cali.cpp:98] @ 0.224548s :Calibration data A: 1450 B:470 C:4095 D:1500
DEBUG [IRImager.cpp:374] @ 0.225204s :Using HID control interface
DEBUG [IRImager.cpp:414] @ 0.24323s :Initialized HID control interface to device with HW:2101 FW:2820
DEBUG [IRImager.cpp:435] @ 0.243262s :Frameconfig - width(in): 766, height(in): 480, interval: 312500, max framerate: 32, HW interval: 0.03125
DEBUG [Cali.cpp:87] @ 0.24328s :Calibration directory path: C:\Users\u0173846\AppData\Roaming\Imager\Cali
DEBUG [Cali.cpp:88] @ 0.243292s :Calibration file name: Cali-17092037.xml
DEBUG [Cali.cpp:98] @ 0.24359s :Calibration data A: 1450 B:470 C:4095 D:1500
DEBUG [ImageProcessing.cpp:200] @ 0.247971s :Source buffer size: 735360 Width: 766 Height: 480
DEBUG [ImageProcessing.cpp:121] @ 0.285648s :Source buffer size: 735360 Width: 766 Height: 480
DEBUG [OpSource.cpp:347] @ 0.285763s :Using formats path: .\\Formats.def
DEBUG [OpSource.cpp:598] @ 0.285949s :Format found with size: 14
DEBUG [IRImager.cpp:841] @ 0.286901s :Caught onFrameInit with size: 764x480
DEBUG [OpSource.cpp:347] @ 0.288845s :Using formats path: .\\Formats.def
DEBUG [OpSource.cpp:598] @ 0.289034s :Format found with size: 14
DEBUG [OpSource.cpp:347] @ 0.289094s :Using formats path: .\\Formats.def
DEBUG [OpCorr.cpp:467] @ 0.291579s :Read cali: C:\Users\u0173846\AppData\Roaming\Imager\Cali\Cali-17092037-25-500-1800-32.dat
DEBUG [ImageProcessing.cpp:1108] @ 0.328556s :Update flag temperature: 35.9375
DEBUG [ImageProcessing.cpp:1111] @ 0.330513s :Update box temperature: 35.9375
DEBUG [Cali.cpp:639] @ 0.330557s :Calibration file path: 000002CEF7D7BCC4/000000DD931ECCA0.xml
DEBUG [SimpleXML.cpp:238] @ 0.330669s :Failed to open file C:\Users\u0173846\AppData\Roaming\Imager\Cali\CaliExt-17092037.xml
DEBUG [IRImager.cpp:547] @ 0.343484s :Chip heating disabled
DEBUG [direct_binding.cpp:300] @ 0.347076s :evo_irimager_multi_usb_init with config: 17092037f.xml
DEBUG [direct_binding.cpp:301] @ 0.347099s :evo_irimager_multi_usb_init connected returned: 1
