DEBUG [IRLogger.cpp:105] @ 0.0003112s :***************************************************
DEBUG [IRLogger.cpp:106] @ 0.0004468s :* IRImagerDirect SDK                              *
DEBUG [IRLogger.cpp:107] @ 0.0004759s :***************************************************
DEBUG [IRLogger.cpp:113] @ 0.0005001s :* Native Machine:      AMD64
DEBUG [IRLogger.cpp:114] @ 0.0005229s :* Machine:             AMD64
DEBUG [IRLogger.cpp:116] @ 0.0005492s :* OS:                  Windows 10 0 19045
DEBUG [IRLogger.cpp:123] @ 0.0005703s :***************************************************
DEBUG [IRDeviceParams.cpp:204] @ 0.0011727s :Parameters
DEBUG [IRDeviceParams.cpp:205] @ 0.0011919s :serial: 17092037
DEBUG [IRDeviceParams.cpp:206] @ 0.0012039s :videoformatindex: 2
DEBUG [IRDeviceParams.cpp:207] @ 0.0012153s :fov: 0
DEBUG [IRDeviceParams.cpp:208] @ 0.0012269s :optics_text: 000001D9FCCDFDF0
DEBUG [IRDeviceParams.cpp:209] @ 0.0012385s :formatspath: 000001D9FCCDFAF0
DEBUG [IRDeviceParams.cpp:210] @ 0.0012498s :calipath: 0000000000000000
DEBUG [IRDeviceParams.cpp:211] @ 0.0012608s :temperature min: 500
DEBUG [IRDeviceParams.cpp:212] @ 0.0012717s :temperature max: 1800
DEBUG [IRDeviceParams.cpp:213] @ 0.0012855s :framerate: 32
DEBUG [IRDeviceParams.cpp:214] @ 0.0012969s :bispectral: 0
DEBUG [IRDeviceParams.cpp:215] @ 0.0013078s :flag automatic: 0
DEBUG [IRDeviceParams.cpp:216] @ 0.0013194s :min interval: 15
DEBUG [IRDeviceParams.cpp:217] @ 0.0013306s :max interval: 0
DEBUG [IRDeviceParams.cpp:218] @ 0.0013413s :chip heating mode: 0
DEBUG [IRDeviceParams.cpp:219] @ 0.0013528s :chip heating fixed val: 40
DEBUG [IRDeviceParams.cpp:220] @ 0.0013644s :focus:  -1
DEBUG [IRDeviceParams.cpp:221] @ 0.0013754s :enable extended temp range: 0
DEBUG [IRDeviceParams.cpp:222] @ 0.0013865s :buffer queue size: 5
DEBUG [IRDeviceParams.cpp:223] @ 0.0013974s :enable high precision: 0
DEBUG [IRDeviceParams.cpp:224] @ 0.0014086s :radialDistortionCorrectionMode: 0
DEBUG [IRDeviceParams.cpp:225] @ 0.0014196s :deviceAPI: 0
DEBUG [IRDeviceParams.cpp:226] @ 0.0014304s :useExternalProbeForReferencing: 0
DEBUG [IRDeviceParams.cpp:227] @ 0.0014427s :enableMultiThreading: 0
DEBUG [IRDeviceParams.cpp:232] @ 0.0014544s :ethernetDevice.deviceIpAddress: 0.0.0.0
DEBUG [IRDeviceParams.cpp:233] @ 0.0014653s :ethernetDevice.localUdpPort: 0
DEBUG [IRDeviceParams.cpp:234] @ 0.0014763s :ethernetDevice.checkUdpSenderIp: 1
DEBUG [Cali.cpp:87] @ 0.288586s :Calibration directory path: C:\Users\u0173846\AppData\Roaming\Imager\Cali
DEBUG [Cali.cpp:88] @ 0.288615s :Calibration file name: Cali-17092037.xml
DEBUG [Cali.cpp:98] @ 0.288917s :Calibration data A: 1450 B:470 C:4095 D:1500
INFO [IRImager.cpp:266] @ 0.289475s :Init thermal imager to 17092037 with size: 766x480@32 Hz
DEBUG [Cali.cpp:87] @ 0.289735s :Calibration directory path: C:\Users\u0173846\AppData\Roaming\Imager\Cali
DEBUG [Cali.cpp:88] @ 0.289751s :Calibration file name: Cali-17092037.xml
DEBUG [Cali.cpp:98] @ 0.290016s :Calibration data A: 1450 B:470 C:4095 D:1500
DEBUG [IRImager.cpp:374] @ 0.29061s :Using HID control interface
DEBUG [IRImager.cpp:414] @ 0.371758s :Initialized HID control interface to device with HW:2101 FW:2820
DEBUG [IRImager.cpp:435] @ 0.371802s :Frameconfig - width(in): 766, height(in): 480, interval: 312500, max framerate: 32, HW interval: 0.03125
DEBUG [Cali.cpp:87] @ 0.371819s :Calibration directory path: C:\Users\u0173846\AppData\Roaming\Imager\Cali
DEBUG [Cali.cpp:88] @ 0.371832s :Calibration file name: Cali-17092037.xml
DEBUG [Cali.cpp:98] @ 0.372163s :Calibration data A: 1450 B:470 C:4095 D:1500
DEBUG [ImageProcessing.cpp:200] @ 0.376865s :Source buffer size: 735360 Width: 766 Height: 480
DEBUG [ImageProcessing.cpp:121] @ 0.411848s :Source buffer size: 735360 Width: 766 Height: 480
DEBUG [OpSource.cpp:347] @ 0.411956s :Using formats path: .\\Formats.def
DEBUG [OpSource.cpp:598] @ 0.412147s :Format found with size: 14
DEBUG [IRImager.cpp:841] @ 0.412846s :Caught onFrameInit with size: 764x480
DEBUG [OpSource.cpp:347] @ 0.414988s :Using formats path: .\\Formats.def
DEBUG [OpSource.cpp:598] @ 0.415179s :Format found with size: 14
DEBUG [OpSource.cpp:347] @ 0.415238s :Using formats path: .\\Formats.def
DEBUG [OpCorr.cpp:467] @ 0.417707s :Read cali: C:\Users\u0173846\AppData\Roaming\Imager\Cali\Cali-17092037-25-500-1800-32.dat
DEBUG [ImageProcessing.cpp:1108] @ 0.459695s :Update flag temperature: 35.9375
DEBUG [ImageProcessing.cpp:1111] @ 0.461438s :Update box temperature: 35.9375
DEBUG [Cali.cpp:639] @ 0.461465s :Calibration file path: 000001D9FE25A194/00000086027EC8A0.xml
DEBUG [SimpleXML.cpp:238] @ 0.461544s :Failed to open file C:\Users\u0173846\AppData\Roaming\Imager\Cali\CaliExt-17092037.xml
DEBUG [IRImager.cpp:547] @ 0.475588s :Chip heating disabled
DEBUG [direct_binding.cpp:300] @ 0.479585s :evo_irimager_multi_usb_init with config: 17092037f.xml
DEBUG [direct_binding.cpp:301] @ 0.479623s :evo_irimager_multi_usb_init connected returned: 1
