DEBUG [IRLogger.cpp:105] @ 0.0003377s :***************************************************
DEBUG [IRLogger.cpp:106] @ 0.0004087s :* IRImagerDirect SDK                              *
DEBUG [IRLogger.cpp:107] @ 0.0004349s :***************************************************
DEBUG [IRLogger.cpp:113] @ 0.000459s :* Native Machine:      AMD64
DEBUG [IRLogger.cpp:114] @ 0.0004819s :* Machine:             AMD64
DEBUG [IRLogger.cpp:116] @ 0.0005066s :* OS:                  Windows 10 0 19045
DEBUG [IRLogger.cpp:123] @ 0.0005274s :***************************************************
DEBUG [IRDeviceParams.cpp:204] @ 0.0010728s :Parameters
DEBUG [IRDeviceParams.cpp:205] @ 0.001091s :serial: 17092037
DEBUG [IRDeviceParams.cpp:206] @ 0.0011032s :videoformatindex: 2
DEBUG [IRDeviceParams.cpp:207] @ 0.0011144s :fov: 0
DEBUG [IRDeviceParams.cpp:208] @ 0.0011258s :optics_text: 00000150717481D0
DEBUG [IRDeviceParams.cpp:209] @ 0.0011373s :formatspath: 0000015071748440
DEBUG [IRDeviceParams.cpp:210] @ 0.0011499s :calipath: 0000000000000000
DEBUG [IRDeviceParams.cpp:211] @ 0.0011611s :temperature min: 500
DEBUG [IRDeviceParams.cpp:212] @ 0.0011721s :temperature max: 1800
DEBUG [IRDeviceParams.cpp:213] @ 0.0011857s :framerate: 32
DEBUG [IRDeviceParams.cpp:214] @ 0.0011969s :bispectral: 0
DEBUG [IRDeviceParams.cpp:215] @ 0.0012078s :flag automatic: 0
DEBUG [IRDeviceParams.cpp:216] @ 0.0012193s :min interval: 15
DEBUG [IRDeviceParams.cpp:217] @ 0.0012304s :max interval: 0
DEBUG [IRDeviceParams.cpp:218] @ 0.0012411s :chip heating mode: 0
DEBUG [IRDeviceParams.cpp:219] @ 0.0012525s :chip heating fixed val: 40
DEBUG [IRDeviceParams.cpp:220] @ 0.0012641s :focus:  -1
DEBUG [IRDeviceParams.cpp:221] @ 0.001275s :enable extended temp range: 0
DEBUG [IRDeviceParams.cpp:222] @ 0.0012861s :buffer queue size: 5
DEBUG [IRDeviceParams.cpp:223] @ 0.0012971s :enable high precision: 0
DEBUG [IRDeviceParams.cpp:224] @ 0.001308s :radialDistortionCorrectionMode: 0
DEBUG [IRDeviceParams.cpp:225] @ 0.001319s :deviceAPI: 0
DEBUG [IRDeviceParams.cpp:226] @ 0.0013298s :useExternalProbeForReferencing: 0
DEBUG [IRDeviceParams.cpp:227] @ 0.0013407s :enableMultiThreading: 0
DEBUG [IRDeviceParams.cpp:232] @ 0.0013525s :ethernetDevice.deviceIpAddress: 0.0.0.0
DEBUG [IRDeviceParams.cpp:233] @ 0.0013635s :ethernetDevice.localUdpPort: 0
DEBUG [IRDeviceParams.cpp:234] @ 0.0013745s :ethernetDevice.checkUdpSenderIp: 1
DEBUG [Cali.cpp:87] @ 0.291668s :Calibration directory path: C:\Users\u0173846\AppData\Roaming\Imager\Cali
DEBUG [Cali.cpp:88] @ 0.291697s :Calibration file name: Cali-17092037.xml
DEBUG [Cali.cpp:98] @ 0.292007s :Calibration data A: 1450 B:470 C:4095 D:1500
INFO [IRImager.cpp:266] @ 0.29257s :Init thermal imager to 17092037 with size: 766x480@32 Hz
DEBUG [Cali.cpp:87] @ 0.292838s :Calibration directory path: C:\Users\u0173846\AppData\Roaming\Imager\Cali
DEBUG [Cali.cpp:88] @ 0.292854s :Calibration file name: Cali-17092037.xml
DEBUG [Cali.cpp:98] @ 0.293126s :Calibration data A: 1450 B:470 C:4095 D:1500
DEBUG [IRImager.cpp:374] @ 0.293745s :Using HID control interface
DEBUG [IRImager.cpp:414] @ 0.374652s :Initialized HID control interface to device with HW:2101 FW:2820
DEBUG [IRImager.cpp:435] @ 0.374705s :Frameconfig - width(in): 766, height(in): 480, interval: 312500, max framerate: 32, HW interval: 0.03125
DEBUG [Cali.cpp:87] @ 0.374724s :Calibration directory path: C:\Users\u0173846\AppData\Roaming\Imager\Cali
DEBUG [Cali.cpp:88] @ 0.374737s :Calibration file name: Cali-17092037.xml
DEBUG [Cali.cpp:98] @ 0.375107s :Calibration data A: 1450 B:470 C:4095 D:1500
DEBUG [ImageProcessing.cpp:200] @ 0.379447s :Source buffer size: 735360 Width: 766 Height: 480
DEBUG [ImageProcessing.cpp:121] @ 0.415273s :Source buffer size: 735360 Width: 766 Height: 480
DEBUG [OpSource.cpp:347] @ 0.415384s :Using formats path: .\\Formats.def
DEBUG [OpSource.cpp:598] @ 0.415571s :Format found with size: 14
DEBUG [IRImager.cpp:841] @ 0.416285s :Caught onFrameInit with size: 764x480
DEBUG [OpSource.cpp:347] @ 0.418561s :Using formats path: .\\Formats.def
DEBUG [OpSource.cpp:598] @ 0.418746s :Format found with size: 14
DEBUG [OpSource.cpp:347] @ 0.418805s :Using formats path: .\\Formats.def
DEBUG [OpCorr.cpp:467] @ 0.421022s :Read cali: C:\Users\u0173846\AppData\Roaming\Imager\Cali\Cali-17092037-25-500-1800-32.dat
DEBUG [ImageProcessing.cpp:1108] @ 0.454402s :Update flag temperature: 35.9375
DEBUG [ImageProcessing.cpp:1111] @ 0.456451s :Update box temperature: 35.9375
DEBUG [Cali.cpp:639] @ 0.456495s :Calibration file path: 0000015072BD5CF4/00000030401ECB80.xml
DEBUG [SimpleXML.cpp:238] @ 0.456605s :Failed to open file C:\Users\u0173846\AppData\Roaming\Imager\Cali\CaliExt-17092037.xml
DEBUG [IRImager.cpp:547] @ 0.469941s :Chip heating disabled
DEBUG [direct_binding.cpp:300] @ 0.47406s :evo_irimager_multi_usb_init with config: 17092037f.xml
DEBUG [direct_binding.cpp:301] @ 0.474098s :evo_irimager_multi_usb_init connected returned: 1
