DEBUG [IRLogger.cpp:105] @ 0.0003164s :***************************************************
DEBUG [IRLogger.cpp:106] @ 0.0003874s :* IRImagerDirect SDK                              *
DEBUG [IRLogger.cpp:107] @ 0.000412s :***************************************************
DEBUG [IRLogger.cpp:113] @ 0.0004562s :* Native Machine:      AMD64
DEBUG [IRLogger.cpp:114] @ 0.0004995s :* Machine:             AMD64
DEBUG [IRLogger.cpp:116] @ 0.0005316s :* OS:                  Windows 10 0 19045
DEBUG [IRLogger.cpp:123] @ 0.0005542s :***************************************************
DEBUG [IRDeviceParams.cpp:204] @ 0.0011873s :Parameters
DEBUG [IRDeviceParams.cpp:205] @ 0.0012064s :serial: 17092037
DEBUG [IRDeviceParams.cpp:206] @ 0.0012307s :videoformatindex: 2
DEBUG [IRDeviceParams.cpp:207] @ 0.0012647s :fov: 0
DEBUG [IRDeviceParams.cpp:208] @ 0.0012784s :optics_text: 000002A8B6C9C5B0
DEBUG [IRDeviceParams.cpp:209] @ 0.0012916s :formatspath: 000002A8B6C9C300
DEBUG [IRDeviceParams.cpp:210] @ 0.001304s :calipath: 0000000000000000
DEBUG [IRDeviceParams.cpp:211] @ 0.0013194s :temperature min: 500
DEBUG [IRDeviceParams.cpp:212] @ 0.0013318s :temperature max: 1800
DEBUG [IRDeviceParams.cpp:213] @ 0.0013484s :framerate: 32
DEBUG [IRDeviceParams.cpp:214] @ 0.0013605s :bispectral: 0
DEBUG [IRDeviceParams.cpp:215] @ 0.001373s :flag automatic: 0
DEBUG [IRDeviceParams.cpp:216] @ 0.001386s :min interval: 15
DEBUG [IRDeviceParams.cpp:217] @ 0.001397s :max interval: 0
DEBUG [IRDeviceParams.cpp:218] @ 0.0014089s :chip heating mode: 0
DEBUG [IRDeviceParams.cpp:219] @ 0.0014217s :chip heating fixed val: 40
DEBUG [IRDeviceParams.cpp:220] @ 0.0014344s :focus:  -1
DEBUG [IRDeviceParams.cpp:221] @ 0.0015865s :enable extended temp range: 0
DEBUG [IRDeviceParams.cpp:222] @ 0.0016037s :buffer queue size: 5
DEBUG [IRDeviceParams.cpp:223] @ 0.0016183s :enable high precision: 0
DEBUG [IRDeviceParams.cpp:224] @ 0.0016308s :radialDistortionCorrectionMode: 0
DEBUG [IRDeviceParams.cpp:225] @ 0.0016433s :deviceAPI: 0
DEBUG [IRDeviceParams.cpp:226] @ 0.0016558s :useExternalProbeForReferencing: 0
DEBUG [IRDeviceParams.cpp:227] @ 0.0016679s :enableMultiThreading: 0
DEBUG [IRDeviceParams.cpp:232] @ 0.001684s :ethernetDevice.deviceIpAddress: 0.0.0.0
DEBUG [IRDeviceParams.cpp:233] @ 0.0017492s :ethernetDevice.localUdpPort: 0
DEBUG [IRDeviceParams.cpp:234] @ 0.0017628s :ethernetDevice.checkUdpSenderIp: 1
DEBUG [Cali.cpp:87] @ 0.301926s :Calibration directory path: C:\Users\u0173846\AppData\Roaming\Imager\Cali
DEBUG [Cali.cpp:88] @ 0.301955s :Calibration file name: Cali-17092037.xml
DEBUG [Cali.cpp:98] @ 0.30226s :Calibration data A: 1450 B:470 C:4095 D:1500
INFO [IRImager.cpp:266] @ 0.302815s :Init thermal imager to 17092037 with size: 766x480@32 Hz
DEBUG [Cali.cpp:87] @ 0.303078s :Calibration directory path: C:\Users\u0173846\AppData\Roaming\Imager\Cali
DEBUG [Cali.cpp:88] @ 0.303094s :Calibration file name: Cali-17092037.xml
DEBUG [Cali.cpp:98] @ 0.303356s :Calibration data A: 1450 B:470 C:4095 D:1500
DEBUG [IRImager.cpp:374] @ 0.303961s :Using HID control interface
DEBUG [IRImager.cpp:414] @ 0.373077s :Initialized HID control interface to device with HW:2101 FW:2820
DEBUG [IRImager.cpp:435] @ 0.373119s :Frameconfig - width(in): 766, height(in): 480, interval: 312500, max framerate: 32, HW interval: 0.03125
DEBUG [Cali.cpp:87] @ 0.373139s :Calibration directory path: C:\Users\u0173846\AppData\Roaming\Imager\Cali
DEBUG [Cali.cpp:88] @ 0.373152s :Calibration file name: Cali-17092037.xml
DEBUG [Cali.cpp:98] @ 0.373497s :Calibration data A: 1450 B:470 C:4095 D:1500
DEBUG [ImageProcessing.cpp:200] @ 0.377791s :Source buffer size: 735360 Width: 766 Height: 480
DEBUG [ImageProcessing.cpp:121] @ 0.414362s :Source buffer size: 735360 Width: 766 Height: 480
DEBUG [OpSource.cpp:347] @ 0.414474s :Using formats path: .\\Formats.def
DEBUG [OpSource.cpp:598] @ 0.41469s :Format found with size: 14
DEBUG [IRImager.cpp:841] @ 0.415409s :Caught onFrameInit with size: 764x480
DEBUG [OpSource.cpp:347] @ 0.41745s :Using formats path: .\\Formats.def
DEBUG [OpSource.cpp:598] @ 0.417646s :Format found with size: 14
DEBUG [OpSource.cpp:347] @ 0.417706s :Using formats path: .\\Formats.def
DEBUG [OpCorr.cpp:467] @ 0.419811s :Read cali: C:\Users\u0173846\AppData\Roaming\Imager\Cali\Cali-17092037-25-500-1800-32.dat
DEBUG [ImageProcessing.cpp:1108] @ 0.453146s :Update flag temperature: 35.9375
DEBUG [ImageProcessing.cpp:1111] @ 0.455054s :Update box temperature: 35.9375
DEBUG [Cali.cpp:639] @ 0.455099s :Calibration file path: 000002A8B818E654/000000E21D7ECA70.xml
DEBUG [SimpleXML.cpp:238] @ 0.455218s :Failed to open file C:\Users\u0173846\AppData\Roaming\Imager\Cali\CaliExt-17092037.xml
DEBUG [IRImager.cpp:547] @ 0.467431s :Chip heating disabled
DEBUG [direct_binding.cpp:300] @ 0.470985s :evo_irimager_multi_usb_init with config: 17092037f.xml
DEBUG [direct_binding.cpp:301] @ 0.471009s :evo_irimager_multi_usb_init connected returned: 1
