DEBUG [IRLogger.cpp:105] @ 0.471978s :***************************************************
DEBUG [IRLogger.cpp:106] @ 0.472053s :* IRImagerDirect SDK                              *
DEBUG [IRLogger.cpp:107] @ 0.472097s :***************************************************
DEBUG [IRLogger.cpp:113] @ 0.47214s :* Native Machine:      AMD64
DEBUG [IRLogger.cpp:114] @ 0.472196s :* Machine:             AMD64
DEBUG [IRLogger.cpp:116] @ 0.472242s :* OS:                  Windows 10 0 19045
DEBUG [IRLogger.cpp:123] @ 0.47227s :***************************************************
DEBUG [IRDeviceParams.cpp:204] @ 0.472863s :Parameters
DEBUG [IRDeviceParams.cpp:205] @ 0.472882s :serial: 20052193
DEBUG [IRDeviceParams.cpp:206] @ 0.472897s :videoformatindex: 0
DEBUG [IRDeviceParams.cpp:207] @ 0.472977s :fov: 33
DEBUG [IRDeviceParams.cpp:208] @ 0.472994s :optics_text: 00000202CB801A40
DEBUG [IRDeviceParams.cpp:209] @ 0.473008s :formatspath: 00000202CB801BF0
DEBUG [IRDeviceParams.cpp:210] @ 0.47302s :calipath: 0000000000000000
DEBUG [IRDeviceParams.cpp:211] @ 0.473033s :temperature min: 0
DEBUG [IRDeviceParams.cpp:212] @ 0.473045s :temperature max: 250
DEBUG [IRDeviceParams.cpp:213] @ 0.47306s :framerate: 32
DEBUG [IRDeviceParams.cpp:214] @ 0.473073s :bispectral: 0
DEBUG [IRDeviceParams.cpp:215] @ 0.473084s :flag automatic: 0
DEBUG [IRDeviceParams.cpp:216] @ 0.473097s :min interval: 15
DEBUG [IRDeviceParams.cpp:217] @ 0.47311s :max interval: 0
DEBUG [IRDeviceParams.cpp:218] @ 0.473123s :chip heating mode: 0
DEBUG [IRDeviceParams.cpp:219] @ 0.473144s :chip heating fixed val: 40
DEBUG [IRDeviceParams.cpp:220] @ 0.473159s :focus:  -1
DEBUG [IRDeviceParams.cpp:221] @ 0.473171s :enable extended temp range: 0
DEBUG [IRDeviceParams.cpp:222] @ 0.473184s :buffer queue size: 5
DEBUG [IRDeviceParams.cpp:223] @ 0.473196s :enable high precision: 0
DEBUG [IRDeviceParams.cpp:224] @ 0.473207s :radialDistortionCorrectionMode: 0
DEBUG [IRDeviceParams.cpp:225] @ 0.473218s :deviceAPI: 0
DEBUG [IRDeviceParams.cpp:226] @ 0.473243s :useExternalProbeForReferencing: 0
DEBUG [IRDeviceParams.cpp:227] @ 0.473279s :enableMultiThreading: 0
DEBUG [IRDeviceParams.cpp:232] @ 0.473295s :ethernetDevice.deviceIpAddress: 0.0.0.0
DEBUG [IRDeviceParams.cpp:233] @ 0.47331s :ethernetDevice.localUdpPort: 0
DEBUG [IRDeviceParams.cpp:234] @ 0.473323s :ethernetDevice.checkUdpSenderIp: 1
DEBUG [IRImager.cpp:1107] @ 0.625007s :Start flag calibration
DEBUG [Cali.cpp:87] @ 0.635944s :Calibration directory path: C:\Users\u0173846\AppData\Roaming\Imager\Cali
DEBUG [Cali.cpp:88] @ 0.635973s :Calibration file name: Cali-20052193.xml
DEBUG [Cali.cpp:98] @ 0.636392s :Calibration data A: 1450 B:1500 C:4095 D:1500
INFO [IRImager.cpp:266] @ 0.637415s :Init thermal imager to 20052193 with size: 642x480@32 Hz
DEBUG [Cali.cpp:87] @ 0.637679s :Calibration directory path: C:\Users\u0173846\AppData\Roaming\Imager\Cali
DEBUG [Cali.cpp:88] @ 0.637695s :Calibration file name: Cali-20052193.xml
DEBUG [Cali.cpp:98] @ 0.638073s :Calibration data A: 1450 B:1500 C:4095 D:1500
DEBUG [IRImager.cpp:374] @ 0.63885s :Using HID control interface
DEBUG [IRImager.cpp:414] @ 0.661276s :Initialized HID control interface to device with HW:601 FW:2633
DEBUG [IRImager.cpp:435] @ 0.661312s :Frameconfig - width(in): 642, height(in): 480, interval: 312500, max framerate: 32, HW interval: 0.03125
DEBUG [Cali.cpp:87] @ 0.661327s :Calibration directory path: C:\Users\u0173846\AppData\Roaming\Imager\Cali
DEBUG [Cali.cpp:88] @ 0.66134s :Calibration file name: Cali-20052193.xml
DEBUG [Cali.cpp:98] @ 0.661779s :Calibration data A: 1450 B:1500 C:4095 D:1500
DEBUG [ImageProcessing.cpp:200] @ 0.689453s :Source buffer size: 616320 Width: 642 Height: 480
DEBUG [ImageProcessing.cpp:121] @ 0.729421s :Source buffer size: 616320 Width: 642 Height: 480
DEBUG [OpSource.cpp:347] @ 0.729525s :Using formats path: .\\Formats.def
DEBUG [OpSource.cpp:598] @ 0.729684s :Format found with size: 25
DEBUG [IRImager.cpp:841] @ 0.730327s :Caught onFrameInit with size: 640x480
DEBUG [OpSource.cpp:347] @ 0.732065s :Using formats path: .\\Formats.def
DEBUG [OpSource.cpp:598] @ 0.732224s :Format found with size: 25
DEBUG [OpSource.cpp:347] @ 0.732279s :Using formats path: .\\Formats.def
DEBUG [OpCorr.cpp:467] @ 0.736408s :Read cali: C:\Users\u0173846\AppData\Roaming\Imager\Cali\Cali-20052193-33-0-250.dat
DEBUG [OpCorr.cpp:557] @ 0.736477s :Read calibration of camera no 20052193, # of fields: 6 , start of fields: 40
DEBUG [ImageProcessing.cpp:1108] @ 1.0009s :Update flag temperature: 28.4375
DEBUG [ImageProcessing.cpp:1111] @ 1.0048s :Update box temperature: 26.1875
DEBUG [Cali.cpp:639] @ 1.00484s :Calibration file path: 00000202CB5A0184/00000061DB3ECA00.xml
DEBUG [SimpleXML.cpp:238] @ 1.00493s :Failed to open file C:\Users\u0173846\AppData\Roaming\Imager\Cali\CaliExt-20052193.xml
DEBUG [IRImager.cpp:547] @ 1.01708s :Chip heating disabled
DEBUG [direct_binding.cpp:300] @ 1.02505s :evo_irimager_multi_usb_init with config: 6060300f.xml
DEBUG [direct_binding.cpp:301] @ 1.02509s :evo_irimager_multi_usb_init connected returned: 1
DEBUG [IRImager.cpp:1107] @ 1.11794s :Start flag calibration
