DEBUG [IRLogger.cpp:105] @ 0.580092s :***************************************************
DEBUG [IRLogger.cpp:106] @ 0.580166s :* IRImagerDirect SDK                              *
DEBUG [IRLogger.cpp:107] @ 0.580208s :***************************************************
DEBUG [IRLogger.cpp:113] @ 0.580239s :* Native Machine:      AMD64
DEBUG [IRLogger.cpp:114] @ 0.580289s :* Machine:             AMD64
DEBUG [IRLogger.cpp:116] @ 0.580324s :* OS:                  Windows 10 0 19045
DEBUG [IRLogger.cpp:123] @ 0.580345s :***************************************************
DEBUG [IRDeviceParams.cpp:204] @ 0.589155s :Parameters
DEBUG [IRDeviceParams.cpp:205] @ 0.589181s :serial: 20052193
DEBUG [IRDeviceParams.cpp:206] @ 0.589194s :videoformatindex: 0
DEBUG [IRDeviceParams.cpp:207] @ 0.589205s :fov: 33
DEBUG [IRDeviceParams.cpp:208] @ 0.589217s :optics_text: 000001A86BA41630
DEBUG [IRDeviceParams.cpp:209] @ 0.589229s :formatspath: 000001A86BA41660
DEBUG [IRDeviceParams.cpp:210] @ 0.58924s :calipath: 0000000000000000
DEBUG [IRDeviceParams.cpp:211] @ 0.589251s :temperature min: 0
DEBUG [IRDeviceParams.cpp:212] @ 0.589263s :temperature max: 250
DEBUG [IRDeviceParams.cpp:213] @ 0.589275s :framerate: 32
DEBUG [IRDeviceParams.cpp:214] @ 0.589287s :bispectral: 0
DEBUG [IRDeviceParams.cpp:215] @ 0.589298s :flag automatic: 0
DEBUG [IRDeviceParams.cpp:216] @ 0.589309s :min interval: 15
DEBUG [IRDeviceParams.cpp:217] @ 0.58932s :max interval: 0
DEBUG [IRDeviceParams.cpp:218] @ 0.589333s :chip heating mode: 0
DEBUG [IRDeviceParams.cpp:219] @ 0.589344s :chip heating fixed val: 40
DEBUG [IRDeviceParams.cpp:220] @ 0.589356s :focus:  -1
DEBUG [IRDeviceParams.cpp:221] @ 0.589367s :enable extended temp range: 0
DEBUG [IRDeviceParams.cpp:222] @ 0.589379s :buffer queue size: 5
DEBUG [IRDeviceParams.cpp:223] @ 0.58939s :enable high precision: 0
DEBUG [IRDeviceParams.cpp:224] @ 0.589401s :radialDistortionCorrectionMode: 0
DEBUG [IRDeviceParams.cpp:225] @ 0.589414s :deviceAPI: 0
DEBUG [IRDeviceParams.cpp:226] @ 0.589425s :useExternalProbeForReferencing: 0
DEBUG [IRDeviceParams.cpp:227] @ 0.589436s :enableMultiThreading: 0
DEBUG [IRDeviceParams.cpp:232] @ 0.589449s :ethernetDevice.deviceIpAddress: 0.0.0.0
DEBUG [IRDeviceParams.cpp:233] @ 0.58946s :ethernetDevice.localUdpPort: 0
DEBUG [IRDeviceParams.cpp:234] @ 0.589471s :ethernetDevice.checkUdpSenderIp: 1
DEBUG [IRImager.cpp:1107] @ 0.735897s :Start flag calibration
DEBUG [Cali.cpp:87] @ 0.783532s :Calibration directory path: C:\Users\u0173846\AppData\Roaming\Imager\Cali
DEBUG [Cali.cpp:88] @ 0.783575s :Calibration file name: Cali-20052193.xml
DEBUG [Cali.cpp:98] @ 0.796975s :Calibration data A: 1450 B:1500 C:4095 D:1500
INFO [IRImager.cpp:266] @ 0.912684s :Init thermal imager to 20052193 with size: 642x480@32 Hz
DEBUG [Cali.cpp:87] @ 0.912988s :Calibration directory path: C:\Users\u0173846\AppData\Roaming\Imager\Cali
DEBUG [Cali.cpp:88] @ 0.913006s :Calibration file name: Cali-20052193.xml
DEBUG [Cali.cpp:98] @ 0.913426s :Calibration data A: 1450 B:1500 C:4095 D:1500
DEBUG [IRImager.cpp:374] @ 0.91426s :Using HID control interface
DEBUG [IRImager.cpp:414] @ 0.924573s :Initialized HID control interface to device with HW:601 FW:2633
DEBUG [IRImager.cpp:435] @ 0.924616s :Frameconfig - width(in): 642, height(in): 480, interval: 312500, max framerate: 32, HW interval: 0.03125
DEBUG [Cali.cpp:87] @ 0.924633s :Calibration directory path: C:\Users\u0173846\AppData\Roaming\Imager\Cali
DEBUG [Cali.cpp:88] @ 0.924646s :Calibration file name: Cali-20052193.xml
DEBUG [Cali.cpp:98] @ 0.925114s :Calibration data A: 1450 B:1500 C:4095 D:1500
DEBUG [ImageProcessing.cpp:200] @ 0.952697s :Source buffer size: 616320 Width: 642 Height: 480
DEBUG [ImageProcessing.cpp:121] @ 0.992577s :Source buffer size: 616320 Width: 642 Height: 480
DEBUG [OpSource.cpp:347] @ 0.992656s :Using formats path: .\\Formats.def
DEBUG [OpSource.cpp:598] @ 0.992806s :Format found with size: 25
DEBUG [IRImager.cpp:841] @ 0.993463s :Caught onFrameInit with size: 640x480
DEBUG [OpSource.cpp:347] @ 0.995403s :Using formats path: .\\Formats.def
DEBUG [OpSource.cpp:598] @ 0.99557s :Format found with size: 25
DEBUG [OpSource.cpp:347] @ 0.99563s :Using formats path: .\\Formats.def
DEBUG [OpCorr.cpp:467] @ 1.00531s :Read cali: C:\Users\u0173846\AppData\Roaming\Imager\Cali\Cali-20052193-33-0-250.dat
DEBUG [OpCorr.cpp:557] @ 1.0054s :Read calibration of camera no 20052193, # of fields: 6 , start of fields: 40
DEBUG [ImageProcessing.cpp:1108] @ 1.2706s :Update flag temperature: 30
DEBUG [ImageProcessing.cpp:1111] @ 1.27435s :Update box temperature: 27.75
DEBUG [Cali.cpp:639] @ 1.27439s :Calibration file path: 000001A86B990014/0000001799DEC760.xml
DEBUG [SimpleXML.cpp:238] @ 1.2745s :Failed to open file C:\Users\u0173846\AppData\Roaming\Imager\Cali\CaliExt-20052193.xml
DEBUG [IRImager.cpp:547] @ 1.28593s :Chip heating disabled
DEBUG [direct_binding.cpp:300] @ 1.29378s :evo_irimager_multi_usb_init with config: 6060300f.xml
DEBUG [direct_binding.cpp:301] @ 1.29383s :evo_irimager_multi_usb_init connected returned: 1
DEBUG [IRImager.cpp:1107] @ 1.37124s :Start flag calibration
