DEBUG [IRLogger.cpp:105] @ 0.0003061s :***************************************************
DEBUG [IRLogger.cpp:106] @ 0.0003774s :* IRImagerDirect SDK                              *
DEBUG [IRLogger.cpp:107] @ 0.0004059s :***************************************************
DEBUG [IRLogger.cpp:113] @ 0.0004312s :* Native Machine:      AMD64
DEBUG [IRLogger.cpp:114] @ 0.0004538s :* Machine:             AMD64
DEBUG [IRLogger.cpp:116] @ 0.000482s :* OS:                  Windows 10 0 19045
DEBUG [IRLogger.cpp:123] @ 0.0005012s :***************************************************
DEBUG [IRDeviceParams.cpp:204] @ 0.0010688s :Parameters
DEBUG [IRDeviceParams.cpp:205] @ 0.0010868s :serial: 17092037
DEBUG [IRDeviceParams.cpp:206] @ 0.0010985s :videoformatindex: 2
DEBUG [IRDeviceParams.cpp:207] @ 0.0011112s :fov: 0
DEBUG [IRDeviceParams.cpp:208] @ 0.0011228s :optics_text: 0000017C5EF3BF60
DEBUG [IRDeviceParams.cpp:209] @ 0.0011343s :formatspath: 0000017C5EF3BFB0
DEBUG [IRDeviceParams.cpp:210] @ 0.0011457s :calipath: 0000000000000000
DEBUG [IRDeviceParams.cpp:211] @ 0.0011568s :temperature min: 500
DEBUG [IRDeviceParams.cpp:212] @ 0.0011678s :temperature max: 1800
DEBUG [IRDeviceParams.cpp:213] @ 0.0011816s :framerate: 32
DEBUG [IRDeviceParams.cpp:214] @ 0.0011928s :bispectral: 0
DEBUG [IRDeviceParams.cpp:215] @ 0.0012037s :flag automatic: 0
DEBUG [IRDeviceParams.cpp:216] @ 0.0012153s :min interval: 15
DEBUG [IRDeviceParams.cpp:217] @ 0.0012264s :max interval: 0
DEBUG [IRDeviceParams.cpp:218] @ 0.0012373s :chip heating mode: 0
DEBUG [IRDeviceParams.cpp:219] @ 0.0012489s :chip heating fixed val: 40
DEBUG [IRDeviceParams.cpp:220] @ 0.0012606s :focus:  -1
DEBUG [IRDeviceParams.cpp:221] @ 0.0012715s :enable extended temp range: 0
DEBUG [IRDeviceParams.cpp:222] @ 0.0012828s :buffer queue size: 5
DEBUG [IRDeviceParams.cpp:223] @ 0.0012938s :enable high precision: 0
DEBUG [IRDeviceParams.cpp:224] @ 0.0013053s :radialDistortionCorrectionMode: 0
DEBUG [IRDeviceParams.cpp:225] @ 0.0013163s :deviceAPI: 0
DEBUG [IRDeviceParams.cpp:226] @ 0.0013271s :useExternalProbeForReferencing: 0
DEBUG [IRDeviceParams.cpp:227] @ 0.001338s :enableMultiThreading: 0
DEBUG [IRDeviceParams.cpp:232] @ 0.0013505s :ethernetDevice.deviceIpAddress: 0.0.0.0
DEBUG [IRDeviceParams.cpp:233] @ 0.0013615s :ethernetDevice.localUdpPort: 0
DEBUG [IRDeviceParams.cpp:234] @ 0.0013745s :ethernetDevice.checkUdpSenderIp: 1
DEBUG [Cali.cpp:87] @ 0.299833s :Calibration directory path: C:\Users\u0173846\AppData\Roaming\Imager\Cali
DEBUG [Cali.cpp:88] @ 0.299864s :Calibration file name: Cali-17092037.xml
DEBUG [Cali.cpp:98] @ 0.300177s :Calibration data A: 1450 B:470 C:4095 D:1500
INFO [IRImager.cpp:266] @ 0.300743s :Init thermal imager to 17092037 with size: 766x480@32 Hz
DEBUG [Cali.cpp:87] @ 0.301009s :Calibration directory path: C:\Users\u0173846\AppData\Roaming\Imager\Cali
DEBUG [Cali.cpp:88] @ 0.301025s :Calibration file name: Cali-17092037.xml
DEBUG [Cali.cpp:98] @ 0.301291s :Calibration data A: 1450 B:470 C:4095 D:1500
DEBUG [IRImager.cpp:374] @ 0.301894s :Using HID control interface
DEBUG [IRImager.cpp:414] @ 0.383607s :Initialized HID control interface to device with HW:2101 FW:2820
DEBUG [IRImager.cpp:435] @ 0.383656s :Frameconfig - width(in): 766, height(in): 480, interval: 312500, max framerate: 32, HW interval: 0.03125
DEBUG [Cali.cpp:87] @ 0.38368s :Calibration directory path: C:\Users\u0173846\AppData\Roaming\Imager\Cali
DEBUG [Cali.cpp:88] @ 0.383694s :Calibration file name: Cali-17092037.xml
DEBUG [Cali.cpp:98] @ 0.384053s :Calibration data A: 1450 B:470 C:4095 D:1500
DEBUG [ImageProcessing.cpp:200] @ 0.388406s :Source buffer size: 735360 Width: 766 Height: 480
DEBUG [ImageProcessing.cpp:121] @ 0.424564s :Source buffer size: 735360 Width: 766 Height: 480
DEBUG [OpSource.cpp:347] @ 0.424676s :Using formats path: .\\Formats.def
DEBUG [OpSource.cpp:598] @ 0.424869s :Format found with size: 14
DEBUG [IRImager.cpp:841] @ 0.425546s :Caught onFrameInit with size: 764x480
DEBUG [OpSource.cpp:347] @ 0.427467s :Using formats path: .\\Formats.def
DEBUG [OpSource.cpp:598] @ 0.427657s :Format found with size: 14
DEBUG [OpSource.cpp:347] @ 0.427716s :Using formats path: .\\Formats.def
DEBUG [OpCorr.cpp:467] @ 0.429903s :Read cali: C:\Users\u0173846\AppData\Roaming\Imager\Cali\Cali-17092037-25-500-1800-32.dat
DEBUG [ImageProcessing.cpp:1108] @ 0.470262s :Update flag temperature: 35.9375
DEBUG [ImageProcessing.cpp:1111] @ 0.472274s :Update box temperature: 35.9375
DEBUG [Cali.cpp:639] @ 0.47232s :Calibration file path: 0000017C606C0C84/00000021047ECB20.xml
DEBUG [SimpleXML.cpp:238] @ 0.472431s :Failed to open file C:\Users\u0173846\AppData\Roaming\Imager\Cali\CaliExt-17092037.xml
DEBUG [IRImager.cpp:547] @ 0.485328s :Chip heating disabled
DEBUG [direct_binding.cpp:300] @ 0.488775s :evo_irimager_multi_usb_init with config: 17092037f.xml
DEBUG [direct_binding.cpp:301] @ 0.4888s :evo_irimager_multi_usb_init connected returned: 1
