DEBUG [IRLogger.cpp:105] @ 0.0003686s :***************************************************
DEBUG [IRLogger.cpp:106] @ 0.0004853s :* IRImagerDirect SDK                              *
DEBUG [IRLogger.cpp:107] @ 0.0005203s :***************************************************
DEBUG [IRLogger.cpp:113] @ 0.0005464s :* Native Machine:      AMD64
DEBUG [IRLogger.cpp:114] @ 0.0005768s :* Machine:             AMD64
DEBUG [IRLogger.cpp:116] @ 0.0006693s :* OS:                  Windows 10 0 19045
DEBUG [IRLogger.cpp:123] @ 0.0007013s :***************************************************
DEBUG [IRDeviceParams.cpp:204] @ 0.0013031s :Parameters
DEBUG [IRDeviceParams.cpp:205] @ 0.0013226s :serial: 17092037
DEBUG [IRDeviceParams.cpp:206] @ 0.0013346s :videoformatindex: 2
DEBUG [IRDeviceParams.cpp:207] @ 0.0013496s :fov: 0
DEBUG [IRDeviceParams.cpp:208] @ 0.0013611s :optics_text: 000002297831B540
DEBUG [IRDeviceParams.cpp:209] @ 0.0013756s :formatspath: 000002297831B2B0
DEBUG [IRDeviceParams.cpp:210] @ 0.00139s :calipath: 0000000000000000
DEBUG [IRDeviceParams.cpp:211] @ 0.0014055s :temperature min: 500
DEBUG [IRDeviceParams.cpp:212] @ 0.0014196s :temperature max: 1800
DEBUG [IRDeviceParams.cpp:213] @ 0.0014365s :framerate: 32
DEBUG [IRDeviceParams.cpp:214] @ 0.0014478s :bispectral: 0
DEBUG [IRDeviceParams.cpp:215] @ 0.0014587s :flag automatic: 0
DEBUG [IRDeviceParams.cpp:216] @ 0.0014701s :min interval: 15
DEBUG [IRDeviceParams.cpp:217] @ 0.0014812s :max interval: 0
DEBUG [IRDeviceParams.cpp:218] @ 0.0014919s :chip heating mode: 0
DEBUG [IRDeviceParams.cpp:219] @ 0.0015065s :chip heating fixed val: 40
DEBUG [IRDeviceParams.cpp:220] @ 0.0015212s :focus:  -1
DEBUG [IRDeviceParams.cpp:221] @ 0.0015322s :enable extended temp range: 0
DEBUG [IRDeviceParams.cpp:222] @ 0.0015463s :buffer queue size: 5
DEBUG [IRDeviceParams.cpp:223] @ 0.0015603s :enable high precision: 0
DEBUG [IRDeviceParams.cpp:224] @ 0.0015745s :radialDistortionCorrectionMode: 0
DEBUG [IRDeviceParams.cpp:225] @ 0.0015884s :deviceAPI: 0
DEBUG [IRDeviceParams.cpp:226] @ 0.0015994s :useExternalProbeForReferencing: 0
DEBUG [IRDeviceParams.cpp:227] @ 0.0016134s :enableMultiThreading: 0
DEBUG [IRDeviceParams.cpp:232] @ 0.0016284s :ethernetDevice.deviceIpAddress: 0.0.0.0
DEBUG [IRDeviceParams.cpp:233] @ 0.0016394s :ethernetDevice.localUdpPort: 0
DEBUG [IRDeviceParams.cpp:234] @ 0.0016535s :ethernetDevice.checkUdpSenderIp: 1
DEBUG [Cali.cpp:87] @ 0.293172s :Calibration directory path: C:\Users\u0173846\AppData\Roaming\Imager\Cali
DEBUG [Cali.cpp:88] @ 0.293203s :Calibration file name: Cali-17092037.xml
DEBUG [Cali.cpp:98] @ 0.293522s :Calibration data A: 1450 B:470 C:4095 D:1500
INFO [IRImager.cpp:266] @ 0.294109s :Init thermal imager to 17092037 with size: 766x480@32 Hz
DEBUG [Cali.cpp:87] @ 0.294374s :Calibration directory path: C:\Users\u0173846\AppData\Roaming\Imager\Cali
DEBUG [Cali.cpp:88] @ 0.29439s :Calibration file name: Cali-17092037.xml
DEBUG [Cali.cpp:98] @ 0.29466s :Calibration data A: 1450 B:470 C:4095 D:1500
DEBUG [IRImager.cpp:374] @ 0.295267s :Using HID control interface
DEBUG [IRImager.cpp:414] @ 0.375813s :Initialized HID control interface to device with HW:2101 FW:2820
DEBUG [IRImager.cpp:435] @ 0.375853s :Frameconfig - width(in): 766, height(in): 480, interval: 312500, max framerate: 32, HW interval: 0.03125
DEBUG [Cali.cpp:87] @ 0.375871s :Calibration directory path: C:\Users\u0173846\AppData\Roaming\Imager\Cali
DEBUG [Cali.cpp:88] @ 0.375883s :Calibration file name: Cali-17092037.xml
DEBUG [Cali.cpp:98] @ 0.376216s :Calibration data A: 1450 B:470 C:4095 D:1500
DEBUG [ImageProcessing.cpp:200] @ 0.380431s :Source buffer size: 735360 Width: 766 Height: 480
DEBUG [ImageProcessing.cpp:121] @ 0.415474s :Source buffer size: 735360 Width: 766 Height: 480
DEBUG [OpSource.cpp:347] @ 0.415586s :Using formats path: .\\Formats.def
DEBUG [OpSource.cpp:598] @ 0.415774s :Format found with size: 14
DEBUG [IRImager.cpp:841] @ 0.416575s :Caught onFrameInit with size: 764x480
DEBUG [OpSource.cpp:347] @ 0.418581s :Using formats path: .\\Formats.def
DEBUG [OpSource.cpp:598] @ 0.418774s :Format found with size: 14
DEBUG [OpSource.cpp:347] @ 0.418834s :Using formats path: .\\Formats.def
DEBUG [OpCorr.cpp:467] @ 0.421333s :Read cali: C:\Users\u0173846\AppData\Roaming\Imager\Cali\Cali-17092037-25-500-1800-32.dat
DEBUG [ImageProcessing.cpp:1108] @ 0.467463s :Update flag temperature: 35.9375
DEBUG [ImageProcessing.cpp:1111] @ 0.469458s :Update box temperature: 35.9375
DEBUG [Cali.cpp:639] @ 0.469502s :Calibration file path: 00000229797D5024/000000C908DEC770.xml
DEBUG [SimpleXML.cpp:238] @ 0.469613s :Failed to open file C:\Users\u0173846\AppData\Roaming\Imager\Cali\CaliExt-17092037.xml
DEBUG [IRImager.cpp:547] @ 0.482091s :Chip heating disabled
DEBUG [direct_binding.cpp:300] @ 0.486263s :evo_irimager_multi_usb_init with config: 17092037f.xml
DEBUG [direct_binding.cpp:301] @ 0.486301s :evo_irimager_multi_usb_init connected returned: 1
