DEBUG [IRLogger.cpp:105] @ 0.476718s :***************************************************
DEBUG [IRLogger.cpp:106] @ 0.476797s :* IRImagerDirect SDK                              *
DEBUG [IRLogger.cpp:107] @ 0.476831s :***************************************************
DEBUG [IRLogger.cpp:113] @ 0.476865s :* Native Machine:      AMD64
DEBUG [IRLogger.cpp:114] @ 0.476898s :* Machine:             AMD64
DEBUG [IRLogger.cpp:116] @ 0.476934s :* OS:                  Windows 10 0 19045
DEBUG [IRLogger.cpp:123] @ 0.476974s :***************************************************
DEBUG [IRDeviceParams.cpp:204] @ 0.477579s :Parameters
DEBUG [IRDeviceParams.cpp:205] @ 0.4776s :serial: 20052193
DEBUG [IRDeviceParams.cpp:206] @ 0.477614s :videoformatindex: 0
DEBUG [IRDeviceParams.cpp:207] @ 0.477626s :fov: 33
DEBUG [IRDeviceParams.cpp:208] @ 0.477639s :optics_text: 00000196AB3FDFD0
DEBUG [IRDeviceParams.cpp:209] @ 0.477652s :formatspath: 00000196AB3FDF50
DEBUG [IRDeviceParams.cpp:210] @ 0.477665s :calipath: 0000000000000000
DEBUG [IRDeviceParams.cpp:211] @ 0.477677s :temperature min: 0
DEBUG [IRDeviceParams.cpp:212] @ 0.477688s :temperature max: 250
DEBUG [IRDeviceParams.cpp:213] @ 0.477716s :framerate: 32
DEBUG [IRDeviceParams.cpp:214] @ 0.477787s :bispectral: 0
DEBUG [IRDeviceParams.cpp:215] @ 0.477802s :flag automatic: 0
DEBUG [IRDeviceParams.cpp:216] @ 0.477815s :min interval: 15
DEBUG [IRDeviceParams.cpp:217] @ 0.477828s :max interval: 0
DEBUG [IRDeviceParams.cpp:218] @ 0.477841s :chip heating mode: 0
DEBUG [IRDeviceParams.cpp:219] @ 0.477853s :chip heating fixed val: 40
DEBUG [IRDeviceParams.cpp:220] @ 0.477867s :focus:  -1
DEBUG [IRDeviceParams.cpp:221] @ 0.477879s :enable extended temp range: 0
DEBUG [IRDeviceParams.cpp:222] @ 0.477891s :buffer queue size: 5
DEBUG [IRDeviceParams.cpp:223] @ 0.477903s :enable high precision: 0
DEBUG [IRDeviceParams.cpp:224] @ 0.477915s :radialDistortionCorrectionMode: 0
DEBUG [IRDeviceParams.cpp:225] @ 0.477928s :deviceAPI: 0
DEBUG [IRDeviceParams.cpp:226] @ 0.477939s :useExternalProbeForReferencing: 0
DEBUG [IRDeviceParams.cpp:227] @ 0.477952s :enableMultiThreading: 0
DEBUG [IRDeviceParams.cpp:232] @ 0.477964s :ethernetDevice.deviceIpAddress: 0.0.0.0
DEBUG [IRDeviceParams.cpp:233] @ 0.477977s :ethernetDevice.localUdpPort: 0
DEBUG [IRDeviceParams.cpp:234] @ 0.477989s :ethernetDevice.checkUdpSenderIp: 1
DEBUG [IRImager.cpp:1107] @ 0.631265s :Start flag calibration
DEBUG [Cali.cpp:87] @ 0.645625s :Calibration directory path: C:\Users\u0173846\AppData\Roaming\Imager\Cali
DEBUG [Cali.cpp:88] @ 0.645654s :Calibration file name: Cali-20052193.xml
DEBUG [Cali.cpp:98] @ 0.646092s :Calibration data A: 1450 B:1500 C:4095 D:1500
INFO [IRImager.cpp:266] @ 0.647116s :Init thermal imager to 20052193 with size: 642x480@32 Hz
DEBUG [Cali.cpp:87] @ 0.647379s :Calibration directory path: C:\Users\u0173846\AppData\Roaming\Imager\Cali
DEBUG [Cali.cpp:88] @ 0.647395s :Calibration file name: Cali-20052193.xml
DEBUG [Cali.cpp:98] @ 0.647774s :Calibration data A: 1450 B:1500 C:4095 D:1500
DEBUG [IRImager.cpp:374] @ 0.648649s :Using HID control interface
DEBUG [IRImager.cpp:414] @ 0.671521s :Initialized HID control interface to device with HW:601 FW:2633
DEBUG [IRImager.cpp:435] @ 0.671559s :Frameconfig - width(in): 642, height(in): 480, interval: 312500, max framerate: 32, HW interval: 0.03125
DEBUG [Cali.cpp:87] @ 0.671575s :Calibration directory path: C:\Users\u0173846\AppData\Roaming\Imager\Cali
DEBUG [Cali.cpp:88] @ 0.671587s :Calibration file name: Cali-20052193.xml
DEBUG [Cali.cpp:98] @ 0.672038s :Calibration data A: 1450 B:1500 C:4095 D:1500
DEBUG [ImageProcessing.cpp:200] @ 0.699709s :Source buffer size: 616320 Width: 642 Height: 480
DEBUG [ImageProcessing.cpp:121] @ 0.739631s :Source buffer size: 616320 Width: 642 Height: 480
DEBUG [OpSource.cpp:347] @ 0.739724s :Using formats path: .\\Formats.def
DEBUG [OpSource.cpp:598] @ 0.73987s :Format found with size: 25
DEBUG [IRImager.cpp:841] @ 0.740512s :Caught onFrameInit with size: 640x480
DEBUG [OpSource.cpp:347] @ 0.742452s :Using formats path: .\\Formats.def
DEBUG [OpSource.cpp:598] @ 0.742632s :Format found with size: 25
DEBUG [OpSource.cpp:347] @ 0.742692s :Using formats path: .\\Formats.def
DEBUG [OpCorr.cpp:467] @ 0.74678s :Read cali: C:\Users\u0173846\AppData\Roaming\Imager\Cali\Cali-20052193-33-0-250.dat
DEBUG [OpCorr.cpp:557] @ 0.746852s :Read calibration of camera no 20052193, # of fields: 6 , start of fields: 40
DEBUG [ImageProcessing.cpp:1108] @ 1.0103s :Update flag temperature: 28.625
DEBUG [ImageProcessing.cpp:1111] @ 1.01413s :Update box temperature: 26.375
DEBUG [Cali.cpp:639] @ 1.01418s :Calibration file path: 00000196AB2816F4/00000082533ECA10.xml
DEBUG [SimpleXML.cpp:238] @ 1.01429s :Failed to open file C:\Users\u0173846\AppData\Roaming\Imager\Cali\CaliExt-20052193.xml
DEBUG [IRImager.cpp:547] @ 1.02609s :Chip heating disabled
DEBUG [direct_binding.cpp:300] @ 1.03461s :evo_irimager_multi_usb_init with config: 6060300f.xml
DEBUG [direct_binding.cpp:301] @ 1.03465s :evo_irimager_multi_usb_init connected returned: 1
DEBUG [IRImager.cpp:1107] @ 1.12778s :Start flag calibration
