DEBUG [IRLogger.cpp:105] @ 0.0003207s :***************************************************
DEBUG [IRLogger.cpp:106] @ 0.0004135s :* IRImagerDirect SDK                              *
DEBUG [IRLogger.cpp:107] @ 0.0004446s :***************************************************
DEBUG [IRLogger.cpp:113] @ 0.0004698s :* Native Machine:      AMD64
DEBUG [IRLogger.cpp:114] @ 0.0004911s :* Machine:             AMD64
DEBUG [IRLogger.cpp:116] @ 0.0005185s :* OS:                  Windows 10 0 19045
DEBUG [IRLogger.cpp:123] @ 0.0005392s :***************************************************
DEBUG [IRDeviceParams.cpp:204] @ 0.001108s :Parameters
DEBUG [IRDeviceParams.cpp:205] @ 0.0011263s :serial: 17092037
DEBUG [IRDeviceParams.cpp:206] @ 0.0011385s :videoformatindex: 2
DEBUG [IRDeviceParams.cpp:207] @ 0.0011499s :fov: 0
DEBUG [IRDeviceParams.cpp:208] @ 0.0011615s :optics_text: 00000295FFE91FE0
DEBUG [IRDeviceParams.cpp:209] @ 0.0011732s :formatspath: 00000295FFE92150
DEBUG [IRDeviceParams.cpp:210] @ 0.0011848s :calipath: 0000000000000000
DEBUG [IRDeviceParams.cpp:211] @ 0.001196s :temperature min: 500
DEBUG [IRDeviceParams.cpp:212] @ 0.0012073s :temperature max: 1800
DEBUG [IRDeviceParams.cpp:213] @ 0.0012232s :framerate: 32
DEBUG [IRDeviceParams.cpp:214] @ 0.0012346s :bispectral: 0
DEBUG [IRDeviceParams.cpp:215] @ 0.0012455s :flag automatic: 0
DEBUG [IRDeviceParams.cpp:216] @ 0.001257s :min interval: 15
DEBUG [IRDeviceParams.cpp:217] @ 0.0012683s :max interval: 0
DEBUG [IRDeviceParams.cpp:218] @ 0.0012791s :chip heating mode: 0
DEBUG [IRDeviceParams.cpp:219] @ 0.0012907s :chip heating fixed val: 40
DEBUG [IRDeviceParams.cpp:220] @ 0.0013025s :focus:  -1
DEBUG [IRDeviceParams.cpp:221] @ 0.0013136s :enable extended temp range: 0
DEBUG [IRDeviceParams.cpp:222] @ 0.0013248s :buffer queue size: 5
DEBUG [IRDeviceParams.cpp:223] @ 0.0013358s :enable high precision: 0
DEBUG [IRDeviceParams.cpp:224] @ 0.0013468s :radialDistortionCorrectionMode: 0
DEBUG [IRDeviceParams.cpp:225] @ 0.0013577s :deviceAPI: 0
DEBUG [IRDeviceParams.cpp:226] @ 0.0013687s :useExternalProbeForReferencing: 0
DEBUG [IRDeviceParams.cpp:227] @ 0.0013798s :enableMultiThreading: 0
DEBUG [IRDeviceParams.cpp:232] @ 0.0013915s :ethernetDevice.deviceIpAddress: 0.0.0.0
DEBUG [IRDeviceParams.cpp:233] @ 0.0014024s :ethernetDevice.localUdpPort: 0
DEBUG [IRDeviceParams.cpp:234] @ 0.0014134s :ethernetDevice.checkUdpSenderIp: 1
DEBUG [Cali.cpp:87] @ 0.29467s :Calibration directory path: C:\Users\u0173846\AppData\Roaming\Imager\Cali
DEBUG [Cali.cpp:88] @ 0.294702s :Calibration file name: Cali-17092037.xml
DEBUG [Cali.cpp:98] @ 0.295044s :Calibration data A: 1450 B:470 C:4095 D:1500
INFO [IRImager.cpp:266] @ 0.295604s :Init thermal imager to 17092037 with size: 766x480@32 Hz
DEBUG [Cali.cpp:87] @ 0.295868s :Calibration directory path: C:\Users\u0173846\AppData\Roaming\Imager\Cali
DEBUG [Cali.cpp:88] @ 0.295884s :Calibration file name: Cali-17092037.xml
DEBUG [Cali.cpp:98] @ 0.296148s :Calibration data A: 1450 B:470 C:4095 D:1500
DEBUG [IRImager.cpp:374] @ 0.29677s :Using HID control interface
DEBUG [IRImager.cpp:414] @ 0.37769s :Initialized HID control interface to device with HW:2101 FW:2820
DEBUG [IRImager.cpp:435] @ 0.377734s :Frameconfig - width(in): 766, height(in): 480, interval: 312500, max framerate: 32, HW interval: 0.03125
DEBUG [Cali.cpp:87] @ 0.377752s :Calibration directory path: C:\Users\u0173846\AppData\Roaming\Imager\Cali
DEBUG [Cali.cpp:88] @ 0.377765s :Calibration file name: Cali-17092037.xml
DEBUG [Cali.cpp:98] @ 0.3781s :Calibration data A: 1450 B:470 C:4095 D:1500
DEBUG [ImageProcessing.cpp:200] @ 0.382565s :Source buffer size: 735360 Width: 766 Height: 480
DEBUG [ImageProcessing.cpp:121] @ 0.418354s :Source buffer size: 735360 Width: 766 Height: 480
DEBUG [OpSource.cpp:347] @ 0.41847s :Using formats path: .\\Formats.def
DEBUG [OpSource.cpp:598] @ 0.418668s :Format found with size: 14
DEBUG [IRImager.cpp:841] @ 0.41953s :Caught onFrameInit with size: 764x480
DEBUG [OpSource.cpp:347] @ 0.421603s :Using formats path: .\\Formats.def
DEBUG [OpSource.cpp:598] @ 0.421792s :Format found with size: 14
DEBUG [OpSource.cpp:347] @ 0.421853s :Using formats path: .\\Formats.def
DEBUG [OpCorr.cpp:467] @ 0.423974s :Read cali: C:\Users\u0173846\AppData\Roaming\Imager\Cali\Cali-17092037-25-500-1800-32.dat
DEBUG [ImageProcessing.cpp:1108] @ 0.457267s :Update flag temperature: 35.9375
DEBUG [ImageProcessing.cpp:1111] @ 0.459255s :Update box temperature: 35.9375
DEBUG [Cali.cpp:639] @ 0.4593s :Calibration file path: 000002958671C704/000000A93A3ECB10.xml
DEBUG [SimpleXML.cpp:238] @ 0.459412s :Failed to open file C:\Users\u0173846\AppData\Roaming\Imager\Cali\CaliExt-17092037.xml
DEBUG [IRImager.cpp:547] @ 0.472101s :Chip heating disabled
DEBUG [direct_binding.cpp:300] @ 0.475818s :evo_irimager_multi_usb_init with config: 17092037f.xml
DEBUG [direct_binding.cpp:301] @ 0.475859s :evo_irimager_multi_usb_init connected returned: 1
