DEBUG [IRLogger.cpp:105] @ 0.564462s :***************************************************
DEBUG [IRLogger.cpp:106] @ 0.564528s :* IRImagerDirect SDK                              *
DEBUG [IRLogger.cpp:107] @ 0.564555s :***************************************************
DEBUG [IRLogger.cpp:113] @ 0.56458s :* Native Machine:      AMD64
DEBUG [IRLogger.cpp:114] @ 0.564613s :* Machine:             AMD64
DEBUG [IRLogger.cpp:116] @ 0.564639s :* OS:                  Windows 10 0 19045
DEBUG [IRLogger.cpp:123] @ 0.564657s :***************************************************
DEBUG [IRDeviceParams.cpp:204] @ 0.572609s :Parameters
DEBUG [IRDeviceParams.cpp:205] @ 0.572633s :serial: 20052193
DEBUG [IRDeviceParams.cpp:206] @ 0.572646s :videoformatindex: 0
DEBUG [IRDeviceParams.cpp:207] @ 0.572659s :fov: 33
DEBUG [IRDeviceParams.cpp:208] @ 0.572671s :optics_text: 000001AEEAC64300
DEBUG [IRDeviceParams.cpp:209] @ 0.572683s :formatspath: 000001AEEAC64310
DEBUG [IRDeviceParams.cpp:210] @ 0.572695s :calipath: 0000000000000000
DEBUG [IRDeviceParams.cpp:211] @ 0.572707s :temperature min: 0
DEBUG [IRDeviceParams.cpp:212] @ 0.572718s :temperature max: 250
DEBUG [IRDeviceParams.cpp:213] @ 0.572731s :framerate: 32
DEBUG [IRDeviceParams.cpp:214] @ 0.572742s :bispectral: 0
DEBUG [IRDeviceParams.cpp:215] @ 0.572753s :flag automatic: 0
DEBUG [IRDeviceParams.cpp:216] @ 0.572765s :min interval: 15
DEBUG [IRDeviceParams.cpp:217] @ 0.572777s :max interval: 0
DEBUG [IRDeviceParams.cpp:218] @ 0.572788s :chip heating mode: 0
DEBUG [IRDeviceParams.cpp:219] @ 0.5728s :chip heating fixed val: 40
DEBUG [IRDeviceParams.cpp:220] @ 0.572812s :focus:  -1
DEBUG [IRDeviceParams.cpp:221] @ 0.572823s :enable extended temp range: 0
DEBUG [IRDeviceParams.cpp:222] @ 0.572835s :buffer queue size: 5
DEBUG [IRDeviceParams.cpp:223] @ 0.572846s :enable high precision: 0
DEBUG [IRDeviceParams.cpp:224] @ 0.572858s :radialDistortionCorrectionMode: 0
DEBUG [IRDeviceParams.cpp:225] @ 0.572869s :deviceAPI: 0
DEBUG [IRDeviceParams.cpp:226] @ 0.57288s :useExternalProbeForReferencing: 0
DEBUG [IRDeviceParams.cpp:227] @ 0.572892s :enableMultiThreading: 0
DEBUG [IRDeviceParams.cpp:232] @ 0.572904s :ethernetDevice.deviceIpAddress: 0.0.0.0
DEBUG [IRDeviceParams.cpp:233] @ 0.572915s :ethernetDevice.localUdpPort: 0
DEBUG [IRDeviceParams.cpp:234] @ 0.572927s :ethernetDevice.checkUdpSenderIp: 1
DEBUG [IRImager.cpp:1107] @ 0.718565s :Start flag calibration
DEBUG [Cali.cpp:87] @ 0.745846s :Calibration directory path: C:\Users\u0173846\AppData\Roaming\Imager\Cali
DEBUG [Cali.cpp:88] @ 0.745877s :Calibration file name: Cali-20052193.xml
DEBUG [Cali.cpp:98] @ 0.754871s :Calibration data A: 1450 B:1500 C:4095 D:1500
INFO [IRImager.cpp:266] @ 0.852238s :Init thermal imager to 20052193 with size: 642x480@32 Hz
DEBUG [Cali.cpp:87] @ 0.852531s :Calibration directory path: C:\Users\u0173846\AppData\Roaming\Imager\Cali
DEBUG [Cali.cpp:88] @ 0.852564s :Calibration file name: Cali-20052193.xml
DEBUG [Cali.cpp:98] @ 0.852979s :Calibration data A: 1450 B:1500 C:4095 D:1500
DEBUG [IRImager.cpp:374] @ 0.85378s :Using HID control interface
DEBUG [IRImager.cpp:414] @ 0.876988s :Initialized HID control interface to device with HW:601 FW:2633
DEBUG [IRImager.cpp:435] @ 0.877031s :Frameconfig - width(in): 642, height(in): 480, interval: 312500, max framerate: 32, HW interval: 0.03125
DEBUG [Cali.cpp:87] @ 0.877046s :Calibration directory path: C:\Users\u0173846\AppData\Roaming\Imager\Cali
DEBUG [Cali.cpp:88] @ 0.877059s :Calibration file name: Cali-20052193.xml
DEBUG [Cali.cpp:98] @ 0.877514s :Calibration data A: 1450 B:1500 C:4095 D:1500
DEBUG [ImageProcessing.cpp:200] @ 0.905248s :Source buffer size: 616320 Width: 642 Height: 480
DEBUG [ImageProcessing.cpp:121] @ 0.944894s :Source buffer size: 616320 Width: 642 Height: 480
DEBUG [OpSource.cpp:347] @ 0.945s :Using formats path: .\\Formats.def
DEBUG [OpSource.cpp:598] @ 0.945163s :Format found with size: 25
DEBUG [IRImager.cpp:841] @ 0.945958s :Caught onFrameInit with size: 640x480
DEBUG [OpSource.cpp:347] @ 0.947725s :Using formats path: .\\Formats.def
DEBUG [OpSource.cpp:598] @ 0.947897s :Format found with size: 25
DEBUG [OpSource.cpp:347] @ 0.947959s :Using formats path: .\\Formats.def
DEBUG [OpCorr.cpp:467] @ 0.956937s :Read cali: C:\Users\u0173846\AppData\Roaming\Imager\Cali\Cali-20052193-33-0-250.dat
DEBUG [OpCorr.cpp:557] @ 0.95702s :Read calibration of camera no 20052193, # of fields: 6 , start of fields: 40
DEBUG [ImageProcessing.cpp:1108] @ 1.22129s :Update flag temperature: 29.0625
DEBUG [ImageProcessing.cpp:1111] @ 1.2252s :Update box temperature: 26.75
DEBUG [Cali.cpp:639] @ 1.22523s :Calibration file path: 000001AEE96C3CB4/000000334DFECB60.xml
DEBUG [SimpleXML.cpp:238] @ 1.22533s :Failed to open file C:\Users\u0173846\AppData\Roaming\Imager\Cali\CaliExt-20052193.xml
DEBUG [IRImager.cpp:547] @ 1.2371s :Chip heating disabled
DEBUG [direct_binding.cpp:300] @ 1.24497s :evo_irimager_multi_usb_init with config: 6060300f.xml
DEBUG [direct_binding.cpp:301] @ 1.24501s :evo_irimager_multi_usb_init connected returned: 1
DEBUG [IRImager.cpp:1107] @ 1.32242s :Start flag calibration
