DEBUG [IRLogger.cpp:105] @ 0.0005792s :***************************************************
DEBUG [IRLogger.cpp:106] @ 0.000677s :* IRImagerDirect SDK                              *
DEBUG [IRLogger.cpp:107] @ 0.0007409s :***************************************************
DEBUG [IRLogger.cpp:113] @ 0.0008198s :* Native Machine:      AMD64
DEBUG [IRLogger.cpp:114] @ 0.0008652s :* Machine:             AMD64
DEBUG [IRLogger.cpp:116] @ 0.00091s :* OS:                  Windows 10 0 19045
DEBUG [IRLogger.cpp:123] @ 0.0009423s :***************************************************
DEBUG [IRDeviceParams.cpp:204] @ 0.012964s :Parameters
DEBUG [IRDeviceParams.cpp:205] @ 0.0129899s :serial: 17092037
DEBUG [IRDeviceParams.cpp:206] @ 0.0130027s :videoformatindex: 2
DEBUG [IRDeviceParams.cpp:207] @ 0.0130151s :fov: 0
DEBUG [IRDeviceParams.cpp:208] @ 0.0130273s :optics_text: 000001CFE4452250
DEBUG [IRDeviceParams.cpp:209] @ 0.0130397s :formatspath: 000001CFE4452370
DEBUG [IRDeviceParams.cpp:210] @ 0.0130518s :calipath: 0000000000000000
DEBUG [IRDeviceParams.cpp:211] @ 0.0130633s :temperature min: 500
DEBUG [IRDeviceParams.cpp:212] @ 0.0130751s :temperature max: 1800
DEBUG [IRDeviceParams.cpp:213] @ 0.0130895s :framerate: 32
DEBUG [IRDeviceParams.cpp:214] @ 0.0131016s :bispectral: 0
DEBUG [IRDeviceParams.cpp:215] @ 0.0131132s :flag automatic: 0
DEBUG [IRDeviceParams.cpp:216] @ 0.0131267s :min interval: 15
DEBUG [IRDeviceParams.cpp:217] @ 0.0131385s :max interval: 0
DEBUG [IRDeviceParams.cpp:218] @ 0.0131499s :chip heating mode: 0
DEBUG [IRDeviceParams.cpp:219] @ 0.0131621s :chip heating fixed val: 40
DEBUG [IRDeviceParams.cpp:220] @ 0.0131744s :focus:  -1
DEBUG [IRDeviceParams.cpp:221] @ 0.0131862s :enable extended temp range: 0
DEBUG [IRDeviceParams.cpp:222] @ 0.0131978s :buffer queue size: 5
DEBUG [IRDeviceParams.cpp:223] @ 0.0132094s :enable high precision: 0
DEBUG [IRDeviceParams.cpp:224] @ 0.0132212s :radialDistortionCorrectionMode: 0
DEBUG [IRDeviceParams.cpp:225] @ 0.0132327s :deviceAPI: 0
DEBUG [IRDeviceParams.cpp:226] @ 0.0132443s :useExternalProbeForReferencing: 0
DEBUG [IRDeviceParams.cpp:227] @ 0.0132557s :enableMultiThreading: 0
DEBUG [IRDeviceParams.cpp:232] @ 0.013268s :ethernetDevice.deviceIpAddress: 0.0.0.0
DEBUG [IRDeviceParams.cpp:233] @ 0.0132796s :ethernetDevice.localUdpPort: 0
DEBUG [IRDeviceParams.cpp:234] @ 0.0132914s :ethernetDevice.checkUdpSenderIp: 1
DEBUG [Cali.cpp:87] @ 0.369769s :Calibration directory path: C:\Users\u0173846\AppData\Roaming\Imager\Cali
DEBUG [Cali.cpp:88] @ 0.369801s :Calibration file name: Cali-17092037.xml
DEBUG [Cali.cpp:98] @ 0.379666s :Calibration data A: 1450 B:470 C:4095 D:1500
INFO [IRImager.cpp:266] @ 0.408662s :Init thermal imager to 17092037 with size: 766x480@32 Hz
DEBUG [Cali.cpp:87] @ 0.408991s :Calibration directory path: C:\Users\u0173846\AppData\Roaming\Imager\Cali
DEBUG [Cali.cpp:88] @ 0.40901s :Calibration file name: Cali-17092037.xml
DEBUG [Cali.cpp:98] @ 0.409328s :Calibration data A: 1450 B:470 C:4095 D:1500
DEBUG [IRImager.cpp:374] @ 0.417885s :Using HID control interface
DEBUG [IRImager.cpp:414] @ 0.497597s :Initialized HID control interface to device with HW:2101 FW:2820
DEBUG [IRImager.cpp:435] @ 0.497638s :Frameconfig - width(in): 766, height(in): 480, interval: 312500, max framerate: 32, HW interval: 0.03125
DEBUG [Cali.cpp:87] @ 0.497657s :Calibration directory path: C:\Users\u0173846\AppData\Roaming\Imager\Cali
DEBUG [Cali.cpp:88] @ 0.497671s :Calibration file name: Cali-17092037.xml
DEBUG [Cali.cpp:98] @ 0.498051s :Calibration data A: 1450 B:470 C:4095 D:1500
DEBUG [ImageProcessing.cpp:200] @ 0.502204s :Source buffer size: 735360 Width: 766 Height: 480
DEBUG [ImageProcessing.cpp:121] @ 0.537229s :Source buffer size: 735360 Width: 766 Height: 480
DEBUG [OpSource.cpp:347] @ 0.537318s :Using formats path: .\\Formats.def
DEBUG [OpSource.cpp:598] @ 0.537503s :Format found with size: 14
DEBUG [IRImager.cpp:841] @ 0.538278s :Caught onFrameInit with size: 764x480
DEBUG [OpSource.cpp:347] @ 0.540636s :Using formats path: .\\Formats.def
DEBUG [OpSource.cpp:598] @ 0.540859s :Format found with size: 14
DEBUG [OpSource.cpp:347] @ 0.540928s :Using formats path: .\\Formats.def
DEBUG [OpCorr.cpp:467] @ 0.54312s :Read cali: C:\Users\u0173846\AppData\Roaming\Imager\Cali\Cali-17092037-25-500-1800-32.dat
DEBUG [ImageProcessing.cpp:1108] @ 0.577252s :Update flag temperature: 34.9375
DEBUG [ImageProcessing.cpp:1111] @ 0.579095s :Update box temperature: 34.9375
DEBUG [Cali.cpp:639] @ 0.579125s :Calibration file path: 000001CFE58541C4/00000037EFDEC960.xml
DEBUG [SimpleXML.cpp:238] @ 0.579261s :Failed to open file C:\Users\u0173846\AppData\Roaming\Imager\Cali\CaliExt-17092037.xml
DEBUG [IRImager.cpp:547] @ 0.591855s :Chip heating disabled
DEBUG [direct_binding.cpp:300] @ 0.595781s :evo_irimager_multi_usb_init with config: 17092037f.xml
DEBUG [direct_binding.cpp:301] @ 0.595851s :evo_irimager_multi_usb_init connected returned: 1
DEBUG [IRLogger.cpp:105] @ 0.597651s :***************************************************
DEBUG [IRLogger.cpp:106] @ 0.597707s :* IRImagerDirect SDK                              *
DEBUG [IRLogger.cpp:107] @ 0.597732s :***************************************************
DEBUG [IRLogger.cpp:113] @ 0.597755s :* Native Machine:      AMD64
DEBUG [IRLogger.cpp:114] @ 0.597778s :* Machine:             AMD64
DEBUG [IRLogger.cpp:116] @ 0.597807s :* OS:                  Windows 10 0 19045
DEBUG [IRLogger.cpp:123] @ 0.597826s :***************************************************
DEBUG [IRDeviceParams.cpp:204] @ 0.608362s :Parameters
DEBUG [IRDeviceParams.cpp:205] @ 0.608389s :serial: 20052193
DEBUG [IRDeviceParams.cpp:206] @ 0.608402s :videoformatindex: 0
DEBUG [IRDeviceParams.cpp:207] @ 0.608413s :fov: 33
DEBUG [IRDeviceParams.cpp:208] @ 0.608425s :optics_text: 000001CFE5945660
DEBUG [IRDeviceParams.cpp:209] @ 0.608437s :formatspath: 000001CFE5945720
DEBUG [IRDeviceParams.cpp:210] @ 0.60845s :calipath: 0000000000000000
DEBUG [IRDeviceParams.cpp:211] @ 0.608462s :temperature min: 0
DEBUG [IRDeviceParams.cpp:212] @ 0.608473s :temperature max: 250
DEBUG [IRDeviceParams.cpp:213] @ 0.608486s :framerate: 32
DEBUG [IRDeviceParams.cpp:214] @ 0.608497s :bispectral: 0
DEBUG [IRDeviceParams.cpp:215] @ 0.608509s :flag automatic: 0
DEBUG [IRDeviceParams.cpp:216] @ 0.608521s :min interval: 15
DEBUG [IRDeviceParams.cpp:217] @ 0.608536s :max interval: 0
DEBUG [IRDeviceParams.cpp:218] @ 0.608547s :chip heating mode: 0
DEBUG [IRDeviceParams.cpp:219] @ 0.608559s :chip heating fixed val: 40
DEBUG [IRDeviceParams.cpp:220] @ 0.608571s :focus:  -1
DEBUG [IRDeviceParams.cpp:221] @ 0.608582s :enable extended temp range: 0
DEBUG [IRDeviceParams.cpp:222] @ 0.608594s :buffer queue size: 5
DEBUG [IRDeviceParams.cpp:223] @ 0.608606s :enable high precision: 0
DEBUG [IRDeviceParams.cpp:224] @ 0.608617s :radialDistortionCorrectionMode: 0
DEBUG [IRDeviceParams.cpp:225] @ 0.608629s :deviceAPI: 0
DEBUG [IRDeviceParams.cpp:226] @ 0.608641s :useExternalProbeForReferencing: 0
DEBUG [IRDeviceParams.cpp:227] @ 0.608652s :enableMultiThreading: 0
DEBUG [IRDeviceParams.cpp:232] @ 0.608664s :ethernetDevice.deviceIpAddress: 0.0.0.0
DEBUG [IRDeviceParams.cpp:233] @ 0.608676s :ethernetDevice.localUdpPort: 0
DEBUG [IRDeviceParams.cpp:234] @ 0.608688s :ethernetDevice.checkUdpSenderIp: 1
DEBUG [IRImager.cpp:1107] @ 0.75364s :Start flag calibration
DEBUG [Cali.cpp:87] @ 0.805141s :Calibration directory path: C:\Users\u0173846\AppData\Roaming\Imager\Cali
DEBUG [Cali.cpp:88] @ 0.80517s :Calibration file name: Cali-20052193.xml
DEBUG [Cali.cpp:98] @ 0.817003s :Calibration data A: 1450 B:1500 C:4095 D:1500
INFO [IRImager.cpp:266] @ 0.941879s :Init thermal imager to 20052193 with size: 642x480@32 Hz
DEBUG [Cali.cpp:87] @ 0.942236s :Calibration directory path: C:\Users\u0173846\AppData\Roaming\Imager\Cali
DEBUG [Cali.cpp:88] @ 0.942257s :Calibration file name: Cali-20052193.xml
DEBUG [Cali.cpp:98] @ 0.942685s :Calibration data A: 1450 B:1500 C:4095 D:1500
DEBUG [IRImager.cpp:374] @ 0.943703s :Using HID control interface
DEBUG [IRImager.cpp:414] @ 0.965638s :Initialized HID control interface to device with HW:601 FW:2633
DEBUG [IRImager.cpp:435] @ 0.965708s :Frameconfig - width(in): 642, height(in): 480, interval: 312500, max framerate: 32, HW interval: 0.03125
DEBUG [Cali.cpp:87] @ 0.965729s :Calibration directory path: C:\Users\u0173846\AppData\Roaming\Imager\Cali
DEBUG [Cali.cpp:88] @ 0.965742s :Calibration file name: Cali-20052193.xml
DEBUG [Cali.cpp:98] @ 0.96623s :Calibration data A: 1450 B:1500 C:4095 D:1500
DEBUG [ImageProcessing.cpp:200] @ 0.993752s :Source buffer size: 616320 Width: 642 Height: 480
DEBUG [ImageProcessing.cpp:121] @ 1.033s :Source buffer size: 616320 Width: 642 Height: 480
DEBUG [OpSource.cpp:347] @ 1.03309s :Using formats path: .\\Formats.def
DEBUG [OpSource.cpp:598] @ 1.03325s :Format found with size: 25
DEBUG [IRImager.cpp:841] @ 1.03383s :Caught onFrameInit with size: 640x480
DEBUG [OpSource.cpp:347] @ 1.0359s :Using formats path: .\\Formats.def
DEBUG [OpSource.cpp:598] @ 1.03605s :Format found with size: 25
DEBUG [OpSource.cpp:347] @ 1.03611s :Using formats path: .\\Formats.def
DEBUG [OpCorr.cpp:467] @ 1.04617s :Read cali: C:\Users\u0173846\AppData\Roaming\Imager\Cali\Cali-20052193-33-0-250.dat
DEBUG [OpCorr.cpp:557] @ 1.04626s :Read calibration of camera no 20052193, # of fields: 6 , start of fields: 40
DEBUG [ImageProcessing.cpp:1108] @ 1.31043s :Update flag temperature: 31.1875
DEBUG [ImageProcessing.cpp:1111] @ 1.31421s :Update box temperature: 28.9375
DEBUG [Cali.cpp:639] @ 1.31424s :Calibration file path: 000001CFE5747604/00000037EFDEC960.xml
DEBUG [SimpleXML.cpp:238] @ 1.31438s :Failed to open file C:\Users\u0173846\AppData\Roaming\Imager\Cali\CaliExt-20052193.xml
DEBUG [IRImager.cpp:547] @ 1.32577s :Chip heating disabled
DEBUG [direct_binding.cpp:300] @ 1.3342s :evo_irimager_multi_usb_init with config: 6060300f.xml
DEBUG [direct_binding.cpp:301] @ 1.33424s :evo_irimager_multi_usb_init connected returned: 1
