DEBUG [IRLogger.cpp:105] @ 0.0003004s :***************************************************
DEBUG [IRLogger.cpp:106] @ 0.00037s :* IRImagerDirect SDK                              *
DEBUG [IRLogger.cpp:107] @ 0.0003989s :***************************************************
DEBUG [IRLogger.cpp:113] @ 0.0004264s :* Native Machine:      AMD64
DEBUG [IRLogger.cpp:114] @ 0.0004523s :* Machine:             AMD64
DEBUG [IRLogger.cpp:116] @ 0.0004793s :* OS:                  Windows 10 0 19045
DEBUG [IRLogger.cpp:123] @ 0.0005001s :***************************************************
DEBUG [IRDeviceParams.cpp:204] @ 0.0097247s :Parameters
DEBUG [IRDeviceParams.cpp:205] @ 0.0097496s :serial: 17092037
DEBUG [IRDeviceParams.cpp:206] @ 0.009762s :videoformatindex: 2
DEBUG [IRDeviceParams.cpp:207] @ 0.0097739s :fov: 0
DEBUG [IRDeviceParams.cpp:208] @ 0.0097861s :optics_text: 0000025F46D8C3B0
DEBUG [IRDeviceParams.cpp:209] @ 0.009798s :formatspath: 0000025F46D8C430
DEBUG [IRDeviceParams.cpp:210] @ 0.0098097s :calipath: 0000000000000000
DEBUG [IRDeviceParams.cpp:211] @ 0.009821s :temperature min: 500
DEBUG [IRDeviceParams.cpp:212] @ 0.0098337s :temperature max: 1800
DEBUG [IRDeviceParams.cpp:213] @ 0.0098479s :framerate: 32
DEBUG [IRDeviceParams.cpp:214] @ 0.0098595s :bispectral: 0
DEBUG [IRDeviceParams.cpp:215] @ 0.0098707s :flag automatic: 0
DEBUG [IRDeviceParams.cpp:216] @ 0.0098825s :min interval: 15
DEBUG [IRDeviceParams.cpp:217] @ 0.009894s :max interval: 0
DEBUG [IRDeviceParams.cpp:218] @ 0.009905s :chip heating mode: 0
DEBUG [IRDeviceParams.cpp:219] @ 0.0099169s :chip heating fixed val: 40
DEBUG [IRDeviceParams.cpp:220] @ 0.0099289s :focus:  -1
DEBUG [IRDeviceParams.cpp:221] @ 0.0099401s :enable extended temp range: 0
DEBUG [IRDeviceParams.cpp:222] @ 0.009952s :buffer queue size: 5
DEBUG [IRDeviceParams.cpp:223] @ 0.0099633s :enable high precision: 0
DEBUG [IRDeviceParams.cpp:224] @ 0.0099747s :radialDistortionCorrectionMode: 0
DEBUG [IRDeviceParams.cpp:225] @ 0.0099859s :deviceAPI: 0
DEBUG [IRDeviceParams.cpp:226] @ 0.0099972s :useExternalProbeForReferencing: 0
DEBUG [IRDeviceParams.cpp:227] @ 0.0100084s :enableMultiThreading: 0
DEBUG [IRDeviceParams.cpp:232] @ 0.0100208s :ethernetDevice.deviceIpAddress: 0.0.0.0
DEBUG [IRDeviceParams.cpp:233] @ 0.0100322s :ethernetDevice.localUdpPort: 0
DEBUG [IRDeviceParams.cpp:234] @ 0.0100436s :ethernetDevice.checkUdpSenderIp: 1
DEBUG [Cali.cpp:87] @ 0.320747s :Calibration directory path: C:\Users\u0173846\AppData\Roaming\Imager\Cali
DEBUG [Cali.cpp:88] @ 0.32078s :Calibration file name: Cali-17092037.xml
DEBUG [Cali.cpp:98] @ 0.321124s :Calibration data A: 1450 B:470 C:4095 D:1500
INFO [IRImager.cpp:266] @ 0.321704s :Init thermal imager to 17092037 with size: 766x480@32 Hz
DEBUG [Cali.cpp:87] @ 0.321969s :Calibration directory path: C:\Users\u0173846\AppData\Roaming\Imager\Cali
DEBUG [Cali.cpp:88] @ 0.321985s :Calibration file name: Cali-17092037.xml
DEBUG [Cali.cpp:98] @ 0.322256s :Calibration data A: 1450 B:470 C:4095 D:1500
DEBUG [IRImager.cpp:374] @ 0.331245s :Using HID control interface
DEBUG [IRImager.cpp:414] @ 0.41202s :Initialized HID control interface to device with HW:2101 FW:2820
DEBUG [IRImager.cpp:435] @ 0.412063s :Frameconfig - width(in): 766, height(in): 480, interval: 312500, max framerate: 32, HW interval: 0.03125
DEBUG [Cali.cpp:87] @ 0.412081s :Calibration directory path: C:\Users\u0173846\AppData\Roaming\Imager\Cali
DEBUG [Cali.cpp:88] @ 0.412094s :Calibration file name: Cali-17092037.xml
DEBUG [Cali.cpp:98] @ 0.412433s :Calibration data A: 1450 B:470 C:4095 D:1500
DEBUG [ImageProcessing.cpp:200] @ 0.416811s :Source buffer size: 735360 Width: 766 Height: 480
DEBUG [ImageProcessing.cpp:121] @ 0.45192s :Source buffer size: 735360 Width: 766 Height: 480
DEBUG [OpSource.cpp:347] @ 0.452031s :Using formats path: .\\Formats.def
DEBUG [OpSource.cpp:598] @ 0.452223s :Format found with size: 14
DEBUG [IRImager.cpp:841] @ 0.45297s :Caught onFrameInit with size: 764x480
DEBUG [OpSource.cpp:347] @ 0.455352s :Using formats path: .\\Formats.def
DEBUG [OpSource.cpp:598] @ 0.455565s :Format found with size: 14
DEBUG [OpSource.cpp:347] @ 0.455629s :Using formats path: .\\Formats.def
DEBUG [OpCorr.cpp:467] @ 0.45773s :Read cali: C:\Users\u0173846\AppData\Roaming\Imager\Cali\Cali-17092037-25-500-1800-32.dat
DEBUG [ImageProcessing.cpp:1108] @ 0.491649s :Update flag temperature: -234.188
DEBUG [ImageProcessing.cpp:1111] @ 0.493486s :Update box temperature: -234.188
DEBUG [Cali.cpp:639] @ 0.49353s :Calibration file path: 0000025F46E19264/000000E2099ECD30.xml
DEBUG [SimpleXML.cpp:238] @ 0.493641s :Failed to open file C:\Users\u0173846\AppData\Roaming\Imager\Cali\CaliExt-17092037.xml
DEBUG [IRImager.cpp:547] @ 0.506016s :Chip heating disabled
DEBUG [direct_binding.cpp:300] @ 0.509578s :evo_irimager_multi_usb_init with config: 17092037f.xml
DEBUG [direct_binding.cpp:301] @ 0.509617s :evo_irimager_multi_usb_init connected returned: 1
