DEBUG [IRLogger.cpp:105] @ 0.0003144s :***************************************************
DEBUG [IRLogger.cpp:106] @ 0.0003849s :* IRImagerDirect SDK                              *
DEBUG [IRLogger.cpp:107] @ 0.000412s :***************************************************
DEBUG [IRLogger.cpp:113] @ 0.0004368s :* Native Machine:      AMD64
DEBUG [IRLogger.cpp:114] @ 0.0004591s :* Machine:             AMD64
DEBUG [IRLogger.cpp:116] @ 0.0004845s :* OS:                  Windows 10 0 19045
DEBUG [IRLogger.cpp:123] @ 0.0005058s :***************************************************
DEBUG [IRDeviceParams.cpp:204] @ 0.0011704s :Parameters
DEBUG [IRDeviceParams.cpp:205] @ 0.0011896s :serial: 17092037
DEBUG [IRDeviceParams.cpp:206] @ 0.0012016s :videoformatindex: 2
DEBUG [IRDeviceParams.cpp:207] @ 0.0012131s :fov: 0
DEBUG [IRDeviceParams.cpp:208] @ 0.0012247s :optics_text: 00000221003033F0
DEBUG [IRDeviceParams.cpp:209] @ 0.0012363s :formatspath: 00000221003034A0
DEBUG [IRDeviceParams.cpp:210] @ 0.0012477s :calipath: 0000000000000000
DEBUG [IRDeviceParams.cpp:211] @ 0.0012595s :temperature min: 500
DEBUG [IRDeviceParams.cpp:212] @ 0.0012711s :temperature max: 1800
DEBUG [IRDeviceParams.cpp:213] @ 0.0012852s :framerate: 32
DEBUG [IRDeviceParams.cpp:214] @ 0.0012964s :bispectral: 0
DEBUG [IRDeviceParams.cpp:215] @ 0.0013075s :flag automatic: 0
DEBUG [IRDeviceParams.cpp:216] @ 0.0013198s :min interval: 15
DEBUG [IRDeviceParams.cpp:217] @ 0.0013317s :max interval: 0
DEBUG [IRDeviceParams.cpp:218] @ 0.0013425s :chip heating mode: 0
DEBUG [IRDeviceParams.cpp:219] @ 0.0013542s :chip heating fixed val: 40
DEBUG [IRDeviceParams.cpp:220] @ 0.0013673s :focus:  -1
DEBUG [IRDeviceParams.cpp:221] @ 0.0013784s :enable extended temp range: 0
DEBUG [IRDeviceParams.cpp:222] @ 0.0013896s :buffer queue size: 5
DEBUG [IRDeviceParams.cpp:223] @ 0.0014006s :enable high precision: 0
DEBUG [IRDeviceParams.cpp:224] @ 0.0014118s :radialDistortionCorrectionMode: 0
DEBUG [IRDeviceParams.cpp:225] @ 0.0014228s :deviceAPI: 0
DEBUG [IRDeviceParams.cpp:226] @ 0.0014338s :useExternalProbeForReferencing: 0
DEBUG [IRDeviceParams.cpp:227] @ 0.0014448s :enableMultiThreading: 0
DEBUG [IRDeviceParams.cpp:232] @ 0.0014566s :ethernetDevice.deviceIpAddress: 0.0.0.0
DEBUG [IRDeviceParams.cpp:233] @ 0.0014677s :ethernetDevice.localUdpPort: 0
DEBUG [IRDeviceParams.cpp:234] @ 0.0014788s :ethernetDevice.checkUdpSenderIp: 1
DEBUG [Cali.cpp:87] @ 0.298385s :Calibration directory path: C:\Users\u0173846\AppData\Roaming\Imager\Cali
DEBUG [Cali.cpp:88] @ 0.298414s :Calibration file name: Cali-17092037.xml
DEBUG [Cali.cpp:98] @ 0.298711s :Calibration data A: 1450 B:470 C:4095 D:1500
INFO [IRImager.cpp:266] @ 0.29928s :Init thermal imager to 17092037 with size: 766x480@32 Hz
DEBUG [Cali.cpp:87] @ 0.299544s :Calibration directory path: C:\Users\u0173846\AppData\Roaming\Imager\Cali
DEBUG [Cali.cpp:88] @ 0.29956s :Calibration file name: Cali-17092037.xml
DEBUG [Cali.cpp:98] @ 0.299823s :Calibration data A: 1450 B:470 C:4095 D:1500
DEBUG [IRImager.cpp:374] @ 0.300425s :Using HID control interface
DEBUG [IRImager.cpp:414] @ 0.38112s :Initialized HID control interface to device with HW:2101 FW:2820
DEBUG [IRImager.cpp:435] @ 0.381165s :Frameconfig - width(in): 766, height(in): 480, interval: 312500, max framerate: 32, HW interval: 0.03125
DEBUG [Cali.cpp:87] @ 0.381184s :Calibration directory path: C:\Users\u0173846\AppData\Roaming\Imager\Cali
DEBUG [Cali.cpp:88] @ 0.381197s :Calibration file name: Cali-17092037.xml
DEBUG [Cali.cpp:98] @ 0.381532s :Calibration data A: 1450 B:470 C:4095 D:1500
DEBUG [ImageProcessing.cpp:200] @ 0.385821s :Source buffer size: 735360 Width: 766 Height: 480
DEBUG [ImageProcessing.cpp:121] @ 0.42238s :Source buffer size: 735360 Width: 766 Height: 480
DEBUG [OpSource.cpp:347] @ 0.422494s :Using formats path: .\\Formats.def
DEBUG [OpSource.cpp:598] @ 0.422673s :Format found with size: 14
DEBUG [IRImager.cpp:841] @ 0.423365s :Caught onFrameInit with size: 764x480
DEBUG [OpSource.cpp:347] @ 0.42555s :Using formats path: .\\Formats.def
DEBUG [OpSource.cpp:598] @ 0.425749s :Format found with size: 14
DEBUG [OpSource.cpp:347] @ 0.42581s :Using formats path: .\\Formats.def
DEBUG [OpCorr.cpp:467] @ 0.428035s :Read cali: C:\Users\u0173846\AppData\Roaming\Imager\Cali\Cali-17092037-25-500-1800-32.dat
DEBUG [ImageProcessing.cpp:1108] @ 0.479348s :Update flag temperature: 35.9375
DEBUG [ImageProcessing.cpp:1111] @ 0.481143s :Update box temperature: 35.9375
DEBUG [Cali.cpp:639] @ 0.481181s :Calibration file path: 000002210149D314/000000620C5ECBC0.xml
DEBUG [SimpleXML.cpp:238] @ 0.481287s :Failed to open file C:\Users\u0173846\AppData\Roaming\Imager\Cali\CaliExt-17092037.xml
DEBUG [IRImager.cpp:547] @ 0.493515s :Chip heating disabled
DEBUG [direct_binding.cpp:300] @ 0.497042s :evo_irimager_multi_usb_init with config: 17092037f.xml
DEBUG [direct_binding.cpp:301] @ 0.497081s :evo_irimager_multi_usb_init connected returned: 1
